[16:07:44.363] [INFO   ] thread main starting.
[16:07:44.544] [INFO   ] thread dealer starting.
[16:07:44.545] [INFO   ] thread dealer starting.
[16:07:44.545] [INFO   ] thread player0 starting.
[16:07:44.545] [INFO   ] thread player1 starting.
[16:07:44.654] [SEVERE ] placing card 65 in slot 0
[16:07:44.755] [SEVERE ] placing card 22 in slot 1
[16:07:44.861] [SEVERE ] placing card 71 in slot 2
[16:07:44.966] [SEVERE ] placing card 73 in slot 3
[16:07:45.071] [SEVERE ] placing card 40 in slot 4
[16:07:45.176] [SEVERE ] placing card 51 in slot 5
[16:07:45.280] [SEVERE ] placing card 19 in slot 6
[16:07:45.386] [SEVERE ] placing card 26 in slot 7
[16:07:45.491] [SEVERE ] placing card 36 in slot 8
[16:07:45.595] [SEVERE ] placing card 63 in slot 9
[16:07:45.701] [SEVERE ] placing card 34 in slot 10
[16:07:45.806] [SEVERE ] placing card 35 in slot 11
[16:07:45.806] [SEVERE ] updating countdown to 60000
[16:07:45.911] [SEVERE ] updating countdown to 60895
[16:07:46.016] [SEVERE ] updating countdown to 60790
[16:07:46.122] [SEVERE ] updating countdown to 60684
[16:07:46.227] [SEVERE ] updating countdown to 60579
[16:07:46.332] [SEVERE ] updating countdown to 60474
[16:07:46.437] [SEVERE ] updating countdown to 60369
[16:07:46.542] [SEVERE ] updating countdown to 60264
[16:07:46.647] [SEVERE ] updating countdown to 60159
[16:07:46.752] [SEVERE ] updating countdown to 60054
[16:07:51.898] [SEVERE ] exit button pressed
[16:07:51.898] [INFO   ] thread player1 terminated.
[16:07:51.898] [INFO   ] thread player0 terminated.
[16:07:51.992] [SEVERE ] removing all tokens
[16:07:52.097] [SEVERE ] removing card from slot 0
[16:07:52.200] [SEVERE ] removing card from slot 1
[16:07:52.304] [SEVERE ] removing card from slot 2
[16:07:52.407] [SEVERE ] removing card from slot 3
[16:07:52.508] [SEVERE ] removing card from slot 4
[16:07:52.610] [SEVERE ] removing card from slot 5
[16:07:52.711] [SEVERE ] removing card from slot 6
[16:07:52.814] [SEVERE ] removing card from slot 7
[16:07:52.920] [SEVERE ] removing card from slot 8
[16:07:53.025] [SEVERE ] removing card from slot 9
[16:07:53.128] [SEVERE ] removing card from slot 10
[16:07:53.231] [SEVERE ] removing card from slot 11
[16:07:53.234] [SEVERE ] announcing winner(s): player 2, player 1
[16:07:53.235] [INFO   ] thread dealer terminated.
[16:07:53.235] [INFO   ] thread dealer terminated.
[16:07:53.235] [SEVERE ] thanks for playing... it was fun!
[16:07:53.235] [INFO   ] thread main terminated.
