[16:00:22.344] [INFO   ] thread main starting.
[16:00:22.540] [INFO   ] thread dealer starting.
[16:00:22.540] [INFO   ] thread dealer starting.
[16:00:22.540] [INFO   ] thread player0 starting.
[16:00:22.540] [INFO   ] thread player1 starting.
[16:00:22.646] [SEVERE ] placing card 35 in slot 0
[16:00:22.752] [SEVERE ] placing card 68 in slot 1
[16:00:22.857] [SEVERE ] placing card 63 in slot 2
[16:00:22.962] [SEVERE ] placing card 49 in slot 3
[16:00:23.067] [SEVERE ] placing card 32 in slot 4
[16:00:23.170] [SEVERE ] placing card 26 in slot 5
[16:00:23.275] [SEVERE ] placing card 14 in slot 6
[16:00:23.381] [SEVERE ] placing card 62 in slot 7
[16:00:23.486] [SEVERE ] placing card 42 in slot 8
[16:00:23.591] [SEVERE ] placing card 27 in slot 9
[16:00:23.697] [SEVERE ] placing card 60 in slot 10
[16:00:23.802] [SEVERE ] placing card 39 in slot 11
[16:00:23.802] [SEVERE ] updating countdown to 60000
[16:00:23.907] [SEVERE ] updating countdown to 60895
[16:00:24.009] [SEVERE ] updating countdown to 60793
[16:00:24.114] [SEVERE ] updating countdown to 60688
[16:00:24.220] [SEVERE ] updating countdown to 60582
[16:00:24.325] [SEVERE ] updating countdown to 60477
[16:00:24.430] [SEVERE ] updating countdown to 60372
[16:00:24.535] [SEVERE ] updating countdown to 60267
[16:00:24.640] [SEVERE ] updating countdown to 60162
[16:00:24.745] [SEVERE ] updating countdown to 60057
[16:00:44.862] [SEVERE ] exit button pressed
[16:00:44.865] [INFO   ] thread player1 terminated.
[16:00:44.865] [INFO   ] thread player0 terminated.
[16:00:44.869] [SEVERE ] removing all tokens
[16:00:44.974] [SEVERE ] removing card from slot 0
[16:00:45.079] [SEVERE ] removing card from slot 1
[16:00:45.184] [SEVERE ] removing card from slot 2
[16:00:45.288] [SEVERE ] removing card from slot 3
[16:00:45.394] [SEVERE ] removing card from slot 4
[16:00:45.499] [SEVERE ] removing card from slot 5
[16:00:45.604] [SEVERE ] removing card from slot 6
[16:00:45.708] [SEVERE ] removing card from slot 7
[16:00:45.814] [SEVERE ] removing card from slot 8
[16:00:45.919] [SEVERE ] removing card from slot 9
[16:00:46.020] [SEVERE ] removing card from slot 10
[16:00:46.126] [SEVERE ] removing card from slot 11
[16:00:46.127] [SEVERE ] announcing winner(s): player 2, player 1
[16:00:46.128] [INFO   ] thread dealer terminated.
[16:00:46.129] [INFO   ] thread dealer terminated.
[16:00:46.129] [SEVERE ] thanks for playing... it was fun!
[16:00:46.129] [INFO   ] thread main terminated.
