[16:22:21.627] [INFO   ] thread main starting.
[16:22:21.823] [INFO   ] thread dealer starting.
[16:22:21.823] [INFO   ] thread dealer starting.
[16:22:21.823] [INFO   ] thread player0 starting.
[16:22:21.823] [INFO   ] thread player1 starting.
[16:22:21.824] [INFO   ] thread computer-1 starting.
[16:22:21.931] [SEVERE ] placing card 64 in slot 0
[16:22:22.035] [SEVERE ] placing card 58 in slot 1
[16:22:22.140] [SEVERE ] placing card 77 in slot 2
[16:22:22.245] [SEVERE ] placing card 66 in slot 3
[16:22:22.351] [SEVERE ] placing card 51 in slot 4
[16:22:22.456] [SEVERE ] placing card 62 in slot 5
[16:22:22.561] [SEVERE ] placing card 20 in slot 6
[16:22:22.666] [SEVERE ] placing card 5 in slot 7
[16:22:22.772] [SEVERE ] placing card 68 in slot 8
[16:22:22.877] [SEVERE ] placing card 3 in slot 9
[16:22:22.982] [SEVERE ] placing card 34 in slot 10
[16:22:23.087] [SEVERE ] placing card 55 in slot 11
[16:22:23.088] [SEVERE ] updating countdown to 60000
[16:22:23.193] [SEVERE ] updating countdown to 60895
[16:22:23.194] [SEVERE ] player 2 placing token on slot 10
[16:22:23.196] [SEVERE ] player 2 placing token on slot 6
[16:22:23.197] [SEVERE ] player 2 placing token on slot 3
[16:22:23.296] [SEVERE ] updating countdown to 60792
[16:22:23.297] [INFO   ] PLAYER 1 HAS A SET
[16:22:23.297] [SEVERE ] removing player 2 token from slot 10
[16:22:23.402] [SEVERE ] removing card from slot 10
[16:22:23.402] [SEVERE ] removing player 2 token from slot 6
[16:22:23.507] [SEVERE ] removing card from slot 6
[16:22:23.507] [SEVERE ] removing player 2 token from slot 3
[16:22:23.612] [SEVERE ] removing card from slot 3
[16:22:23.613] [SEVERE ] setting player 2 score to 1
[16:22:23.613] [SEVERE ] setting player 2 freeze to 1000
[16:22:23.613] [SEVERE ] updating countdown to 60000
[16:22:23.613] [SEVERE ] setting player 2 freeze to 1000
[16:22:23.718] [SEVERE ] placing card 4 in slot 3
[16:22:23.823] [SEVERE ] placing card 53 in slot 6
[16:22:23.927] [SEVERE ] placing card 36 in slot 10
[16:22:24.032] [SEVERE ] updating countdown to 60581
[16:22:24.137] [SEVERE ] updating countdown to 60476
[16:22:24.242] [SEVERE ] updating countdown to 60371
[16:22:24.343] [SEVERE ] updating countdown to 60270
[16:22:24.449] [SEVERE ] updating countdown to 60164
[16:22:24.554] [SEVERE ] updating countdown to 60059
[16:22:24.617] [SEVERE ] setting player 2 freeze to 0
[16:22:24.661] [SEVERE ] player 2 placing token on slot 0
[16:22:24.662] [SEVERE ] player 2 placing token on slot 7
[16:22:24.663] [SEVERE ] player 2 placing token on slot 2
[16:22:24.760] [SEVERE ] setting player 2 freeze to 3000
[16:22:24.760] [SEVERE ] setting player 2 freeze to 3000
[16:22:25.766] [SEVERE ] setting player 2 freeze to 2000
[16:22:26.771] [SEVERE ] setting player 2 freeze to 1000
[16:22:27.776] [SEVERE ] setting player 2 freeze to 0
[16:22:27.799] [SEVERE ] removing player 2 token from slot 0
[16:22:27.801] [SEVERE ] removing player 2 token from slot 2
[16:22:27.802] [SEVERE ] player 2 placing token on slot 10
[16:22:27.803] [SEVERE ] player 2 placing token on slot 1
[16:22:27.902] [SEVERE ] setting player 2 freeze to 3000
[16:22:27.902] [SEVERE ] setting player 2 freeze to 3000
[16:22:28.907] [SEVERE ] setting player 2 freeze to 2000
[16:22:29.913] [SEVERE ] setting player 2 freeze to 1000
[16:22:30.613] [SEVERE ] updating countdown to 54000
[16:22:30.917] [SEVERE ] setting player 2 freeze to 0
[16:22:30.931] [SEVERE ] removing player 2 token from slot 10
[16:22:30.932] [SEVERE ] player 2 placing token on slot 8
[16:22:31.034] [SEVERE ] setting player 2 freeze to 3000
[16:22:31.035] [SEVERE ] setting player 2 freeze to 3000
[16:22:32.040] [SEVERE ] setting player 2 freeze to 2000
[16:22:33.045] [SEVERE ] setting player 2 freeze to 1000
[16:22:34.050] [SEVERE ] setting player 2 freeze to 0
[16:22:34.076] [SEVERE ] removing player 2 token from slot 1
[16:22:34.077] [SEVERE ] player 2 placing token on slot 4
[16:22:34.177] [SEVERE ] setting player 2 freeze to 3000
[16:22:34.178] [SEVERE ] setting player 2 freeze to 3000
[16:22:35.183] [SEVERE ] setting player 2 freeze to 2000
[16:22:36.183] [SEVERE ] setting player 2 freeze to 1000
[16:22:37.188] [SEVERE ] setting player 2 freeze to 0
[16:22:37.193] [SEVERE ] removing player 2 token from slot 4
[16:22:37.194] [SEVERE ] player 2 placing token on slot 4
[16:22:37.294] [SEVERE ] setting player 2 freeze to 3000
[16:22:37.295] [SEVERE ] setting player 2 freeze to 3000
[16:22:38.300] [SEVERE ] setting player 2 freeze to 2000
[16:22:39.305] [SEVERE ] setting player 2 freeze to 1000
[16:22:40.310] [SEVERE ] setting player 2 freeze to 0
[16:22:40.334] [SEVERE ] removing player 2 token from slot 4
[16:22:40.336] [SEVERE ] player 2 placing token on slot 2
[16:22:40.431] [SEVERE ] setting player 2 freeze to 3000
[16:22:40.431] [SEVERE ] setting player 2 freeze to 3000
[16:22:41.436] [SEVERE ] setting player 2 freeze to 2000
[16:22:42.439] [SEVERE ] setting player 2 freeze to 1000
[16:22:43.444] [SEVERE ] setting player 2 freeze to 0
[16:22:43.467] [SEVERE ] removing player 2 token from slot 2
[16:22:43.469] [SEVERE ] player 2 placing token on slot 3
[16:22:43.561] [SEVERE ] setting player 2 freeze to 3000
[16:22:43.561] [SEVERE ] setting player 2 freeze to 3000
[16:22:44.566] [SEVERE ] setting player 2 freeze to 2000
[16:22:45.572] [SEVERE ] setting player 2 freeze to 1000
[16:22:46.577] [SEVERE ] setting player 2 freeze to 0
[16:22:46.596] [SEVERE ] removing player 2 token from slot 3
[16:22:46.598] [SEVERE ] player 2 placing token on slot 5
[16:22:46.696] [SEVERE ] setting player 2 freeze to 3000
[16:22:46.696] [SEVERE ] setting player 2 freeze to 3000
[16:22:47.701] [SEVERE ] setting player 2 freeze to 2000
[16:22:48.706] [SEVERE ] setting player 2 freeze to 1000
[16:22:49.711] [SEVERE ] setting player 2 freeze to 0
[16:22:49.719] [SEVERE ] removing player 2 token from slot 8
[16:22:49.720] [SEVERE ] player 2 placing token on slot 3
[16:22:49.814] [SEVERE ] setting player 2 freeze to 3000
[16:22:49.814] [SEVERE ] setting player 2 freeze to 3000
[16:22:50.819] [SEVERE ] setting player 2 freeze to 2000
[16:22:51.825] [SEVERE ] setting player 2 freeze to 1000
[16:22:52.830] [SEVERE ] setting player 2 freeze to 0
[16:22:52.858] [SEVERE ] removing player 2 token from slot 7
[16:22:52.859] [SEVERE ] removing player 2 token from slot 5
[16:22:52.860] [SEVERE ] player 2 placing token on slot 1
[16:22:52.862] [SEVERE ] player 2 placing token on slot 8
[16:22:52.958] [SEVERE ] setting player 2 freeze to 3000
[16:22:52.958] [SEVERE ] setting player 2 freeze to 3000
[16:22:53.963] [SEVERE ] setting player 2 freeze to 2000
[16:22:54.964] [SEVERE ] setting player 2 freeze to 1000
[16:22:55.969] [SEVERE ] setting player 2 freeze to 0
[16:22:56.006] [SEVERE ] removing player 2 token from slot 3
[16:22:56.008] [SEVERE ] player 2 placing token on slot 9
[16:22:56.104] [SEVERE ] setting player 2 freeze to 3000
[16:22:56.104] [SEVERE ] setting player 2 freeze to 3000
[16:22:57.109] [SEVERE ] setting player 2 freeze to 2000
[16:22:58.114] [SEVERE ] setting player 2 freeze to 1000
[16:22:59.051] [SEVERE ] key 83 was pressed by player 1
[16:22:59.051] [SEVERE ] player 1 placing token on slot 5
[16:22:59.120] [SEVERE ] setting player 2 freeze to 0
[16:22:59.155] [SEVERE ] removing player 2 token from slot 8
[16:22:59.156] [SEVERE ] player 2 placing token on slot 5
[16:22:59.248] [SEVERE ] setting player 2 freeze to 3000
[16:22:59.249] [SEVERE ] setting player 2 freeze to 3000
[16:23:00.206] [SEVERE ] exit button pressed
[16:23:00.206] [INFO   ] thread player0 terminated.
[16:23:00.206] [INFO   ] thread player1 interrupted
[16:23:00.206] [INFO   ] thread computer-1 terminated.
[16:23:00.206] [INFO   ] thread player1 terminated.
[16:23:00.292] [SEVERE ] removing all tokens
[16:23:00.397] [SEVERE ] removing card from slot 0
[16:23:00.502] [SEVERE ] removing card from slot 1
[16:23:00.607] [SEVERE ] removing card from slot 2
[16:23:00.708] [SEVERE ] removing card from slot 3
[16:23:00.814] [SEVERE ] removing card from slot 4
[16:23:00.919] [SEVERE ] removing card from slot 5
[16:23:01.025] [SEVERE ] removing card from slot 6
[16:23:01.130] [SEVERE ] removing card from slot 7
[16:23:01.231] [SEVERE ] removing card from slot 8
[16:23:01.337] [SEVERE ] removing card from slot 9
[16:23:01.439] [SEVERE ] removing card from slot 10
[16:23:01.540] [SEVERE ] removing card from slot 11
[16:23:01.541] [SEVERE ] announcing winner(s): player 2
[16:23:01.542] [INFO   ] thread dealer terminated.
[16:23:01.542] [INFO   ] thread dealer terminated.
[16:23:01.542] [SEVERE ] thanks for playing... it was fun!
[16:23:01.543] [INFO   ] thread main terminated.
