[12:55:22.107] [INFO   ] thread main starting.
[12:55:22.280] [INFO   ] thread dealer starting.
[12:55:22.280] [INFO   ] thread dealer starting.
[12:55:22.281] [INFO   ] thread player0 starting.
[12:55:22.281] [INFO   ] thread player1 starting.
[12:55:22.384] [SEVERE ] placing card 16 in slot 0
[12:55:22.489] [SEVERE ] placing card 68 in slot 1
[12:55:22.593] [SEVERE ] placing card 53 in slot 2
[12:55:22.698] [SEVERE ] placing card 76 in slot 3
[12:55:22.804] [SEVERE ] placing card 5 in slot 4
[12:55:22.907] [SEVERE ] placing card 10 in slot 5
[12:55:23.012] [SEVERE ] placing card 66 in slot 6
[12:55:23.115] [SEVERE ] placing card 21 in slot 7
[12:55:23.220] [SEVERE ] placing card 60 in slot 8
[12:55:23.325] [SEVERE ] placing card 78 in slot 9
[12:55:23.427] [SEVERE ] placing card 20 in slot 10
[12:55:23.528] [SEVERE ] placing card 33 in slot 11
[12:55:23.528] [SEVERE ] updating countdown to 60000
[12:55:23.633] [SEVERE ] updating countdown to 60895
[12:55:23.738] [SEVERE ] updating countdown to 60790
[12:55:23.844] [SEVERE ] updating countdown to 60684
[12:55:23.949] [SEVERE ] updating countdown to 60579
[12:55:24.054] [SEVERE ] updating countdown to 60474
[12:55:24.159] [SEVERE ] updating countdown to 60369
[12:55:24.264] [SEVERE ] updating countdown to 60264
[12:55:24.369] [SEVERE ] updating countdown to 60159
[12:55:24.473] [SEVERE ] updating countdown to 60055
[12:55:24.578] [SEVERE ] updating countdown to 59950
[12:55:24.683] [SEVERE ] updating countdown to 59845
[12:55:24.784] [SEVERE ] updating countdown to 59744
[12:55:24.889] [SEVERE ] updating countdown to 59639
[12:55:24.994] [SEVERE ] updating countdown to 59534
[12:55:25.095] [SEVERE ] updating countdown to 59433
[12:55:25.201] [SEVERE ] updating countdown to 59327
[12:55:25.305] [SEVERE ] updating countdown to 59223
[12:55:25.410] [SEVERE ] updating countdown to 59118
[12:55:25.515] [SEVERE ] updating countdown to 59013
[12:55:25.620] [SEVERE ] updating countdown to 58908
[12:55:25.725] [SEVERE ] updating countdown to 58803
[12:55:25.829] [SEVERE ] updating countdown to 58699
[12:55:25.934] [SEVERE ] updating countdown to 58594
[12:55:26.039] [SEVERE ] updating countdown to 58489
[12:55:26.141] [SEVERE ] updating countdown to 58387
[12:55:26.246] [SEVERE ] updating countdown to 58282
[12:55:26.351] [SEVERE ] updating countdown to 58177
[12:55:26.456] [SEVERE ] updating countdown to 58072
[12:55:26.558] [SEVERE ] updating countdown to 57970
[12:55:26.661] [SEVERE ] updating countdown to 57867
[12:55:26.764] [SEVERE ] updating countdown to 57764
[12:55:26.870] [SEVERE ] updating countdown to 57658
[12:55:26.974] [SEVERE ] updating countdown to 57554
[12:55:27.075] [SEVERE ] updating countdown to 57453
[12:55:27.180] [SEVERE ] updating countdown to 57348
[12:55:27.285] [SEVERE ] updating countdown to 57243
[12:55:27.391] [SEVERE ] updating countdown to 57137
[12:55:27.495] [SEVERE ] updating countdown to 57033
[12:55:27.595] [SEVERE ] updating countdown to 56933
[12:55:27.700] [SEVERE ] updating countdown to 56828
[12:55:27.806] [SEVERE ] updating countdown to 56722
[12:55:27.911] [SEVERE ] updating countdown to 56617
[12:55:28.016] [SEVERE ] updating countdown to 56512
[12:55:28.121] [SEVERE ] updating countdown to 56407
[12:55:28.226] [SEVERE ] updating countdown to 56302
[12:55:28.331] [SEVERE ] updating countdown to 56197
[12:55:28.436] [SEVERE ] updating countdown to 56092
[12:55:28.540] [SEVERE ] updating countdown to 55988
[12:55:28.645] [SEVERE ] updating countdown to 55883
[12:55:28.750] [SEVERE ] updating countdown to 55778
[12:55:28.855] [SEVERE ] updating countdown to 55673
[12:55:28.960] [SEVERE ] updating countdown to 55568
[12:55:29.060] [SEVERE ] updating countdown to 55468
[12:55:29.165] [SEVERE ] updating countdown to 55363
[12:55:29.194] [SEVERE ] exit button pressed
[12:55:29.194] [INFO   ] thread player1 terminated.
[12:55:29.194] [INFO   ] thread player0 terminated.
[12:55:29.270] [SEVERE ] updating countdown to 55258
[12:55:29.270] [SEVERE ] removing all tokens
[12:55:29.376] [SEVERE ] removing card from slot 0
[12:55:29.480] [SEVERE ] removing card from slot 1
[12:55:29.586] [SEVERE ] removing card from slot 2
[12:55:29.692] [SEVERE ] removing card from slot 3
[12:55:29.797] [SEVERE ] removing card from slot 4
[12:55:29.899] [SEVERE ] removing card from slot 5
[12:55:30.003] [SEVERE ] removing card from slot 6
[12:55:30.109] [SEVERE ] removing card from slot 7
[12:55:30.214] [SEVERE ] removing card from slot 8
[12:55:30.320] [SEVERE ] removing card from slot 9
[12:55:30.425] [SEVERE ] removing card from slot 10
[12:55:30.530] [SEVERE ] removing card from slot 11
[12:55:30.531] [SEVERE ] announcing winner(s): player 2, player 1
[12:55:30.532] [INFO   ] thread dealer terminated.
[12:55:30.532] [INFO   ] thread dealer terminated.
[12:55:30.532] [SEVERE ] thanks for playing... it was fun!
[12:55:30.532] [INFO   ] thread main terminated.
