[09:24:12.038] [INFO   ] thread main starting.
[09:24:12.208] [INFO   ] thread dealer starting.
[09:24:12.208] [INFO   ] thread dealer starting.
[09:24:12.212] [INFO   ] thread player0 starting.
[09:24:12.212] [INFO   ] thread player1 starting.
[09:24:12.320] [SEVERE ] placing card 47 in slot 0
[09:24:12.425] [SEVERE ] placing card 6 in slot 1
[09:24:12.530] [SEVERE ] placing card 79 in slot 2
[09:24:12.634] [SEVERE ] placing card 8 in slot 3
[09:24:12.739] [SEVERE ] placing card 30 in slot 4
[09:24:12.844] [SEVERE ] placing card 16 in slot 5
[09:24:12.947] [SEVERE ] placing card 78 in slot 6
[09:24:13.052] [SEVERE ] placing card 74 in slot 7
[09:24:13.157] [SEVERE ] placing card 25 in slot 8
[09:24:13.262] [SEVERE ] placing card 4 in slot 9
[09:24:13.367] [SEVERE ] placing card 45 in slot 10
[09:24:13.473] [SEVERE ] placing card 48 in slot 11
[09:24:13.473] [SEVERE ] updating countdown to 60000
[09:24:13.578] [SEVERE ] updating countdown to 60895
[09:24:13.683] [SEVERE ] updating countdown to 60790
[09:24:13.788] [SEVERE ] updating countdown to 60685
[09:24:13.891] [SEVERE ] updating countdown to 60582
[09:24:13.996] [SEVERE ] updating countdown to 60477
[09:24:14.101] [SEVERE ] updating countdown to 60372
[09:24:14.203] [SEVERE ] updating countdown to 60270
[09:24:14.308] [SEVERE ] updating countdown to 60165
[09:24:14.413] [SEVERE ] updating countdown to 60060
[09:24:14.519] [SEVERE ] updating countdown to 59954
[09:24:14.624] [SEVERE ] updating countdown to 59849
[09:24:14.729] [SEVERE ] updating countdown to 59744
[09:24:14.832] [SEVERE ] updating countdown to 59641
[09:24:14.937] [SEVERE ] updating countdown to 59536
[09:24:15.039] [SEVERE ] updating countdown to 59434
[09:24:15.145] [SEVERE ] updating countdown to 59328
[09:24:15.250] [SEVERE ] updating countdown to 59223
[09:24:15.355] [SEVERE ] updating countdown to 59118
[09:24:15.460] [SEVERE ] updating countdown to 59013
[09:24:15.565] [SEVERE ] updating countdown to 58908
[09:24:15.670] [SEVERE ] updating countdown to 58803
[09:24:15.775] [SEVERE ] updating countdown to 58698
[09:24:15.881] [SEVERE ] updating countdown to 58592
[09:24:15.986] [SEVERE ] updating countdown to 58487
[09:24:16.087] [SEVERE ] updating countdown to 58386
[09:24:16.192] [SEVERE ] updating countdown to 58281
[09:24:16.298] [SEVERE ] updating countdown to 58176
[09:24:16.403] [SEVERE ] updating countdown to 58070
[09:24:16.508] [SEVERE ] updating countdown to 57965
[09:24:16.613] [SEVERE ] updating countdown to 57860
[09:24:16.718] [SEVERE ] updating countdown to 57755
[09:24:16.823] [SEVERE ] updating countdown to 57650
[09:24:16.928] [SEVERE ] updating countdown to 57545
[09:24:17.033] [SEVERE ] updating countdown to 57440
[09:24:17.138] [SEVERE ] updating countdown to 57335
[09:24:17.244] [SEVERE ] updating countdown to 57229
[09:24:17.349] [SEVERE ] updating countdown to 57124
[09:24:17.450] [SEVERE ] updating countdown to 57023
[09:24:17.556] [SEVERE ] updating countdown to 56917
[09:24:17.661] [SEVERE ] updating countdown to 56812
[09:24:17.766] [SEVERE ] updating countdown to 56707
[09:24:17.871] [SEVERE ] updating countdown to 56602
[09:24:17.976] [SEVERE ] updating countdown to 56497
[09:24:18.081] [SEVERE ] updating countdown to 56392
[09:24:18.186] [SEVERE ] updating countdown to 56287
[09:24:18.291] [SEVERE ] updating countdown to 56182
[09:24:18.396] [SEVERE ] updating countdown to 56077
[09:24:18.501] [SEVERE ] updating countdown to 55972
[09:24:18.607] [SEVERE ] updating countdown to 55866
[09:24:18.712] [SEVERE ] updating countdown to 55761
[09:24:18.813] [SEVERE ] updating countdown to 55660
[09:24:18.918] [SEVERE ] updating countdown to 55555
[09:24:19.023] [SEVERE ] updating countdown to 55450
[09:24:19.125] [SEVERE ] updating countdown to 55348
[09:24:19.230] [SEVERE ] updating countdown to 55243
[09:24:19.335] [SEVERE ] updating countdown to 55138
[09:24:19.440] [SEVERE ] updating countdown to 55033
[09:24:19.545] [SEVERE ] updating countdown to 54928
[09:24:19.650] [SEVERE ] updating countdown to 54823
[09:24:19.752] [SEVERE ] updating countdown to 54721
[09:24:19.857] [SEVERE ] updating countdown to 54616
[09:24:19.963] [SEVERE ] updating countdown to 54510
[09:24:20.068] [SEVERE ] updating countdown to 54405
[09:24:20.173] [SEVERE ] updating countdown to 54300
[09:24:20.278] [SEVERE ] updating countdown to 54195
[09:24:20.383] [SEVERE ] updating countdown to 54090
[09:24:20.488] [SEVERE ] updating countdown to 53985
[09:24:20.593] [SEVERE ] updating countdown to 53880
[09:24:20.696] [SEVERE ] updating countdown to 53777
[09:24:20.801] [SEVERE ] updating countdown to 53672
[09:24:20.901] [SEVERE ] updating countdown to 53572
[09:24:21.006] [SEVERE ] updating countdown to 53467
[09:24:21.111] [SEVERE ] updating countdown to 53362
[09:24:21.216] [SEVERE ] updating countdown to 53257
[09:24:21.321] [SEVERE ] updating countdown to 53152
[09:24:21.426] [SEVERE ] updating countdown to 53047
[09:24:21.532] [SEVERE ] updating countdown to 52941
[09:24:21.636] [SEVERE ] updating countdown to 52837
[09:24:21.741] [SEVERE ] updating countdown to 52732
[09:24:21.846] [SEVERE ] updating countdown to 52627
[09:24:21.951] [SEVERE ] updating countdown to 52522
[09:24:22.056] [SEVERE ] updating countdown to 52417
[09:24:22.156] [SEVERE ] updating countdown to 52317
[09:24:22.261] [SEVERE ] updating countdown to 52212
[09:24:22.366] [SEVERE ] updating countdown to 52107
[09:24:22.471] [SEVERE ] updating countdown to 52002
[09:24:22.576] [SEVERE ] updating countdown to 51897
[09:24:22.682] [SEVERE ] updating countdown to 51792
[09:24:22.787] [SEVERE ] updating countdown to 51686
[09:24:22.892] [SEVERE ] updating countdown to 51581
[09:24:22.997] [SEVERE ] updating countdown to 51476
[09:24:23.102] [SEVERE ] updating countdown to 51371
[09:24:23.207] [SEVERE ] updating countdown to 51266
[09:24:23.312] [SEVERE ] updating countdown to 51161
[09:24:23.417] [SEVERE ] updating countdown to 51056
[09:24:23.522] [SEVERE ] updating countdown to 50951
[09:24:23.628] [SEVERE ] updating countdown to 50845
[09:24:23.733] [SEVERE ] updating countdown to 50740
[09:24:23.838] [SEVERE ] updating countdown to 50635
[09:24:23.943] [SEVERE ] updating countdown to 50530
[09:24:24.049] [SEVERE ] updating countdown to 50424
[09:24:24.154] [SEVERE ] updating countdown to 50319
[09:24:24.259] [SEVERE ] updating countdown to 50214
[09:24:24.363] [SEVERE ] updating countdown to 50110
[09:24:24.468] [SEVERE ] updating countdown to 50005
[09:24:24.573] [SEVERE ] updating countdown to 49900
[09:24:24.678] [SEVERE ] updating countdown to 49795
[09:24:24.783] [SEVERE ] updating countdown to 49690
[09:24:24.888] [SEVERE ] updating countdown to 49585
[09:24:24.993] [SEVERE ] updating countdown to 49480
[09:24:25.098] [SEVERE ] updating countdown to 49375
[09:24:25.204] [SEVERE ] updating countdown to 49269
[09:24:25.309] [SEVERE ] updating countdown to 49164
[09:24:25.414] [SEVERE ] updating countdown to 49059
[09:24:25.519] [SEVERE ] updating countdown to 48954
[09:24:25.624] [SEVERE ] updating countdown to 48849
[09:24:25.728] [SEVERE ] updating countdown to 48745
[09:24:25.833] [SEVERE ] updating countdown to 48640
[09:24:25.935] [SEVERE ] updating countdown to 48538
[09:24:26.040] [SEVERE ] updating countdown to 48433
[09:24:26.145] [SEVERE ] updating countdown to 48328
[09:24:26.250] [SEVERE ] updating countdown to 48223
[09:24:26.355] [SEVERE ] updating countdown to 48118
[09:24:26.460] [SEVERE ] updating countdown to 48013
[09:24:26.565] [SEVERE ] updating countdown to 47908
[09:24:26.670] [SEVERE ] updating countdown to 47803
[09:24:26.775] [SEVERE ] updating countdown to 47698
[09:24:26.880] [SEVERE ] updating countdown to 47593
[09:24:26.981] [SEVERE ] updating countdown to 47492
[09:24:27.085] [SEVERE ] updating countdown to 47388
[09:24:27.190] [SEVERE ] updating countdown to 47283
[09:24:27.295] [SEVERE ] updating countdown to 47178
[09:24:27.400] [SEVERE ] updating countdown to 47073
[09:24:27.506] [SEVERE ] updating countdown to 46967
[09:24:27.611] [SEVERE ] updating countdown to 46862
[09:24:27.716] [SEVERE ] updating countdown to 46757
[09:24:27.821] [SEVERE ] updating countdown to 46652
[09:24:27.921] [SEVERE ] updating countdown to 46552
[09:24:28.027] [SEVERE ] updating countdown to 46446
[09:24:28.132] [SEVERE ] updating countdown to 46341
[09:24:28.237] [SEVERE ] updating countdown to 46236
[09:24:28.342] [SEVERE ] updating countdown to 46131
[09:24:28.447] [SEVERE ] updating countdown to 46026
[09:24:28.552] [SEVERE ] updating countdown to 45921
[09:24:28.657] [SEVERE ] updating countdown to 45816
[09:24:28.761] [SEVERE ] updating countdown to 45712
[09:24:28.867] [SEVERE ] updating countdown to 45606
[09:24:28.972] [SEVERE ] updating countdown to 45501
[09:24:29.077] [SEVERE ] updating countdown to 45396
[09:24:29.182] [SEVERE ] updating countdown to 45291
[09:24:29.286] [SEVERE ] updating countdown to 45187
[09:24:29.391] [SEVERE ] updating countdown to 45082
[09:24:29.496] [SEVERE ] updating countdown to 44977
[09:24:29.601] [SEVERE ] updating countdown to 44872
[09:24:29.706] [SEVERE ] updating countdown to 44767
[09:24:29.812] [SEVERE ] updating countdown to 44661
[09:24:29.917] [SEVERE ] updating countdown to 44556
[09:24:30.022] [SEVERE ] updating countdown to 44451
[09:24:30.127] [SEVERE ] updating countdown to 44346
[09:24:30.232] [SEVERE ] updating countdown to 44241
[09:24:30.336] [SEVERE ] updating countdown to 44137
[09:24:30.438] [SEVERE ] updating countdown to 44035
[09:24:30.542] [SEVERE ] updating countdown to 43931
[09:24:30.647] [SEVERE ] updating countdown to 43826
[09:24:30.752] [SEVERE ] updating countdown to 43721
[09:24:30.857] [SEVERE ] updating countdown to 43616
[09:24:30.962] [SEVERE ] updating countdown to 43511
[09:24:31.067] [SEVERE ] updating countdown to 43406
[09:24:31.172] [SEVERE ] updating countdown to 43301
[09:24:31.277] [SEVERE ] updating countdown to 43196
[09:24:31.382] [SEVERE ] updating countdown to 43091
[09:24:31.487] [SEVERE ] updating countdown to 42986
[09:24:31.587] [SEVERE ] updating countdown to 42886
[09:24:31.692] [SEVERE ] updating countdown to 42781
[09:24:31.797] [SEVERE ] updating countdown to 42676
[09:24:31.902] [SEVERE ] updating countdown to 42571
[09:24:32.007] [SEVERE ] updating countdown to 42466
[09:24:32.112] [SEVERE ] updating countdown to 42361
[09:24:32.217] [SEVERE ] updating countdown to 42256
[09:24:32.322] [SEVERE ] updating countdown to 42151
[09:24:32.427] [SEVERE ] updating countdown to 42046
[09:24:32.532] [SEVERE ] updating countdown to 41941
[09:24:32.637] [SEVERE ] updating countdown to 41836
[09:24:32.742] [SEVERE ] updating countdown to 41731
[09:24:32.847] [SEVERE ] updating countdown to 41626
[09:24:32.953] [SEVERE ] updating countdown to 41520
[09:24:33.058] [SEVERE ] updating countdown to 41415
[09:24:33.162] [SEVERE ] updating countdown to 41311
[09:24:33.268] [SEVERE ] updating countdown to 41205
[09:24:33.370] [SEVERE ] updating countdown to 41103
[09:24:33.473] [SEVERE ] updating countdown to 41000
[09:24:33.578] [SEVERE ] updating countdown to 40895
[09:24:33.683] [SEVERE ] updating countdown to 40790
[09:24:33.788] [SEVERE ] updating countdown to 40685
[09:24:33.893] [SEVERE ] updating countdown to 40580
[09:24:33.998] [SEVERE ] updating countdown to 40475
[09:24:34.103] [SEVERE ] updating countdown to 40370
[09:24:34.208] [SEVERE ] updating countdown to 40265
[09:24:34.313] [SEVERE ] updating countdown to 40160
[09:24:34.419] [SEVERE ] updating countdown to 40054
[09:24:34.524] [SEVERE ] updating countdown to 39949
[09:24:34.629] [SEVERE ] updating countdown to 39844
[09:24:34.734] [SEVERE ] updating countdown to 39739
[09:24:34.834] [SEVERE ] updating countdown to 39639
[09:24:34.939] [SEVERE ] updating countdown to 39534
[09:24:35.044] [SEVERE ] updating countdown to 39429
[09:24:35.149] [SEVERE ] updating countdown to 39324
[09:24:35.254] [SEVERE ] updating countdown to 39219
[09:24:35.359] [SEVERE ] updating countdown to 39114
[09:24:35.464] [SEVERE ] updating countdown to 39009
[09:24:35.569] [SEVERE ] updating countdown to 38904
[09:24:35.675] [SEVERE ] updating countdown to 38798
[09:24:35.779] [SEVERE ] updating countdown to 38694
[09:24:35.884] [SEVERE ] updating countdown to 38589
[09:24:35.985] [SEVERE ] updating countdown to 38488
[09:24:36.087] [SEVERE ] updating countdown to 38386
[09:24:36.192] [SEVERE ] updating countdown to 38281
[09:24:36.297] [SEVERE ] updating countdown to 38176
[09:24:36.402] [SEVERE ] updating countdown to 38071
[09:24:36.507] [SEVERE ] updating countdown to 37966
[09:24:36.612] [SEVERE ] updating countdown to 37861
[09:24:36.717] [SEVERE ] updating countdown to 37756
[09:24:36.822] [SEVERE ] updating countdown to 37651
[09:24:36.927] [SEVERE ] updating countdown to 37546
[09:24:37.031] [SEVERE ] updating countdown to 37442
[09:24:37.136] [SEVERE ] updating countdown to 37337
[09:24:37.241] [SEVERE ] updating countdown to 37232
[09:24:37.347] [SEVERE ] updating countdown to 37126
[09:24:37.452] [SEVERE ] updating countdown to 37021
[09:24:37.557] [SEVERE ] updating countdown to 36916
[09:24:37.662] [SEVERE ] updating countdown to 36811
[09:24:37.764] [SEVERE ] updating countdown to 36709
[09:24:37.869] [SEVERE ] updating countdown to 36604
[09:24:37.974] [SEVERE ] updating countdown to 36499
[09:24:38.079] [SEVERE ] updating countdown to 36394
[09:24:38.184] [SEVERE ] updating countdown to 36289
[09:24:38.286] [SEVERE ] updating countdown to 36187
[09:24:38.391] [SEVERE ] updating countdown to 36082
[09:24:38.496] [SEVERE ] updating countdown to 35977
[09:24:38.601] [SEVERE ] updating countdown to 35872
[09:24:38.706] [SEVERE ] updating countdown to 35767
[09:24:38.812] [SEVERE ] updating countdown to 35661
[09:24:38.917] [SEVERE ] updating countdown to 35556
[09:24:39.022] [SEVERE ] updating countdown to 35451
[09:24:39.127] [SEVERE ] updating countdown to 35346
[09:24:39.232] [SEVERE ] updating countdown to 35241
[09:24:39.336] [SEVERE ] updating countdown to 35137
[09:24:39.441] [SEVERE ] updating countdown to 35032
[09:24:39.546] [SEVERE ] updating countdown to 34927
[09:24:39.651] [SEVERE ] updating countdown to 34822
[09:24:39.756] [SEVERE ] updating countdown to 34717
[09:24:39.861] [SEVERE ] updating countdown to 34612
[09:24:39.961] [SEVERE ] updating countdown to 34512
[09:24:40.066] [SEVERE ] updating countdown to 34407
[09:24:40.169] [SEVERE ] updating countdown to 34304
[09:24:40.274] [SEVERE ] updating countdown to 34199
[09:24:40.379] [SEVERE ] updating countdown to 34094
[09:24:40.484] [SEVERE ] updating countdown to 33989
[09:24:40.589] [SEVERE ] updating countdown to 33884
[09:24:40.694] [SEVERE ] updating countdown to 33779
[09:24:40.799] [SEVERE ] updating countdown to 33674
[09:24:40.904] [SEVERE ] updating countdown to 33569
[09:24:41.009] [SEVERE ] updating countdown to 33464
[09:24:41.114] [SEVERE ] updating countdown to 33359
[09:24:41.219] [SEVERE ] updating countdown to 33254
[09:24:41.322] [SEVERE ] updating countdown to 33151
[09:24:41.427] [SEVERE ] updating countdown to 33046
[09:24:41.532] [SEVERE ] updating countdown to 32941
[09:24:41.637] [SEVERE ] updating countdown to 32836
[09:24:41.742] [SEVERE ] updating countdown to 32731
[09:24:41.847] [SEVERE ] updating countdown to 32626
[09:24:41.952] [SEVERE ] updating countdown to 32521
[09:24:42.057] [SEVERE ] updating countdown to 32416
[09:24:42.162] [SEVERE ] updating countdown to 32311
[09:24:42.267] [SEVERE ] updating countdown to 32206
[09:24:42.372] [SEVERE ] updating countdown to 32101
[09:24:42.477] [SEVERE ] updating countdown to 31996
[09:24:42.583] [SEVERE ] updating countdown to 31890
[09:24:42.688] [SEVERE ] updating countdown to 31785
[09:24:42.793] [SEVERE ] updating countdown to 31680
[09:24:42.898] [SEVERE ] updating countdown to 31575
[09:24:43.003] [SEVERE ] updating countdown to 31470
[09:24:43.108] [SEVERE ] updating countdown to 31365
[09:24:43.213] [SEVERE ] updating countdown to 31260
[09:24:43.318] [SEVERE ] updating countdown to 31155
[09:24:43.418] [SEVERE ] updating countdown to 31055
[09:24:43.523] [SEVERE ] updating countdown to 30950
[09:24:43.628] [SEVERE ] updating countdown to 30845
[09:24:43.733] [SEVERE ] updating countdown to 30740
[09:24:43.836] [SEVERE ] updating countdown to 30637
[09:24:43.941] [SEVERE ] updating countdown to 30532
[09:24:44.047] [SEVERE ] updating countdown to 30426
[09:24:44.152] [SEVERE ] updating countdown to 30321
[09:24:44.252] [SEVERE ] updating countdown to 30221
[09:24:44.357] [SEVERE ] updating countdown to 30116
[09:24:44.457] [SEVERE ] updating countdown to 30016
[09:24:44.562] [SEVERE ] updating countdown to 29911
[09:24:44.667] [SEVERE ] updating countdown to 29806
[09:24:44.772] [SEVERE ] updating countdown to 29701
[09:24:44.874] [SEVERE ] updating countdown to 29599
[09:24:44.980] [SEVERE ] updating countdown to 29493
[09:24:45.085] [SEVERE ] updating countdown to 29388
[09:24:45.190] [SEVERE ] updating countdown to 29283
[09:24:45.293] [SEVERE ] updating countdown to 29180
[09:24:45.398] [SEVERE ] updating countdown to 29075
[09:24:45.503] [SEVERE ] updating countdown to 28970
[09:24:45.608] [SEVERE ] updating countdown to 28865
[09:24:45.712] [SEVERE ] updating countdown to 28761
[09:24:45.817] [SEVERE ] updating countdown to 28656
[09:24:45.922] [SEVERE ] updating countdown to 28551
[09:24:46.027] [SEVERE ] updating countdown to 28446
[09:24:46.130] [SEVERE ] updating countdown to 28343
[09:24:46.235] [SEVERE ] updating countdown to 28238
[09:24:46.340] [SEVERE ] updating countdown to 28133
[09:24:46.445] [SEVERE ] updating countdown to 28028
[09:24:46.550] [SEVERE ] updating countdown to 27923
[09:24:46.655] [SEVERE ] updating countdown to 27818
[09:24:46.760] [SEVERE ] updating countdown to 27713
[09:24:46.865] [SEVERE ] updating countdown to 27608
[09:24:46.970] [SEVERE ] updating countdown to 27503
[09:24:47.075] [SEVERE ] updating countdown to 27398
[09:24:47.180] [SEVERE ] updating countdown to 27293
[09:24:47.285] [SEVERE ] updating countdown to 27188
[09:24:47.390] [SEVERE ] updating countdown to 27083
[09:24:47.495] [SEVERE ] updating countdown to 26978
[09:24:47.600] [SEVERE ] updating countdown to 26873
[09:24:47.705] [SEVERE ] updating countdown to 26768
[09:24:47.810] [SEVERE ] updating countdown to 26663
[09:24:47.915] [SEVERE ] updating countdown to 26558
[09:24:48.020] [SEVERE ] updating countdown to 26453
[09:24:48.125] [SEVERE ] updating countdown to 26348
[09:24:48.230] [SEVERE ] updating countdown to 26243
[09:24:48.335] [SEVERE ] updating countdown to 26138
[09:24:48.440] [SEVERE ] updating countdown to 26033
[09:24:48.545] [SEVERE ] updating countdown to 25928
[09:24:48.651] [SEVERE ] updating countdown to 25822
[09:24:48.756] [SEVERE ] updating countdown to 25717
[09:24:48.861] [SEVERE ] updating countdown to 25612
[09:24:48.966] [SEVERE ] updating countdown to 25507
[09:24:49.071] [SEVERE ] updating countdown to 25402
[09:24:49.176] [SEVERE ] updating countdown to 25297
[09:24:49.281] [SEVERE ] updating countdown to 25192
[09:24:49.386] [SEVERE ] updating countdown to 25087
[09:24:49.490] [SEVERE ] updating countdown to 24983
[09:24:49.595] [SEVERE ] updating countdown to 24878
[09:24:49.700] [SEVERE ] updating countdown to 24773
[09:24:49.805] [SEVERE ] updating countdown to 24668
[09:24:49.908] [SEVERE ] updating countdown to 24565
[09:24:50.013] [SEVERE ] updating countdown to 24460
[09:24:50.118] [SEVERE ] updating countdown to 24355
[09:24:50.223] [SEVERE ] updating countdown to 24250
[09:24:50.328] [SEVERE ] updating countdown to 24145
[09:24:50.430] [SEVERE ] updating countdown to 24043
[09:24:50.535] [SEVERE ] updating countdown to 23938
[09:24:50.636] [SEVERE ] updating countdown to 23837
[09:24:50.741] [SEVERE ] updating countdown to 23732
[09:24:50.841] [SEVERE ] updating countdown to 23632
[09:24:50.946] [SEVERE ] updating countdown to 23527
[09:24:51.051] [SEVERE ] updating countdown to 23422
[09:24:51.153] [SEVERE ] updating countdown to 23320
[09:24:51.258] [SEVERE ] updating countdown to 23215
[09:24:51.363] [SEVERE ] updating countdown to 23110
[09:24:51.468] [SEVERE ] updating countdown to 23005
[09:24:51.573] [SEVERE ] updating countdown to 22900
[09:24:51.679] [SEVERE ] updating countdown to 22794
[09:24:51.780] [SEVERE ] updating countdown to 22693
[09:24:51.886] [SEVERE ] updating countdown to 22587
[09:24:51.991] [SEVERE ] updating countdown to 22482
[09:24:52.096] [SEVERE ] updating countdown to 22377
[09:24:52.201] [SEVERE ] updating countdown to 22272
[09:24:52.306] [SEVERE ] updating countdown to 22167
[09:24:52.411] [SEVERE ] updating countdown to 22062
[09:24:52.516] [SEVERE ] updating countdown to 21957
[09:24:52.621] [SEVERE ] updating countdown to 21852
[09:24:52.726] [SEVERE ] updating countdown to 21747
[09:24:52.831] [SEVERE ] updating countdown to 21642
[09:24:52.936] [SEVERE ] updating countdown to 21537
[09:24:53.041] [SEVERE ] updating countdown to 21432
[09:24:53.146] [SEVERE ] updating countdown to 21327
[09:24:53.251] [SEVERE ] updating countdown to 21222
[09:24:53.356] [SEVERE ] updating countdown to 21117
[09:24:53.456] [SEVERE ] updating countdown to 21017
[09:24:53.561] [SEVERE ] updating countdown to 20912
[09:24:53.666] [SEVERE ] updating countdown to 20807
[09:24:53.771] [SEVERE ] updating countdown to 20702
[09:24:53.872] [SEVERE ] updating countdown to 20601
[09:24:53.977] [SEVERE ] updating countdown to 20496
[09:24:54.082] [SEVERE ] updating countdown to 20391
[09:24:54.187] [SEVERE ] updating countdown to 20286
[09:24:54.292] [SEVERE ] updating countdown to 20181
[09:24:54.397] [SEVERE ] updating countdown to 20076
[09:24:54.502] [SEVERE ] updating countdown to 19971
[09:24:54.607] [SEVERE ] updating countdown to 19866
[09:24:54.712] [SEVERE ] updating countdown to 19761
[09:24:54.817] [SEVERE ] updating countdown to 19656
[09:24:54.922] [SEVERE ] updating countdown to 19551
[09:24:55.025] [SEVERE ] updating countdown to 19448
[09:24:55.125] [SEVERE ] updating countdown to 19348
[09:24:55.231] [SEVERE ] updating countdown to 19242
[09:24:55.336] [SEVERE ] updating countdown to 19137
[09:24:55.441] [SEVERE ] updating countdown to 19032
[09:24:55.546] [SEVERE ] updating countdown to 18927
[09:24:55.651] [SEVERE ] updating countdown to 18822
[09:24:55.756] [SEVERE ] updating countdown to 18717
[09:24:55.861] [SEVERE ] updating countdown to 18612
[09:24:55.966] [SEVERE ] updating countdown to 18507
[09:24:56.071] [SEVERE ] updating countdown to 18402
[09:24:56.176] [SEVERE ] updating countdown to 18297
[09:24:56.281] [SEVERE ] updating countdown to 18192
[09:24:56.386] [SEVERE ] updating countdown to 18087
[09:24:56.491] [SEVERE ] updating countdown to 17982
[09:24:56.596] [SEVERE ] updating countdown to 17877
[09:24:56.701] [SEVERE ] updating countdown to 17772
[09:24:56.807] [SEVERE ] updating countdown to 17666
[09:24:56.912] [SEVERE ] updating countdown to 17561
[09:24:57.017] [SEVERE ] updating countdown to 17456
[09:24:57.122] [SEVERE ] updating countdown to 17351
[09:24:57.226] [SEVERE ] updating countdown to 17247
[09:24:57.331] [SEVERE ] updating countdown to 17142
[09:24:57.436] [SEVERE ] updating countdown to 17037
[09:24:57.541] [SEVERE ] updating countdown to 16932
[09:24:57.647] [SEVERE ] updating countdown to 16826
[09:24:57.750] [SEVERE ] updating countdown to 16723
[09:24:57.852] [SEVERE ] updating countdown to 16621
[09:24:57.957] [SEVERE ] updating countdown to 16516
[09:24:58.062] [SEVERE ] updating countdown to 16411
[09:24:58.163] [SEVERE ] updating countdown to 16310
[09:24:58.268] [SEVERE ] updating countdown to 16205
[09:24:58.373] [SEVERE ] updating countdown to 16100
[09:24:58.478] [SEVERE ] updating countdown to 15995
[09:24:58.583] [SEVERE ] updating countdown to 15890
[09:24:58.688] [SEVERE ] updating countdown to 15785
[09:24:58.793] [SEVERE ] updating countdown to 15680
[09:24:58.898] [SEVERE ] updating countdown to 15575
[09:24:59.003] [SEVERE ] updating countdown to 15470
[09:24:59.108] [SEVERE ] updating countdown to 15365
[09:24:59.213] [SEVERE ] updating countdown to 15260
[09:24:59.318] [SEVERE ] updating countdown to 15155
[09:24:59.423] [SEVERE ] updating countdown to 15050
[09:24:59.528] [SEVERE ] updating countdown to 14945
[09:24:59.633] [SEVERE ] updating countdown to 14840
[09:24:59.738] [SEVERE ] updating countdown to 14735
[09:24:59.844] [SEVERE ] updating countdown to 14629
[09:24:59.948] [SEVERE ] updating countdown to 14525
[09:25:00.054] [SEVERE ] updating countdown to 14419
[09:25:00.158] [SEVERE ] updating countdown to 14315
[09:25:00.264] [SEVERE ] updating countdown to 14209
[09:25:00.369] [SEVERE ] updating countdown to 14104
[09:25:00.474] [SEVERE ] updating countdown to 13999
[09:25:00.578] [SEVERE ] updating countdown to 13895
[09:25:00.683] [SEVERE ] updating countdown to 13790
[09:25:00.788] [SEVERE ] updating countdown to 13685
[09:25:00.893] [SEVERE ] updating countdown to 13580
[09:25:00.998] [SEVERE ] updating countdown to 13475
[09:25:01.103] [SEVERE ] updating countdown to 13370
[09:25:01.208] [SEVERE ] updating countdown to 13265
[09:25:01.313] [SEVERE ] updating countdown to 13160
[09:25:01.419] [SEVERE ] updating countdown to 13054
[09:25:01.524] [SEVERE ] updating countdown to 12949
[09:25:01.629] [SEVERE ] updating countdown to 12844
[09:25:01.734] [SEVERE ] updating countdown to 12739
[09:25:01.839] [SEVERE ] updating countdown to 12634
[09:25:01.944] [SEVERE ] updating countdown to 12529
[09:25:02.049] [SEVERE ] updating countdown to 12424
[09:25:02.153] [SEVERE ] updating countdown to 12320
[09:25:02.258] [SEVERE ] updating countdown to 12215
[09:25:02.363] [SEVERE ] updating countdown to 12110
[09:25:02.463] [SEVERE ] updating countdown to 12010
[09:25:02.568] [SEVERE ] updating countdown to 11905
[09:25:02.673] [SEVERE ] updating countdown to 11800
[09:25:02.775] [SEVERE ] updating countdown to 11698
[09:25:02.880] [SEVERE ] updating countdown to 11593
[09:25:02.985] [SEVERE ] updating countdown to 11488
[09:25:03.090] [SEVERE ] updating countdown to 11383
[09:25:03.193] [SEVERE ] updating countdown to 11280
[09:25:03.298] [SEVERE ] updating countdown to 11175
[09:25:03.403] [SEVERE ] updating countdown to 11070
[09:25:03.508] [SEVERE ] updating countdown to 10965
[09:25:03.609] [SEVERE ] updating countdown to 10864
[09:25:03.714] [SEVERE ] updating countdown to 10759
[09:25:03.819] [SEVERE ] updating countdown to 10654
[09:25:03.921] [SEVERE ] updating countdown to 10552
[09:25:04.026] [SEVERE ] updating countdown to 10447
[09:25:04.131] [SEVERE ] updating countdown to 10342
[09:25:04.236] [SEVERE ] updating countdown to 10237
[09:25:04.341] [SEVERE ] updating countdown to 10132
[09:25:04.446] [SEVERE ] updating countdown to 10027
[09:25:04.551] [SEVERE ] updating countdown to 9922
[09:25:04.656] [SEVERE ] updating countdown to 9817
[09:25:04.761] [SEVERE ] updating countdown to 9712
[09:25:04.866] [SEVERE ] updating countdown to 9607
[09:25:04.971] [SEVERE ] updating countdown to 9502
[09:25:05.076] [SEVERE ] updating countdown to 9397
[09:25:05.181] [SEVERE ] updating countdown to 9292
[09:25:05.287] [SEVERE ] updating countdown to 9186
[09:25:05.392] [SEVERE ] updating countdown to 9081
[09:25:05.497] [SEVERE ] updating countdown to 8976
[09:25:05.598] [SEVERE ] updating countdown to 8875
[09:25:05.703] [SEVERE ] updating countdown to 8770
[09:25:05.808] [SEVERE ] updating countdown to 8665
[09:25:05.913] [SEVERE ] updating countdown to 8560
[09:25:06.018] [SEVERE ] updating countdown to 8455
[09:25:06.123] [SEVERE ] updating countdown to 8350
[09:25:06.228] [SEVERE ] updating countdown to 8245
[09:25:06.333] [SEVERE ] updating countdown to 8140
[09:25:06.438] [SEVERE ] updating countdown to 8035
[09:25:06.543] [SEVERE ] updating countdown to 7930
[09:25:06.649] [SEVERE ] updating countdown to 7824
[09:25:06.754] [SEVERE ] updating countdown to 7719
[09:25:06.859] [SEVERE ] updating countdown to 7614
[09:25:06.964] [SEVERE ] updating countdown to 7509
[09:25:07.069] [SEVERE ] updating countdown to 7404
[09:25:07.174] [SEVERE ] updating countdown to 7299
[09:25:07.279] [SEVERE ] updating countdown to 7194
[09:25:07.380] [SEVERE ] updating countdown to 7093
[09:25:07.485] [SEVERE ] updating countdown to 6988
[09:25:07.590] [SEVERE ] updating countdown to 6883
[09:25:07.695] [SEVERE ] updating countdown to 6778
[09:25:07.800] [SEVERE ] updating countdown to 6673
[09:25:07.905] [SEVERE ] updating countdown to 6568
[09:25:08.010] [SEVERE ] updating countdown to 6463
[09:25:08.115] [SEVERE ] updating countdown to 6358
[09:25:08.216] [SEVERE ] updating countdown to 6257
[09:25:08.321] [SEVERE ] updating countdown to 6152
[09:25:08.426] [SEVERE ] updating countdown to 6047
[09:25:08.532] [SEVERE ] updating countdown to 5941
[09:25:08.637] [SEVERE ] updating countdown to 5836
[09:25:08.742] [SEVERE ] updating countdown to 5731
[09:25:08.847] [SEVERE ] updating countdown to 5626
[09:25:08.947] [SEVERE ] updating countdown to 5526
[09:25:09.052] [SEVERE ] updating countdown to 5421
[09:25:09.157] [SEVERE ] updating countdown to 5316
[09:25:09.262] [SEVERE ] updating countdown to 5211
[09:25:09.272] [SEVERE ] key 81 was pressed by player 1
[09:25:09.272] [SEVERE ] player 1 placing token on slot 0
[09:25:09.367] [SEVERE ] updating countdown to 5106
[09:25:09.472] [SEVERE ] updating countdown to 5001
[09:25:09.542] [SEVERE ] key 81 was pressed by player 1
[09:25:09.542] [SEVERE ] removing player 1 token from slot 0
[09:25:10.302] [SEVERE ] key 90 was pressed by player 1
[09:25:10.302] [SEVERE ] player 1 placing token on slot 8
[09:25:13.031] [SEVERE ] key 86 was pressed by player 1
[09:25:13.031] [SEVERE ] player 1 placing token on slot 11
[09:25:13.919] [SEVERE ] key 86 was pressed by player 1
[09:25:13.919] [SEVERE ] removing player 1 token from slot 11
[09:25:14.454] [SEVERE ] key 86 was pressed by player 1
[09:25:14.455] [SEVERE ] player 1 placing token on slot 11
[09:25:14.503] [SEVERE ] updating countdown to 0
[09:25:14.504] [SEVERE ] removing all tokens
[09:25:14.605] [SEVERE ] removing card from slot 0
[09:25:14.710] [SEVERE ] removing card from slot 1
[09:25:14.813] [SEVERE ] removing card from slot 2
[09:25:14.918] [SEVERE ] removing card from slot 3
[09:25:15.023] [SEVERE ] removing card from slot 4
[09:25:15.128] [SEVERE ] removing card from slot 5
[09:25:15.233] [SEVERE ] removing card from slot 6
[09:25:15.338] [SEVERE ] removing card from slot 7
[09:25:15.441] [SEVERE ] removing card from slot 8
[09:25:15.547] [SEVERE ] removing card from slot 9
[09:25:15.652] [SEVERE ] removing card from slot 10
[09:25:15.757] [SEVERE ] removing card from slot 11
[09:25:15.862] [SEVERE ] placing card 22 in slot 0
[09:25:15.965] [SEVERE ] placing card 17 in slot 1
[09:25:16.071] [SEVERE ] placing card 80 in slot 2
[09:25:16.176] [SEVERE ] placing card 14 in slot 3
[09:25:16.281] [SEVERE ] placing card 63 in slot 4
[09:25:16.386] [SEVERE ] placing card 36 in slot 5
[09:25:16.491] [SEVERE ] placing card 6 in slot 6
[09:25:16.596] [SEVERE ] placing card 13 in slot 7
[09:25:16.701] [SEVERE ] placing card 1 in slot 8
[09:25:16.806] [SEVERE ] placing card 56 in slot 9
[09:25:16.911] [SEVERE ] placing card 64 in slot 10
[09:25:17.016] [SEVERE ] placing card 60 in slot 11
[09:25:17.016] [SEVERE ] updating countdown to 60000
[09:25:17.121] [SEVERE ] updating countdown to 60895
[09:25:17.226] [SEVERE ] updating countdown to 60790
[09:25:17.330] [SEVERE ] updating countdown to 60686
[09:25:17.435] [SEVERE ] updating countdown to 60581
[09:25:17.540] [SEVERE ] updating countdown to 60476
[09:25:17.645] [SEVERE ] updating countdown to 60371
[09:25:17.750] [SEVERE ] updating countdown to 60266
[09:25:17.856] [SEVERE ] updating countdown to 60160
[09:25:17.961] [SEVERE ] updating countdown to 60055
[09:25:18.066] [SEVERE ] updating countdown to 59950
[09:25:18.171] [SEVERE ] updating countdown to 59845
[09:25:18.275] [SEVERE ] updating countdown to 59741
[09:25:18.375] [SEVERE ] updating countdown to 59641
[09:25:18.480] [SEVERE ] updating countdown to 59536
[09:25:18.585] [SEVERE ] updating countdown to 59431
[09:25:18.690] [SEVERE ] updating countdown to 59326
[09:25:18.795] [SEVERE ] updating countdown to 59221
[09:25:18.900] [SEVERE ] updating countdown to 59116
[09:25:19.005] [SEVERE ] updating countdown to 59011
[09:25:19.108] [SEVERE ] updating countdown to 58908
[09:25:19.213] [SEVERE ] updating countdown to 58803
[09:25:19.315] [SEVERE ] updating countdown to 58701
[09:25:19.420] [SEVERE ] updating countdown to 58596
[09:25:19.523] [SEVERE ] updating countdown to 58493
[09:25:19.628] [SEVERE ] updating countdown to 58388
[09:25:19.733] [SEVERE ] updating countdown to 58283
[09:25:19.838] [SEVERE ] updating countdown to 58178
[09:25:19.943] [SEVERE ] updating countdown to 58073
[09:25:20.043] [SEVERE ] updating countdown to 57973
[09:25:20.148] [SEVERE ] updating countdown to 57868
[09:25:20.253] [SEVERE ] updating countdown to 57763
[09:25:20.358] [SEVERE ] updating countdown to 57658
[09:25:20.459] [SEVERE ] updating countdown to 57557
[09:25:20.564] [SEVERE ] updating countdown to 57452
[09:25:20.669] [SEVERE ] updating countdown to 57347
[09:25:20.774] [SEVERE ] updating countdown to 57242
[09:25:20.879] [SEVERE ] updating countdown to 57137
[09:25:20.984] [SEVERE ] updating countdown to 57032
[09:25:21.089] [SEVERE ] updating countdown to 56927
[09:25:21.194] [SEVERE ] updating countdown to 56822
[09:25:21.299] [SEVERE ] updating countdown to 56717
[09:25:21.403] [SEVERE ] updating countdown to 56613
[09:25:21.509] [SEVERE ] updating countdown to 56507
[09:25:21.614] [SEVERE ] updating countdown to 56402
[09:25:21.716] [SEVERE ] updating countdown to 56300
[09:25:21.822] [SEVERE ] updating countdown to 56194
[09:25:21.927] [SEVERE ] updating countdown to 56089
[09:25:22.032] [SEVERE ] updating countdown to 55984
[09:25:22.137] [SEVERE ] updating countdown to 55879
[09:25:22.242] [SEVERE ] updating countdown to 55774
[09:25:22.347] [SEVERE ] updating countdown to 55669
[09:25:22.452] [SEVERE ] updating countdown to 55564
[09:25:22.557] [SEVERE ] updating countdown to 55459
[09:25:22.659] [SEVERE ] updating countdown to 55357
[09:25:22.762] [SEVERE ] updating countdown to 55254
[09:25:22.867] [SEVERE ] updating countdown to 55149
[09:25:22.972] [SEVERE ] updating countdown to 55044
[09:25:23.076] [SEVERE ] updating countdown to 54940
[09:25:23.181] [SEVERE ] updating countdown to 54835
[09:25:23.282] [SEVERE ] updating countdown to 54734
[09:25:23.387] [SEVERE ] updating countdown to 54629
[09:25:23.492] [SEVERE ] updating countdown to 54524
[09:25:23.596] [SEVERE ] updating countdown to 54420
[09:25:23.701] [SEVERE ] updating countdown to 54315
[09:25:23.803] [SEVERE ] updating countdown to 54213
[09:25:23.908] [SEVERE ] updating countdown to 54108
[09:25:24.010] [SEVERE ] updating countdown to 54006
[09:25:24.115] [SEVERE ] updating countdown to 53901
[09:25:24.220] [SEVERE ] updating countdown to 53796
[09:25:24.325] [SEVERE ] updating countdown to 53691
[09:25:24.430] [SEVERE ] updating countdown to 53586
[09:25:24.535] [SEVERE ] updating countdown to 53481
[09:25:24.641] [SEVERE ] updating countdown to 53375
[09:25:24.746] [SEVERE ] updating countdown to 53270
[09:25:24.851] [SEVERE ] updating countdown to 53165
[09:25:24.951] [SEVERE ] updating countdown to 53065
[09:25:25.055] [SEVERE ] updating countdown to 52961
[09:25:25.156] [SEVERE ] updating countdown to 52860
[09:25:25.261] [SEVERE ] updating countdown to 52755
[09:25:25.366] [SEVERE ] updating countdown to 52650
[09:25:25.471] [SEVERE ] updating countdown to 52545
[09:25:25.576] [SEVERE ] updating countdown to 52440
[09:25:25.681] [SEVERE ] updating countdown to 52335
[09:25:25.786] [SEVERE ] updating countdown to 52230
[09:25:25.891] [SEVERE ] updating countdown to 52125
[09:25:25.996] [SEVERE ] updating countdown to 52020
[09:25:26.101] [SEVERE ] updating countdown to 51915
[09:25:26.206] [SEVERE ] updating countdown to 51810
[09:25:26.307] [SEVERE ] updating countdown to 51709
[09:25:26.407] [SEVERE ] updating countdown to 51609
[09:25:26.512] [SEVERE ] updating countdown to 51504
[09:25:26.617] [SEVERE ] updating countdown to 51399
[09:25:26.722] [SEVERE ] updating countdown to 51294
[09:25:26.827] [SEVERE ] updating countdown to 51189
[09:25:26.932] [SEVERE ] updating countdown to 51084
[09:25:27.037] [SEVERE ] updating countdown to 50979
[09:25:27.142] [SEVERE ] updating countdown to 50874
[09:25:27.247] [SEVERE ] updating countdown to 50769
[09:25:27.352] [SEVERE ] updating countdown to 50664
[09:25:27.457] [SEVERE ] updating countdown to 50559
[09:25:27.562] [SEVERE ] updating countdown to 50454
[09:25:27.667] [SEVERE ] updating countdown to 50349
[09:25:27.772] [SEVERE ] updating countdown to 50244
[09:25:27.876] [SEVERE ] updating countdown to 50140
[09:25:27.981] [SEVERE ] updating countdown to 50035
[09:25:28.086] [SEVERE ] updating countdown to 49930
[09:25:28.191] [SEVERE ] updating countdown to 49825
[09:25:28.296] [SEVERE ] updating countdown to 49720
[09:25:28.401] [SEVERE ] updating countdown to 49615
[09:25:28.506] [SEVERE ] updating countdown to 49510
[09:25:28.611] [SEVERE ] updating countdown to 49405
[09:25:28.714] [SEVERE ] updating countdown to 49302
[09:25:28.816] [SEVERE ] updating countdown to 49200
[09:25:28.921] [SEVERE ] updating countdown to 49095
[09:25:29.026] [SEVERE ] updating countdown to 48990
[09:25:29.131] [SEVERE ] updating countdown to 48885
[09:25:29.236] [SEVERE ] updating countdown to 48780
[09:25:29.341] [SEVERE ] updating countdown to 48675
[09:25:29.446] [SEVERE ] updating countdown to 48570
[09:25:29.551] [SEVERE ] updating countdown to 48465
[09:25:29.656] [SEVERE ] updating countdown to 48360
[09:25:29.761] [SEVERE ] updating countdown to 48255
[09:25:29.862] [SEVERE ] updating countdown to 48154
[09:25:29.967] [SEVERE ] updating countdown to 48049
[09:25:30.067] [SEVERE ] updating countdown to 47949
[09:25:30.172] [SEVERE ] updating countdown to 47844
[09:25:30.276] [SEVERE ] updating countdown to 47740
[09:25:30.379] [SEVERE ] updating countdown to 47637
[09:25:30.484] [SEVERE ] updating countdown to 47532
[09:25:30.589] [SEVERE ] updating countdown to 47427
[09:25:30.695] [SEVERE ] updating countdown to 47321
[09:25:30.800] [SEVERE ] updating countdown to 47216
[09:25:30.905] [SEVERE ] updating countdown to 47111
[09:25:31.009] [SEVERE ] updating countdown to 47007
[09:25:31.115] [SEVERE ] updating countdown to 46901
[09:25:31.218] [SEVERE ] updating countdown to 46798
[09:25:31.322] [SEVERE ] updating countdown to 46694
[09:25:31.427] [SEVERE ] updating countdown to 46589
[09:25:31.531] [SEVERE ] updating countdown to 46485
[09:25:31.636] [SEVERE ] updating countdown to 46380
[09:25:31.741] [SEVERE ] updating countdown to 46275
[09:25:31.846] [SEVERE ] updating countdown to 46170
[09:25:31.951] [SEVERE ] updating countdown to 46065
[09:25:32.056] [SEVERE ] updating countdown to 45960
[09:25:32.161] [SEVERE ] updating countdown to 45855
[09:25:32.266] [SEVERE ] updating countdown to 45750
[09:25:32.371] [SEVERE ] updating countdown to 45645
[09:25:32.476] [SEVERE ] updating countdown to 45540
[09:25:32.581] [SEVERE ] updating countdown to 45435
[09:25:32.686] [SEVERE ] updating countdown to 45330
[09:25:32.791] [SEVERE ] updating countdown to 45225
[09:25:32.896] [SEVERE ] updating countdown to 45120
[09:25:33.001] [SEVERE ] updating countdown to 45015
[09:25:33.106] [SEVERE ] updating countdown to 44910
[09:25:33.212] [SEVERE ] updating countdown to 44804
[09:25:33.317] [SEVERE ] updating countdown to 44699
[09:25:33.418] [SEVERE ] updating countdown to 44598
[09:25:33.523] [SEVERE ] updating countdown to 44493
[09:25:33.625] [SEVERE ] updating countdown to 44391
[09:25:33.731] [SEVERE ] updating countdown to 44285
[09:25:33.833] [SEVERE ] updating countdown to 44183
[09:25:33.937] [SEVERE ] updating countdown to 44079
[09:25:34.042] [SEVERE ] updating countdown to 43974
[09:25:34.147] [SEVERE ] updating countdown to 43869
[09:25:34.252] [SEVERE ] updating countdown to 43764
[09:25:34.357] [SEVERE ] updating countdown to 43659
[09:25:34.462] [SEVERE ] updating countdown to 43554
[09:25:34.567] [SEVERE ] updating countdown to 43449
[09:25:34.672] [SEVERE ] updating countdown to 43344
[09:25:34.772] [SEVERE ] updating countdown to 43244
[09:25:34.877] [SEVERE ] updating countdown to 43139
[09:25:34.977] [SEVERE ] updating countdown to 43039
[09:25:35.083] [SEVERE ] updating countdown to 42933
[09:25:35.188] [SEVERE ] updating countdown to 42828
[09:25:35.293] [SEVERE ] updating countdown to 42723
[09:25:35.398] [SEVERE ] updating countdown to 42618
[09:25:35.503] [SEVERE ] updating countdown to 42513
[09:25:35.608] [SEVERE ] updating countdown to 42408
[09:25:35.713] [SEVERE ] updating countdown to 42303
[09:25:35.818] [SEVERE ] updating countdown to 42198
[09:25:35.920] [SEVERE ] updating countdown to 42096
[09:25:36.025] [SEVERE ] updating countdown to 41991
[09:25:36.130] [SEVERE ] updating countdown to 41886
[09:25:36.236] [SEVERE ] updating countdown to 41780
[09:25:36.337] [SEVERE ] updating countdown to 41679
[09:25:36.442] [SEVERE ] updating countdown to 41574
[09:25:36.546] [SEVERE ] updating countdown to 41470
[09:25:36.651] [SEVERE ] updating countdown to 41365
[09:25:36.756] [SEVERE ] updating countdown to 41260
[09:25:36.861] [SEVERE ] updating countdown to 41155
[09:25:36.966] [SEVERE ] updating countdown to 41050
[09:25:37.071] [SEVERE ] updating countdown to 40945
[09:25:37.176] [SEVERE ] updating countdown to 40840
[09:25:37.281] [SEVERE ] updating countdown to 40735
[09:25:37.386] [SEVERE ] updating countdown to 40630
[09:25:37.487] [SEVERE ] updating countdown to 40529
[09:25:37.592] [SEVERE ] updating countdown to 40424
[09:25:37.697] [SEVERE ] updating countdown to 40319
[09:25:37.802] [SEVERE ] updating countdown to 40214
[09:25:37.907] [SEVERE ] updating countdown to 40109
[09:25:38.012] [SEVERE ] updating countdown to 40004
[09:25:38.117] [SEVERE ] updating countdown to 39899
[09:25:38.222] [SEVERE ] updating countdown to 39794
[09:25:38.327] [SEVERE ] updating countdown to 39689
[09:25:38.432] [SEVERE ] updating countdown to 39584
[09:25:38.537] [SEVERE ] updating countdown to 39479
[09:25:38.638] [SEVERE ] updating countdown to 39378
[09:25:38.742] [SEVERE ] updating countdown to 39274
[09:25:38.846] [SEVERE ] updating countdown to 39170
[09:25:38.951] [SEVERE ] updating countdown to 39065
[09:25:39.056] [SEVERE ] updating countdown to 38960
[09:25:39.161] [SEVERE ] updating countdown to 38855
[09:25:39.266] [SEVERE ] updating countdown to 38750
[09:25:39.367] [SEVERE ] updating countdown to 38649
[09:25:39.472] [SEVERE ] updating countdown to 38544
[09:25:39.577] [SEVERE ] updating countdown to 38439
[09:25:39.683] [SEVERE ] updating countdown to 38333
[09:25:39.788] [SEVERE ] updating countdown to 38228
[09:25:39.893] [SEVERE ] updating countdown to 38123
[09:25:39.998] [SEVERE ] updating countdown to 38018
[09:25:40.102] [SEVERE ] updating countdown to 37914
[09:25:40.207] [SEVERE ] updating countdown to 37809
[09:25:40.312] [SEVERE ] updating countdown to 37704
[09:25:40.417] [SEVERE ] updating countdown to 37599
[09:25:40.522] [SEVERE ] updating countdown to 37494
[09:25:40.627] [SEVERE ] updating countdown to 37389
[09:25:40.732] [SEVERE ] updating countdown to 37284
[09:25:40.837] [SEVERE ] updating countdown to 37179
[09:25:40.942] [SEVERE ] updating countdown to 37074
[09:25:41.047] [SEVERE ] updating countdown to 36969
[09:25:41.152] [SEVERE ] updating countdown to 36864
[09:25:41.253] [SEVERE ] updating countdown to 36763
[09:25:41.353] [SEVERE ] updating countdown to 36663
[09:25:41.456] [SEVERE ] updating countdown to 36560
[09:25:41.561] [SEVERE ] updating countdown to 36455
[09:25:41.666] [SEVERE ] updating countdown to 36350
[09:25:41.771] [SEVERE ] updating countdown to 36245
[09:25:41.876] [SEVERE ] updating countdown to 36140
[09:25:41.981] [SEVERE ] updating countdown to 36035
[09:25:42.083] [SEVERE ] updating countdown to 35933
[09:25:42.188] [SEVERE ] updating countdown to 35828
[09:25:42.293] [SEVERE ] updating countdown to 35723
[09:25:42.398] [SEVERE ] updating countdown to 35618
[09:25:42.503] [SEVERE ] updating countdown to 35513
[09:25:42.608] [SEVERE ] updating countdown to 35408
[09:25:42.713] [SEVERE ] updating countdown to 35303
[09:25:42.819] [SEVERE ] updating countdown to 35197
[09:25:42.923] [SEVERE ] updating countdown to 35093
[09:25:43.028] [SEVERE ] updating countdown to 34988
[09:25:43.133] [SEVERE ] updating countdown to 34883
[09:25:43.238] [SEVERE ] updating countdown to 34778
[09:25:43.343] [SEVERE ] updating countdown to 34673
[09:25:43.448] [SEVERE ] updating countdown to 34568
[09:25:43.553] [SEVERE ] updating countdown to 34463
[09:25:43.655] [SEVERE ] updating countdown to 34361
[09:25:43.760] [SEVERE ] updating countdown to 34256
[09:25:43.864] [SEVERE ] updating countdown to 34152
[09:25:43.969] [SEVERE ] updating countdown to 34047
[09:25:44.074] [SEVERE ] updating countdown to 33942
[09:25:44.180] [SEVERE ] updating countdown to 33836
[09:25:44.285] [SEVERE ] updating countdown to 33731
[09:25:44.390] [SEVERE ] updating countdown to 33626
[09:25:44.495] [SEVERE ] updating countdown to 33521
[09:25:44.600] [SEVERE ] updating countdown to 33416
[09:25:44.701] [SEVERE ] updating countdown to 33315
[09:25:44.806] [SEVERE ] updating countdown to 33210
[09:25:44.909] [SEVERE ] updating countdown to 33107
[09:25:45.014] [SEVERE ] updating countdown to 33002
[09:25:45.119] [SEVERE ] updating countdown to 32897
[09:25:45.224] [SEVERE ] updating countdown to 32792
[09:25:45.328] [SEVERE ] updating countdown to 32688
[09:25:45.433] [SEVERE ] updating countdown to 32583
[09:25:45.538] [SEVERE ] updating countdown to 32478
[09:25:45.643] [SEVERE ] updating countdown to 32373
[09:25:45.747] [SEVERE ] updating countdown to 32269
[09:25:45.852] [SEVERE ] updating countdown to 32164
[09:25:45.957] [SEVERE ] updating countdown to 32059
[09:25:46.062] [SEVERE ] updating countdown to 31954
[09:25:46.167] [SEVERE ] updating countdown to 31849
[09:25:46.269] [SEVERE ] updating countdown to 31747
[09:25:46.374] [SEVERE ] updating countdown to 31642
[09:25:46.479] [SEVERE ] updating countdown to 31537
[09:25:46.584] [SEVERE ] updating countdown to 31432
[09:25:46.689] [SEVERE ] updating countdown to 31327
[09:25:46.794] [SEVERE ] updating countdown to 31222
[09:25:46.899] [SEVERE ] updating countdown to 31117
[09:25:47.003] [SEVERE ] updating countdown to 31013
[09:25:47.103] [SEVERE ] updating countdown to 30913
[09:25:47.208] [SEVERE ] updating countdown to 30808
[09:25:47.313] [SEVERE ] updating countdown to 30703
[09:25:47.418] [SEVERE ] updating countdown to 30598
[09:25:47.523] [SEVERE ] updating countdown to 30493
[09:25:47.629] [SEVERE ] updating countdown to 30387
[09:25:47.734] [SEVERE ] updating countdown to 30282
[09:25:47.839] [SEVERE ] updating countdown to 30177
[09:25:47.944] [SEVERE ] updating countdown to 30072
[09:25:48.049] [SEVERE ] updating countdown to 29967
[09:25:48.154] [SEVERE ] updating countdown to 29862
[09:25:48.259] [SEVERE ] updating countdown to 29757
[09:25:48.364] [SEVERE ] updating countdown to 29652
[09:25:48.469] [SEVERE ] updating countdown to 29547
[09:25:48.574] [SEVERE ] updating countdown to 29442
[09:25:48.679] [SEVERE ] updating countdown to 29337
[09:25:48.784] [SEVERE ] updating countdown to 29232
[09:25:48.888] [SEVERE ] updating countdown to 29128
[09:25:48.993] [SEVERE ] updating countdown to 29023
[09:25:49.093] [SEVERE ] updating countdown to 28923
[09:25:49.198] [SEVERE ] updating countdown to 28818
[09:25:49.299] [SEVERE ] updating countdown to 28717
[09:25:49.403] [SEVERE ] updating countdown to 28613
[09:25:49.504] [SEVERE ] updating countdown to 28512
[09:25:49.609] [SEVERE ] updating countdown to 28407
[09:25:49.714] [SEVERE ] updating countdown to 28302
[09:25:49.818] [SEVERE ] updating countdown to 28198
[09:25:49.923] [SEVERE ] updating countdown to 28093
[09:25:50.028] [SEVERE ] updating countdown to 27988
[09:25:50.132] [SEVERE ] updating countdown to 27884
[09:25:50.233] [SEVERE ] updating countdown to 27783
[09:25:50.337] [SEVERE ] updating countdown to 27679
[09:25:50.442] [SEVERE ] updating countdown to 27574
[09:25:50.547] [SEVERE ] updating countdown to 27469
[09:25:50.652] [SEVERE ] updating countdown to 27364
[09:25:50.757] [SEVERE ] updating countdown to 27259
[09:25:50.862] [SEVERE ] updating countdown to 27154
[09:25:50.967] [SEVERE ] updating countdown to 27049
[09:25:51.072] [SEVERE ] updating countdown to 26944
[09:25:51.177] [SEVERE ] updating countdown to 26839
[09:25:51.282] [SEVERE ] updating countdown to 26734
[09:25:51.383] [SEVERE ] updating countdown to 26633
[09:25:51.487] [SEVERE ] updating countdown to 26529
[09:25:51.592] [SEVERE ] updating countdown to 26424
[09:25:51.697] [SEVERE ] updating countdown to 26319
[09:25:51.802] [SEVERE ] updating countdown to 26214
[09:25:51.907] [SEVERE ] updating countdown to 26109
[09:25:52.012] [SEVERE ] updating countdown to 26004
[09:25:52.113] [SEVERE ] updating countdown to 25903
[09:25:52.218] [SEVERE ] updating countdown to 25798
[09:25:52.323] [SEVERE ] updating countdown to 25693
[09:25:52.428] [SEVERE ] updating countdown to 25588
[09:25:52.532] [SEVERE ] updating countdown to 25484
[09:25:52.637] [SEVERE ] updating countdown to 25379
[09:25:52.742] [SEVERE ] updating countdown to 25274
[09:25:52.842] [SEVERE ] updating countdown to 25174
[09:25:52.947] [SEVERE ] updating countdown to 25069
[09:25:53.047] [SEVERE ] updating countdown to 24969
[09:25:53.153] [SEVERE ] updating countdown to 24863
[09:25:53.258] [SEVERE ] updating countdown to 24758
[09:25:53.359] [SEVERE ] updating countdown to 24657
[09:25:53.464] [SEVERE ] updating countdown to 24552
[09:25:53.569] [SEVERE ] updating countdown to 24447
[09:25:53.674] [SEVERE ] updating countdown to 24342
[09:25:53.779] [SEVERE ] updating countdown to 24237
[09:25:53.884] [SEVERE ] updating countdown to 24132
[09:25:53.989] [SEVERE ] updating countdown to 24027
[09:25:54.094] [SEVERE ] updating countdown to 23922
[09:25:54.200] [SEVERE ] updating countdown to 23816
[09:25:54.305] [SEVERE ] updating countdown to 23711
[09:25:54.410] [SEVERE ] updating countdown to 23606
[09:25:54.515] [SEVERE ] updating countdown to 23501
[09:25:54.620] [SEVERE ] updating countdown to 23396
[09:25:54.721] [SEVERE ] updating countdown to 23295
[09:25:54.826] [SEVERE ] updating countdown to 23190
[09:25:54.931] [SEVERE ] updating countdown to 23085
[09:25:55.033] [SEVERE ] updating countdown to 22983
[09:25:55.138] [SEVERE ] updating countdown to 22878
[09:25:55.243] [SEVERE ] updating countdown to 22773
[09:25:55.348] [SEVERE ] updating countdown to 22668
[09:25:55.451] [SEVERE ] updating countdown to 22565
[09:25:55.556] [SEVERE ] updating countdown to 22460
[09:25:55.661] [SEVERE ] updating countdown to 22355
[09:25:55.766] [SEVERE ] updating countdown to 22250
[09:25:55.871] [SEVERE ] updating countdown to 22145
[09:25:55.976] [SEVERE ] updating countdown to 22040
[09:25:56.081] [SEVERE ] updating countdown to 21935
[09:25:56.186] [SEVERE ] updating countdown to 21830
[09:25:56.291] [SEVERE ] updating countdown to 21725
[09:25:56.396] [SEVERE ] updating countdown to 21620
[09:25:56.501] [SEVERE ] updating countdown to 21515
[09:25:56.606] [SEVERE ] updating countdown to 21410
[09:25:56.711] [SEVERE ] updating countdown to 21305
[09:25:56.816] [SEVERE ] updating countdown to 21200
[09:25:56.917] [SEVERE ] updating countdown to 21099
[09:25:57.022] [SEVERE ] updating countdown to 20994
[09:25:57.127] [SEVERE ] updating countdown to 20889
[09:25:57.232] [SEVERE ] updating countdown to 20784
[09:25:57.337] [SEVERE ] updating countdown to 20679
[09:25:57.442] [SEVERE ] updating countdown to 20574
[09:25:57.547] [SEVERE ] updating countdown to 20469
[09:25:57.652] [SEVERE ] updating countdown to 20364
[09:25:57.757] [SEVERE ] updating countdown to 20259
[09:25:57.862] [SEVERE ] updating countdown to 20154
[09:25:57.967] [SEVERE ] updating countdown to 20049
[09:25:58.072] [SEVERE ] updating countdown to 19944
[09:25:58.173] [SEVERE ] updating countdown to 19843
[09:25:58.278] [SEVERE ] updating countdown to 19738
[09:25:58.383] [SEVERE ] updating countdown to 19633
[09:25:58.488] [SEVERE ] updating countdown to 19528
[09:25:58.593] [SEVERE ] updating countdown to 19423
[09:25:58.698] [SEVERE ] updating countdown to 19318
[09:25:58.803] [SEVERE ] updating countdown to 19213
[09:25:58.908] [SEVERE ] updating countdown to 19108
[09:25:59.013] [SEVERE ] updating countdown to 19003
[09:25:59.118] [SEVERE ] updating countdown to 18898
[09:25:59.223] [SEVERE ] updating countdown to 18793
[09:25:59.328] [SEVERE ] updating countdown to 18688
[09:25:59.433] [SEVERE ] updating countdown to 18583
[09:25:59.538] [SEVERE ] updating countdown to 18478
[09:25:59.640] [SEVERE ] updating countdown to 18376
[09:25:59.740] [SEVERE ] updating countdown to 18276
[09:25:59.845] [SEVERE ] updating countdown to 18171
[09:25:59.950] [SEVERE ] updating countdown to 18066
[09:26:00.055] [SEVERE ] updating countdown to 17961
[09:26:00.160] [SEVERE ] updating countdown to 17856
[09:26:00.260] [SEVERE ] updating countdown to 17756
[09:26:00.365] [SEVERE ] updating countdown to 17651
[09:26:00.470] [SEVERE ] updating countdown to 17546
[09:26:00.572] [SEVERE ] updating countdown to 17444
[09:26:00.677] [SEVERE ] updating countdown to 17339
[09:26:00.782] [SEVERE ] updating countdown to 17234
[09:26:00.887] [SEVERE ] updating countdown to 17129
[09:26:00.992] [SEVERE ] updating countdown to 17024
[09:26:01.097] [SEVERE ] updating countdown to 16919
[09:26:01.202] [SEVERE ] updating countdown to 16814
[09:26:01.307] [SEVERE ] updating countdown to 16709
[09:26:01.413] [SEVERE ] updating countdown to 16603
[09:26:01.518] [SEVERE ] updating countdown to 16498
[09:26:01.623] [SEVERE ] updating countdown to 16393
[09:26:01.726] [SEVERE ] updating countdown to 16290
[09:26:01.830] [SEVERE ] updating countdown to 16186
[09:26:01.935] [SEVERE ] updating countdown to 16081
[09:26:02.040] [SEVERE ] updating countdown to 15976
[09:26:02.145] [SEVERE ] updating countdown to 15871
[09:26:02.250] [SEVERE ] updating countdown to 15766
[09:26:02.355] [SEVERE ] updating countdown to 15661
[09:26:02.460] [SEVERE ] updating countdown to 15556
[09:26:02.565] [SEVERE ] updating countdown to 15451
[09:26:02.670] [SEVERE ] updating countdown to 15346
[09:26:02.775] [SEVERE ] updating countdown to 15241
[09:26:02.880] [SEVERE ] updating countdown to 15136
[09:26:02.984] [SEVERE ] updating countdown to 15032
[09:26:03.089] [SEVERE ] updating countdown to 14927
[09:26:03.194] [SEVERE ] updating countdown to 14822
[09:26:03.299] [SEVERE ] updating countdown to 14717
[09:26:03.404] [SEVERE ] updating countdown to 14612
[09:26:03.509] [SEVERE ] updating countdown to 14507
[09:26:03.614] [SEVERE ] updating countdown to 14402
[09:26:03.719] [SEVERE ] updating countdown to 14297
[09:26:03.824] [SEVERE ] updating countdown to 14192
[09:26:03.929] [SEVERE ] updating countdown to 14087
[09:26:04.034] [SEVERE ] updating countdown to 13982
[09:26:04.139] [SEVERE ] updating countdown to 13877
[09:26:04.241] [SEVERE ] updating countdown to 13775
[09:26:04.346] [SEVERE ] updating countdown to 13670
[09:26:04.451] [SEVERE ] updating countdown to 13565
[09:26:04.556] [SEVERE ] updating countdown to 13460
[09:26:04.661] [SEVERE ] updating countdown to 13355
[09:26:04.766] [SEVERE ] updating countdown to 13250
[09:26:04.871] [SEVERE ] updating countdown to 13145
[09:26:04.976] [SEVERE ] updating countdown to 13040
[09:26:05.081] [SEVERE ] updating countdown to 12935
[09:26:05.186] [SEVERE ] updating countdown to 12830
[09:26:05.291] [SEVERE ] updating countdown to 12725
[09:26:05.396] [SEVERE ] updating countdown to 12620
[09:26:05.498] [SEVERE ] updating countdown to 12518
[09:26:05.603] [SEVERE ] updating countdown to 12413
[09:26:05.708] [SEVERE ] updating countdown to 12308
[09:26:05.813] [SEVERE ] updating countdown to 12203
[09:26:05.918] [SEVERE ] updating countdown to 12098
[09:26:06.024] [SEVERE ] updating countdown to 11992
[09:26:06.130] [SEVERE ] updating countdown to 11886
[09:26:06.235] [SEVERE ] updating countdown to 11781
[09:26:06.340] [SEVERE ] updating countdown to 11676
[09:26:06.445] [SEVERE ] updating countdown to 11571
[09:26:06.550] [SEVERE ] updating countdown to 11466
[09:26:06.655] [SEVERE ] updating countdown to 11361
[09:26:06.756] [SEVERE ] updating countdown to 11260
[09:26:06.861] [SEVERE ] updating countdown to 11155
[09:26:06.964] [SEVERE ] updating countdown to 11052
[09:26:07.069] [SEVERE ] updating countdown to 10947
[09:26:07.174] [SEVERE ] updating countdown to 10842
[09:26:07.279] [SEVERE ] updating countdown to 10737
[09:26:07.384] [SEVERE ] updating countdown to 10632
[09:26:07.489] [SEVERE ] updating countdown to 10527
[09:26:07.594] [SEVERE ] updating countdown to 10422
[09:26:07.694] [SEVERE ] updating countdown to 10322
[09:26:07.799] [SEVERE ] updating countdown to 10217
[09:26:07.904] [SEVERE ] updating countdown to 10112
[09:26:08.009] [SEVERE ] updating countdown to 10007
[09:26:08.115] [SEVERE ] updating countdown to 9901
[09:26:08.218] [SEVERE ] updating countdown to 9798
[09:26:08.320] [SEVERE ] updating countdown to 9696
[09:26:08.425] [SEVERE ] updating countdown to 9591
[09:26:08.530] [SEVERE ] updating countdown to 9486
[09:26:08.635] [SEVERE ] updating countdown to 9381
[09:26:08.740] [SEVERE ] updating countdown to 9276
[09:26:08.845] [SEVERE ] updating countdown to 9171
[09:26:08.950] [SEVERE ] updating countdown to 9066
[09:26:09.055] [SEVERE ] updating countdown to 8961
[09:26:09.160] [SEVERE ] updating countdown to 8856
[09:26:09.261] [SEVERE ] updating countdown to 8755
[09:26:09.366] [SEVERE ] updating countdown to 8650
[09:26:09.471] [SEVERE ] updating countdown to 8545
[09:26:09.576] [SEVERE ] updating countdown to 8440
[09:26:09.681] [SEVERE ] updating countdown to 8335
[09:26:09.786] [SEVERE ] updating countdown to 8230
[09:26:09.891] [SEVERE ] updating countdown to 8125
[09:26:09.996] [SEVERE ] updating countdown to 8020
[09:26:10.101] [SEVERE ] updating countdown to 7915
[09:26:10.206] [SEVERE ] updating countdown to 7810
[09:26:10.310] [SEVERE ] updating countdown to 7706
[09:26:10.415] [SEVERE ] updating countdown to 7601
[09:26:10.520] [SEVERE ] updating countdown to 7496
[09:26:10.621] [SEVERE ] updating countdown to 7395
[09:26:10.726] [SEVERE ] updating countdown to 7290
[09:26:10.831] [SEVERE ] updating countdown to 7185
[09:26:10.936] [SEVERE ] updating countdown to 7080
[09:26:11.041] [SEVERE ] updating countdown to 6975
[09:26:11.146] [SEVERE ] updating countdown to 6870
[09:26:11.251] [SEVERE ] updating countdown to 6765
[09:26:11.356] [SEVERE ] updating countdown to 6660
[09:26:11.461] [SEVERE ] updating countdown to 6555
[09:26:11.566] [SEVERE ] updating countdown to 6450
[09:26:11.671] [SEVERE ] updating countdown to 6345
[09:26:11.776] [SEVERE ] updating countdown to 6240
[09:26:11.879] [SEVERE ] updating countdown to 6137
[09:26:11.984] [SEVERE ] updating countdown to 6032
[09:26:12.090] [SEVERE ] updating countdown to 5926
[09:26:12.195] [SEVERE ] updating countdown to 5821
[09:26:12.300] [SEVERE ] updating countdown to 5716
[09:26:12.405] [SEVERE ] updating countdown to 5611
[09:26:12.510] [SEVERE ] updating countdown to 5506
[09:26:12.615] [SEVERE ] updating countdown to 5401
[09:26:12.720] [SEVERE ] updating countdown to 5296
[09:26:12.825] [SEVERE ] updating countdown to 5191
[09:26:12.930] [SEVERE ] updating countdown to 5086
[09:26:18.070] [SEVERE ] updating countdown to 0
[09:26:18.073] [SEVERE ] removing all tokens
[09:26:18.178] [SEVERE ] removing card from slot 0
[09:26:18.283] [SEVERE ] removing card from slot 1
[09:26:18.388] [SEVERE ] removing card from slot 2
[09:26:18.493] [SEVERE ] removing card from slot 3
[09:26:18.598] [SEVERE ] removing card from slot 4
[09:26:18.701] [SEVERE ] removing card from slot 5
[09:26:18.806] [SEVERE ] removing card from slot 6
[09:26:18.911] [SEVERE ] removing card from slot 7
[09:26:19.016] [SEVERE ] removing card from slot 8
[09:26:19.122] [SEVERE ] removing card from slot 9
[09:26:19.227] [SEVERE ] removing card from slot 10
[09:26:19.332] [SEVERE ] removing card from slot 11
[09:26:19.438] [SEVERE ] placing card 36 in slot 0
[09:26:19.543] [SEVERE ] placing card 16 in slot 1
[09:26:19.648] [SEVERE ] placing card 49 in slot 2
[09:26:19.753] [SEVERE ] placing card 20 in slot 3
[09:26:19.858] [SEVERE ] placing card 42 in slot 4
[09:26:19.963] [SEVERE ] placing card 52 in slot 5
[09:26:20.068] [SEVERE ] placing card 6 in slot 6
[09:26:20.173] [SEVERE ] placing card 80 in slot 7
[09:26:20.278] [SEVERE ] placing card 47 in slot 8
[09:26:20.383] [SEVERE ] placing card 41 in slot 9
[09:26:20.486] [SEVERE ] placing card 18 in slot 10
[09:26:20.591] [SEVERE ] placing card 63 in slot 11
[09:26:20.591] [SEVERE ] updating countdown to 60000
[09:26:20.696] [SEVERE ] updating countdown to 60895
[09:26:20.801] [SEVERE ] updating countdown to 60790
[09:26:20.906] [SEVERE ] updating countdown to 60685
[09:26:21.006] [SEVERE ] updating countdown to 60585
[09:26:21.111] [SEVERE ] updating countdown to 60480
[09:26:21.211] [SEVERE ] updating countdown to 60380
[09:26:21.316] [SEVERE ] updating countdown to 60275
[09:26:21.416] [SEVERE ] updating countdown to 60175
[09:26:21.521] [SEVERE ] updating countdown to 60070
[09:26:21.626] [SEVERE ] updating countdown to 59965
[09:26:21.731] [SEVERE ] updating countdown to 59860
[09:26:21.836] [SEVERE ] updating countdown to 59755
[09:26:21.941] [SEVERE ] updating countdown to 59650
[09:26:22.046] [SEVERE ] updating countdown to 59545
[09:26:22.151] [SEVERE ] updating countdown to 59440
[09:26:22.257] [SEVERE ] updating countdown to 59334
[09:26:22.362] [SEVERE ] updating countdown to 59229
[09:26:22.467] [SEVERE ] updating countdown to 59124
[09:26:22.572] [SEVERE ] updating countdown to 59019
[09:26:22.677] [SEVERE ] updating countdown to 58914
[09:26:22.782] [SEVERE ] updating countdown to 58809
[09:26:22.883] [SEVERE ] updating countdown to 58708
[09:26:22.988] [SEVERE ] updating countdown to 58603
[09:26:23.093] [SEVERE ] updating countdown to 58498
[09:26:23.198] [SEVERE ] updating countdown to 58393
[09:26:23.303] [SEVERE ] updating countdown to 58288
[09:26:23.408] [SEVERE ] updating countdown to 58183
[09:26:23.510] [SEVERE ] updating countdown to 58081
[09:26:23.615] [SEVERE ] updating countdown to 57976
[09:26:23.720] [SEVERE ] updating countdown to 57871
[09:26:23.822] [SEVERE ] updating countdown to 57769
[09:26:23.927] [SEVERE ] updating countdown to 57664
[09:26:24.032] [SEVERE ] updating countdown to 57559
[09:26:24.137] [SEVERE ] updating countdown to 57454
[09:26:24.242] [SEVERE ] updating countdown to 57349
[09:26:24.346] [SEVERE ] updating countdown to 57245
[09:26:24.451] [SEVERE ] updating countdown to 57140
[09:26:24.556] [SEVERE ] updating countdown to 57035
[09:26:24.661] [SEVERE ] updating countdown to 56930
[09:26:24.766] [SEVERE ] updating countdown to 56825
[09:26:24.871] [SEVERE ] updating countdown to 56720
[09:26:24.976] [SEVERE ] updating countdown to 56615
[09:26:25.077] [SEVERE ] updating countdown to 56514
[09:26:25.178] [SEVERE ] updating countdown to 56413
[09:26:25.284] [SEVERE ] updating countdown to 56307
[09:26:25.384] [SEVERE ] updating countdown to 56207
[09:26:25.489] [SEVERE ] updating countdown to 56102
[09:26:25.594] [SEVERE ] updating countdown to 55997
[09:26:25.699] [SEVERE ] updating countdown to 55892
[09:26:25.801] [SEVERE ] updating countdown to 55790
[09:26:25.906] [SEVERE ] updating countdown to 55685
[09:26:26.008] [SEVERE ] updating countdown to 55583
[09:26:26.113] [SEVERE ] updating countdown to 55478
[09:26:26.218] [SEVERE ] updating countdown to 55373
[09:26:26.319] [SEVERE ] updating countdown to 55272
[09:26:26.422] [SEVERE ] updating countdown to 55169
[09:26:26.527] [SEVERE ] updating countdown to 55064
[09:26:26.631] [SEVERE ] updating countdown to 54961
[09:26:26.734] [SEVERE ] updating countdown to 54857
[09:26:26.839] [SEVERE ] updating countdown to 54752
[09:26:26.944] [SEVERE ] updating countdown to 54647
[09:26:27.050] [SEVERE ] updating countdown to 54541
[09:26:27.151] [SEVERE ] updating countdown to 54440
[09:26:27.256] [SEVERE ] updating countdown to 54335
[09:26:27.360] [SEVERE ] updating countdown to 54231
[09:26:27.465] [SEVERE ] updating countdown to 54126
[09:26:27.570] [SEVERE ] updating countdown to 54021
[09:26:27.675] [SEVERE ] updating countdown to 53916
[09:26:27.780] [SEVERE ] updating countdown to 53811
[09:26:27.885] [SEVERE ] updating countdown to 53706
[09:26:27.990] [SEVERE ] updating countdown to 53601
[09:26:28.093] [SEVERE ] updating countdown to 53498
[09:26:28.198] [SEVERE ] updating countdown to 53393
[09:26:28.303] [SEVERE ] updating countdown to 53288
[09:26:28.408] [SEVERE ] updating countdown to 53183
[09:26:28.510] [SEVERE ] updating countdown to 53081
[09:26:28.615] [SEVERE ] updating countdown to 52976
[09:26:28.719] [SEVERE ] updating countdown to 52872
