[19:23:41.338] [INFO   ] thread main starting.
[19:23:41.343] [SEVERE ] cannot read configuration file config.properties trying from resources.
[19:23:41.345] [SEVERE ] configuration file was loaded from resources directory.
[19:23:42.303] [INFO   ] thread dealer starting.
[19:23:42.304] [INFO   ] thread dealer starting.
[19:23:42.304] [INFO   ] thread player0 starting.
[19:23:42.415] [SEVERE ] placing card 39 in slot 0
[19:23:42.517] [SEVERE ] placing card 14 in slot 1
[19:23:42.623] [SEVERE ] placing card 67 in slot 2
[19:23:42.727] [SEVERE ] placing card 0 in slot 3
[19:23:42.833] [SEVERE ] placing card 6 in slot 4
[19:23:42.935] [SEVERE ] placing card 66 in slot 5
[19:23:43.040] [SEVERE ] placing card 76 in slot 6
[19:23:43.146] [SEVERE ] placing card 72 in slot 7
[19:23:43.249] [SEVERE ] placing card 24 in slot 8
[19:23:43.352] [SEVERE ] placing card 23 in slot 9
[19:23:43.455] [SEVERE ] placing card 9 in slot 10
[19:23:43.559] [SEVERE ] placing card 15 in slot 11
[19:23:43.560] [SEVERE ] updating countdown to 10000
[19:23:43.661] [SEVERE ] updating countdown to 10899
[19:23:43.766] [SEVERE ] updating countdown to 10794
[19:23:43.871] [SEVERE ] updating countdown to 10689
[19:23:43.976] [SEVERE ] updating countdown to 10584
[19:23:44.077] [SEVERE ] updating countdown to 10483
[19:23:44.182] [SEVERE ] updating countdown to 10378
[19:23:44.285] [SEVERE ] updating countdown to 10275
[19:23:44.391] [SEVERE ] updating countdown to 10169
[19:23:44.466] [SEVERE ] key 67 was pressed by player 1
[19:23:44.466] [SEVERE ] player 1 placing token on slot 10
[19:23:44.494] [SEVERE ] updating countdown to 10066
[19:23:44.595] [SEVERE ] updating countdown to 9965
[19:23:44.701] [SEVERE ] updating countdown to 9859
[19:23:44.803] [SEVERE ] key 67 was pressed by player 1
[19:23:44.803] [SEVERE ] removing player 1 token from slot 10
[19:23:44.806] [SEVERE ] updating countdown to 9754
[19:23:44.912] [SEVERE ] updating countdown to 9648
[19:23:45.015] [SEVERE ] updating countdown to 9545
[19:23:45.120] [SEVERE ] updating countdown to 9440
[19:23:45.225] [SEVERE ] updating countdown to 9335
[19:23:45.234] [SEVERE ] key 67 was pressed by player 1
[19:23:45.234] [SEVERE ] player 1 placing token on slot 10
[19:23:45.327] [SEVERE ] updating countdown to 9233
[19:23:45.433] [SEVERE ] updating countdown to 9127
[19:23:45.538] [SEVERE ] updating countdown to 9022
[19:23:45.635] [SEVERE ] key 67 was pressed by player 1
[19:23:45.635] [SEVERE ] removing player 1 token from slot 10
[19:23:45.643] [SEVERE ] updating countdown to 8917
[19:23:45.744] [SEVERE ] updating countdown to 8816
[19:23:45.850] [SEVERE ] updating countdown to 8710
[19:23:45.955] [SEVERE ] updating countdown to 8605
[19:23:46.060] [SEVERE ] updating countdown to 8500
[19:23:46.163] [SEVERE ] updating countdown to 8397
[19:23:46.266] [SEVERE ] updating countdown to 8294
[19:23:46.369] [SEVERE ] updating countdown to 8191
[19:23:46.420] [SEVERE ] key 88 was pressed by player 1
[19:23:46.420] [SEVERE ] player 1 placing token on slot 9
[19:23:46.472] [SEVERE ] updating countdown to 8088
[19:23:46.577] [SEVERE ] updating countdown to 7983
[19:23:46.682] [SEVERE ] updating countdown to 7878
[19:23:46.785] [SEVERE ] updating countdown to 7775
[19:23:46.786] [SEVERE ] key 88 was pressed by player 1
[19:23:46.786] [SEVERE ] removing player 1 token from slot 9
[19:23:46.891] [SEVERE ] updating countdown to 7669
[19:23:46.996] [SEVERE ] updating countdown to 7564
[19:23:47.099] [SEVERE ] updating countdown to 7461
[19:23:47.201] [SEVERE ] updating countdown to 7359
[19:23:47.306] [SEVERE ] updating countdown to 7254
[19:23:47.410] [SEVERE ] updating countdown to 7150
[19:23:47.515] [SEVERE ] updating countdown to 7045
[19:23:47.617] [SEVERE ] updating countdown to 6943
[19:23:47.720] [SEVERE ] updating countdown to 6840
[19:23:47.822] [SEVERE ] updating countdown to 6738
[19:23:47.927] [SEVERE ] updating countdown to 6633
[19:23:48.032] [SEVERE ] updating countdown to 6528
[19:23:48.134] [SEVERE ] updating countdown to 6426
[19:23:48.240] [SEVERE ] updating countdown to 6320
[19:23:48.343] [SEVERE ] updating countdown to 6217
[19:23:48.444] [SEVERE ] updating countdown to 6116
[19:23:48.548] [SEVERE ] updating countdown to 6012
[19:23:48.654] [SEVERE ] updating countdown to 5906
[19:23:48.759] [SEVERE ] updating countdown to 5801
[19:23:48.863] [SEVERE ] updating countdown to 5698
[19:23:48.967] [SEVERE ] updating countdown to 5593
[19:23:49.070] [SEVERE ] updating countdown to 5490
[19:23:49.171] [SEVERE ] updating countdown to 5389
[19:23:49.272] [SEVERE ] updating countdown to 5288
[19:23:49.377] [SEVERE ] updating countdown to 5183
[19:23:49.482] [SEVERE ] updating countdown to 5078
[19:23:51.559] [SEVERE ] key 86 was pressed by player 1
[19:23:51.559] [SEVERE ] player 1 placing token on slot 11
[19:23:51.981] [SEVERE ] key 86 was pressed by player 1
[19:23:51.981] [SEVERE ] removing player 1 token from slot 11
[19:23:54.563] [SEVERE ] updating countdown to 0
[19:23:54.564] [SEVERE ] removing all tokens
[19:23:54.669] [SEVERE ] removing card from slot 0
[19:23:54.769] [SEVERE ] removing card from slot 1
[19:23:54.874] [SEVERE ] removing card from slot 2
[19:23:54.952] [SEVERE ] key 67 was pressed by player 1
[19:23:54.979] [SEVERE ] removing card from slot 3
[19:23:55.082] [SEVERE ] removing card from slot 4
[19:23:55.188] [SEVERE ] removing card from slot 5
[19:23:55.293] [SEVERE ] removing card from slot 6
[19:23:55.396] [SEVERE ] removing card from slot 7
[19:23:55.502] [SEVERE ] removing card from slot 8
[19:23:55.607] [SEVERE ] removing card from slot 9
[19:23:55.712] [SEVERE ] removing card from slot 10
[19:23:55.818] [SEVERE ] removing card from slot 11
[19:23:55.924] [SEVERE ] placing card 1 in slot 0
[19:23:56.029] [SEVERE ] placing card 7 in slot 1
[19:23:56.133] [SEVERE ] placing card 76 in slot 2
[19:23:56.234] [SEVERE ] placing card 44 in slot 3
[19:23:56.339] [SEVERE ] placing card 67 in slot 4
[19:23:56.444] [SEVERE ] placing card 78 in slot 5
[19:23:56.549] [SEVERE ] placing card 60 in slot 6
[19:23:56.655] [SEVERE ] placing card 73 in slot 7
[19:23:56.760] [SEVERE ] placing card 64 in slot 8
[19:23:56.860] [SEVERE ] placing card 21 in slot 9
[19:23:56.963] [SEVERE ] placing card 17 in slot 10
[19:23:57.068] [SEVERE ] placing card 16 in slot 11
[19:23:57.069] [SEVERE ] updating countdown to 10000
[19:23:57.171] [SEVERE ] updating countdown to 10898
[19:23:57.274] [SEVERE ] updating countdown to 10795
[19:23:57.379] [SEVERE ] updating countdown to 10690
[19:23:57.482] [SEVERE ] updating countdown to 10587
[19:23:57.584] [SEVERE ] updating countdown to 10485
[19:23:57.689] [SEVERE ] updating countdown to 10380
[19:23:57.794] [SEVERE ] updating countdown to 10275
[19:23:57.899] [SEVERE ] updating countdown to 10170
[19:23:58.002] [SEVERE ] updating countdown to 10067
[19:23:58.106] [SEVERE ] updating countdown to 9963
[19:23:58.141] [SEVERE ] key 67 was pressed by player 1
[19:23:58.141] [SEVERE ] player 1 placing token on slot 10
[19:23:58.206] [SEVERE ] updating countdown to 9863
[19:23:58.311] [SEVERE ] updating countdown to 9758
[19:23:58.388] [SEVERE ] key 67 was pressed by player 1
[19:23:58.388] [SEVERE ] removing player 1 token from slot 10
[19:23:58.416] [SEVERE ] updating countdown to 9653
[19:23:58.518] [SEVERE ] updating countdown to 9551
[19:23:58.623] [SEVERE ] updating countdown to 9446
[19:23:58.729] [SEVERE ] updating countdown to 9340
[19:23:58.834] [SEVERE ] updating countdown to 9235
[19:23:58.938] [SEVERE ] updating countdown to 9131
[19:23:59.038] [SEVERE ] updating countdown to 9031
[19:23:59.139] [SEVERE ] updating countdown to 8930
[19:23:59.225] [SEVERE ] key 68 was pressed by player 1
[19:23:59.225] [SEVERE ] player 1 placing token on slot 6
[19:23:59.244] [SEVERE ] updating countdown to 8826
[19:23:59.344] [SEVERE ] key 83 was pressed by player 1
[19:23:59.344] [SEVERE ] player 1 placing token on slot 5
[19:23:59.349] [SEVERE ] updating countdown to 8720
[19:23:59.450] [SEVERE ] updating countdown to 8619
[19:23:59.556] [SEVERE ] updating countdown to 8513
[19:23:59.661] [SEVERE ] updating countdown to 8408
[19:23:59.766] [SEVERE ] updating countdown to 8303
[19:23:59.871] [SEVERE ] updating countdown to 8198
[19:23:59.946] [SEVERE ] key 68 was pressed by player 1
[19:23:59.946] [SEVERE ] removing player 1 token from slot 6
[19:23:59.972] [SEVERE ] updating countdown to 8097
[19:24:00.077] [SEVERE ] updating countdown to 7992
[19:24:00.089] [SEVERE ] key 83 was pressed by player 1
[19:24:00.090] [SEVERE ] removing player 1 token from slot 5
[19:24:00.180] [SEVERE ] updating countdown to 7889
[19:24:00.285] [SEVERE ] updating countdown to 7784
[19:24:00.389] [SEVERE ] updating countdown to 7680
[19:24:00.481] [SEVERE ] key 82 was pressed by player 1
[19:24:00.481] [SEVERE ] player 1 placing token on slot 3
[19:24:00.494] [SEVERE ] updating countdown to 7575
[19:24:00.595] [SEVERE ] updating countdown to 7474
[19:24:00.621] [SEVERE ] key 65 was pressed by player 1
[19:24:00.621] [SEVERE ] player 1 placing token on slot 4
[19:24:00.699] [SEVERE ] updating countdown to 7370
[19:24:00.805] [SEVERE ] updating countdown to 7264
[19:24:00.910] [SEVERE ] updating countdown to 7159
[19:24:00.966] [SEVERE ] key 82 was pressed by player 1
[19:24:00.967] [SEVERE ] removing player 1 token from slot 3
[19:24:01.011] [SEVERE ] updating countdown to 7058
[19:24:01.117] [SEVERE ] updating countdown to 6952
[19:24:01.222] [SEVERE ] updating countdown to 6847
[19:24:01.327] [SEVERE ] updating countdown to 6742
[19:24:01.348] [SEVERE ] key 69 was pressed by player 1
[19:24:01.348] [SEVERE ] player 1 placing token on slot 2
[19:24:01.432] [SEVERE ] updating countdown to 6637
[19:24:01.535] [SEVERE ] updating countdown to 6534
[19:24:01.637] [SEVERE ] updating countdown to 6432
[19:24:01.743] [SEVERE ] updating countdown to 6326
[19:24:01.848] [SEVERE ] updating countdown to 6221
[19:24:01.953] [SEVERE ] updating countdown to 6116
[19:24:02.057] [SEVERE ] updating countdown to 6012
[19:24:02.159] [SEVERE ] updating countdown to 5910
[19:24:02.259] [SEVERE ] updating countdown to 5810
[19:24:02.364] [SEVERE ] updating countdown to 5705
[19:24:02.470] [SEVERE ] updating countdown to 5599
[19:24:02.573] [SEVERE ] updating countdown to 5496
[19:24:02.678] [SEVERE ] updating countdown to 5391
[19:24:02.784] [SEVERE ] updating countdown to 5285
[19:24:02.889] [SEVERE ] updating countdown to 5180
[19:24:02.991] [SEVERE ] updating countdown to 5078
[19:24:03.877] [SEVERE ] key 69 was pressed by player 1
[19:24:03.877] [SEVERE ] removing player 1 token from slot 2
[19:24:03.963] [SEVERE ] key 65 was pressed by player 1
[19:24:03.963] [SEVERE ] removing player 1 token from slot 4
[19:24:04.954] [SEVERE ] key 68 was pressed by player 1
[19:24:04.954] [SEVERE ] player 1 placing token on slot 6
[19:24:05.264] [SEVERE ] key 68 was pressed by player 1
[19:24:05.265] [SEVERE ] removing player 1 token from slot 6
[19:24:05.558] [SEVERE ] key 68 was pressed by player 1
[19:24:05.559] [SEVERE ] player 1 placing token on slot 6
[19:24:05.691] [SEVERE ] key 83 was pressed by player 1
[19:24:05.691] [SEVERE ] player 1 placing token on slot 5
[19:24:06.062] [SEVERE ] key 83 was pressed by player 1
[19:24:06.063] [SEVERE ] removing player 1 token from slot 5
[19:24:06.130] [SEVERE ] key 68 was pressed by player 1
[19:24:06.130] [SEVERE ] removing player 1 token from slot 6
[19:24:06.490] [SEVERE ] key 88 was pressed by player 1
[19:24:06.490] [SEVERE ] player 1 placing token on slot 9
[19:24:06.598] [SEVERE ] key 67 was pressed by player 1
[19:24:06.599] [SEVERE ] player 1 placing token on slot 10
[19:24:06.907] [SEVERE ] key 67 was pressed by player 1
[19:24:06.907] [SEVERE ] removing player 1 token from slot 10
[19:24:07.027] [SEVERE ] key 88 was pressed by player 1
[19:24:07.027] [SEVERE ] removing player 1 token from slot 9
[19:24:07.275] [SEVERE ] key 67 was pressed by player 1
[19:24:07.275] [SEVERE ] player 1 placing token on slot 10
[19:24:07.432] [SEVERE ] key 68 was pressed by player 1
[19:24:07.432] [SEVERE ] player 1 placing token on slot 6
[19:24:07.773] [SEVERE ] key 67 was pressed by player 1
[19:24:07.773] [SEVERE ] removing player 1 token from slot 10
[19:24:07.797] [SEVERE ] key 68 was pressed by player 1
[19:24:07.797] [SEVERE ] removing player 1 token from slot 6
[19:24:08.085] [SEVERE ] updating countdown to 0
[19:24:08.086] [SEVERE ] removing all tokens
[19:24:08.107] [SEVERE ] key 83 was pressed by player 1
[19:24:08.114] [SEVERE ] key 67 was pressed by player 1
[19:24:08.188] [SEVERE ] removing card from slot 0
[19:24:08.294] [SEVERE ] removing card from slot 1
[19:24:08.399] [SEVERE ] removing card from slot 2
[19:24:08.478] [SEVERE ] key 67 was pressed by player 1
[19:24:08.504] [SEVERE ] removing card from slot 3
[19:24:08.592] [SEVERE ] key 90 was pressed by player 1
[19:24:08.606] [SEVERE ] removing card from slot 4
[19:24:08.710] [SEVERE ] removing card from slot 5
[19:24:08.815] [SEVERE ] removing card from slot 6
[19:24:08.920] [SEVERE ] removing card from slot 7
[19:24:09.023] [SEVERE ] removing card from slot 8
[19:24:09.127] [SEVERE ] removing card from slot 9
[19:24:09.232] [SEVERE ] removing card from slot 10
[19:24:09.337] [SEVERE ] removing card from slot 11
[19:24:09.338] [SEVERE ] key 88 was pressed by player 1
[19:24:09.338] [SEVERE ] key 68 was pressed by player 1
[19:24:09.439] [SEVERE ] placing card 0 in slot 0
[19:24:09.476] [SEVERE ] key 83 was pressed by player 1
[19:24:09.544] [SEVERE ] placing card 12 in slot 1
[19:24:09.649] [SEVERE ] placing card 35 in slot 2
[19:24:09.755] [SEVERE ] placing card 18 in slot 3
[19:24:09.784] [SEVERE ] key 67 was pressed by player 1
[19:24:09.860] [SEVERE ] placing card 57 in slot 4
[19:24:09.962] [SEVERE ] placing card 29 in slot 5
[19:24:09.974] [SEVERE ] key 83 was pressed by player 1
[19:24:10.031] [SEVERE ] key 67 was pressed by player 1
[19:24:10.067] [SEVERE ] placing card 24 in slot 6
[19:24:10.171] [SEVERE ] placing card 51 in slot 7
[19:24:10.267] [SEVERE ] key 88 was pressed by player 1
[19:24:10.275] [SEVERE ] placing card 22 in slot 8
[19:24:10.380] [SEVERE ] placing card 53 in slot 9
[19:24:10.486] [SEVERE ] placing card 25 in slot 10
[19:24:10.515] [SEVERE ] key 67 was pressed by player 1
[19:24:10.591] [SEVERE ] placing card 71 in slot 11
[19:24:10.591] [SEVERE ] updating countdown to 10000
[19:24:10.591] [SEVERE ] player 1 placing token on slot 5
[19:24:10.591] [SEVERE ] player 1 placing token on slot 10
[19:24:10.695] [SEVERE ] updating countdown to 10896
[19:24:10.741] [SEVERE ] key 83 was pressed by player 1
[19:24:10.741] [SEVERE ] removing player 1 token from slot 5
[19:24:10.800] [SEVERE ] updating countdown to 10791
[19:24:10.906] [SEVERE ] updating countdown to 10685
[19:24:11.011] [SEVERE ] updating countdown to 10580
[19:24:11.066] [SEVERE ] key 67 was pressed by player 1
[19:24:11.066] [SEVERE ] removing player 1 token from slot 10
[19:24:11.113] [SEVERE ] updating countdown to 10478
[19:24:11.216] [SEVERE ] key 83 was pressed by player 1
[19:24:11.216] [SEVERE ] player 1 placing token on slot 5
[19:24:11.218] [SEVERE ] updating countdown to 10373
[19:24:11.323] [SEVERE ] updating countdown to 10268
[19:24:11.423] [SEVERE ] key 88 was pressed by player 1
[19:24:11.423] [SEVERE ] player 1 placing token on slot 9
[19:24:11.427] [SEVERE ] updating countdown to 10164
[19:24:11.532] [SEVERE ] updating countdown to 10059
[19:24:11.568] [SEVERE ] key 83 was pressed by player 1
[19:24:11.569] [SEVERE ] removing player 1 token from slot 5
[19:24:11.635] [SEVERE ] updating countdown to 9956
[19:24:11.741] [SEVERE ] updating countdown to 9850
[19:24:11.772] [SEVERE ] key 68 was pressed by player 1
[19:24:11.772] [SEVERE ] player 1 placing token on slot 6
[19:24:11.843] [SEVERE ] updating countdown to 9748
[19:24:11.946] [SEVERE ] updating countdown to 9645
[19:24:12.050] [SEVERE ] updating countdown to 9541
[19:24:12.156] [SEVERE ] updating countdown to 9435
[19:24:12.175] [SEVERE ] key 67 was pressed by player 1
[19:24:12.175] [SEVERE ] player 1 placing token on slot 10
[19:24:12.261] [SEVERE ] updating countdown to 9330
[19:24:12.261] [SEVERE ] setting player 1 freeze to 3000
[19:24:12.261] [SEVERE ] updating countdown to 9330
[19:24:12.261] [SEVERE ] setting player 1 freeze to 3000
[19:24:12.340] [SEVERE ] key 68 was pressed by player 1
[19:24:12.366] [SEVERE ] updating countdown to 9225
[19:24:12.472] [SEVERE ] updating countdown to 9119
[19:24:12.577] [SEVERE ] updating countdown to 9014
[19:24:12.679] [SEVERE ] updating countdown to 8912
[19:24:12.783] [SEVERE ] updating countdown to 8808
[19:24:12.793] [SEVERE ] key 90 was pressed by player 1
[19:24:12.888] [SEVERE ] updating countdown to 8703
[19:24:12.990] [SEVERE ] updating countdown to 8601
[19:24:13.092] [SEVERE ] updating countdown to 8499
[19:24:13.198] [SEVERE ] updating countdown to 8393
[19:24:13.261] [SEVERE ] setting player 1 freeze to 2000
[19:24:13.299] [SEVERE ] updating countdown to 8292
[19:24:13.404] [SEVERE ] updating countdown to 8187
[19:24:13.505] [SEVERE ] updating countdown to 8086
[19:24:13.609] [SEVERE ] updating countdown to 7982
[19:24:13.713] [SEVERE ] updating countdown to 7878
[19:24:13.816] [SEVERE ] updating countdown to 7775
[19:24:13.919] [SEVERE ] updating countdown to 7672
[19:24:14.022] [SEVERE ] updating countdown to 7569
[19:24:14.127] [SEVERE ] updating countdown to 7464
[19:24:14.233] [SEVERE ] updating countdown to 7358
[19:24:14.266] [SEVERE ] setting player 1 freeze to 1000
[19:24:14.334] [SEVERE ] updating countdown to 7257
[19:24:14.437] [SEVERE ] updating countdown to 7154
[19:24:14.542] [SEVERE ] updating countdown to 7049
[19:24:14.644] [SEVERE ] updating countdown to 6948
[19:24:14.748] [SEVERE ] updating countdown to 6843
[19:24:14.849] [SEVERE ] updating countdown to 6742
[19:24:14.954] [SEVERE ] updating countdown to 6637
[19:24:15.058] [SEVERE ] updating countdown to 6533
[19:24:15.164] [SEVERE ] updating countdown to 6427
[19:24:15.268] [SEVERE ] setting player 1 freeze to 0
[19:24:15.269] [SEVERE ] updating countdown to 6322
[19:24:15.372] [SEVERE ] updating countdown to 6219
[19:24:15.477] [SEVERE ] updating countdown to 6114
[19:24:15.578] [SEVERE ] updating countdown to 6013
[19:24:15.668] [SEVERE ] key 88 was pressed by player 1
[19:24:15.668] [SEVERE ] removing player 1 token from slot 9
[19:24:15.681] [SEVERE ] updating countdown to 5910
[19:24:15.785] [SEVERE ] updating countdown to 5806
[19:24:15.862] [SEVERE ] key 67 was pressed by player 1
[19:24:15.863] [SEVERE ] removing player 1 token from slot 10
[19:24:15.890] [SEVERE ] updating countdown to 5701
[19:24:15.993] [SEVERE ] updating countdown to 5598
[19:24:16.098] [SEVERE ] updating countdown to 5493
[19:24:16.202] [SEVERE ] updating countdown to 5389
[19:24:16.305] [SEVERE ] updating countdown to 5286
[19:24:16.410] [SEVERE ] updating countdown to 5181
[19:24:16.512] [SEVERE ] updating countdown to 5079
[19:24:16.818] [SEVERE ] key 68 was pressed by player 1
[19:24:16.818] [SEVERE ] removing player 1 token from slot 6
[19:24:20.492] [SEVERE ] key 88 was pressed by player 1
[19:24:20.493] [SEVERE ] player 1 placing token on slot 9
[19:24:20.606] [SEVERE ] key 65 was pressed by player 1
[19:24:20.606] [SEVERE ] player 1 placing token on slot 4
[19:24:20.724] [SEVERE ] key 83 was pressed by player 1
[19:24:20.724] [SEVERE ] player 1 placing token on slot 5
[19:24:20.775] [SEVERE ] setting player 1 freeze to 3000
[19:24:20.775] [SEVERE ] setting player 1 freeze to 3000
[19:24:21.344] [SEVERE ] key 88 was pressed by player 1
[19:24:21.352] [SEVERE ] key 83 was pressed by player 1
[19:24:21.452] [SEVERE ] key 65 was pressed by player 1
[19:24:21.601] [SEVERE ] updating countdown to 0
[19:24:21.601] [SEVERE ] removing all tokens
[19:24:21.702] [SEVERE ] removing card from slot 0
[19:24:21.778] [SEVERE ] setting player 1 freeze to 2000
[19:24:21.804] [SEVERE ] removing card from slot 1
[19:24:21.906] [SEVERE ] removing card from slot 2
[19:24:22.011] [SEVERE ] removing card from slot 3
[19:24:22.116] [SEVERE ] removing card from slot 4
[19:24:22.221] [SEVERE ] removing card from slot 5
[19:24:22.326] [SEVERE ] removing card from slot 6
[19:24:22.429] [SEVERE ] removing card from slot 7
[19:24:22.534] [SEVERE ] removing card from slot 8
[19:24:22.637] [SEVERE ] removing card from slot 9
[19:24:22.742] [SEVERE ] removing card from slot 10
[19:24:22.780] [SEVERE ] setting player 1 freeze to 1000
[19:24:22.843] [SEVERE ] removing card from slot 11
[19:24:22.949] [SEVERE ] placing card 20 in slot 0
[19:24:23.051] [SEVERE ] placing card 57 in slot 1
[19:24:23.157] [SEVERE ] placing card 59 in slot 2
[19:24:23.260] [SEVERE ] placing card 8 in slot 3
[19:24:23.365] [SEVERE ] placing card 30 in slot 4
[19:24:23.467] [SEVERE ] placing card 44 in slot 5
[19:24:23.570] [SEVERE ] placing card 39 in slot 6
[19:24:23.674] [SEVERE ] placing card 6 in slot 7
[19:24:23.778] [SEVERE ] placing card 51 in slot 8
[19:24:23.785] [SEVERE ] setting player 1 freeze to 0
[19:24:23.883] [SEVERE ] placing card 71 in slot 9
[19:24:23.989] [SEVERE ] placing card 14 in slot 10
[19:24:24.090] [SEVERE ] placing card 5 in slot 11
[19:24:24.091] [SEVERE ] updating countdown to 10000
[19:24:24.193] [SEVERE ] updating countdown to 10898
[19:24:24.298] [SEVERE ] updating countdown to 10793
[19:24:24.402] [SEVERE ] updating countdown to 10689
[19:24:24.507] [SEVERE ] updating countdown to 10584
[19:24:24.610] [SEVERE ] updating countdown to 10481
[19:24:24.716] [SEVERE ] updating countdown to 10375
[19:24:24.821] [SEVERE ] updating countdown to 10270
[19:24:24.924] [SEVERE ] updating countdown to 10167
[19:24:25.028] [SEVERE ] updating countdown to 10063
[19:24:25.133] [SEVERE ] updating countdown to 9958
[19:24:25.235] [SEVERE ] updating countdown to 9856
[19:24:25.339] [SEVERE ] updating countdown to 9752
[19:24:25.444] [SEVERE ] updating countdown to 9647
[19:24:25.550] [SEVERE ] updating countdown to 9541
[19:24:25.651] [SEVERE ] updating countdown to 9440
[19:24:25.757] [SEVERE ] updating countdown to 9334
[19:24:25.862] [SEVERE ] updating countdown to 9229
[19:24:25.967] [SEVERE ] updating countdown to 9124
[19:24:26.069] [SEVERE ] updating countdown to 9022
[19:24:26.169] [SEVERE ] updating countdown to 8922
[19:24:26.270] [SEVERE ] updating countdown to 8821
[19:24:26.374] [SEVERE ] updating countdown to 8717
[19:24:26.478] [SEVERE ] updating countdown to 8613
[19:24:26.580] [SEVERE ] updating countdown to 8511
[19:24:26.682] [SEVERE ] updating countdown to 8409
[19:24:26.788] [SEVERE ] updating countdown to 8303
[19:24:26.893] [SEVERE ] updating countdown to 8198
[19:24:26.998] [SEVERE ] updating countdown to 8093
[19:24:27.102] [SEVERE ] updating countdown to 7989
[19:24:27.207] [SEVERE ] updating countdown to 7884
[19:24:27.310] [SEVERE ] updating countdown to 7781
[19:24:27.411] [SEVERE ] updating countdown to 7680
[19:24:27.513] [SEVERE ] updating countdown to 7578
[19:24:27.618] [SEVERE ] updating countdown to 7473
[19:24:27.723] [SEVERE ] updating countdown to 7368
[19:24:27.828] [SEVERE ] updating countdown to 7263
[19:24:27.933] [SEVERE ] updating countdown to 7158
[19:24:28.039] [SEVERE ] updating countdown to 7052
[19:24:28.144] [SEVERE ] updating countdown to 6947
[19:24:28.249] [SEVERE ] updating countdown to 6842
[19:24:28.354] [SEVERE ] updating countdown to 6737
[19:24:28.460] [SEVERE ] updating countdown to 6631
[19:24:28.565] [SEVERE ] updating countdown to 6526
[19:24:28.668] [SEVERE ] updating countdown to 6423
[19:24:28.773] [SEVERE ] updating countdown to 6318
[19:24:28.876] [SEVERE ] updating countdown to 6215
[19:24:28.981] [SEVERE ] updating countdown to 6110
[19:24:29.085] [SEVERE ] updating countdown to 6006
[19:24:29.190] [SEVERE ] updating countdown to 5901
[19:24:29.296] [SEVERE ] updating countdown to 5795
[19:24:29.397] [SEVERE ] updating countdown to 5694
[19:24:29.503] [SEVERE ] updating countdown to 5588
[19:24:29.606] [SEVERE ] updating countdown to 5485
[19:24:29.711] [SEVERE ] updating countdown to 5380
[19:24:29.813] [SEVERE ] updating countdown to 5278
[19:24:29.918] [SEVERE ] updating countdown to 5173
[19:24:30.020] [SEVERE ] updating countdown to 5071
[19:24:35.126] [SEVERE ] updating countdown to 0
[19:24:35.127] [SEVERE ] removing all tokens
[19:24:35.232] [SEVERE ] removing card from slot 0
[19:24:35.337] [SEVERE ] removing card from slot 1
[19:24:35.441] [SEVERE ] removing card from slot 2
[19:24:35.545] [SEVERE ] removing card from slot 3
[19:24:35.608] [SEVERE ] key 67 was pressed by player 1
[19:24:35.649] [SEVERE ] removing card from slot 4
[19:24:35.674] [SEVERE ] key 90 was pressed by player 1
[19:24:35.714] [SEVERE ] key 88 was pressed by player 1
[19:24:35.751] [SEVERE ] removing card from slot 5
[19:24:35.857] [SEVERE ] removing card from slot 6
[19:24:35.960] [SEVERE ] removing card from slot 7
[19:24:36.060] [SEVERE ] removing card from slot 8
[19:24:36.166] [SEVERE ] removing card from slot 9
[19:24:36.268] [SEVERE ] removing card from slot 10
[19:24:36.372] [SEVERE ] removing card from slot 11
[19:24:36.477] [SEVERE ] placing card 28 in slot 0
[19:24:36.581] [SEVERE ] placing card 57 in slot 1
[19:24:36.686] [SEVERE ] placing card 58 in slot 2
[19:24:36.790] [SEVERE ] placing card 48 in slot 3
[19:24:36.890] [SEVERE ] placing card 46 in slot 4
[19:24:36.996] [SEVERE ] placing card 69 in slot 5
[19:24:37.101] [SEVERE ] placing card 38 in slot 6
[19:24:37.202] [SEVERE ] placing card 73 in slot 7
[19:24:37.306] [SEVERE ] placing card 78 in slot 8
[19:24:37.412] [SEVERE ] placing card 26 in slot 9
[19:24:37.512] [SEVERE ] placing card 41 in slot 10
[19:24:37.618] [SEVERE ] placing card 19 in slot 11
[19:24:37.618] [SEVERE ] updating countdown to 10000
[19:24:37.723] [SEVERE ] updating countdown to 10895
[19:24:37.827] [SEVERE ] updating countdown to 10791
[19:24:37.932] [SEVERE ] updating countdown to 10686
[19:24:38.033] [SEVERE ] updating countdown to 10585
[19:24:38.137] [SEVERE ] updating countdown to 10481
[19:24:38.242] [SEVERE ] updating countdown to 10376
[19:24:38.347] [SEVERE ] updating countdown to 10271
[19:24:38.452] [SEVERE ] updating countdown to 10166
[19:24:38.554] [SEVERE ] updating countdown to 10064
[19:24:38.655] [SEVERE ] updating countdown to 9963
[19:24:38.756] [SEVERE ] updating countdown to 9862
[19:24:38.861] [SEVERE ] updating countdown to 9757
[19:24:38.967] [SEVERE ] updating countdown to 9651
[19:24:39.072] [SEVERE ] updating countdown to 9546
[19:24:39.176] [SEVERE ] updating countdown to 9442
[19:24:39.279] [SEVERE ] updating countdown to 9339
[19:24:39.385] [SEVERE ] updating countdown to 9233
[19:24:39.486] [SEVERE ] updating countdown to 9132
[19:24:39.589] [SEVERE ] updating countdown to 9029
[19:24:39.693] [SEVERE ] updating countdown to 8925
[19:24:39.795] [SEVERE ] updating countdown to 8823
[19:24:39.896] [SEVERE ] updating countdown to 8722
[19:24:39.999] [SEVERE ] updating countdown to 8619
[19:24:40.030] [SEVERE ] key 90 was pressed by player 1
[19:24:40.030] [SEVERE ] player 1 placing token on slot 8
[19:24:40.105] [SEVERE ] updating countdown to 8513
[19:24:40.210] [SEVERE ] updating countdown to 8408
[19:24:40.315] [SEVERE ] updating countdown to 8303
[19:24:40.417] [SEVERE ] updating countdown to 8201
[19:24:40.519] [SEVERE ] key 68 was pressed by player 1
[19:24:40.520] [SEVERE ] player 1 placing token on slot 6
[19:24:40.522] [SEVERE ] updating countdown to 8096
[19:24:40.627] [SEVERE ] updating countdown to 7991
[19:24:40.732] [SEVERE ] updating countdown to 7886
[19:24:40.836] [SEVERE ] updating countdown to 7782
[19:24:40.874] [SEVERE ] key 68 was pressed by player 1
[19:24:40.874] [SEVERE ] removing player 1 token from slot 6
[19:24:40.941] [SEVERE ] updating countdown to 7677
[19:24:41.047] [SEVERE ] updating countdown to 7571
[19:24:41.151] [SEVERE ] updating countdown to 7467
[19:24:41.190] [SEVERE ] key 90 was pressed by player 1
[19:24:41.190] [SEVERE ] removing player 1 token from slot 8
[19:24:41.252] [SEVERE ] updating countdown to 7366
[19:24:41.355] [SEVERE ] updating countdown to 7263
[19:24:41.460] [SEVERE ] updating countdown to 7158
[19:24:41.567] [SEVERE ] updating countdown to 7051
[19:24:41.673] [SEVERE ] updating countdown to 6945
[19:24:41.778] [SEVERE ] updating countdown to 6840
[19:24:41.883] [SEVERE ] updating countdown to 6735
[19:24:41.984] [SEVERE ] updating countdown to 6634
[19:24:42.062] [SEVERE ] key 68 was pressed by player 1
[19:24:42.062] [SEVERE ] player 1 placing token on slot 6
[19:24:42.088] [SEVERE ] updating countdown to 6530
[19:24:42.193] [SEVERE ] updating countdown to 6425
[19:24:42.298] [SEVERE ] updating countdown to 6320
[19:24:42.401] [SEVERE ] updating countdown to 6217
[19:24:42.503] [SEVERE ] updating countdown to 6115
[19:24:42.603] [SEVERE ] updating countdown to 6015
[19:24:42.690] [SEVERE ] key 86 was pressed by player 1
[19:24:42.690] [SEVERE ] player 1 placing token on slot 11
[19:24:42.704] [SEVERE ] updating countdown to 5914
[19:24:42.809] [SEVERE ] updating countdown to 5809
[19:24:42.911] [SEVERE ] updating countdown to 5707
[19:24:43.014] [SEVERE ] updating countdown to 5604
[19:24:43.119] [SEVERE ] updating countdown to 5499
[19:24:43.224] [SEVERE ] updating countdown to 5394
[19:24:43.329] [SEVERE ] updating countdown to 5289
[19:24:43.434] [SEVERE ] updating countdown to 5184
[19:24:43.540] [SEVERE ] updating countdown to 5079
[19:24:45.007] [SEVERE ] key 86 was pressed by player 1
[19:24:45.007] [SEVERE ] removing player 1 token from slot 11
[19:24:45.290] [SEVERE ] key 68 was pressed by player 1
[19:24:45.290] [SEVERE ] removing player 1 token from slot 6
[19:24:46.212] [SEVERE ] key 67 was pressed by player 1
[19:24:46.212] [SEVERE ] player 1 placing token on slot 10
[19:24:47.155] [SEVERE ] key 82 was pressed by player 1
[19:24:47.156] [SEVERE ] player 1 placing token on slot 3
[19:24:48.094] [SEVERE ] key 69 was pressed by player 1
[19:24:48.094] [SEVERE ] player 1 placing token on slot 2
[19:24:48.123] [SEVERE ] setting player 1 freeze to 3000
[19:24:48.123] [SEVERE ] setting player 1 freeze to 3000
[19:24:48.641] [SEVERE ] updating countdown to 0
[19:24:48.642] [SEVERE ] removing all tokens
[19:24:48.746] [SEVERE ] removing card from slot 0
[19:24:48.848] [SEVERE ] removing card from slot 1
[19:24:48.952] [SEVERE ] removing card from slot 2
[19:24:49.057] [SEVERE ] removing card from slot 3
[19:24:49.126] [SEVERE ] setting player 1 freeze to 2000
[19:24:49.160] [SEVERE ] removing card from slot 4
[19:24:49.261] [SEVERE ] removing card from slot 5
[19:24:49.366] [SEVERE ] removing card from slot 6
[19:24:49.470] [SEVERE ] removing card from slot 7
[19:24:49.571] [SEVERE ] removing card from slot 8
[19:24:49.676] [SEVERE ] removing card from slot 9
[19:24:49.691] [SEVERE ] exit button pressed
[19:24:49.692] [INFO   ] thread player0 interrupted
[19:24:49.692] [INFO   ] thread player0 terminated.
[19:24:49.777] [SEVERE ] removing card from slot 10
[19:24:49.882] [SEVERE ] removing card from slot 11
[19:24:49.884] [SEVERE ] announcing winner(s): player 1
[19:24:49.885] [INFO   ] thread dealer terminated.
[19:24:49.886] [INFO   ] thread dealer terminated.
[19:24:49.886] [SEVERE ] thanks for playing... it was fun!
[19:24:49.886] [INFO   ] thread main terminated.
