[19:10:10.226] [INFO   ] thread main starting.
[19:10:10.232] [SEVERE ] cannot read configuration file config.properties trying from resources.
[19:10:10.234] [SEVERE ] configuration file was loaded from resources directory.
[19:10:11.184] [INFO   ] thread dealer starting.
[19:10:11.185] [INFO   ] thread dealer starting.
[19:10:11.185] [INFO   ] thread player0 starting.
[19:10:11.288] [SEVERE ] placing card 49 in slot 0
[19:10:11.393] [SEVERE ] placing card 40 in slot 1
[19:10:11.498] [SEVERE ] placing card 50 in slot 2
[19:10:11.599] [SEVERE ] placing card 2 in slot 3
[19:10:11.702] [SEVERE ] placing card 15 in slot 4
[19:10:11.806] [SEVERE ] placing card 37 in slot 5
[19:10:11.911] [SEVERE ] placing card 52 in slot 6
[19:10:12.017] [SEVERE ] placing card 11 in slot 7
[19:10:12.122] [SEVERE ] placing card 62 in slot 8
[19:10:12.228] [SEVERE ] placing card 74 in slot 9
[19:10:12.331] [SEVERE ] placing card 68 in slot 10
[19:10:12.436] [SEVERE ] placing card 13 in slot 11
[19:10:18.231] [SEVERE ] key 90 was pressed by player 1
[19:10:18.231] [SEVERE ] player 1 placing token on slot 8
[19:10:18.741] [SEVERE ] key 88 was pressed by player 1
[19:10:18.741] [SEVERE ] player 1 placing token on slot 9
[19:10:19.459] [SEVERE ] key 67 was pressed by player 1
[19:10:19.459] [SEVERE ] player 1 placing token on slot 10
[19:10:19.462] [SEVERE ] removing player 1 token from slot 8
[19:10:19.568] [SEVERE ] removing card from slot 8
[19:10:19.568] [SEVERE ] removing player 1 token from slot 9
[19:10:19.673] [SEVERE ] removing card from slot 9
[19:10:19.674] [SEVERE ] removing player 1 token from slot 10
[19:10:19.777] [SEVERE ] removing card from slot 10
[19:10:19.777] [SEVERE ] setting player 1 score to 1
[19:10:19.778] [SEVERE ] setting player 1 freeze to 1000
[19:10:19.779] [SEVERE ] setting player 1 freeze to 1000
[19:10:19.884] [SEVERE ] placing card 58 in slot 8
[19:10:19.990] [SEVERE ] placing card 69 in slot 9
[19:10:20.095] [SEVERE ] placing card 60 in slot 10
[19:10:20.785] [SEVERE ] setting player 1 freeze to 0
[19:10:25.768] [SEVERE ] key 67 was pressed by player 1
[19:10:25.769] [SEVERE ] player 1 placing token on slot 10
[19:10:25.830] [SEVERE ] key 88 was pressed by player 1
[19:10:25.831] [SEVERE ] player 1 placing token on slot 9
[19:10:26.176] [SEVERE ] key 83 was pressed by player 1
[19:10:26.176] [SEVERE ] player 1 placing token on slot 5
[19:10:26.185] [SEVERE ] setting player 1 freeze to 3000
[19:10:26.185] [SEVERE ] setting player 1 freeze to 3000
[19:10:27.189] [SEVERE ] setting player 1 freeze to 2000
[19:10:28.194] [SEVERE ] setting player 1 freeze to 1000
[19:10:29.199] [SEVERE ] setting player 1 freeze to 0
[19:10:36.754] [SEVERE ] key 83 was pressed by player 1
[19:10:36.755] [SEVERE ] removing player 1 token from slot 5
[19:10:37.100] [SEVERE ] key 88 was pressed by player 1
[19:10:37.100] [SEVERE ] removing player 1 token from slot 9
[19:10:37.656] [SEVERE ] key 67 was pressed by player 1
[19:10:37.657] [SEVERE ] removing player 1 token from slot 10
[19:10:38.131] [SEVERE ] key 67 was pressed by player 1
[19:10:38.131] [SEVERE ] player 1 placing token on slot 10
[19:10:38.455] [SEVERE ] key 67 was pressed by player 1
[19:10:38.455] [SEVERE ] removing player 1 token from slot 10
[19:10:43.294] [SEVERE ] key 67 was pressed by player 1
[19:10:43.294] [SEVERE ] player 1 placing token on slot 10
[19:10:44.049] [SEVERE ] key 67 was pressed by player 1
[19:10:44.050] [SEVERE ] removing player 1 token from slot 10
[19:10:44.915] [SEVERE ] key 67 was pressed by player 1
[19:10:44.915] [SEVERE ] player 1 placing token on slot 10
[19:10:45.248] [SEVERE ] key 68 was pressed by player 1
[19:10:45.248] [SEVERE ] player 1 placing token on slot 6
[19:10:45.615] [SEVERE ] key 70 was pressed by player 1
[19:10:45.616] [SEVERE ] player 1 placing token on slot 7
[19:10:45.617] [SEVERE ] setting player 1 freeze to 3000
[19:10:45.617] [SEVERE ] setting player 1 freeze to 3000
[19:10:46.600] [SEVERE ] key 70 was pressed by player 1
[19:10:46.619] [SEVERE ] setting player 1 freeze to 2000
[19:10:47.158] [SEVERE ] key 68 was pressed by player 1
[19:10:47.586] [SEVERE ] key 88 was pressed by player 1
[19:10:47.601] [SEVERE ] key 67 was pressed by player 1
[19:10:47.625] [SEVERE ] setting player 1 freeze to 1000
[19:10:47.950] [SEVERE ] key 67 was pressed by player 1
[19:10:48.405] [SEVERE ] key 67 was pressed by player 1
[19:10:48.630] [SEVERE ] setting player 1 freeze to 0
[19:10:48.710] [SEVERE ] key 67 was pressed by player 1
[19:10:48.711] [SEVERE ] removing player 1 token from slot 10
[19:10:49.223] [SEVERE ] key 67 was pressed by player 1
[19:10:49.223] [SEVERE ] player 1 placing token on slot 10
[19:10:49.226] [SEVERE ] setting player 1 freeze to 3000
[19:10:49.226] [SEVERE ] setting player 1 freeze to 3000
[19:10:49.658] [SEVERE ] key 67 was pressed by player 1
[19:10:49.910] [SEVERE ] key 68 was pressed by player 1
[19:10:50.231] [SEVERE ] setting player 1 freeze to 2000
[19:10:50.860] [SEVERE ] key 67 was pressed by player 1
[19:10:51.233] [SEVERE ] setting player 1 freeze to 1000
[19:10:52.236] [SEVERE ] setting player 1 freeze to 0
[19:10:52.340] [SEVERE ] key 67 was pressed by player 1
[19:10:52.340] [SEVERE ] removing player 1 token from slot 10
[19:10:52.714] [SEVERE ] key 68 was pressed by player 1
[19:10:52.714] [SEVERE ] removing player 1 token from slot 6
[19:10:53.234] [SEVERE ] key 70 was pressed by player 1
[19:10:53.234] [SEVERE ] removing player 1 token from slot 7
[19:10:54.063] [SEVERE ] key 82 was pressed by player 1
[19:10:54.063] [SEVERE ] player 1 placing token on slot 3
[19:10:55.016] [SEVERE ] key 82 was pressed by player 1
[19:10:55.016] [SEVERE ] removing player 1 token from slot 3
[19:10:55.624] [SEVERE ] key 82 was pressed by player 1
[19:10:55.624] [SEVERE ] player 1 placing token on slot 3
[19:10:55.854] [SEVERE ] key 69 was pressed by player 1
[19:10:55.854] [SEVERE ] player 1 placing token on slot 2
[19:10:56.072] [SEVERE ] key 87 was pressed by player 1
[19:10:56.072] [SEVERE ] player 1 placing token on slot 1
[19:10:56.081] [SEVERE ] setting player 1 freeze to 3000
[19:10:56.081] [SEVERE ] setting player 1 freeze to 3000
[19:10:57.082] [SEVERE ] setting player 1 freeze to 2000
[19:10:58.088] [SEVERE ] setting player 1 freeze to 1000
[19:10:58.363] [SEVERE ] key 87 was pressed by player 1
[19:10:59.093] [SEVERE ] setting player 1 freeze to 0
[19:10:59.824] [SEVERE ] key 87 was pressed by player 1
[19:10:59.824] [SEVERE ] removing player 1 token from slot 1
[19:11:00.118] [SEVERE ] key 69 was pressed by player 1
[19:11:00.118] [SEVERE ] removing player 1 token from slot 2
[19:11:00.410] [SEVERE ] key 82 was pressed by player 1
[19:11:00.410] [SEVERE ] removing player 1 token from slot 3
[19:11:02.312] [SEVERE ] key 81 was pressed by player 1
[19:11:02.312] [SEVERE ] player 1 placing token on slot 0
[19:11:02.616] [SEVERE ] key 87 was pressed by player 1
[19:11:02.616] [SEVERE ] player 1 placing token on slot 1
[19:11:03.701] [SEVERE ] key 81 was pressed by player 1
[19:11:03.701] [SEVERE ] removing player 1 token from slot 0
[19:11:04.095] [SEVERE ] key 87 was pressed by player 1
[19:11:04.095] [SEVERE ] removing player 1 token from slot 1
[19:11:13.440] [SEVERE ] removing all tokens
[19:11:13.545] [SEVERE ] removing card from slot 0
[19:11:13.649] [SEVERE ] removing card from slot 1
[19:11:13.751] [SEVERE ] removing card from slot 2
[19:11:13.856] [SEVERE ] removing card from slot 3
[19:11:13.961] [SEVERE ] removing card from slot 4
[19:11:14.067] [SEVERE ] removing card from slot 5
[19:11:14.172] [SEVERE ] removing card from slot 6
[19:11:14.276] [SEVERE ] removing card from slot 7
[19:11:14.380] [SEVERE ] removing card from slot 8
[19:11:14.481] [SEVERE ] removing card from slot 9
[19:11:14.585] [SEVERE ] removing card from slot 10
[19:11:14.690] [SEVERE ] removing card from slot 11
[19:11:14.797] [SEVERE ] placing card 37 in slot 0
[19:11:14.902] [SEVERE ] placing card 55 in slot 1
[19:11:15.004] [SEVERE ] placing card 15 in slot 2
[19:11:15.109] [SEVERE ] placing card 12 in slot 3
[19:11:15.214] [SEVERE ] placing card 0 in slot 4
[19:11:15.319] [SEVERE ] placing card 63 in slot 5
[19:11:15.423] [SEVERE ] placing card 7 in slot 6
[19:11:15.527] [SEVERE ] placing card 11 in slot 7
[19:11:15.628] [SEVERE ] placing card 9 in slot 8
[19:11:15.733] [SEVERE ] placing card 57 in slot 9
[19:11:15.835] [SEVERE ] placing card 2 in slot 10
[19:11:15.941] [SEVERE ] placing card 61 in slot 11
[19:11:19.224] [SEVERE ] exit button pressed
[19:11:19.224] [INFO   ] thread player0 terminated.
[19:11:19.236] [SEVERE ] removing all tokens
[19:11:19.341] [SEVERE ] removing card from slot 0
[19:11:19.442] [SEVERE ] removing card from slot 1
[19:11:19.545] [SEVERE ] removing card from slot 2
[19:11:19.648] [SEVERE ] removing card from slot 3
[19:11:19.752] [SEVERE ] removing card from slot 4
[19:11:19.856] [SEVERE ] removing card from slot 5
[19:11:19.961] [SEVERE ] removing card from slot 6
[19:11:20.061] [SEVERE ] removing card from slot 7
[19:11:20.166] [SEVERE ] removing card from slot 8
[19:11:20.272] [SEVERE ] removing card from slot 9
[19:11:20.373] [SEVERE ] removing card from slot 10
[19:11:20.474] [SEVERE ] removing card from slot 11
[19:11:20.475] [SEVERE ] announcing winner(s): player 1
[19:11:20.476] [INFO   ] thread dealer terminated.
[19:11:20.476] [INFO   ] thread dealer terminated.
[19:11:20.477] [SEVERE ] thanks for playing... it was fun!
[19:11:20.477] [INFO   ] thread main terminated.
