[18:39:22.486] [INFO   ] thread main starting.
[18:39:22.492] [SEVERE ] cannot read configuration file config.properties trying from resources.
[18:39:22.494] [SEVERE ] configuration file was loaded from resources directory.
[18:39:23.442] [INFO   ] thread dealer starting.
[18:39:23.442] [INFO   ] thread dealer starting.
[18:39:23.442] [INFO   ] thread player0 starting.
[18:39:23.443] [INFO   ] thread computer-0 starting.
[18:39:23.443] [INFO   ] thread player1 starting.
[18:39:23.443] [INFO   ] thread computer-1 starting.
[18:39:23.443] [INFO   ] thread player2 starting.
[18:39:23.444] [INFO   ] thread computer-2 starting.
[18:39:23.444] [INFO   ] thread player3 starting.
[18:39:23.444] [INFO   ] thread computer-3 starting.
[18:39:23.445] [INFO   ] thread player4 starting.
[18:39:23.446] [INFO   ] thread computer-4 starting.
[18:39:23.446] [INFO   ] thread player5 starting.
[18:39:23.446] [INFO   ] thread computer-5 starting.
[18:39:23.563] [SEVERE ] placing card 62 in slot 0
[18:39:23.664] [SEVERE ] placing card 36 in slot 1
[18:39:23.769] [SEVERE ] placing card 23 in slot 2
[18:39:23.872] [SEVERE ] placing card 16 in slot 3
[18:39:23.977] [SEVERE ] placing card 1 in slot 4
[18:39:24.083] [SEVERE ] placing card 65 in slot 5
[18:39:24.188] [SEVERE ] placing card 33 in slot 6
[18:39:24.294] [SEVERE ] placing card 38 in slot 7
[18:39:24.397] [SEVERE ] placing card 22 in slot 8
[18:39:24.502] [SEVERE ] placing card 6 in slot 9
[18:39:24.607] [SEVERE ] placing card 46 in slot 10
[18:39:24.712] [SEVERE ] placing card 44 in slot 11
[18:39:24.725] [SEVERE ] player 1 placing token on slot 0
[18:39:24.725] [SEVERE ] player 6 placing token on slot 0
[18:39:24.725] [SEVERE ] player 3 placing token on slot 1
[18:39:24.725] [SEVERE ] player 5 placing token on slot 0
[18:39:24.726] [SEVERE ] player 4 placing token on slot 0
[18:39:24.736] [SEVERE ] player 2 placing token on slot 1
[18:39:24.749] [SEVERE ] player 4 placing token on slot 9
[18:39:24.749] [SEVERE ] player 5 placing token on slot 6
[18:39:24.750] [SEVERE ] player 6 placing token on slot 7
[18:39:24.750] [SEVERE ] player 1 placing token on slot 7
[18:39:24.751] [SEVERE ] player 3 placing token on slot 11
[18:39:24.761] [SEVERE ] player 2 placing token on slot 11
[18:39:24.770] [SEVERE ] player 4 placing token on slot 6
[18:39:24.771] [SEVERE ] player 6 placing token on slot 4
[18:39:24.771] [SEVERE ] removing player 3 token from slot 11
[18:39:24.772] [SEVERE ] player 1 placing token on slot 3
[18:39:24.774] [SEVERE ] setting player 4 freeze to 0
[18:39:24.774] [SEVERE ] setting player 6 freeze to 0
[18:39:24.774] [SEVERE ] setting player 4 freeze to 0
[18:39:24.774] [SEVERE ] removing player 5 token from slot 6
[18:39:24.774] [SEVERE ] setting player 6 freeze to 0
[18:39:24.781] [SEVERE ] player 2 placing token on slot 8
[18:39:24.784] [SEVERE ] setting player 2 freeze to 0
[18:39:24.784] [SEVERE ] setting player 2 freeze to 0
[18:39:24.784] [SEVERE ] setting player 1 freeze to 0
[18:39:24.784] [SEVERE ] setting player 1 freeze to 0
[18:39:24.792] [SEVERE ] player 3 placing token on slot 5
[18:39:24.795] [SEVERE ] player 5 placing token on slot 6
[18:39:24.817] [SEVERE ] player 3 placing token on slot 2
[18:39:24.820] [SEVERE ] player 5 placing token on slot 11
[18:39:24.820] [SEVERE ] setting player 3 freeze to 0
[18:39:24.820] [SEVERE ] setting player 5 freeze to 0
[18:39:24.820] [SEVERE ] setting player 3 freeze to 0
[18:39:24.820] [SEVERE ] setting player 5 freeze to 0
[18:39:31.338] [SEVERE ] exit button pressed
[18:39:31.339] [INFO   ] thread computer-0 terminated.
[18:39:31.339] [INFO   ] thread computer-1 terminated.
[18:39:31.339] [SEVERE ] removing all tokens
[18:39:31.339] [INFO   ] thread computer-2 terminated.
[18:39:31.339] [INFO   ] thread computer-3 terminated.
[18:39:31.339] [INFO   ] thread computer-4 terminated.
[18:39:31.339] [INFO   ] thread computer-5 terminated.
[18:39:31.339] [INFO   ] thread player0 terminated.
[18:39:31.339] [INFO   ] thread player1 terminated.
[18:39:31.339] [INFO   ] thread player2 terminated.
[18:39:31.340] [INFO   ] thread player3 terminated.
[18:39:31.340] [INFO   ] thread player4 terminated.
[18:39:31.340] [INFO   ] thread player5 terminated.
[18:39:31.445] [SEVERE ] removing card from slot 0
[18:39:31.548] [SEVERE ] removing card from slot 1
[18:39:31.653] [SEVERE ] removing card from slot 2
[18:39:31.758] [SEVERE ] removing card from slot 3
[18:39:31.863] [SEVERE ] removing card from slot 4
[18:39:31.969] [SEVERE ] removing card from slot 5
[18:39:32.074] [SEVERE ] removing card from slot 6
[18:39:32.179] [SEVERE ] removing card from slot 7
[18:39:32.281] [SEVERE ] removing card from slot 8
[18:39:32.387] [SEVERE ] removing card from slot 9
[18:39:32.493] [SEVERE ] removing card from slot 10
[18:39:32.599] [SEVERE ] removing card from slot 11
[18:39:32.600] [SEVERE ] announcing winner(s): player 6, player 5, player 4, player 3, player 2, player 1
[18:39:32.601] [INFO   ] thread dealer terminated.
[18:39:32.601] [INFO   ] thread dealer terminated.
[18:39:32.601] [SEVERE ] thanks for playing... it was fun!
[18:39:32.601] [INFO   ] thread main terminated.
