[19:41:38.735] [INFO   ] thread main starting.
[19:41:38.741] [SEVERE ] cannot read configuration file config.properties trying from resources.
[19:41:38.743] [SEVERE ] configuration file was loaded from resources directory.
[19:41:39.926] [INFO   ] thread dealer starting.
[19:41:39.927] [INFO   ] thread dealer starting.
[19:41:39.927] [INFO   ] thread player0 starting.
[19:41:39.928] [INFO   ] thread computer-0 starting.
[19:41:39.928] [INFO   ] thread player1 starting.
[19:41:39.928] [INFO   ] thread computer-1 starting.
[19:41:39.928] [INFO   ] thread player2 starting.
[19:41:39.929] [INFO   ] thread computer-2 starting.
[19:41:39.929] [INFO   ] thread player3 starting.
[19:41:39.930] [INFO   ] thread computer-3 starting.
[19:41:39.933] [INFO   ] thread player4 starting.
[19:41:39.937] [INFO   ] thread computer-4 starting.
[19:41:39.946] [INFO   ] thread player5 starting.
[19:41:39.947] [INFO   ] thread computer-5 starting.
[19:41:39.954] [INFO   ] thread player6 starting.
[19:41:39.971] [INFO   ] thread computer-6 starting.
[19:41:39.978] [INFO   ] thread player7 starting.
[19:41:39.981] [INFO   ] thread computer-7 starting.
[19:41:40.092] [SEVERE ] placing card 76 in slot 0
[19:41:40.197] [SEVERE ] placing card 75 in slot 1
[19:41:40.299] [SEVERE ] placing card 5 in slot 2
[19:41:40.402] [SEVERE ] placing card 23 in slot 3
[19:41:40.508] [SEVERE ] placing card 57 in slot 4
[19:41:40.614] [SEVERE ] placing card 73 in slot 5
[19:41:40.731] [SEVERE ] placing card 42 in slot 6
[19:41:40.836] [SEVERE ] placing card 44 in slot 7
[19:41:40.937] [SEVERE ] placing card 11 in slot 8
[19:41:41.040] [SEVERE ] placing card 7 in slot 9
[19:41:41.148] [SEVERE ] placing card 6 in slot 10
[19:41:41.251] [SEVERE ] placing card 63 in slot 11
[19:41:41.252] [SEVERE ] updating countdown to 10000
[19:41:41.356] [SEVERE ] updating countdown to 10897
[19:41:41.461] [SEVERE ] updating countdown to 10792
[19:41:41.573] [SEVERE ] updating countdown to 10680
[19:41:41.684] [SEVERE ] updating countdown to 10569
[19:41:41.788] [SEVERE ] updating countdown to 10465
[19:41:41.894] [SEVERE ] updating countdown to 10359
[19:41:42.002] [SEVERE ] updating countdown to 10251
[19:41:42.103] [SEVERE ] updating countdown to 10150
[19:41:42.207] [SEVERE ] updating countdown to 10046
[19:41:42.313] [SEVERE ] updating countdown to 9940
[19:41:42.414] [SEVERE ] updating countdown to 9839
[19:41:42.521] [SEVERE ] updating countdown to 9732
[19:41:42.623] [SEVERE ] updating countdown to 9631
[19:41:42.728] [SEVERE ] updating countdown to 9525
[19:41:42.838] [SEVERE ] updating countdown to 9415
[19:41:42.944] [SEVERE ] updating countdown to 9309
[19:41:43.045] [SEVERE ] updating countdown to 9208
[19:41:43.148] [SEVERE ] updating countdown to 9105
[19:41:43.255] [SEVERE ] updating countdown to 8998
[19:41:43.360] [SEVERE ] updating countdown to 8893
[19:41:43.465] [SEVERE ] updating countdown to 8788
[19:41:43.567] [SEVERE ] updating countdown to 8686
[19:41:43.673] [SEVERE ] updating countdown to 8580
[19:41:43.786] [SEVERE ] updating countdown to 8467
[19:41:43.895] [SEVERE ] updating countdown to 8358
[19:41:44.001] [SEVERE ] updating countdown to 8252
[19:41:44.105] [SEVERE ] updating countdown to 8148
[19:41:44.155] [SEVERE ] key 87 was pressed by player 1
[19:41:44.156] [SEVERE ] player 1 placing token on slot 1
[19:41:44.210] [SEVERE ] updating countdown to 8043
[19:41:44.312] [SEVERE ] updating countdown to 7941
[19:41:44.419] [SEVERE ] updating countdown to 7834
[19:41:44.520] [SEVERE ] updating countdown to 7733
[19:41:44.621] [SEVERE ] updating countdown to 7632
[19:41:44.684] [SEVERE ] key 81 was pressed by player 1
[19:41:44.684] [SEVERE ] player 1 placing token on slot 0
[19:41:44.726] [SEVERE ] updating countdown to 7527
[19:41:44.827] [SEVERE ] updating countdown to 7426
[19:41:44.936] [SEVERE ] updating countdown to 7317
[19:41:45.047] [SEVERE ] updating countdown to 7207
[19:41:45.154] [SEVERE ] updating countdown to 7099
[19:41:45.264] [SEVERE ] updating countdown to 6989
[19:41:45.367] [SEVERE ] updating countdown to 6886
[19:41:45.409] [SEVERE ] key 87 was pressed by player 1
[19:41:45.410] [SEVERE ] removing player 1 token from slot 1
[19:41:45.475] [SEVERE ] updating countdown to 6778
[19:41:45.545] [SEVERE ] key 81 was pressed by player 1
[19:41:45.546] [SEVERE ] removing player 1 token from slot 0
[19:41:45.577] [SEVERE ] updating countdown to 6676
[19:41:45.689] [SEVERE ] updating countdown to 6564
[19:41:45.790] [SEVERE ] updating countdown to 6463
[19:41:45.896] [SEVERE ] updating countdown to 6358
[19:41:46.001] [SEVERE ] updating countdown to 6252
[19:41:46.102] [SEVERE ] updating countdown to 6151
[19:41:46.210] [SEVERE ] updating countdown to 6043
[19:41:46.315] [SEVERE ] updating countdown to 5938
[19:41:46.421] [SEVERE ] updating countdown to 5832
[19:41:46.523] [SEVERE ] updating countdown to 5730
[19:41:46.579] [SEVERE ] key 65 was pressed by player 1
[19:41:46.579] [SEVERE ] player 1 placing token on slot 4
[19:41:46.626] [SEVERE ] updating countdown to 5627
[19:41:46.729] [SEVERE ] updating countdown to 5525
[19:41:46.747] [SEVERE ] key 83 was pressed by player 1
[19:41:46.747] [SEVERE ] player 1 placing token on slot 5
[19:41:46.838] [SEVERE ] updating countdown to 5415
[19:41:46.944] [SEVERE ] updating countdown to 5309
[19:41:47.049] [SEVERE ] updating countdown to 5204
[19:41:47.152] [SEVERE ] updating countdown to 5101
[19:41:47.528] [SEVERE ] key 83 was pressed by player 1
[19:41:47.529] [SEVERE ] removing player 1 token from slot 5
[19:41:47.643] [SEVERE ] key 65 was pressed by player 1
[19:41:47.644] [SEVERE ] removing player 1 token from slot 4
[19:41:48.537] [SEVERE ] key 88 was pressed by player 1
[19:41:48.541] [SEVERE ] player 1 placing token on slot 9
[19:41:49.284] [SEVERE ] key 67 was pressed by player 1
[19:41:49.285] [SEVERE ] player 1 placing token on slot 10
[19:41:50.634] [SEVERE ] key 82 was pressed by player 1
[19:41:50.634] [SEVERE ] player 1 placing token on slot 3
[19:41:50.737] [SEVERE ] setting player 1 freeze to 0
[19:41:50.737] [SEVERE ] setting player 1 freeze to 0
[19:41:51.165] [SEVERE ] key 82 was pressed by player 1
[19:41:51.165] [SEVERE ] removing player 1 token from slot 3
[19:41:51.492] [SEVERE ] key 69 was pressed by player 1
[19:41:51.492] [SEVERE ] player 1 placing token on slot 2
[19:41:51.591] [SEVERE ] setting player 1 freeze to 0
[19:41:51.596] [SEVERE ] setting player 1 freeze to 0
[19:41:52.350] [SEVERE ] updating countdown to 0
[19:41:52.351] [SEVERE ] removing all tokens
[19:41:52.453] [SEVERE ] removing card from slot 0
[19:41:52.559] [SEVERE ] removing card from slot 1
[19:41:52.665] [SEVERE ] removing card from slot 2
[19:41:52.767] [SEVERE ] removing card from slot 3
[19:41:52.873] [SEVERE ] removing card from slot 4
[19:41:52.978] [SEVERE ] removing card from slot 5
[19:41:53.082] [SEVERE ] removing card from slot 6
[19:41:53.187] [SEVERE ] removing card from slot 7
[19:41:53.291] [SEVERE ] removing card from slot 8
[19:41:53.395] [SEVERE ] removing card from slot 9
[19:41:53.500] [SEVERE ] removing card from slot 10
[19:41:53.601] [SEVERE ] removing card from slot 11
[19:41:53.707] [SEVERE ] placing card 28 in slot 0
[19:41:53.814] [SEVERE ] placing card 35 in slot 1
[19:41:53.917] [SEVERE ] placing card 18 in slot 2
[19:41:54.024] [SEVERE ] placing card 67 in slot 3
[19:41:54.137] [SEVERE ] placing card 23 in slot 4
[19:41:54.241] [SEVERE ] placing card 25 in slot 5
[19:41:54.347] [SEVERE ] placing card 19 in slot 6
[19:41:54.450] [SEVERE ] placing card 58 in slot 7
[19:41:54.551] [SEVERE ] placing card 43 in slot 8
[19:41:54.657] [SEVERE ] placing card 9 in slot 9
[19:41:54.775] [SEVERE ] placing card 49 in slot 10
[19:41:54.881] [SEVERE ] placing card 27 in slot 11
[19:41:54.881] [SEVERE ] updating countdown to 10000
[19:41:54.987] [SEVERE ] updating countdown to 10895
[19:41:55.090] [SEVERE ] updating countdown to 10791
[19:41:55.193] [SEVERE ] updating countdown to 10688
[19:41:55.301] [SEVERE ] updating countdown to 10580
[19:41:55.404] [SEVERE ] updating countdown to 10477
[19:41:55.509] [SEVERE ] updating countdown to 10372
[19:41:55.613] [SEVERE ] updating countdown to 10268
[19:41:55.718] [SEVERE ] updating countdown to 10163
[19:41:55.824] [SEVERE ] updating countdown to 10057
[19:41:55.930] [SEVERE ] updating countdown to 9951
[19:41:56.041] [SEVERE ] updating countdown to 9841
[19:41:56.143] [SEVERE ] updating countdown to 9738
[19:41:56.247] [SEVERE ] updating countdown to 9634
[19:41:56.353] [SEVERE ] updating countdown to 9528
[19:41:56.458] [SEVERE ] updating countdown to 9423
[19:41:56.563] [SEVERE ] updating countdown to 9318
[19:41:56.666] [SEVERE ] updating countdown to 9215
[19:41:56.737] [SEVERE ] exit button pressed
[19:41:56.737] [INFO   ] thread player1 terminated.
[19:41:56.737] [INFO   ] thread player2 terminated.
[19:41:56.737] [INFO   ] thread player4 terminated.
[19:41:56.737] [INFO   ] thread player3 terminated.
[19:41:56.737] [INFO   ] thread player6 terminated.
[19:41:56.737] [INFO   ] thread player5 terminated.
[19:41:56.737] [INFO   ] thread player0 terminated.
[19:41:56.737] [INFO   ] thread player7 terminated.
[19:41:56.770] [SEVERE ] updating countdown to 9111
[19:41:56.772] [SEVERE ] removing all tokens
[19:41:56.878] [SEVERE ] removing card from slot 0
[19:41:56.981] [SEVERE ] removing card from slot 1
[19:41:57.087] [SEVERE ] removing card from slot 2
[19:41:57.191] [SEVERE ] removing card from slot 3
[19:41:57.296] [SEVERE ] removing card from slot 4
[19:41:57.398] [SEVERE ] removing card from slot 5
[19:41:57.501] [SEVERE ] removing card from slot 6
[19:41:57.605] [SEVERE ] removing card from slot 7
[19:41:57.710] [SEVERE ] removing card from slot 8
[19:41:57.812] [SEVERE ] removing card from slot 9
[19:41:57.917] [SEVERE ] removing card from slot 10
[19:41:58.023] [SEVERE ] removing card from slot 11
[19:41:58.024] [SEVERE ] announcing winner(s): player 8, player 7, player 6, player 5, player 4, player 3, player 2, player 1
[19:41:58.025] [INFO   ] thread dealer terminated.
[19:41:58.026] [INFO   ] thread dealer terminated.
[19:41:58.026] [SEVERE ] thanks for playing... it was fun!
[19:41:58.026] [INFO   ] thread main terminated.
