[19:09:44.996] [INFO   ] thread main starting.
[19:09:45.006] [SEVERE ] cannot read configuration file config.properties trying from resources.
[19:09:45.009] [SEVERE ] configuration file was loaded from resources directory.
[19:09:46.447] [INFO   ] thread dealer starting.
[19:09:46.448] [INFO   ] thread dealer starting.
[19:09:46.448] [INFO   ] thread player0 starting.
[19:09:46.449] [INFO   ] thread computer-0 starting.
[19:09:46.449] [INFO   ] thread player1 starting.
[19:09:46.449] [INFO   ] thread computer-1 starting.
[19:09:46.449] [INFO   ] thread player2 starting.
[19:09:46.450] [INFO   ] thread computer-2 starting.
[19:09:46.450] [INFO   ] thread player3 starting.
[19:09:46.452] [INFO   ] thread computer-3 starting.
[19:09:46.454] [INFO   ] thread player4 starting.
[19:09:46.454] [INFO   ] thread computer-4 starting.
[19:09:46.455] [INFO   ] thread player5 starting.
[19:09:46.461] [INFO   ] thread computer-5 starting.
[19:09:46.568] [SEVERE ] placing card 22 in slot 0
[19:09:46.674] [SEVERE ] placing card 16 in slot 1
[19:09:46.779] [SEVERE ] placing card 58 in slot 2
[19:09:46.884] [SEVERE ] placing card 38 in slot 3
[19:09:46.990] [SEVERE ] placing card 64 in slot 4
[19:09:47.095] [SEVERE ] placing card 23 in slot 5
[19:09:47.200] [SEVERE ] placing card 67 in slot 6
[19:09:47.305] [SEVERE ] placing card 73 in slot 7
[19:09:47.411] [SEVERE ] placing card 0 in slot 8
[19:09:47.516] [SEVERE ] placing card 51 in slot 9
[19:09:47.620] [SEVERE ] placing card 36 in slot 10
[19:09:47.725] [SEVERE ] placing card 12 in slot 11
[19:09:47.736] [SEVERE ] player 4 placing token on slot 0
[19:09:47.736] [SEVERE ] player 1 placing token on slot 0
[19:09:47.736] [SEVERE ] player 5 placing token on slot 0
[19:09:47.736] [SEVERE ] player 6 placing token on slot 0
[19:09:47.736] [SEVERE ] player 2 placing token on slot 1
[19:09:47.736] [SEVERE ] player 3 placing token on slot 1
[19:09:47.757] [SEVERE ] player 4 placing token on slot 11
[19:09:47.759] [SEVERE ] player 5 placing token on slot 11
[19:09:47.761] [SEVERE ] player 1 placing token on slot 3
[19:09:47.761] [SEVERE ] removing player 3 token from slot 1
[19:09:47.761] [SEVERE ] player 2 placing token on slot 11
[19:09:47.761] [SEVERE ] player 6 placing token on slot 5
[19:09:47.785] [SEVERE ] player 2 placing token on slot 6
[19:09:47.785] [SEVERE ] player 4 placing token on slot 10
[19:09:47.785] [SEVERE ] player 1 placing token on slot 11
[19:09:47.787] [SEVERE ] player 5 placing token on slot 1
[19:09:47.787] [SEVERE ] player 6 placing token on slot 8
[19:09:47.788] [SEVERE ] player 3 placing token on slot 9
[19:09:47.798] [SEVERE ] setting player 1 freeze to 0
[19:09:47.798] [SEVERE ] setting player 2 freeze to 0
[19:09:47.798] [SEVERE ] setting player 1 freeze to 0
[19:09:47.798] [SEVERE ] setting player 4 freeze to 0
[19:09:47.798] [SEVERE ] setting player 2 freeze to 0
[19:09:47.799] [SEVERE ] setting player 5 freeze to 0
[19:09:47.799] [SEVERE ] setting player 4 freeze to 0
[19:09:47.799] [SEVERE ] setting player 5 freeze to 0
[19:09:47.799] [SEVERE ] setting player 6 freeze to 0
[19:09:47.800] [SEVERE ] setting player 6 freeze to 0
[19:09:47.810] [SEVERE ] removing player 6 token from slot 5
[19:09:47.814] [SEVERE ] removing player 3 token from slot 9
[19:09:47.830] [SEVERE ] removing player 1 token from slot 11
[19:09:47.831] [SEVERE ] removing player 2 token from slot 11
[19:09:47.840] [SEVERE ] player 6 placing token on slot 10
[19:09:47.840] [SEVERE ] removing player 4 token from slot 0
[19:09:47.840] [SEVERE ] player 3 placing token on slot 8
[19:09:47.840] [SEVERE ] removing player 5 token from slot 0
[19:09:47.853] [SEVERE ] setting player 6 freeze to 0
[19:09:47.853] [SEVERE ] setting player 6 freeze to 0
[19:09:47.854] [SEVERE ] removing player 2 token from slot 1
[19:09:47.854] [SEVERE ] player 1 placing token on slot 6
[19:09:47.861] [SEVERE ] player 3 placing token on slot 3
[19:09:47.863] [SEVERE ] player 5 placing token on slot 2
[19:09:47.864] [SEVERE ] player 4 placing token on slot 8
[19:09:47.865] [SEVERE ] setting player 1 freeze to 0
[19:09:47.866] [SEVERE ] setting player 4 freeze to 0
[19:09:47.866] [SEVERE ] setting player 1 freeze to 0
[19:09:47.866] [SEVERE ] setting player 5 freeze to 0
[19:09:47.866] [SEVERE ] setting player 4 freeze to 0
[19:09:47.866] [SEVERE ] setting player 5 freeze to 0
[19:09:47.877] [SEVERE ] player 2 placing token on slot 8
[19:09:47.885] [SEVERE ] player 3 placing token on slot 1
[19:09:47.886] [SEVERE ] removing player 4 token from slot 10
[19:09:47.894] [SEVERE ] setting player 3 freeze to 0
[19:09:47.894] [SEVERE ] setting player 3 freeze to 0
[19:09:47.900] [SEVERE ] player 2 placing token on slot 11
[19:09:47.906] [SEVERE ] removing player 5 token from slot 1
[19:09:47.907] [SEVERE ] setting player 2 freeze to 0
[19:09:47.909] [SEVERE ] setting player 2 freeze to 0
[19:09:47.913] [SEVERE ] player 4 placing token on slot 3
[19:09:47.920] [SEVERE ] setting player 4 freeze to 0
[19:09:47.920] [SEVERE ] setting player 4 freeze to 0
[19:09:47.929] [SEVERE ] removing player 3 token from slot 8
[19:09:47.931] [SEVERE ] player 5 placing token on slot 6
[19:09:47.936] [SEVERE ] removing player 4 token from slot 8
[19:09:47.942] [SEVERE ] setting player 5 freeze to 0
[19:09:47.944] [SEVERE ] setting player 5 freeze to 0
[19:09:47.947] [SEVERE ] removing player 1 token from slot 0
[19:09:47.954] [SEVERE ] player 3 placing token on slot 10
[19:09:47.959] [SEVERE ] setting player 3 freeze to 0
[19:09:47.959] [SEVERE ] setting player 3 freeze to 0
[19:09:47.960] [SEVERE ] removing player 4 token from slot 11
[19:09:47.972] [SEVERE ] player 1 placing token on slot 2
[19:09:47.983] [SEVERE ] setting player 1 freeze to 0
[19:09:47.983] [SEVERE ] setting player 1 freeze to 0
[19:09:47.985] [SEVERE ] player 4 placing token on slot 0
[19:09:47.998] [SEVERE ] removing player 2 token from slot 8
[19:09:48.015] [SEVERE ] removing player 6 token from slot 10
[19:09:48.015] [SEVERE ] player 4 placing token on slot 1
[19:09:48.018] [SEVERE ] setting player 4 freeze to 0
[19:09:48.018] [SEVERE ] setting player 4 freeze to 0
[19:09:48.024] [SEVERE ] removing player 2 token from slot 11
[19:09:48.040] [SEVERE ] player 6 placing token on slot 6
[19:09:48.042] [SEVERE ] setting player 6 freeze to 0
[19:09:48.042] [SEVERE ] setting player 6 freeze to 0
[19:09:48.044] [SEVERE ] player 2 placing token on slot 0
[19:09:48.069] [SEVERE ] player 2 placing token on slot 1
[19:09:48.075] [SEVERE ] setting player 2 freeze to 0
[19:09:48.076] [SEVERE ] setting player 2 freeze to 0
[19:09:48.091] [SEVERE ] removing player 4 token from slot 1
[19:09:48.119] [SEVERE ] removing player 4 token from slot 0
[19:09:48.142] [SEVERE ] removing player 5 token from slot 6
[19:09:48.143] [SEVERE ] player 4 placing token on slot 6
[19:09:48.164] [SEVERE ] player 5 placing token on slot 10
[19:09:48.164] [SEVERE ] player 4 placing token on slot 11
[19:09:48.164] [SEVERE ] removing player 2 token from slot 0
[19:09:48.173] [SEVERE ] setting player 4 freeze to 0
[19:09:48.174] [SEVERE ] setting player 5 freeze to 0
[19:09:48.174] [SEVERE ] setting player 4 freeze to 0
[19:09:48.174] [SEVERE ] setting player 5 freeze to 0
[19:09:48.184] [SEVERE ] removing player 6 token from slot 6
[19:09:48.188] [SEVERE ] removing player 5 token from slot 11
[19:09:48.188] [SEVERE ] removing player 2 token from slot 1
[19:09:48.188] [SEVERE ] removing player 1 token from slot 3
[19:09:48.206] [SEVERE ] player 6 placing token on slot 9
[19:09:48.209] [SEVERE ] player 1 placing token on slot 11
[19:09:48.212] [SEVERE ] setting player 1 freeze to 0
[19:09:48.213] [SEVERE ] setting player 6 freeze to 0
[19:09:48.213] [SEVERE ] setting player 6 freeze to 0
[19:09:48.213] [SEVERE ] setting player 1 freeze to 0
[19:09:48.214] [SEVERE ] player 5 placing token on slot 3
[19:09:48.215] [SEVERE ] player 2 placing token on slot 7
[19:09:48.226] [SEVERE ] setting player 5 freeze to 0
[19:09:48.227] [SEVERE ] setting player 5 freeze to 0
[19:09:48.238] [SEVERE ] player 2 placing token on slot 10
[19:09:48.250] [SEVERE ] setting player 2 freeze to 0
[19:09:48.251] [SEVERE ] removing player 6 token from slot 0
[19:09:48.252] [SEVERE ] setting player 2 freeze to 0
[19:09:48.260] [SEVERE ] removing player 1 token from slot 6
[19:09:48.277] [SEVERE ] player 6 placing token on slot 6
[19:09:48.277] [SEVERE ] setting player 6 freeze to 0
[19:09:48.278] [SEVERE ] setting player 6 freeze to 0
[19:09:48.288] [SEVERE ] removing player 1 token from slot 2
[19:09:48.300] [SEVERE ] removing player 6 token from slot 9
[19:09:48.316] [SEVERE ] removing player 2 token from slot 7
[19:09:48.316] [SEVERE ] removing player 4 token from slot 11
[19:09:48.316] [SEVERE ] removing player 1 token from slot 11
[19:09:48.325] [SEVERE ] removing player 6 token from slot 8
[19:09:48.338] [SEVERE ] player 2 placing token on slot 2
[19:09:48.340] [SEVERE ] removing player 5 token from slot 3
[19:09:48.340] [SEVERE ] player 1 placing token on slot 11
[19:09:48.340] [SEVERE ] player 4 placing token on slot 11
[19:09:48.346] [SEVERE ] setting player 2 freeze to 0
[19:09:48.346] [SEVERE ] setting player 4 freeze to 0
[19:09:48.346] [SEVERE ] setting player 2 freeze to 0
[19:09:48.346] [SEVERE ] setting player 4 freeze to 0
[19:09:48.353] [SEVERE ] player 6 placing token on slot 11
[19:09:48.363] [SEVERE ] player 1 placing token on slot 4
[19:09:48.363] [SEVERE ] player 5 placing token on slot 4
[19:09:48.366] [SEVERE ] removing player 3 token from slot 3
[19:09:48.370] [SEVERE ] setting player 5 freeze to 0
[19:09:48.371] [SEVERE ] setting player 5 freeze to 0
[19:09:48.377] [SEVERE ] player 6 placing token on slot 7
[19:09:48.381] [SEVERE ] setting player 6 freeze to 0
[19:09:48.382] [SEVERE ] setting player 6 freeze to 0
[19:09:48.388] [SEVERE ] removing player 4 token from slot 11
[19:09:48.388] [SEVERE ] player 1 placing token on slot 7
[19:09:48.389] [SEVERE ] player 3 placing token on slot 4
[19:09:48.394] [SEVERE ] setting player 1 freeze to 0
[19:09:48.394] [SEVERE ] setting player 3 freeze to 0
[19:09:48.394] [SEVERE ] setting player 1 freeze to 0
[19:09:48.395] [SEVERE ] setting player 3 freeze to 0
[19:09:48.413] [SEVERE ] player 4 placing token on slot 0
[19:09:48.420] [SEVERE ] setting player 4 freeze to 0
[19:09:48.420] [SEVERE ] setting player 4 freeze to 0
[19:09:48.427] [SEVERE ] removing player 6 token from slot 6
[19:09:48.438] [SEVERE ] removing player 1 token from slot 11
[19:09:48.455] [SEVERE ] player 6 placing token on slot 9
[19:09:48.457] [SEVERE ] setting player 6 freeze to 0
[19:09:48.458] [SEVERE ] setting player 6 freeze to 0
[19:09:48.460] [SEVERE ] removing player 5 token from slot 10
[19:09:48.463] [SEVERE ] player 1 placing token on slot 10
[19:09:48.463] [SEVERE ] removing player 2 token from slot 10
[19:09:48.470] [SEVERE ] setting player 1 freeze to 0
[19:09:48.471] [SEVERE ] setting player 1 freeze to 0
[19:09:48.480] [SEVERE ] player 5 placing token on slot 1
[19:09:48.480] [SEVERE ] removing player 3 token from slot 4
[19:09:48.484] [SEVERE ] setting player 5 freeze to 0
[19:09:48.485] [SEVERE ] setting player 5 freeze to 0
[19:09:48.490] [SEVERE ] player 2 placing token on slot 10
[19:09:48.497] [SEVERE ] setting player 2 freeze to 0
[19:09:48.498] [SEVERE ] setting player 2 freeze to 0
[19:09:48.502] [SEVERE ] player 3 placing token on slot 6
[19:09:48.510] [SEVERE ] setting player 3 freeze to 0
[19:09:48.511] [SEVERE ] setting player 3 freeze to 0
[19:09:48.524] [SEVERE ] removing player 6 token from slot 7
[19:09:48.530] [SEVERE ] removing player 2 token from slot 6
[19:09:48.556] [SEVERE ] removing player 6 token from slot 11
[19:09:48.557] [SEVERE ] player 2 placing token on slot 8
[19:09:48.567] [SEVERE ] setting player 2 freeze to 0
[19:09:48.567] [SEVERE ] setting player 2 freeze to 0
[19:09:48.580] [SEVERE ] removing player 4 token from slot 3
[19:09:48.581] [SEVERE ] player 6 placing token on slot 4
[19:09:48.601] [SEVERE ] player 4 placing token on slot 1
[19:09:48.604] [SEVERE ] player 6 placing token on slot 11
[19:09:48.605] [SEVERE ] setting player 4 freeze to 0
[19:09:48.605] [SEVERE ] setting player 6 freeze to 0
[19:09:48.605] [SEVERE ] setting player 4 freeze to 0
[19:09:48.606] [SEVERE ] setting player 6 freeze to 0
[19:09:48.622] [SEVERE ] removing player 4 token from slot 1
[19:09:48.648] [SEVERE ] player 4 placing token on slot 9
[19:09:48.657] [SEVERE ] setting player 4 freeze to 0
[19:09:48.658] [SEVERE ] setting player 4 freeze to 0
[19:09:48.712] [SEVERE ] removing player 1 token from slot 10
[19:09:48.716] [SEVERE ] removing player 5 token from slot 4
[19:09:48.716] [SEVERE ] removing player 3 token from slot 10
[19:09:48.734] [SEVERE ] removing player 6 token from slot 4
[19:09:48.738] [SEVERE ] player 1 placing token on slot 11
[19:09:48.740] [SEVERE ] player 3 placing token on slot 8
[19:09:48.741] [SEVERE ] player 5 placing token on slot 4
[19:09:48.741] [SEVERE ] removing player 4 token from slot 6
[19:09:48.751] [SEVERE ] setting player 1 freeze to 0
[19:09:48.752] [SEVERE ] setting player 1 freeze to 0
[19:09:48.752] [SEVERE ] setting player 3 freeze to 0
[19:09:48.752] [SEVERE ] setting player 3 freeze to 0
[19:09:48.752] [SEVERE ] setting player 5 freeze to 0
[19:09:48.752] [SEVERE ] setting player 5 freeze to 0
[19:09:48.760] [SEVERE ] removing player 1 token from slot 7
[19:09:48.761] [SEVERE ] removing player 3 token from slot 8
[19:09:48.762] [SEVERE ] player 6 placing token on slot 1
[19:09:48.765] [SEVERE ] player 4 placing token on slot 6
[19:09:48.766] [SEVERE ] setting player 4 freeze to 0
[19:09:48.766] [SEVERE ] setting player 6 freeze to 0
[19:09:48.766] [SEVERE ] setting player 4 freeze to 0
[19:09:48.766] [SEVERE ] setting player 6 freeze to 0
[19:09:48.783] [SEVERE ] removing player 1 token from slot 11
[19:09:48.800] [SEVERE ] player 3 placing token on slot 7
[19:09:48.806] [SEVERE ] removing player 5 token from slot 4
[19:09:48.809] [SEVERE ] setting player 3 freeze to 0
[19:09:48.809] [SEVERE ] player 1 placing token on slot 10
[19:09:48.810] [SEVERE ] setting player 3 freeze to 0
[19:09:48.828] [SEVERE ] player 5 placing token on slot 10
[19:09:48.829] [SEVERE ] removing player 4 token from slot 0
[19:09:48.830] [SEVERE ] player 1 placing token on slot 1
[19:09:48.839] [SEVERE ] removing player 6 token from slot 9
[19:09:48.840] [SEVERE ] setting player 1 freeze to 0
[19:09:48.841] [SEVERE ] setting player 1 freeze to 0
[19:09:48.841] [SEVERE ] setting player 5 freeze to 0
[19:09:48.841] [SEVERE ] setting player 5 freeze to 0
[19:09:48.850] [SEVERE ] player 4 placing token on slot 5
[19:09:48.852] [SEVERE ] removing player 5 token from slot 2
[19:09:48.853] [SEVERE ] setting player 4 freeze to 0
[19:09:48.853] [SEVERE ] setting player 4 freeze to 0
[19:09:48.854] [SEVERE ] removing player 2 token from slot 8
[19:09:48.864] [SEVERE ] player 6 placing token on slot 8
[19:09:48.873] [SEVERE ] removing player 4 token from slot 5
[19:09:48.873] [SEVERE ] removing player 5 token from slot 10
[19:09:48.875] [SEVERE ] player 2 placing token on slot 6
[19:09:48.877] [SEVERE ] setting player 2 freeze to 0
[19:09:48.877] [SEVERE ] setting player 6 freeze to 0
[19:09:48.877] [SEVERE ] setting player 2 freeze to 0
[19:09:48.877] [SEVERE ] setting player 6 freeze to 0
[19:09:48.885] [SEVERE ] removing player 3 token from slot 6
[19:09:48.894] [SEVERE ] player 5 placing token on slot 4
[19:09:48.894] [SEVERE ] removing player 4 token from slot 9
[19:09:48.908] [SEVERE ] player 3 placing token on slot 8
[19:09:48.912] [SEVERE ] setting player 3 freeze to 0
[19:09:48.913] [SEVERE ] setting player 3 freeze to 0
[19:09:48.919] [SEVERE ] player 4 placing token on slot 1
[19:09:48.919] [SEVERE ] player 5 placing token on slot 2
[19:09:48.925] [SEVERE ] setting player 5 freeze to 0
[19:09:48.930] [SEVERE ] setting player 5 freeze to 0
[19:09:48.941] [SEVERE ] player 4 placing token on slot 8
[19:09:48.942] [SEVERE ] removing player 5 token from slot 1
[19:09:48.943] [SEVERE ] setting player 4 freeze to 0
[19:09:48.943] [SEVERE ] setting player 4 freeze to 0
[19:09:48.952] [SEVERE ] removing player 3 token from slot 1
[19:09:48.966] [SEVERE ] player 5 placing token on slot 7
[19:09:48.967] [SEVERE ] setting player 5 freeze to 0
[19:09:48.969] [SEVERE ] setting player 5 freeze to 0
[19:09:48.972] [SEVERE ] removing player 2 token from slot 10
[19:09:48.977] [SEVERE ] player 3 placing token on slot 0
[19:09:48.980] [SEVERE ] removing player 6 token from slot 8
[19:09:48.982] [SEVERE ] setting player 3 freeze to 0
[19:09:48.982] [SEVERE ] setting player 3 freeze to 0
[19:09:48.999] [SEVERE ] player 2 placing token on slot 9
[19:09:49.003] [SEVERE ] removing player 6 token from slot 11
[19:09:49.011] [SEVERE ] setting player 2 freeze to 0
[19:09:49.012] [SEVERE ] setting player 2 freeze to 0
[19:09:49.022] [SEVERE ] removing player 3 token from slot 7
[19:09:49.022] [SEVERE ] removing player 1 token from slot 10
[19:09:49.028] [SEVERE ] player 6 placing token on slot 8
[19:09:49.043] [SEVERE ] player 1 placing token on slot 9
[19:09:49.045] [SEVERE ] player 3 placing token on slot 3
[19:09:49.049] [SEVERE ] player 6 placing token on slot 4
[19:09:49.051] [SEVERE ] setting player 1 freeze to 0
[19:09:49.051] [SEVERE ] setting player 3 freeze to 0
[19:09:49.051] [SEVERE ] setting player 1 freeze to 0
[19:09:49.051] [SEVERE ] setting player 6 freeze to 0
[19:09:49.051] [SEVERE ] setting player 3 freeze to 0
[19:09:49.051] [SEVERE ] setting player 6 freeze to 0
[19:09:49.063] [SEVERE ] removing player 5 token from slot 2
[19:09:49.088] [SEVERE ] removing player 5 token from slot 7
[19:09:49.093] [SEVERE ] removing player 1 token from slot 1
[19:09:49.093] [SEVERE ] removing player 3 token from slot 0
[19:09:49.100] [SEVERE ] removing player 2 token from slot 9
[19:09:49.114] [SEVERE ] player 3 placing token on slot 9
[19:09:49.114] [SEVERE ] player 5 placing token on slot 6
[19:09:49.114] [SEVERE ] player 1 placing token on slot 11
[19:09:49.122] [SEVERE ] player 2 placing token on slot 5
[19:09:49.122] [SEVERE ] setting player 1 freeze to 0
[19:09:49.122] [SEVERE ] setting player 2 freeze to 0
[19:09:49.122] [SEVERE ] setting player 3 freeze to 0
[19:09:49.122] [SEVERE ] setting player 3 freeze to 0
[19:09:49.122] [SEVERE ] setting player 1 freeze to 0
[19:09:49.123] [SEVERE ] setting player 2 freeze to 0
[19:09:49.122] [SEVERE ] removing player 6 token from slot 4
[19:09:49.138] [SEVERE ] removing player 3 token from slot 3
[19:09:49.138] [SEVERE ] player 5 placing token on slot 0
[19:09:49.144] [SEVERE ] removing player 2 token from slot 5
[19:09:49.145] [SEVERE ] player 6 placing token on slot 0
[19:09:49.149] [SEVERE ] setting player 5 freeze to 0
[19:09:49.149] [SEVERE ] setting player 6 freeze to 0
[19:09:49.149] [SEVERE ] setting player 5 freeze to 0
[19:09:49.149] [SEVERE ] setting player 6 freeze to 0
[19:09:49.161] [SEVERE ] removing player 5 token from slot 4
[19:09:49.163] [SEVERE ] player 3 placing token on slot 3
[19:09:49.164] [SEVERE ] player 2 placing token on slot 8
[19:09:49.167] [SEVERE ] removing player 6 token from slot 0
[19:09:49.172] [SEVERE ] setting player 2 freeze to 0
[19:09:49.172] [SEVERE ] setting player 3 freeze to 0
[19:09:49.172] [SEVERE ] setting player 2 freeze to 0
[19:09:49.172] [SEVERE ] setting player 3 freeze to 0
[19:09:49.181] [SEVERE ] player 5 placing token on slot 9
[19:09:49.183] [SEVERE ] setting player 5 freeze to 0
[19:09:49.183] [SEVERE ] setting player 5 freeze to 0
[19:09:49.188] [SEVERE ] removing player 3 token from slot 3
[19:09:49.192] [SEVERE ] player 6 placing token on slot 2
[19:09:49.193] [SEVERE ] removing player 4 token from slot 1
[19:09:49.196] [SEVERE ] setting player 6 freeze to 0
[19:09:49.196] [SEVERE ] setting player 6 freeze to 0
[19:09:49.213] [SEVERE ] player 3 placing token on slot 3
[19:09:49.218] [SEVERE ] removing player 4 token from slot 8
[19:09:49.218] [SEVERE ] setting player 3 freeze to 0
[19:09:49.219] [SEVERE ] setting player 3 freeze to 0
[19:09:49.239] [SEVERE ] removing player 2 token from slot 6
[19:09:49.240] [SEVERE ] player 4 placing token on slot 10
[19:09:49.253] [SEVERE ] removing player 1 token from slot 11
[19:09:49.263] [SEVERE ] player 2 placing token on slot 5
[19:09:49.263] [SEVERE ] removing player 6 token from slot 8
[19:09:49.265] [SEVERE ] player 4 placing token on slot 7
[19:09:49.264] [SEVERE ] removing player 3 token from slot 8
[19:09:49.272] [SEVERE ] setting player 2 freeze to 0
[19:09:49.273] [SEVERE ] setting player 4 freeze to 0
[19:09:49.274] [SEVERE ] setting player 2 freeze to 0
[19:09:49.275] [SEVERE ] setting player 4 freeze to 0
[19:09:49.275] [SEVERE ] player 1 placing token on slot 5
[19:09:49.275] [SEVERE ] setting player 1 freeze to 0
[19:09:49.276] [SEVERE ] setting player 1 freeze to 0
[19:09:49.284] [SEVERE ] player 3 placing token on slot 4
[19:09:49.285] [SEVERE ] removing player 2 token from slot 5
[19:09:49.285] [SEVERE ] player 6 placing token on slot 10
[19:09:49.288] [SEVERE ] setting player 3 freeze to 0
[19:09:49.288] [SEVERE ] setting player 6 freeze to 0
[19:09:49.288] [SEVERE ] setting player 3 freeze to 0
[19:09:49.289] [SEVERE ] setting player 6 freeze to 0
[19:09:49.312] [SEVERE ] removing player 6 token from slot 2
[19:09:49.312] [SEVERE ] player 2 placing token on slot 9
[19:09:49.324] [SEVERE ] setting player 2 freeze to 0
[19:09:49.324] [SEVERE ] setting player 2 freeze to 0
[19:09:49.338] [SEVERE ] player 6 placing token on slot 2
[19:09:49.350] [SEVERE ] setting player 6 freeze to 0
[19:09:49.351] [SEVERE ] setting player 6 freeze to 0
[19:09:49.363] [SEVERE ] removing player 4 token from slot 10
[19:09:49.377] [SEVERE ] removing player 1 token from slot 5
[19:09:49.384] [SEVERE ] removing player 4 token from slot 6
[19:09:49.390] [SEVERE ] removing player 2 token from slot 2
[19:09:49.398] [SEVERE ] removing player 1 token from slot 9
[19:09:49.406] [SEVERE ] removing player 6 token from slot 10
[19:09:49.406] [SEVERE ] player 4 placing token on slot 10
[19:09:49.412] [SEVERE ] removing player 2 token from slot 9
[19:09:49.423] [SEVERE ] player 1 placing token on slot 9
[19:09:49.429] [SEVERE ] player 6 placing token on slot 11
[19:09:49.429] [SEVERE ] player 4 placing token on slot 8
[19:09:49.435] [SEVERE ] player 2 placing token on slot 7
[19:09:49.441] [SEVERE ] setting player 4 freeze to 0
[19:09:49.441] [SEVERE ] setting player 6 freeze to 0
[19:09:49.441] [SEVERE ] setting player 4 freeze to 0
[19:09:49.442] [SEVERE ] setting player 6 freeze to 0
[19:09:49.443] [SEVERE ] player 1 placing token on slot 2
[19:09:49.446] [SEVERE ] removing player 3 token from slot 3
[19:09:49.456] [SEVERE ] removing player 5 token from slot 0
[19:09:49.456] [SEVERE ] setting player 1 freeze to 0
[19:09:49.458] [SEVERE ] setting player 1 freeze to 0
[19:09:49.465] [SEVERE ] removing player 2 token from slot 8
[19:09:49.479] [SEVERE ] player 3 placing token on slot 7
[19:09:49.480] [SEVERE ] player 5 placing token on slot 8
[19:09:49.479] [SEVERE ] removing player 4 token from slot 10
[19:09:49.490] [SEVERE ] player 2 placing token on slot 11
[19:09:49.491] [SEVERE ] setting player 3 freeze to 0
[19:09:49.491] [SEVERE ] setting player 5 freeze to 0
[19:09:49.492] [SEVERE ] setting player 5 freeze to 0
[19:09:49.493] [SEVERE ] setting player 3 freeze to 0
[19:09:49.505] [SEVERE ] player 4 placing token on slot 3
[19:09:49.511] [SEVERE ] removing player 1 token from slot 2
[19:09:49.515] [SEVERE ] player 2 placing token on slot 8
[19:09:49.516] [SEVERE ] setting player 2 freeze to 0
[19:09:49.516] [SEVERE ] removing player 4 token from slot 3
[19:09:49.516] [SEVERE ] setting player 2 freeze to 0
[19:09:49.541] [SEVERE ] player 1 placing token on slot 1
[19:09:49.551] [SEVERE ] removing player 6 token from slot 2
[19:09:49.573] [SEVERE ] player 6 placing token on slot 2
[19:09:49.602] [SEVERE ] removing player 3 token from slot 4
[19:09:49.620] [SEVERE ] removing card from slot 3
[19:09:49.620] [SEVERE ] removing player 2 token from slot 8
[19:09:49.620] [SEVERE ] removing player 4 token from slot 8
[19:09:49.620] [SEVERE ] removing player 5 token from slot 8
[19:09:49.625] [SEVERE ] player 3 placing token on slot 1
[19:09:49.636] [SEVERE ] player 2 placing token on slot 0
[19:09:49.642] [SEVERE ] player 5 placing token on slot 1
[19:09:49.721] [SEVERE ] removing card from slot 8
[19:09:49.722] [SEVERE ] removing player 2 token from slot 7
[19:09:49.722] [SEVERE ] removing player 3 token from slot 7
[19:09:49.722] [SEVERE ] removing player 4 token from slot 7
[19:09:49.827] [SEVERE ] removing card from slot 7
[19:09:49.827] [SEVERE ] setting player 4 score to 1
[19:09:49.827] [SEVERE ] setting player 4 freeze to 1000
[19:09:49.827] [SEVERE ] setting player 5 freeze to 0
[19:09:49.827] [SEVERE ] setting player 4 freeze to 1000
[19:09:49.828] [SEVERE ] setting player 5 freeze to 0
[19:09:49.827] [SEVERE ] setting player 6 freeze to 0
[19:09:49.828] [SEVERE ] setting player 6 freeze to 0
[19:09:49.929] [SEVERE ] placing card 55 in slot 3
[19:09:50.032] [SEVERE ] placing card 31 in slot 7
[19:09:50.137] [SEVERE ] placing card 19 in slot 8
[19:09:50.150] [SEVERE ] setting player 1 freeze to 0
[19:09:50.150] [SEVERE ] setting player 1 freeze to 0
[19:09:50.150] [SEVERE ] removing player 5 token from slot 9
[19:09:50.150] [SEVERE ] removing player 6 token from slot 11
[19:09:50.150] [SEVERE ] player 3 placing token on slot 8
[19:09:50.150] [SEVERE ] player 2 placing token on slot 8
[19:09:50.162] [SEVERE ] setting player 2 freeze to 0
[19:09:50.162] [SEVERE ] setting player 3 freeze to 0
[19:09:50.162] [SEVERE ] setting player 2 freeze to 0
[19:09:50.163] [SEVERE ] setting player 3 freeze to 0
[19:09:50.174] [SEVERE ] player 6 placing token on slot 3
[19:09:50.174] [SEVERE ] player 5 placing token on slot 2
[19:09:50.175] [SEVERE ] setting player 5 freeze to 0
[19:09:50.175] [SEVERE ] setting player 5 freeze to 0
[19:09:50.175] [SEVERE ] setting player 6 freeze to 0
[19:09:50.175] [SEVERE ] removing player 2 token from slot 0
[19:09:50.176] [SEVERE ] setting player 6 freeze to 0
[19:09:50.197] [SEVERE ] removing player 3 token from slot 9
[19:09:50.202] [SEVERE ] player 2 placing token on slot 1
[19:09:50.214] [SEVERE ] setting player 2 freeze to 0
[19:09:50.214] [SEVERE ] setting player 2 freeze to 0
[19:09:50.218] [SEVERE ] removing player 1 token from slot 4
[19:09:50.218] [SEVERE ] player 3 placing token on slot 10
[19:09:50.222] [SEVERE ] removing player 5 token from slot 1
[19:09:50.224] [SEVERE ] removing player 2 token from slot 11
[19:09:50.227] [SEVERE ] setting player 3 freeze to 0
[19:09:50.227] [SEVERE ] setting player 3 freeze to 0
[19:09:50.243] [SEVERE ] player 1 placing token on slot 11
[19:09:50.244] [SEVERE ] removing player 5 token from slot 6
[19:09:50.248] [SEVERE ] player 2 placing token on slot 0
[19:09:50.250] [SEVERE ] setting player 1 freeze to 0
[19:09:50.250] [SEVERE ] setting player 2 freeze to 0
[19:09:50.250] [SEVERE ] setting player 1 freeze to 0
[19:09:50.250] [SEVERE ] setting player 2 freeze to 0
[19:09:50.267] [SEVERE ] player 5 placing token on slot 10
[19:09:50.292] [SEVERE ] player 5 placing token on slot 5
[19:09:50.300] [SEVERE ] setting player 5 freeze to 0
[19:09:50.300] [SEVERE ] setting player 5 freeze to 0
[19:09:50.338] [SEVERE ] removing player 3 token from slot 1
[19:09:50.342] [SEVERE ] removing player 6 token from slot 3
[19:09:50.362] [SEVERE ] player 3 placing token on slot 11
[19:09:50.362] [SEVERE ] removing player 2 token from slot 1
[19:09:50.363] [SEVERE ] removing player 6 token from slot 2
[19:09:50.374] [SEVERE ] setting player 3 freeze to 0
[19:09:50.375] [SEVERE ] setting player 3 freeze to 0
[19:09:50.382] [SEVERE ] player 2 placing token on slot 5
[19:09:50.382] [SEVERE ] removing player 5 token from slot 2
[19:09:50.388] [SEVERE ] removing player 3 token from slot 11
[19:09:50.389] [SEVERE ] setting player 2 freeze to 0
[19:09:50.389] [SEVERE ] player 6 placing token on slot 8
[19:09:50.389] [SEVERE ] setting player 2 freeze to 0
[19:09:50.403] [SEVERE ] removing player 2 token from slot 5
[19:09:50.404] [SEVERE ] player 5 placing token on slot 8
[19:09:50.410] [SEVERE ] player 6 placing token on slot 3
[19:09:50.410] [SEVERE ] player 3 placing token on slot 11
[19:09:50.411] [SEVERE ] setting player 3 freeze to 0
[19:09:50.411] [SEVERE ] setting player 5 freeze to 0
[19:09:50.411] [SEVERE ] setting player 3 freeze to 0
[19:09:50.411] [SEVERE ] setting player 6 freeze to 0
[19:09:50.411] [SEVERE ] setting player 5 freeze to 0
[19:09:50.411] [SEVERE ] setting player 6 freeze to 0
[19:09:50.425] [SEVERE ] player 2 placing token on slot 9
[19:09:50.434] [SEVERE ] setting player 2 freeze to 0
[19:09:50.434] [SEVERE ] setting player 2 freeze to 0
[19:09:50.475] [SEVERE ] removing player 5 token from slot 8
[19:09:50.481] [SEVERE ] removing player 3 token from slot 8
[19:09:50.500] [SEVERE ] removing player 5 token from slot 10
[19:09:50.503] [SEVERE ] player 3 placing token on slot 4
[19:09:50.506] [SEVERE ] setting player 3 freeze to 0
[19:09:50.507] [SEVERE ] setting player 3 freeze to 0
[19:09:50.518] [SEVERE ] removing player 1 token from slot 9
[19:09:50.525] [SEVERE ] player 5 placing token on slot 7
[19:09:50.543] [SEVERE ] removing player 1 token from slot 1
[19:09:50.549] [SEVERE ] player 5 placing token on slot 3
[19:09:50.551] [SEVERE ] removing player 6 token from slot 8
[19:09:50.554] [SEVERE ] setting player 5 freeze to 0
[19:09:50.555] [SEVERE ] setting player 5 freeze to 0
[19:09:50.559] [SEVERE ] removing player 2 token from slot 9
[19:09:50.568] [SEVERE ] player 1 placing token on slot 5
[19:09:50.572] [SEVERE ] player 6 placing token on slot 4
[19:09:50.572] [SEVERE ] removing player 3 token from slot 10
[19:09:50.582] [SEVERE ] setting player 6 freeze to 0
[19:09:50.582] [SEVERE ] setting player 6 freeze to 0
[19:09:50.584] [SEVERE ] player 2 placing token on slot 1
[19:09:50.590] [SEVERE ] player 1 placing token on slot 2
[19:09:50.595] [SEVERE ] setting player 1 freeze to 0
[19:09:50.595] [SEVERE ] setting player 2 freeze to 0
[19:09:50.595] [SEVERE ] setting player 1 freeze to 0
[19:09:50.595] [SEVERE ] setting player 2 freeze to 0
[19:09:50.595] [SEVERE ] player 3 placing token on slot 8
[19:09:50.595] [SEVERE ] removing player 6 token from slot 4
[19:09:50.607] [SEVERE ] setting player 3 freeze to 0
[19:09:50.608] [SEVERE ] setting player 3 freeze to 0
[19:09:50.608] [SEVERE ] removing player 2 token from slot 0
[19:09:50.614] [SEVERE ] removing player 1 token from slot 5
[19:09:50.620] [SEVERE ] player 6 placing token on slot 8
[19:09:50.630] [SEVERE ] player 2 placing token on slot 6
[19:09:50.633] [SEVERE ] setting player 2 freeze to 0
[19:09:50.633] [SEVERE ] setting player 6 freeze to 0
[19:09:50.633] [SEVERE ] setting player 2 freeze to 0
[19:09:50.633] [SEVERE ] setting player 6 freeze to 0
[19:09:50.639] [SEVERE ] removing player 5 token from slot 3
[19:09:50.639] [SEVERE ] player 1 placing token on slot 4
[19:09:50.643] [SEVERE ] removing player 3 token from slot 4
[19:09:50.644] [SEVERE ] setting player 1 freeze to 0
[19:09:50.644] [SEVERE ] setting player 1 freeze to 0
[19:09:50.663] [SEVERE ] player 3 placing token on slot 2
[19:09:50.664] [SEVERE ] player 5 placing token on slot 10
[19:09:50.667] [SEVERE ] removing player 6 token from slot 8
[19:09:50.672] [SEVERE ] setting player 3 freeze to 0
[19:09:50.673] [SEVERE ] setting player 5 freeze to 0
[19:09:50.673] [SEVERE ] setting player 3 freeze to 0
[19:09:50.673] [SEVERE ] setting player 5 freeze to 0
[19:09:50.685] [SEVERE ] removing player 5 token from slot 10
[19:09:50.688] [SEVERE ] player 6 placing token on slot 9
[19:09:50.698] [SEVERE ] setting player 6 freeze to 0
[19:09:50.698] [SEVERE ] setting player 6 freeze to 0
[19:09:50.708] [SEVERE ] removing player 1 token from slot 11
[19:09:50.708] [SEVERE ] removing player 3 token from slot 11
[19:09:50.708] [SEVERE ] player 5 placing token on slot 8
[19:09:50.710] [SEVERE ] setting player 5 freeze to 0
[19:09:50.710] [SEVERE ] setting player 5 freeze to 0
[19:09:50.730] [SEVERE ] player 1 placing token on slot 8
[19:09:50.730] [SEVERE ] player 3 placing token on slot 4
[19:09:50.735] [SEVERE ] setting player 1 freeze to 0
[19:09:50.735] [SEVERE ] setting player 1 freeze to 0
[19:09:50.735] [SEVERE ] setting player 3 freeze to 0
[19:09:50.735] [SEVERE ] setting player 3 freeze to 0
[19:09:50.752] [SEVERE ] removing player 2 token from slot 6
[19:09:50.755] [SEVERE ] removing player 3 token from slot 8
[19:09:50.774] [SEVERE ] removing player 1 token from slot 2
[19:09:50.777] [SEVERE ] player 2 placing token on slot 0
[19:09:50.780] [SEVERE ] removing player 6 token from slot 1
[19:09:50.781] [SEVERE ] player 3 placing token on slot 0
[19:09:50.787] [SEVERE ] setting player 2 freeze to 0
[19:09:50.787] [SEVERE ] setting player 3 freeze to 0
[19:09:50.787] [SEVERE ] setting player 3 freeze to 0
[19:09:50.787] [SEVERE ] setting player 2 freeze to 0
[19:09:50.791] [SEVERE ] exit button pressed
[19:09:50.791] [INFO   ] thread player4 terminated.
[19:09:50.791] [INFO   ] thread player2 terminated.
[19:09:50.791] [INFO   ] thread player1 terminated.
[19:09:50.791] [INFO   ] thread player5 terminated.
[19:09:50.791] [INFO   ] thread player3 interrupted
[19:09:50.791] [INFO   ] thread player0 terminated.
[19:09:50.799] [INFO   ] thread computer-0 terminated.
[19:09:50.799] [INFO   ] thread computer-1 terminated.
[19:09:50.799] [INFO   ] thread computer-4 terminated.
[19:09:50.800] [SEVERE ] removing all tokens
[19:09:50.801] [INFO   ] thread computer-3 terminated.
[19:09:50.801] [INFO   ] thread computer-5 terminated.
[19:09:50.801] [INFO   ] thread player3 terminated.
[19:09:50.803] [INFO   ] thread computer-2 terminated.
[19:09:50.905] [SEVERE ] removing card from slot 0
[19:09:51.010] [SEVERE ] removing card from slot 1
[19:09:51.112] [SEVERE ] removing card from slot 2
[19:09:51.215] [SEVERE ] removing card from slot 3
[19:09:51.319] [SEVERE ] removing card from slot 4
[19:09:51.424] [SEVERE ] removing card from slot 5
[19:09:51.528] [SEVERE ] removing card from slot 6
[19:09:51.633] [SEVERE ] removing card from slot 7
[19:09:51.738] [SEVERE ] removing card from slot 8
[19:09:51.842] [SEVERE ] removing card from slot 9
[19:09:51.945] [SEVERE ] removing card from slot 10
[19:09:52.053] [SEVERE ] removing card from slot 11
[19:09:52.055] [SEVERE ] announcing winner(s): player 4
[19:09:52.056] [INFO   ] thread dealer terminated.
[19:09:52.056] [INFO   ] thread dealer terminated.
[19:09:52.057] [SEVERE ] thanks for playing... it was fun!
[19:09:52.057] [INFO   ] thread main terminated.
