[19:42:41.756] [INFO   ] thread main starting.
[19:42:41.762] [SEVERE ] cannot read configuration file config.properties trying from resources.
[19:42:41.763] [SEVERE ] configuration file was loaded from resources directory.
[19:42:42.726] [INFO   ] thread dealer starting.
[19:42:42.727] [INFO   ] thread dealer starting.
[19:42:42.727] [INFO   ] thread player0 starting.
[19:42:42.727] [INFO   ] thread computer-0 starting.
[19:42:42.728] [INFO   ] thread player1 starting.
[19:42:42.728] [INFO   ] thread computer-1 starting.
[19:42:42.728] [INFO   ] thread player2 starting.
[19:42:42.729] [INFO   ] thread computer-2 starting.
[19:42:42.729] [INFO   ] thread player3 starting.
[19:42:42.729] [INFO   ] thread computer-3 starting.
[19:42:42.729] [INFO   ] thread player4 starting.
[19:42:42.730] [INFO   ] thread computer-4 starting.
[19:42:42.731] [INFO   ] thread player5 starting.
[19:42:42.735] [INFO   ] thread computer-5 starting.
[19:42:42.741] [INFO   ] thread player6 starting.
[19:42:42.754] [INFO   ] thread computer-6 starting.
[19:42:42.756] [INFO   ] thread player7 starting.
[19:42:42.770] [INFO   ] thread computer-7 starting.
[19:42:42.882] [SEVERE ] placing card 7 in slot 0
[19:42:42.985] [SEVERE ] placing card 2 in slot 1
[19:42:43.089] [SEVERE ] placing card 74 in slot 2
[19:42:43.191] [SEVERE ] placing card 38 in slot 3
[19:42:43.300] [SEVERE ] placing card 11 in slot 4
[19:42:43.411] [SEVERE ] placing card 57 in slot 5
[19:42:43.516] [SEVERE ] placing card 32 in slot 6
[19:42:43.618] [SEVERE ] placing card 29 in slot 7
[19:42:43.721] [SEVERE ] placing card 61 in slot 8
[19:42:43.826] [SEVERE ] placing card 18 in slot 9
[19:42:43.934] [SEVERE ] placing card 10 in slot 10
[19:42:44.040] [SEVERE ] placing card 69 in slot 11
[19:42:44.041] [SEVERE ] updating countdown to 10000
[19:42:44.041] [SEVERE ] player 6 placing token on slot 1
[19:42:44.041] [SEVERE ] player 1 placing token on slot 0
[19:42:44.042] [SEVERE ] player 6 placing token on slot 2
[19:42:44.042] [SEVERE ] player 5 placing token on slot 0
[19:42:44.043] [SEVERE ] player 1 placing token on slot 2
[19:42:44.042] [SEVERE ] player 4 placing token on slot 1
[19:42:44.042] [SEVERE ] removing player 6 token from slot 1
[19:42:44.043] [SEVERE ] player 8 placing token on slot 0
[19:42:44.043] [SEVERE ] removing player 1 token from slot 0
[19:42:44.043] [SEVERE ] player 2 placing token on slot 1
[19:42:44.044] [SEVERE ] player 2 placing token on slot 2
[19:42:44.043] [SEVERE ] removing player 8 token from slot 0
[19:42:44.043] [SEVERE ] player 3 placing token on slot 0
[19:42:44.048] [SEVERE ] removing player 3 token from slot 0
[19:42:44.047] [SEVERE ] player 2 placing token on slot 3
[19:42:44.047] [SEVERE ] player 7 placing token on slot 1
[19:42:44.047] [SEVERE ] player 8 placing token on slot 2
[19:42:44.053] [SEVERE ] player 3 placing token on slot 0
[19:42:44.053] [SEVERE ] removing player 7 token from slot 1
[19:42:44.054] [SEVERE ] player 4 placing token on slot 0
[19:42:44.054] [SEVERE ] removing player 4 token from slot 1
[19:42:44.053] [SEVERE ] player 5 placing token on slot 1
[19:42:44.055] [SEVERE ] removing player 5 token from slot 0
[19:42:44.056] [SEVERE ] player 7 placing token on slot 1
[19:42:44.147] [SEVERE ] updating countdown to 10895
[19:42:44.147] [SEVERE ] removing player 2 token from slot 1
[19:42:44.148] [SEVERE ] removing player 5 token from slot 1
[19:42:44.148] [SEVERE ] removing player 7 token from slot 1
[19:42:44.252] [SEVERE ] removing card from slot 1
[19:42:44.252] [SEVERE ] removing player 1 token from slot 2
[19:42:44.253] [SEVERE ] removing player 2 token from slot 2
[19:42:44.253] [SEVERE ] removing player 6 token from slot 2
[19:42:44.253] [SEVERE ] removing player 8 token from slot 2
[19:42:44.359] [SEVERE ] removing card from slot 2
[19:42:44.359] [SEVERE ] removing player 2 token from slot 3
[19:42:44.462] [SEVERE ] removing card from slot 3
[19:42:44.462] [SEVERE ] setting player 2 score to 1
[19:42:44.463] [SEVERE ] setting player 2 freeze to 1000
[19:42:44.463] [SEVERE ] updating countdown to 10000
[19:42:44.465] [SEVERE ] setting player 2 freeze to 1000
[19:42:44.566] [SEVERE ] placing card 46 in slot 1
[19:42:44.671] [SEVERE ] placing card 47 in slot 2
[19:42:44.773] [SEVERE ] placing card 63 in slot 3
[19:42:44.877] [SEVERE ] updating countdown to 10586
[19:42:44.980] [SEVERE ] updating countdown to 10483
[19:42:45.087] [SEVERE ] updating countdown to 10376
[19:42:45.190] [SEVERE ] updating countdown to 10273
[19:42:45.295] [SEVERE ] updating countdown to 10168
[19:42:45.397] [SEVERE ] updating countdown to 10066
[19:42:45.473] [SEVERE ] setting player 2 freeze to 0
[19:42:45.510] [SEVERE ] updating countdown to 9954
[19:42:45.625] [SEVERE ] updating countdown to 9838
[19:42:45.730] [SEVERE ] updating countdown to 9733
[19:42:45.836] [SEVERE ] updating countdown to 9627
[19:42:45.941] [SEVERE ] updating countdown to 9522
[19:42:46.056] [SEVERE ] updating countdown to 9407
[19:42:46.160] [SEVERE ] updating countdown to 9303
[19:42:46.262] [SEVERE ] updating countdown to 9201
[19:42:46.368] [SEVERE ] updating countdown to 9095
[19:42:46.473] [SEVERE ] updating countdown to 8990
[19:42:46.577] [SEVERE ] updating countdown to 8886
[19:42:46.686] [SEVERE ] updating countdown to 8777
[19:42:46.790] [SEVERE ] updating countdown to 8673
[19:42:46.901] [SEVERE ] updating countdown to 8562
[19:42:47.008] [SEVERE ] updating countdown to 8455
[19:42:47.115] [SEVERE ] updating countdown to 8348
[19:42:47.224] [SEVERE ] updating countdown to 8239
[19:42:47.329] [SEVERE ] updating countdown to 8134
[19:42:47.436] [SEVERE ] updating countdown to 8027
[19:42:47.542] [SEVERE ] updating countdown to 7921
[19:42:47.648] [SEVERE ] updating countdown to 7815
[19:42:47.758] [SEVERE ] updating countdown to 7705
[19:42:47.863] [SEVERE ] updating countdown to 7600
[19:42:47.968] [SEVERE ] updating countdown to 7495
[19:42:48.073] [SEVERE ] updating countdown to 7390
[19:42:48.176] [SEVERE ] updating countdown to 7287
[19:42:48.278] [SEVERE ] updating countdown to 7185
[19:42:48.391] [SEVERE ] updating countdown to 7072
[19:42:48.492] [SEVERE ] updating countdown to 6971
[19:42:48.597] [SEVERE ] updating countdown to 6866
[19:42:48.700] [SEVERE ] updating countdown to 6763
[19:42:48.806] [SEVERE ] updating countdown to 6657
[19:42:48.911] [SEVERE ] updating countdown to 6552
[19:42:49.022] [SEVERE ] updating countdown to 6441
[19:42:49.127] [SEVERE ] updating countdown to 6336
[19:42:49.235] [SEVERE ] updating countdown to 6228
[19:42:49.344] [SEVERE ] updating countdown to 6119
[19:42:49.450] [SEVERE ] updating countdown to 6013
[19:42:49.552] [SEVERE ] updating countdown to 5911
[19:42:49.662] [SEVERE ] updating countdown to 5801
[19:42:49.767] [SEVERE ] updating countdown to 5696
[19:42:49.869] [SEVERE ] updating countdown to 5594
[19:42:49.986] [SEVERE ] updating countdown to 5477
[19:42:50.090] [SEVERE ] updating countdown to 5373
[19:42:50.195] [SEVERE ] updating countdown to 5268
[19:42:50.302] [SEVERE ] updating countdown to 5161
[19:42:50.408] [SEVERE ] updating countdown to 5056
[19:42:51.463] [SEVERE ] updating countdown to 4000
[19:42:55.564] [SEVERE ] updating countdown to 0
[19:42:55.565] [SEVERE ] removing all tokens
[19:42:55.671] [SEVERE ] removing card from slot 0
[19:42:55.779] [SEVERE ] removing card from slot 1
[19:42:55.885] [SEVERE ] removing card from slot 2
[19:42:55.990] [SEVERE ] removing card from slot 3
[19:42:56.092] [SEVERE ] removing card from slot 4
[19:42:56.202] [SEVERE ] removing card from slot 5
[19:42:56.310] [SEVERE ] removing card from slot 6
[19:42:56.419] [SEVERE ] removing card from slot 7
[19:42:56.525] [SEVERE ] removing card from slot 8
[19:42:56.632] [SEVERE ] removing card from slot 9
[19:42:56.734] [SEVERE ] removing card from slot 10
[19:42:56.839] [SEVERE ] removing card from slot 11
[19:42:56.946] [SEVERE ] placing card 55 in slot 0
[19:42:57.053] [SEVERE ] placing card 54 in slot 1
[19:42:57.159] [SEVERE ] placing card 70 in slot 2
[19:42:57.261] [SEVERE ] placing card 22 in slot 3
[19:42:57.365] [SEVERE ] placing card 80 in slot 4
[19:42:57.471] [SEVERE ] placing card 14 in slot 5
[19:42:57.578] [SEVERE ] placing card 16 in slot 6
[19:42:57.680] [SEVERE ] placing card 77 in slot 7
[19:42:57.786] [SEVERE ] placing card 6 in slot 8
[19:42:57.892] [SEVERE ] placing card 72 in slot 9
[19:42:58.003] [SEVERE ] placing card 42 in slot 10
[19:42:58.109] [SEVERE ] placing card 41 in slot 11
[19:42:58.109] [SEVERE ] updating countdown to 10000
[19:42:58.211] [SEVERE ] updating countdown to 10898
[19:42:58.316] [SEVERE ] updating countdown to 10793
[19:42:58.419] [SEVERE ] updating countdown to 10690
[19:42:58.520] [SEVERE ] updating countdown to 10589
[19:42:58.622] [SEVERE ] updating countdown to 10487
[19:42:58.727] [SEVERE ] updating countdown to 10382
[19:42:58.837] [SEVERE ] updating countdown to 10272
[19:42:58.938] [SEVERE ] updating countdown to 10171
[19:42:59.040] [SEVERE ] updating countdown to 10069
[19:42:59.148] [SEVERE ] updating countdown to 9961
[19:42:59.255] [SEVERE ] updating countdown to 9854
[19:42:59.363] [SEVERE ] updating countdown to 9746
[19:42:59.464] [SEVERE ] updating countdown to 9645
[19:42:59.572] [SEVERE ] updating countdown to 9537
[19:42:59.678] [SEVERE ] updating countdown to 9431
[19:42:59.783] [SEVERE ] updating countdown to 9326
[19:42:59.889] [SEVERE ] updating countdown to 9220
[19:42:59.997] [SEVERE ] updating countdown to 9112
[19:43:00.107] [SEVERE ] updating countdown to 9002
[19:43:00.215] [SEVERE ] updating countdown to 8894
[19:43:00.320] [SEVERE ] updating countdown to 8789
[19:43:00.425] [SEVERE ] updating countdown to 8684
[19:43:00.547] [SEVERE ] updating countdown to 8562
[19:43:00.649] [SEVERE ] updating countdown to 8460
[19:43:00.754] [SEVERE ] updating countdown to 8356
[19:43:00.863] [SEVERE ] updating countdown to 8246
[19:43:00.967] [SEVERE ] updating countdown to 8142
[19:43:01.071] [SEVERE ] updating countdown to 8038
[19:43:01.180] [SEVERE ] updating countdown to 7929
[19:43:01.291] [SEVERE ] updating countdown to 7818
[19:43:01.393] [SEVERE ] updating countdown to 7716
[19:43:01.504] [SEVERE ] updating countdown to 7605
[19:43:01.614] [SEVERE ] updating countdown to 7495
[19:43:01.722] [SEVERE ] updating countdown to 7387
[19:43:01.831] [SEVERE ] updating countdown to 7278
[19:43:01.940] [SEVERE ] updating countdown to 7169
[19:43:02.045] [SEVERE ] updating countdown to 7064
[19:43:02.150] [SEVERE ] updating countdown to 6959
[19:43:02.262] [SEVERE ] updating countdown to 6847
[19:43:02.366] [SEVERE ] updating countdown to 6743
[19:43:02.470] [SEVERE ] updating countdown to 6639
[19:43:02.571] [SEVERE ] updating countdown to 6538
[19:43:02.676] [SEVERE ] updating countdown to 6433
[19:43:02.781] [SEVERE ] updating countdown to 6329
[19:43:02.887] [SEVERE ] updating countdown to 6222
[19:43:02.997] [SEVERE ] updating countdown to 6112
[19:43:03.102] [SEVERE ] updating countdown to 6007
[19:43:03.205] [SEVERE ] updating countdown to 5904
[19:43:03.310] [SEVERE ] updating countdown to 5799
[19:43:03.415] [SEVERE ] updating countdown to 5694
[19:43:03.518] [SEVERE ] updating countdown to 5591
[19:43:03.621] [SEVERE ] updating countdown to 5488
[19:43:03.723] [SEVERE ] updating countdown to 5386
[19:43:03.828] [SEVERE ] updating countdown to 5281
[19:43:03.935] [SEVERE ] updating countdown to 5174
[19:43:04.040] [SEVERE ] updating countdown to 5069
[19:43:04.505] [SEVERE ] exit button pressed
[19:43:04.506] [INFO   ] thread player4 terminated.
[19:43:04.506] [INFO   ] thread player6 terminated.
[19:43:04.506] [INFO   ] thread player2 terminated.
[19:43:04.506] [INFO   ] thread player5 terminated.
[19:43:04.506] [INFO   ] thread player7 terminated.
[19:43:04.506] [INFO   ] thread player1 terminated.
[19:43:04.506] [INFO   ] thread player3 terminated.
[19:43:04.506] [INFO   ] thread player0 terminated.
[19:43:04.573] [SEVERE ] removing all tokens
[19:43:04.678] [SEVERE ] removing card from slot 0
[19:43:04.783] [SEVERE ] removing card from slot 1
[19:43:04.888] [SEVERE ] removing card from slot 2
[19:43:04.993] [SEVERE ] removing card from slot 3
[19:43:05.098] [SEVERE ] removing card from slot 4
[19:43:05.203] [SEVERE ] removing card from slot 5
[19:43:05.306] [SEVERE ] removing card from slot 6
[19:43:05.412] [SEVERE ] removing card from slot 7
[19:43:05.517] [SEVERE ] removing card from slot 8
[19:43:05.617] [SEVERE ] removing card from slot 9
[19:43:05.721] [SEVERE ] removing card from slot 10
[19:43:05.825] [SEVERE ] removing card from slot 11
[19:43:05.827] [SEVERE ] announcing winner(s): player 2
[19:43:05.828] [INFO   ] thread dealer terminated.
[19:43:05.828] [INFO   ] thread dealer terminated.
[19:43:05.828] [SEVERE ] thanks for playing... it was fun!
[19:43:05.828] [INFO   ] thread main terminated.
