[19:54:02.805] [INFO   ] thread main starting.
[19:54:02.827] [SEVERE ] cannot read configuration file config.properties trying from resources.
[19:54:02.832] [SEVERE ] configuration file was loaded from resources directory.
[19:54:04.539] [INFO   ] thread dealer starting.
[19:54:04.540] [INFO   ] thread dealer starting.
[19:54:04.540] [INFO   ] thread player0 starting.
[19:54:04.543] [INFO   ] thread computer-0 starting.
[19:54:07.016] [SEVERE ] placing card 53 in slot 0
[19:54:07.120] [SEVERE ] placing card 29 in slot 1
[19:54:07.225] [SEVERE ] placing card 37 in slot 2
[19:54:07.331] [SEVERE ] placing card 15 in slot 3
[19:54:07.436] [SEVERE ] placing card 41 in slot 4
[19:54:07.541] [SEVERE ] placing card 39 in slot 5
[19:54:07.644] [SEVERE ] placing card 48 in slot 6
[19:54:07.747] [SEVERE ] placing card 11 in slot 7
[19:54:07.851] [SEVERE ] placing card 20 in slot 8
[19:54:07.957] [SEVERE ] placing card 32 in slot 9
[19:54:08.060] [SEVERE ] placing card 55 in slot 10
[19:54:08.166] [SEVERE ] placing card 56 in slot 11
[19:54:08.167] [SEVERE ] updating countdown to 1000000
[19:54:08.270] [SEVERE ] updating countdown to 1000898
[19:54:08.371] [SEVERE ] updating countdown to 1000797
[19:54:08.475] [SEVERE ] updating countdown to 1000693
[19:54:08.580] [SEVERE ] updating countdown to 1000588
[19:54:08.685] [SEVERE ] updating countdown to 1000483
[19:54:08.786] [SEVERE ] updating countdown to 1000382
[19:54:08.890] [SEVERE ] updating countdown to 1000278
[19:54:08.991] [SEVERE ] updating countdown to 1000177
[19:54:09.097] [SEVERE ] updating countdown to 1000071
[19:54:09.200] [SEVERE ] updating countdown to 999969
[19:54:09.303] [SEVERE ] updating countdown to 999865
[19:54:09.407] [SEVERE ] updating countdown to 999761
[19:54:09.512] [SEVERE ] updating countdown to 999656
[19:54:09.614] [SEVERE ] updating countdown to 999554
[19:54:09.719] [SEVERE ] updating countdown to 999449
[19:54:09.824] [SEVERE ] updating countdown to 999344
[19:54:09.928] [SEVERE ] updating countdown to 999240
[19:54:10.033] [SEVERE ] updating countdown to 999135
[19:54:10.137] [SEVERE ] updating countdown to 999031
[19:54:10.243] [SEVERE ] updating countdown to 998925
[19:54:10.348] [SEVERE ] updating countdown to 998820
[19:54:10.453] [SEVERE ] updating countdown to 998715
[19:54:10.555] [SEVERE ] updating countdown to 998613
[19:54:10.660] [SEVERE ] updating countdown to 998508
[19:54:10.765] [SEVERE ] updating countdown to 998403
[19:54:10.870] [SEVERE ] updating countdown to 998298
[19:54:10.975] [SEVERE ] updating countdown to 998193
[19:54:11.078] [SEVERE ] updating countdown to 998090
[19:54:11.184] [SEVERE ] updating countdown to 997984
[19:54:11.287] [SEVERE ] updating countdown to 997881
[19:54:11.392] [SEVERE ] updating countdown to 997776
[19:54:11.496] [SEVERE ] updating countdown to 997672
[19:54:11.599] [SEVERE ] updating countdown to 997569
[19:54:11.705] [SEVERE ] updating countdown to 997463
[19:54:11.809] [SEVERE ] updating countdown to 997359
[19:54:11.915] [SEVERE ] updating countdown to 997253
[19:54:12.015] [SEVERE ] updating countdown to 997153
[19:54:12.121] [SEVERE ] updating countdown to 997047
[19:54:12.222] [SEVERE ] updating countdown to 996946
[19:54:12.323] [SEVERE ] updating countdown to 996845
[19:54:12.429] [SEVERE ] updating countdown to 996739
[19:54:12.534] [SEVERE ] updating countdown to 996634
[19:54:12.637] [SEVERE ] updating countdown to 996531
[19:54:12.738] [SEVERE ] updating countdown to 996430
[19:54:12.842] [SEVERE ] updating countdown to 996326
[19:54:12.944] [SEVERE ] updating countdown to 996224
[19:54:13.050] [SEVERE ] updating countdown to 996118
[19:54:13.153] [SEVERE ] updating countdown to 996015
[19:54:13.259] [SEVERE ] updating countdown to 995909
[19:54:13.364] [SEVERE ] updating countdown to 995804
[19:54:13.467] [SEVERE ] updating countdown to 995701
[19:54:13.572] [SEVERE ] updating countdown to 995596
[19:54:13.678] [SEVERE ] updating countdown to 995491
[19:54:13.783] [SEVERE ] updating countdown to 995385
[19:54:13.884] [SEVERE ] updating countdown to 995284
[19:54:13.989] [SEVERE ] updating countdown to 995179
[19:54:14.091] [SEVERE ] updating countdown to 995077
[19:54:14.196] [SEVERE ] updating countdown to 994972
[19:54:14.300] [SEVERE ] updating countdown to 994868
[19:54:14.406] [SEVERE ] updating countdown to 994762
[19:54:14.507] [SEVERE ] updating countdown to 994661
[19:54:14.611] [SEVERE ] updating countdown to 994557
[19:54:14.712] [SEVERE ] updating countdown to 994456
[19:54:14.813] [SEVERE ] updating countdown to 994355
[19:54:14.917] [SEVERE ] updating countdown to 994251
[19:54:15.022] [SEVERE ] updating countdown to 994146
[19:54:15.124] [SEVERE ] updating countdown to 994044
[19:54:15.227] [SEVERE ] updating countdown to 993941
[19:54:15.332] [SEVERE ] updating countdown to 993836
[19:54:15.437] [SEVERE ] updating countdown to 993731
[19:54:15.542] [SEVERE ] updating countdown to 993626
[19:54:15.644] [SEVERE ] updating countdown to 993524
[19:54:15.745] [SEVERE ] updating countdown to 993423
[19:54:15.847] [SEVERE ] updating countdown to 993321
[19:54:15.951] [SEVERE ] updating countdown to 993217
[19:54:16.056] [SEVERE ] updating countdown to 993112
[19:54:16.160] [SEVERE ] updating countdown to 993008
[19:54:16.263] [SEVERE ] updating countdown to 992906
[19:54:16.366] [SEVERE ] updating countdown to 992802
[19:54:16.470] [SEVERE ] updating countdown to 992698
[19:54:16.573] [SEVERE ] updating countdown to 992595
[19:54:16.678] [SEVERE ] updating countdown to 992490
[19:54:16.783] [SEVERE ] updating countdown to 992385
[19:54:16.887] [SEVERE ] updating countdown to 992281
[19:54:16.990] [SEVERE ] updating countdown to 992178
[19:54:17.094] [SEVERE ] updating countdown to 992074
[19:54:17.198] [SEVERE ] updating countdown to 991970
[19:54:17.302] [SEVERE ] updating countdown to 991866
[19:54:17.404] [SEVERE ] updating countdown to 991764
[19:54:17.510] [SEVERE ] updating countdown to 991658
[19:54:17.615] [SEVERE ] updating countdown to 991553
[19:54:17.719] [SEVERE ] updating countdown to 991449
[19:54:17.823] [SEVERE ] updating countdown to 991345
[19:54:17.928] [SEVERE ] updating countdown to 991240
[19:54:18.029] [SEVERE ] updating countdown to 991139
[19:54:18.135] [SEVERE ] updating countdown to 991033
[19:54:18.236] [SEVERE ] updating countdown to 990932
[19:54:18.339] [SEVERE ] updating countdown to 990830
[19:54:18.444] [SEVERE ] updating countdown to 990724
[19:54:18.548] [SEVERE ] updating countdown to 990620
[19:54:18.653] [SEVERE ] updating countdown to 990515
[19:54:18.758] [SEVERE ] updating countdown to 990410
[19:54:18.863] [SEVERE ] updating countdown to 990305
[19:54:18.967] [SEVERE ] updating countdown to 990201
[19:54:19.072] [SEVERE ] updating countdown to 990097
[19:54:19.176] [SEVERE ] updating countdown to 989992
[19:54:19.277] [SEVERE ] updating countdown to 989891
[19:54:19.379] [SEVERE ] updating countdown to 989789
[19:54:19.483] [SEVERE ] updating countdown to 989685
[19:54:19.586] [SEVERE ] updating countdown to 989582
[19:54:19.689] [SEVERE ] updating countdown to 989479
[19:54:19.790] [SEVERE ] updating countdown to 989378
[19:54:19.892] [SEVERE ] updating countdown to 989276
[19:54:19.997] [SEVERE ] updating countdown to 989171
[19:54:20.101] [SEVERE ] updating countdown to 989067
[19:54:20.206] [SEVERE ] updating countdown to 988962
[19:54:20.309] [SEVERE ] updating countdown to 988859
[19:54:20.411] [SEVERE ] updating countdown to 988757
[19:54:20.516] [SEVERE ] updating countdown to 988652
[19:54:20.620] [SEVERE ] updating countdown to 988548
[19:54:20.726] [SEVERE ] updating countdown to 988443
[19:54:20.831] [SEVERE ] updating countdown to 988337
[19:54:20.935] [SEVERE ] updating countdown to 988233
[19:54:21.036] [SEVERE ] updating countdown to 988132
[19:54:21.137] [SEVERE ] updating countdown to 988031
[19:54:21.240] [SEVERE ] updating countdown to 987928
[19:54:21.346] [SEVERE ] updating countdown to 987822
[19:54:21.451] [SEVERE ] updating countdown to 987717
[19:54:21.557] [SEVERE ] updating countdown to 987611
[19:54:21.662] [SEVERE ] updating countdown to 987506
[19:54:21.767] [SEVERE ] updating countdown to 987401
[19:54:21.872] [SEVERE ] updating countdown to 987296
[19:54:21.975] [SEVERE ] updating countdown to 987193
[19:54:22.078] [SEVERE ] updating countdown to 987090
[19:54:22.183] [SEVERE ] updating countdown to 986985
[19:54:22.289] [SEVERE ] updating countdown to 986879
[19:54:22.392] [SEVERE ] updating countdown to 986776
[19:54:22.498] [SEVERE ] updating countdown to 986671
[19:54:22.603] [SEVERE ] updating countdown to 986565
[19:54:22.707] [SEVERE ] updating countdown to 986461
[19:54:22.812] [SEVERE ] updating countdown to 986356
[19:54:22.918] [SEVERE ] updating countdown to 986250
[19:54:23.023] [SEVERE ] updating countdown to 986145
[19:54:23.123] [SEVERE ] updating countdown to 986045
[19:54:23.224] [SEVERE ] updating countdown to 985944
[19:54:23.325] [SEVERE ] updating countdown to 985843
[19:54:23.430] [SEVERE ] updating countdown to 985738
[19:54:23.535] [SEVERE ] updating countdown to 985633
[19:54:23.640] [SEVERE ] updating countdown to 985528
[19:54:23.742] [SEVERE ] updating countdown to 985426
[19:54:23.847] [SEVERE ] updating countdown to 985321
[19:54:23.948] [SEVERE ] updating countdown to 985220
[19:54:24.053] [SEVERE ] updating countdown to 985115
[19:54:24.155] [SEVERE ] updating countdown to 985013
[19:54:24.261] [SEVERE ] updating countdown to 984907
[19:54:24.366] [SEVERE ] updating countdown to 984802
[19:54:24.471] [SEVERE ] updating countdown to 984697
[19:54:24.573] [SEVERE ] updating countdown to 984595
[19:54:24.679] [SEVERE ] updating countdown to 984490
[19:54:24.780] [SEVERE ] updating countdown to 984388
[19:54:24.886] [SEVERE ] updating countdown to 984282
[19:54:24.987] [SEVERE ] updating countdown to 984181
[19:54:25.089] [SEVERE ] updating countdown to 984079
[19:54:25.195] [SEVERE ] updating countdown to 983973
[19:54:25.298] [SEVERE ] updating countdown to 983870
[19:54:25.403] [SEVERE ] updating countdown to 983765
[19:54:25.505] [SEVERE ] updating countdown to 983663
[19:54:25.606] [SEVERE ] updating countdown to 983562
[19:54:25.711] [SEVERE ] updating countdown to 983457
[19:54:25.816] [SEVERE ] updating countdown to 983352
[19:54:25.920] [SEVERE ] updating countdown to 983248
[19:54:26.022] [SEVERE ] updating countdown to 983146
[19:54:26.127] [SEVERE ] updating countdown to 983041
[19:54:26.229] [SEVERE ] updating countdown to 982939
[19:54:26.335] [SEVERE ] updating countdown to 982833
[19:54:26.436] [SEVERE ] updating countdown to 982732
[19:54:26.539] [SEVERE ] updating countdown to 982629
[19:54:26.644] [SEVERE ] updating countdown to 982524
[19:54:26.746] [SEVERE ] updating countdown to 982422
[19:54:26.850] [SEVERE ] updating countdown to 982318
[19:54:26.955] [SEVERE ] updating countdown to 982213
[19:54:27.057] [SEVERE ] updating countdown to 982111
[19:54:27.161] [SEVERE ] updating countdown to 982007
[19:54:27.267] [SEVERE ] updating countdown to 981901
[19:54:27.372] [SEVERE ] updating countdown to 981796
[19:54:27.475] [SEVERE ] updating countdown to 981693
[19:54:27.578] [SEVERE ] updating countdown to 981590
[19:54:27.680] [SEVERE ] updating countdown to 981488
[19:54:27.783] [SEVERE ] updating countdown to 981385
[19:54:27.889] [SEVERE ] updating countdown to 981279
[19:54:27.993] [SEVERE ] updating countdown to 981175
[19:54:28.097] [SEVERE ] updating countdown to 981071
[19:54:28.201] [SEVERE ] updating countdown to 980967
[19:54:28.306] [SEVERE ] updating countdown to 980862
[19:54:28.410] [SEVERE ] updating countdown to 980758
[19:54:28.513] [SEVERE ] updating countdown to 980655
[19:54:28.618] [SEVERE ] updating countdown to 980550
[19:54:28.724] [SEVERE ] updating countdown to 980444
[19:54:28.826] [SEVERE ] updating countdown to 980342
[19:54:28.932] [SEVERE ] updating countdown to 980236
[19:54:29.037] [SEVERE ] updating countdown to 980131
[19:54:29.139] [SEVERE ] updating countdown to 980029
[19:54:29.239] [SEVERE ] updating countdown to 979929
[19:54:29.344] [SEVERE ] updating countdown to 979824
[19:54:29.446] [SEVERE ] updating countdown to 979722
[19:54:29.549] [SEVERE ] updating countdown to 979620
[19:54:29.654] [SEVERE ] updating countdown to 979514
[19:54:29.759] [SEVERE ] updating countdown to 979409
[19:54:29.861] [SEVERE ] updating countdown to 979307
[19:54:29.964] [SEVERE ] updating countdown to 979204
[19:54:30.069] [SEVERE ] updating countdown to 979099
[19:54:30.175] [SEVERE ] updating countdown to 978993
[19:54:30.277] [SEVERE ] updating countdown to 978892
[19:54:30.381] [SEVERE ] updating countdown to 978787
[19:54:30.487] [SEVERE ] updating countdown to 978682
[19:54:30.588] [SEVERE ] updating countdown to 978580
[19:54:30.694] [SEVERE ] updating countdown to 978474
[19:54:30.799] [SEVERE ] updating countdown to 978369
[19:54:30.902] [SEVERE ] updating countdown to 978266
[19:54:31.003] [SEVERE ] updating countdown to 978165
[19:54:31.107] [SEVERE ] updating countdown to 978061
[19:54:31.210] [SEVERE ] updating countdown to 977958
[19:54:31.315] [SEVERE ] updating countdown to 977853
[19:54:31.421] [SEVERE ] updating countdown to 977747
[19:54:31.523] [SEVERE ] updating countdown to 977645
[19:54:31.628] [SEVERE ] updating countdown to 977540
[19:54:31.733] [SEVERE ] updating countdown to 977435
[19:54:31.836] [SEVERE ] updating countdown to 977332
[19:54:31.939] [SEVERE ] updating countdown to 977229
[19:54:32.044] [SEVERE ] updating countdown to 977124
[19:54:32.150] [SEVERE ] updating countdown to 977018
[19:54:32.251] [SEVERE ] updating countdown to 976917
[19:54:32.354] [SEVERE ] updating countdown to 976814
[19:54:32.457] [SEVERE ] updating countdown to 976711
[19:54:32.558] [SEVERE ] updating countdown to 976610
[19:54:32.663] [SEVERE ] updating countdown to 976505
[19:54:32.769] [SEVERE ] updating countdown to 976399
[19:54:32.871] [SEVERE ] updating countdown to 976297
[19:54:32.977] [SEVERE ] updating countdown to 976191
[19:54:33.080] [SEVERE ] updating countdown to 976088
[19:54:33.184] [SEVERE ] updating countdown to 975984
[19:54:33.287] [SEVERE ] updating countdown to 975881
[19:54:33.388] [SEVERE ] updating countdown to 975780
[19:54:33.493] [SEVERE ] updating countdown to 975675
[19:54:33.598] [SEVERE ] updating countdown to 975570
[19:54:33.700] [SEVERE ] updating countdown to 975468
[19:54:33.805] [SEVERE ] updating countdown to 975363
[19:54:33.907] [SEVERE ] updating countdown to 975261
[19:54:34.011] [SEVERE ] updating countdown to 975157
[19:54:34.116] [SEVERE ] updating countdown to 975052
[19:54:34.220] [SEVERE ] updating countdown to 974948
[19:54:34.325] [SEVERE ] updating countdown to 974843
[19:54:34.428] [SEVERE ] updating countdown to 974740
[19:54:34.533] [SEVERE ] updating countdown to 974635
[19:54:34.638] [SEVERE ] updating countdown to 974530
[19:54:34.742] [SEVERE ] updating countdown to 974427
[19:54:34.847] [SEVERE ] updating countdown to 974321
[19:54:34.952] [SEVERE ] updating countdown to 974216
[19:54:35.057] [SEVERE ] updating countdown to 974111
[19:54:35.160] [SEVERE ] updating countdown to 974008
[19:54:35.265] [SEVERE ] updating countdown to 973903
[19:54:35.366] [SEVERE ] updating countdown to 973802
[19:54:35.470] [SEVERE ] updating countdown to 973698
[19:54:35.576] [SEVERE ] updating countdown to 973592
[19:54:35.680] [SEVERE ] updating countdown to 973488
[19:54:35.782] [SEVERE ] updating countdown to 973387
[19:54:35.887] [SEVERE ] updating countdown to 973281
[19:54:35.990] [SEVERE ] updating countdown to 973178
[19:54:36.094] [SEVERE ] updating countdown to 973074
[19:54:36.197] [SEVERE ] updating countdown to 972971
[19:54:36.303] [SEVERE ] updating countdown to 972865
[19:54:36.406] [SEVERE ] updating countdown to 972762
[19:54:36.510] [SEVERE ] updating countdown to 972658
[19:54:36.615] [SEVERE ] updating countdown to 972553
[19:54:36.720] [SEVERE ] updating countdown to 972448
[19:54:36.825] [SEVERE ] updating countdown to 972343
[19:54:36.930] [SEVERE ] updating countdown to 972238
[19:54:37.031] [SEVERE ] updating countdown to 972137
[19:54:37.136] [SEVERE ] updating countdown to 972032
[19:54:37.238] [SEVERE ] updating countdown to 971930
[19:54:37.344] [SEVERE ] updating countdown to 971824
[19:54:37.446] [SEVERE ] updating countdown to 971722
[19:54:37.548] [SEVERE ] updating countdown to 971620
[19:54:37.653] [SEVERE ] updating countdown to 971515
[19:54:37.757] [SEVERE ] updating countdown to 971411
[19:54:37.861] [SEVERE ] updating countdown to 971307
[19:54:37.966] [SEVERE ] updating countdown to 971202
[19:54:38.071] [SEVERE ] updating countdown to 971097
[19:54:38.177] [SEVERE ] updating countdown to 970991
[19:54:38.279] [SEVERE ] updating countdown to 970889
[19:54:38.381] [SEVERE ] updating countdown to 970787
[19:54:38.486] [SEVERE ] updating countdown to 970682
[19:54:38.591] [SEVERE ] updating countdown to 970577
[19:54:38.695] [SEVERE ] updating countdown to 970473
[19:54:38.800] [SEVERE ] updating countdown to 970368
[19:54:38.903] [SEVERE ] updating countdown to 970265
[19:54:39.007] [SEVERE ] updating countdown to 970161
[19:54:39.112] [SEVERE ] updating countdown to 970056
[19:54:39.217] [SEVERE ] updating countdown to 969951
[19:54:39.318] [SEVERE ] updating countdown to 969850
[19:54:39.423] [SEVERE ] updating countdown to 969745
[19:54:39.525] [SEVERE ] updating countdown to 969643
[19:54:39.631] [SEVERE ] updating countdown to 969537
[19:54:39.734] [SEVERE ] updating countdown to 969434
[19:54:39.834] [SEVERE ] updating countdown to 969334
[19:54:39.939] [SEVERE ] updating countdown to 969229
[19:54:40.044] [SEVERE ] updating countdown to 969124
[19:54:40.146] [SEVERE ] updating countdown to 969022
[19:54:40.246] [SEVERE ] updating countdown to 968922
[19:54:40.350] [SEVERE ] updating countdown to 968818
[19:54:40.455] [SEVERE ] updating countdown to 968713
[19:54:40.556] [SEVERE ] updating countdown to 968612
[19:54:40.563] [SEVERE ] player 1 placing token on slot 0
[19:54:40.660] [SEVERE ] updating countdown to 968508
[19:54:40.764] [SEVERE ] updating countdown to 968404
[19:54:40.869] [SEVERE ] updating countdown to 968299
[19:54:40.970] [SEVERE ] updating countdown to 968198
[19:54:41.074] [SEVERE ] updating countdown to 968094
[19:54:41.180] [SEVERE ] updating countdown to 967988
[19:54:41.282] [SEVERE ] updating countdown to 967886
[19:54:41.387] [SEVERE ] updating countdown to 967781
[19:54:41.491] [SEVERE ] updating countdown to 967677
[19:54:41.596] [SEVERE ] updating countdown to 967572
[19:54:41.701] [SEVERE ] updating countdown to 967467
[19:54:41.806] [SEVERE ] updating countdown to 967362
[19:54:41.910] [SEVERE ] updating countdown to 967258
[19:54:42.011] [SEVERE ] updating countdown to 967157
[19:54:42.113] [SEVERE ] updating countdown to 967055
[19:54:42.216] [SEVERE ] updating countdown to 966952
[19:54:42.320] [SEVERE ] updating countdown to 966848
[19:54:42.422] [SEVERE ] updating countdown to 966746
[19:54:42.522] [SEVERE ] updating countdown to 966646
[19:54:42.625] [SEVERE ] updating countdown to 966543
[19:54:42.731] [SEVERE ] updating countdown to 966437
[19:54:42.832] [SEVERE ] updating countdown to 966336
[19:54:42.934] [SEVERE ] updating countdown to 966234
[19:54:43.039] [SEVERE ] updating countdown to 966129
[19:54:43.140] [SEVERE ] updating countdown to 966028
[19:54:43.244] [SEVERE ] updating countdown to 965924
[19:54:43.350] [SEVERE ] updating countdown to 965818
[19:54:43.455] [SEVERE ] updating countdown to 965713
[19:54:43.560] [SEVERE ] updating countdown to 965608
[19:54:43.662] [SEVERE ] updating countdown to 965506
[19:54:43.767] [SEVERE ] updating countdown to 965401
[19:54:43.871] [SEVERE ] updating countdown to 965298
[19:54:43.971] [SEVERE ] updating countdown to 965197
[19:54:44.073] [SEVERE ] updating countdown to 965095
[19:54:44.178] [SEVERE ] updating countdown to 964990
[19:54:44.284] [SEVERE ] updating countdown to 964884
[19:54:44.389] [SEVERE ] updating countdown to 964779
[19:54:44.494] [SEVERE ] updating countdown to 964674
[19:54:44.599] [SEVERE ] updating countdown to 964569
[19:54:44.701] [SEVERE ] updating countdown to 964467
[19:54:44.803] [SEVERE ] updating countdown to 964365
[19:54:44.908] [SEVERE ] updating countdown to 964260
[19:54:45.010] [SEVERE ] updating countdown to 964158
[19:54:45.111] [SEVERE ] updating countdown to 964057
[19:54:45.216] [SEVERE ] updating countdown to 963952
[19:54:45.320] [SEVERE ] updating countdown to 963848
[19:54:45.421] [SEVERE ] updating countdown to 963747
[19:54:45.523] [SEVERE ] updating countdown to 963645
[19:54:45.628] [SEVERE ] updating countdown to 963540
[19:54:45.733] [SEVERE ] updating countdown to 963436
[19:54:45.838] [SEVERE ] updating countdown to 963330
[19:54:45.943] [SEVERE ] updating countdown to 963225
[19:54:46.047] [SEVERE ] updating countdown to 963121
[19:54:46.149] [SEVERE ] updating countdown to 963019
[19:54:46.253] [SEVERE ] updating countdown to 962915
[19:54:46.357] [SEVERE ] updating countdown to 962811
[19:54:46.461] [SEVERE ] updating countdown to 962707
[19:54:46.566] [SEVERE ] updating countdown to 962602
[19:54:46.667] [SEVERE ] updating countdown to 962501
[19:54:46.770] [SEVERE ] updating countdown to 962398
[19:54:46.874] [SEVERE ] updating countdown to 962294
[19:54:46.978] [SEVERE ] updating countdown to 962190
[19:54:47.083] [SEVERE ] updating countdown to 962085
[19:54:47.187] [SEVERE ] updating countdown to 961981
[19:54:47.292] [SEVERE ] updating countdown to 961876
[19:54:47.397] [SEVERE ] updating countdown to 961771
[19:54:47.503] [SEVERE ] updating countdown to 961665
[19:54:47.607] [SEVERE ] updating countdown to 961561
[19:54:47.708] [SEVERE ] updating countdown to 961460
[19:54:47.811] [SEVERE ] updating countdown to 961357
[19:54:47.916] [SEVERE ] updating countdown to 961252
[19:54:48.020] [SEVERE ] updating countdown to 961148
[19:54:48.122] [SEVERE ] updating countdown to 961046
[19:54:48.227] [SEVERE ] updating countdown to 960941
[19:54:48.333] [SEVERE ] updating countdown to 960835
[19:54:48.437] [SEVERE ] updating countdown to 960731
[19:54:48.540] [SEVERE ] updating countdown to 960628
[19:54:48.629] [SEVERE ] player 1 placing token on slot 1
[19:54:48.642] [SEVERE ] updating countdown to 960526
[19:54:48.746] [SEVERE ] updating countdown to 960422
[19:54:48.847] [SEVERE ] updating countdown to 960321
[19:54:48.948] [SEVERE ] updating countdown to 960220
[19:54:49.053] [SEVERE ] updating countdown to 960115
[19:54:49.158] [SEVERE ] updating countdown to 960010
[19:54:49.260] [SEVERE ] updating countdown to 959908
[19:54:49.364] [SEVERE ] updating countdown to 959804
[19:54:49.465] [SEVERE ] updating countdown to 959703
[19:54:49.570] [SEVERE ] updating countdown to 959598
[19:54:49.675] [SEVERE ] updating countdown to 959493
[19:54:49.777] [SEVERE ] updating countdown to 959391
[19:54:49.882] [SEVERE ] updating countdown to 959286
[19:54:49.987] [SEVERE ] updating countdown to 959181
[19:54:50.090] [SEVERE ] updating countdown to 959078
[19:54:50.191] [SEVERE ] updating countdown to 958977
[19:54:50.294] [SEVERE ] updating countdown to 958874
[19:54:50.396] [SEVERE ] updating countdown to 958772
[19:54:50.501] [SEVERE ] updating countdown to 958667
[19:54:50.605] [SEVERE ] updating countdown to 958563
[19:54:50.709] [SEVERE ] updating countdown to 958459
[19:54:50.812] [SEVERE ] updating countdown to 958356
[19:54:50.916] [SEVERE ] updating countdown to 958252
[19:54:51.021] [SEVERE ] updating countdown to 958147
[19:54:51.123] [SEVERE ] updating countdown to 958045
[19:54:51.229] [SEVERE ] updating countdown to 957939
[19:54:51.330] [SEVERE ] updating countdown to 957838
[19:54:51.435] [SEVERE ] updating countdown to 957733
[19:54:51.540] [SEVERE ] updating countdown to 957628
[19:54:51.646] [SEVERE ] updating countdown to 957522
[19:54:51.750] [SEVERE ] updating countdown to 957418
[19:54:51.855] [SEVERE ] updating countdown to 957313
[19:54:51.961] [SEVERE ] updating countdown to 957207
[19:54:52.066] [SEVERE ] updating countdown to 957102
[19:54:52.171] [SEVERE ] updating countdown to 956997
[19:54:52.272] [SEVERE ] updating countdown to 956896
[19:54:52.377] [SEVERE ] updating countdown to 956791
[19:54:52.480] [SEVERE ] updating countdown to 956688
[19:54:52.583] [SEVERE ] updating countdown to 956585
[19:54:52.689] [SEVERE ] updating countdown to 956479
[19:54:52.792] [SEVERE ] updating countdown to 956376
[19:54:52.894] [SEVERE ] updating countdown to 956274
[19:54:52.998] [SEVERE ] updating countdown to 956170
[19:54:53.100] [SEVERE ] updating countdown to 956068
[19:54:53.201] [SEVERE ] updating countdown to 955967
[19:54:53.307] [SEVERE ] updating countdown to 955861
[19:54:53.412] [SEVERE ] updating countdown to 955756
[19:54:53.517] [SEVERE ] updating countdown to 955651
[19:54:53.618] [SEVERE ] updating countdown to 955550
[19:54:53.724] [SEVERE ] updating countdown to 955444
[19:54:53.829] [SEVERE ] updating countdown to 955339
[19:54:53.932] [SEVERE ] updating countdown to 955236
[19:54:54.034] [SEVERE ] updating countdown to 955134
[19:54:54.139] [SEVERE ] updating countdown to 955029
[19:54:54.245] [SEVERE ] updating countdown to 954923
[19:54:54.350] [SEVERE ] updating countdown to 954818
[19:54:54.452] [SEVERE ] updating countdown to 954716
[19:54:54.557] [SEVERE ] updating countdown to 954611
[19:54:54.662] [SEVERE ] updating countdown to 954506
[19:54:54.767] [SEVERE ] updating countdown to 954401
[19:54:54.873] [SEVERE ] updating countdown to 954295
[19:54:54.974] [SEVERE ] updating countdown to 954194
[19:54:55.075] [SEVERE ] updating countdown to 954093
[19:54:55.180] [SEVERE ] updating countdown to 953988
[19:54:55.286] [SEVERE ] updating countdown to 953882
[19:54:55.391] [SEVERE ] updating countdown to 953777
[19:54:55.494] [SEVERE ] updating countdown to 953674
[19:54:55.600] [SEVERE ] updating countdown to 953568
[19:54:55.703] [SEVERE ] updating countdown to 953465
[19:54:55.809] [SEVERE ] updating countdown to 953359
[19:54:55.913] [SEVERE ] updating countdown to 953255
[19:54:56.018] [SEVERE ] updating countdown to 953150
[19:54:56.119] [SEVERE ] updating countdown to 953049
[19:54:56.222] [SEVERE ] updating countdown to 952946
[19:54:56.324] [SEVERE ] updating countdown to 952844
[19:54:56.426] [SEVERE ] updating countdown to 952742
[19:54:56.531] [SEVERE ] updating countdown to 952637
[19:54:56.637] [SEVERE ] updating countdown to 952531
[19:54:56.740] [SEVERE ] updating countdown to 952428
[19:54:56.845] [SEVERE ] updating countdown to 952323
[19:54:56.949] [SEVERE ] updating countdown to 952219
[19:54:57.055] [SEVERE ] updating countdown to 952113
[19:54:57.160] [SEVERE ] updating countdown to 952008
[19:54:57.265] [SEVERE ] updating countdown to 951903
[19:54:57.370] [SEVERE ] updating countdown to 951798
[19:54:57.472] [SEVERE ] updating countdown to 951696
[19:54:57.572] [SEVERE ] updating countdown to 951596
[19:54:57.675] [SEVERE ] updating countdown to 951493
[19:54:57.779] [SEVERE ] updating countdown to 951389
[19:54:57.883] [SEVERE ] updating countdown to 951285
[19:54:57.988] [SEVERE ] updating countdown to 951180
[19:54:58.091] [SEVERE ] updating countdown to 951077
[19:54:58.192] [SEVERE ] updating countdown to 950976
[19:54:58.295] [SEVERE ] updating countdown to 950874
[19:54:58.399] [SEVERE ] updating countdown to 950769
[19:54:58.410] [SEVERE ] removing player 1 token from slot 0
[19:54:58.500] [SEVERE ] updating countdown to 950668
[19:54:58.605] [SEVERE ] updating countdown to 950564
[19:54:58.707] [SEVERE ] updating countdown to 950461
[19:54:58.812] [SEVERE ] updating countdown to 950356
[19:54:58.915] [SEVERE ] updating countdown to 950253
[19:54:59.020] [SEVERE ] updating countdown to 950148
[19:54:59.122] [SEVERE ] updating countdown to 950046
[19:54:59.227] [SEVERE ] updating countdown to 949941
[19:54:59.328] [SEVERE ] updating countdown to 949840
[19:54:59.433] [SEVERE ] updating countdown to 949735
[19:54:59.537] [SEVERE ] updating countdown to 949631
[19:54:59.641] [SEVERE ] updating countdown to 949527
[19:54:59.744] [SEVERE ] updating countdown to 949424
[19:54:59.849] [SEVERE ] updating countdown to 949319
[19:54:59.954] [SEVERE ] updating countdown to 949214
[19:55:00.056] [SEVERE ] updating countdown to 949112
[19:55:00.159] [SEVERE ] updating countdown to 949009
[19:55:00.262] [SEVERE ] updating countdown to 948906
[19:55:00.366] [SEVERE ] updating countdown to 948802
[19:55:00.470] [SEVERE ] updating countdown to 948698
[19:55:00.573] [SEVERE ] updating countdown to 948595
[19:55:00.678] [SEVERE ] updating countdown to 948490
[19:55:00.783] [SEVERE ] updating countdown to 948385
[19:55:00.887] [SEVERE ] updating countdown to 948281
[19:55:00.992] [SEVERE ] updating countdown to 948176
[19:55:01.096] [SEVERE ] updating countdown to 948072
[19:55:01.199] [SEVERE ] updating countdown to 947969
[19:55:01.304] [SEVERE ] updating countdown to 947864
[19:55:01.406] [SEVERE ] updating countdown to 947762
[19:55:01.506] [SEVERE ] updating countdown to 947662
[19:55:01.611] [SEVERE ] updating countdown to 947557
[19:55:01.716] [SEVERE ] updating countdown to 947452
[19:55:01.822] [SEVERE ] updating countdown to 947346
[19:55:01.925] [SEVERE ] updating countdown to 947243
[19:55:02.027] [SEVERE ] updating countdown to 947141
[19:55:02.130] [SEVERE ] updating countdown to 947038
[19:55:02.231] [SEVERE ] updating countdown to 946937
[19:55:02.332] [SEVERE ] updating countdown to 946836
[19:55:02.434] [SEVERE ] updating countdown to 946734
[19:55:02.535] [SEVERE ] updating countdown to 946633
[19:55:02.635] [SEVERE ] updating countdown to 946533
[19:55:02.738] [SEVERE ] updating countdown to 946430
[19:55:02.840] [SEVERE ] updating countdown to 946328
[19:55:02.943] [SEVERE ] updating countdown to 946225
[19:55:03.046] [SEVERE ] updating countdown to 946122
[19:55:03.150] [SEVERE ] updating countdown to 946018
[19:55:03.253] [SEVERE ] updating countdown to 945915
[19:55:03.357] [SEVERE ] updating countdown to 945811
[19:55:03.458] [SEVERE ] updating countdown to 945710
[19:55:03.559] [SEVERE ] updating countdown to 945609
[19:55:03.664] [SEVERE ] updating countdown to 945504
[19:55:03.769] [SEVERE ] updating countdown to 945399
[19:55:03.870] [SEVERE ] updating countdown to 945298
[19:55:03.972] [SEVERE ] updating countdown to 945196
[19:55:04.077] [SEVERE ] updating countdown to 945091
[19:55:04.183] [SEVERE ] updating countdown to 944986
[19:55:04.288] [SEVERE ] updating countdown to 944880
[19:55:04.393] [SEVERE ] updating countdown to 944775
[19:55:04.497] [SEVERE ] updating countdown to 944671
[19:55:04.600] [SEVERE ] updating countdown to 944568
[19:55:04.704] [SEVERE ] updating countdown to 944464
[19:55:04.809] [SEVERE ] updating countdown to 944359
[19:55:04.911] [SEVERE ] updating countdown to 944257
[19:55:05.014] [SEVERE ] updating countdown to 944154
[19:55:05.119] [SEVERE ] updating countdown to 944049
[19:55:05.224] [SEVERE ] updating countdown to 943944
[19:55:05.327] [SEVERE ] updating countdown to 943841
[19:55:05.429] [SEVERE ] updating countdown to 943739
[19:55:05.534] [SEVERE ] updating countdown to 943634
[19:55:05.640] [SEVERE ] updating countdown to 943528
[19:55:05.744] [SEVERE ] updating countdown to 943424
[19:55:05.849] [SEVERE ] updating countdown to 943319
[19:55:05.954] [SEVERE ] updating countdown to 943214
[19:55:06.059] [SEVERE ] updating countdown to 943109
[19:55:06.163] [SEVERE ] updating countdown to 943005
[19:55:06.267] [SEVERE ] updating countdown to 942901
[19:55:06.369] [SEVERE ] updating countdown to 942799
[19:55:06.470] [SEVERE ] updating countdown to 942698
[19:55:06.570] [SEVERE ] updating countdown to 942598
[19:55:06.671] [SEVERE ] updating countdown to 942497
[19:55:06.776] [SEVERE ] updating countdown to 942392
[19:55:06.880] [SEVERE ] updating countdown to 942288
[19:55:06.983] [SEVERE ] updating countdown to 942185
[19:55:07.085] [SEVERE ] updating countdown to 942083
[19:55:07.189] [SEVERE ] updating countdown to 941979
[19:55:07.290] [SEVERE ] updating countdown to 941878
[19:55:07.395] [SEVERE ] updating countdown to 941773
[19:55:07.498] [SEVERE ] updating countdown to 941670
[19:55:07.600] [SEVERE ] updating countdown to 941568
[19:55:07.706] [SEVERE ] updating countdown to 941462
[19:55:07.810] [SEVERE ] updating countdown to 941358
[19:55:07.913] [SEVERE ] updating countdown to 941255
[19:55:08.015] [SEVERE ] updating countdown to 941153
[19:55:08.120] [SEVERE ] updating countdown to 941048
[19:55:08.225] [SEVERE ] updating countdown to 940943
[19:55:08.327] [SEVERE ] updating countdown to 940841
[19:55:08.432] [SEVERE ] updating countdown to 940736
[19:55:08.535] [SEVERE ] updating countdown to 940633
[19:55:08.638] [SEVERE ] updating countdown to 940530
[19:55:08.744] [SEVERE ] updating countdown to 940424
[19:55:08.845] [SEVERE ] updating countdown to 940323
[19:55:08.947] [SEVERE ] updating countdown to 940221
[19:55:09.052] [SEVERE ] updating countdown to 940116
[19:55:09.156] [SEVERE ] updating countdown to 940012
[19:55:09.260] [SEVERE ] updating countdown to 939908
[19:55:09.363] [SEVERE ] updating countdown to 939805
[19:55:09.467] [SEVERE ] updating countdown to 939701
[19:55:09.568] [SEVERE ] updating countdown to 939600
[19:55:09.673] [SEVERE ] updating countdown to 939495
[19:55:09.775] [SEVERE ] updating countdown to 939393
[19:55:09.876] [SEVERE ] updating countdown to 939292
[19:55:09.982] [SEVERE ] updating countdown to 939186
[19:55:10.087] [SEVERE ] updating countdown to 939081
[19:55:10.192] [SEVERE ] updating countdown to 938976
[19:55:10.298] [SEVERE ] updating countdown to 938870
[19:55:10.401] [SEVERE ] updating countdown to 938767
[19:55:10.503] [SEVERE ] updating countdown to 938665
[19:55:10.607] [SEVERE ] updating countdown to 938561
[19:55:10.709] [SEVERE ] updating countdown to 938459
[19:55:10.810] [SEVERE ] updating countdown to 938358
[19:55:10.915] [SEVERE ] updating countdown to 938253
[19:55:11.016] [SEVERE ] updating countdown to 938152
[19:55:11.120] [SEVERE ] updating countdown to 938048
[19:55:11.224] [SEVERE ] updating countdown to 937944
[19:55:11.329] [SEVERE ] updating countdown to 937839
[19:55:11.430] [SEVERE ] updating countdown to 937738
[19:55:11.536] [SEVERE ] updating countdown to 937632
[19:55:11.640] [SEVERE ] updating countdown to 937528
[19:55:11.741] [SEVERE ] updating countdown to 937427
[19:55:11.846] [SEVERE ] updating countdown to 937322
[19:55:11.947] [SEVERE ] updating countdown to 937221
[19:55:12.049] [SEVERE ] updating countdown to 937119
[19:55:12.153] [SEVERE ] updating countdown to 937015
[19:55:12.258] [SEVERE ] updating countdown to 936910
[19:55:12.360] [SEVERE ] updating countdown to 936808
[19:55:12.460] [SEVERE ] updating countdown to 936708
[19:55:12.565] [SEVERE ] updating countdown to 936603
[19:55:12.668] [SEVERE ] updating countdown to 936500
[19:55:12.771] [SEVERE ] updating countdown to 936397
[19:55:12.874] [SEVERE ] updating countdown to 936294
[19:55:12.975] [SEVERE ] updating countdown to 936193
[19:55:13.078] [SEVERE ] updating countdown to 936090
[19:55:13.183] [SEVERE ] updating countdown to 935985
[19:55:13.286] [SEVERE ] updating countdown to 935882
[19:55:13.387] [SEVERE ] updating countdown to 935781
[19:55:13.491] [SEVERE ] updating countdown to 935677
[19:55:13.596] [SEVERE ] updating countdown to 935572
[19:55:13.697] [SEVERE ] updating countdown to 935471
[19:55:13.799] [SEVERE ] updating countdown to 935369
[19:55:13.904] [SEVERE ] updating countdown to 935264
[19:55:14.004] [SEVERE ] updating countdown to 935164
[19:55:14.109] [SEVERE ] updating countdown to 935059
[19:55:14.214] [SEVERE ] updating countdown to 934954
[19:55:14.320] [SEVERE ] updating countdown to 934848
[19:55:14.425] [SEVERE ] updating countdown to 934743
[19:55:14.530] [SEVERE ] updating countdown to 934638
[19:55:14.631] [SEVERE ] updating countdown to 934537
[19:55:14.736] [SEVERE ] updating countdown to 934432
[19:55:14.840] [SEVERE ] updating countdown to 934328
[19:55:14.945] [SEVERE ] updating countdown to 934223
[19:55:15.050] [SEVERE ] updating countdown to 934118
[19:55:15.154] [SEVERE ] updating countdown to 934014
[19:55:15.256] [SEVERE ] updating countdown to 933912
[19:55:15.357] [SEVERE ] updating countdown to 933811
[19:55:15.461] [SEVERE ] updating countdown to 933707
[19:55:15.564] [SEVERE ] updating countdown to 933604
[19:55:15.666] [SEVERE ] updating countdown to 933502
[19:55:15.771] [SEVERE ] updating countdown to 933397
[19:55:15.875] [SEVERE ] updating countdown to 933293
[19:55:15.978] [SEVERE ] updating countdown to 933190
[19:55:16.083] [SEVERE ] updating countdown to 933085
[19:55:16.188] [SEVERE ] updating countdown to 932980
[19:55:16.290] [SEVERE ] updating countdown to 932878
[19:55:16.396] [SEVERE ] updating countdown to 932772
[19:55:16.501] [SEVERE ] updating countdown to 932667
[19:55:16.603] [SEVERE ] updating countdown to 932565
[19:55:16.705] [SEVERE ] updating countdown to 932463
[19:55:16.806] [SEVERE ] updating countdown to 932362
[19:55:16.908] [SEVERE ] updating countdown to 932260
[19:55:17.010] [SEVERE ] updating countdown to 932158
[19:55:17.112] [SEVERE ] updating countdown to 932056
[19:55:17.217] [SEVERE ] updating countdown to 931951
[19:55:17.321] [SEVERE ] updating countdown to 931847
[19:55:17.427] [SEVERE ] updating countdown to 931741
[19:55:17.531] [SEVERE ] updating countdown to 931637
[19:55:17.632] [SEVERE ] updating countdown to 931536
[19:55:17.737] [SEVERE ] updating countdown to 931431
[19:55:17.841] [SEVERE ] updating countdown to 931327
[19:55:17.946] [SEVERE ] updating countdown to 931222
[19:55:18.047] [SEVERE ] updating countdown to 931121
[19:55:18.152] [SEVERE ] updating countdown to 931016
[19:55:18.254] [SEVERE ] updating countdown to 930914
[19:55:18.359] [SEVERE ] updating countdown to 930809
[19:55:18.464] [SEVERE ] updating countdown to 930704
[19:55:18.569] [SEVERE ] updating countdown to 930599
[19:55:18.673] [SEVERE ] updating countdown to 930495
[19:55:18.774] [SEVERE ] updating countdown to 930394
[19:55:18.878] [SEVERE ] updating countdown to 930290
[19:55:18.979] [SEVERE ] updating countdown to 930189
[19:55:19.084] [SEVERE ] updating countdown to 930084
[19:55:19.184] [SEVERE ] updating countdown to 929984
[19:55:19.289] [SEVERE ] updating countdown to 929879
[19:55:19.390] [SEVERE ] updating countdown to 929778
[19:55:19.495] [SEVERE ] updating countdown to 929673
[19:55:19.600] [SEVERE ] updating countdown to 929568
[19:55:19.705] [SEVERE ] updating countdown to 929463
[19:55:19.810] [SEVERE ] updating countdown to 929358
[19:55:19.915] [SEVERE ] updating countdown to 929253
[19:55:20.018] [SEVERE ] updating countdown to 929150
[19:55:20.119] [SEVERE ] updating countdown to 929049
[19:55:20.224] [SEVERE ] updating countdown to 928944
[19:55:20.329] [SEVERE ] updating countdown to 928839
[19:55:20.433] [SEVERE ] updating countdown to 928735
[19:55:20.538] [SEVERE ] updating countdown to 928630
[19:55:20.639] [SEVERE ] updating countdown to 928529
[19:55:20.744] [SEVERE ] updating countdown to 928425
[19:55:20.845] [SEVERE ] updating countdown to 928323
[19:55:20.950] [SEVERE ] updating countdown to 928218
[19:55:21.055] [SEVERE ] updating countdown to 928114
[19:55:21.157] [SEVERE ] updating countdown to 928011
[19:55:21.261] [SEVERE ] updating countdown to 927907
[19:55:21.367] [SEVERE ] updating countdown to 927801
[19:55:21.470] [SEVERE ] updating countdown to 927698
[19:55:21.571] [SEVERE ] updating countdown to 927597
[19:55:21.676] [SEVERE ] updating countdown to 927492
[19:55:21.781] [SEVERE ] updating countdown to 927387
[19:55:21.886] [SEVERE ] updating countdown to 927282
[19:55:21.992] [SEVERE ] updating countdown to 927176
[19:55:22.095] [SEVERE ] updating countdown to 927073
[19:55:22.200] [SEVERE ] updating countdown to 926968
[19:55:22.304] [SEVERE ] updating countdown to 926864
[19:55:22.407] [SEVERE ] updating countdown to 926761
[19:55:22.510] [SEVERE ] updating countdown to 926658
[19:55:22.613] [SEVERE ] updating countdown to 926555
[19:55:22.714] [SEVERE ] updating countdown to 926454
[19:55:22.819] [SEVERE ] updating countdown to 926349
[19:55:22.924] [SEVERE ] updating countdown to 926244
[19:55:23.028] [SEVERE ] updating countdown to 926140
[19:55:23.130] [SEVERE ] updating countdown to 926038
[19:55:23.233] [SEVERE ] updating countdown to 925935
[19:55:23.339] [SEVERE ] updating countdown to 925829
[19:55:23.444] [SEVERE ] updating countdown to 925724
[19:55:23.550] [SEVERE ] updating countdown to 925618
[19:55:23.650] [SEVERE ] updating countdown to 925518
[19:55:23.750] [SEVERE ] updating countdown to 925418
[19:55:23.852] [SEVERE ] updating countdown to 925316
[19:55:23.955] [SEVERE ] updating countdown to 925213
[19:55:24.057] [SEVERE ] updating countdown to 925111
[19:55:24.163] [SEVERE ] updating countdown to 925005
[19:55:24.266] [SEVERE ] updating countdown to 924902
[19:55:24.370] [SEVERE ] updating countdown to 924798
[19:55:24.471] [SEVERE ] updating countdown to 924697
[19:55:24.575] [SEVERE ] updating countdown to 924593
[19:55:24.680] [SEVERE ] updating countdown to 924488
[19:55:24.782] [SEVERE ] updating countdown to 924386
[19:55:24.884] [SEVERE ] updating countdown to 924284
[19:55:24.989] [SEVERE ] updating countdown to 924179
[19:55:25.093] [SEVERE ] updating countdown to 924075
[19:55:25.196] [SEVERE ] updating countdown to 923972
[19:55:25.301] [SEVERE ] updating countdown to 923867
[19:55:25.402] [SEVERE ] updating countdown to 923766
[19:55:25.503] [SEVERE ] updating countdown to 923665
[19:55:25.604] [SEVERE ] updating countdown to 923564
[19:55:25.705] [SEVERE ] updating countdown to 923463
[19:55:25.806] [SEVERE ] updating countdown to 923362
[19:55:25.912] [SEVERE ] updating countdown to 923256
[19:55:26.014] [SEVERE ] updating countdown to 923154
[19:55:26.115] [SEVERE ] updating countdown to 923053
[19:55:26.219] [SEVERE ] updating countdown to 922949
[19:55:26.324] [SEVERE ] updating countdown to 922844
[19:55:26.428] [SEVERE ] updating countdown to 922740
[19:55:26.530] [SEVERE ] updating countdown to 922638
[19:55:26.630] [SEVERE ] updating countdown to 922538
[19:55:26.734] [SEVERE ] updating countdown to 922434
[19:55:26.836] [SEVERE ] updating countdown to 922332
[19:55:26.938] [SEVERE ] updating countdown to 922230
[19:55:27.040] [SEVERE ] updating countdown to 922128
[19:55:27.143] [SEVERE ] updating countdown to 922025
[19:55:27.245] [SEVERE ] updating countdown to 921923
[19:55:27.351] [SEVERE ] updating countdown to 921817
[19:55:27.454] [SEVERE ] updating countdown to 921714
[19:55:27.556] [SEVERE ] updating countdown to 921612
[19:55:27.658] [SEVERE ] updating countdown to 921510
[19:55:27.759] [SEVERE ] updating countdown to 921409
[19:55:27.862] [SEVERE ] updating countdown to 921306
[19:55:27.967] [SEVERE ] updating countdown to 921201
[19:55:28.072] [SEVERE ] updating countdown to 921096
[19:55:28.172] [SEVERE ] updating countdown to 920996
[19:55:28.277] [SEVERE ] updating countdown to 920891
[19:55:28.379] [SEVERE ] updating countdown to 920789
[19:55:28.485] [SEVERE ] updating countdown to 920683
[19:55:28.587] [SEVERE ] updating countdown to 920581
[19:55:28.692] [SEVERE ] updating countdown to 920476
[19:55:28.797] [SEVERE ] updating countdown to 920371
[19:55:28.903] [SEVERE ] updating countdown to 920266
[19:55:29.008] [SEVERE ] updating countdown to 920160
[19:55:29.113] [SEVERE ] updating countdown to 920055
[19:55:29.218] [SEVERE ] updating countdown to 919950
[19:55:29.322] [SEVERE ] updating countdown to 919846
[19:55:29.427] [SEVERE ] updating countdown to 919741
[19:55:29.530] [SEVERE ] updating countdown to 919638
[19:55:29.635] [SEVERE ] updating countdown to 919533
[19:55:29.737] [SEVERE ] updating countdown to 919431
[19:55:29.841] [SEVERE ] updating countdown to 919327
[19:55:29.946] [SEVERE ] updating countdown to 919222
[19:55:30.046] [SEVERE ] updating countdown to 919122
[19:55:30.150] [SEVERE ] updating countdown to 919018
[19:55:30.255] [SEVERE ] updating countdown to 918913
[19:55:30.360] [SEVERE ] updating countdown to 918808
[19:55:30.462] [SEVERE ] updating countdown to 918706
[19:55:30.563] [SEVERE ] updating countdown to 918605
[19:55:30.666] [SEVERE ] updating countdown to 918502
[19:55:30.767] [SEVERE ] updating countdown to 918401
[19:55:30.870] [SEVERE ] updating countdown to 918298
[19:55:30.975] [SEVERE ] updating countdown to 918193
[19:55:31.077] [SEVERE ] updating countdown to 918091
[19:55:31.181] [SEVERE ] updating countdown to 917987
[19:55:31.284] [SEVERE ] updating countdown to 917884
[19:55:31.387] [SEVERE ] updating countdown to 917781
[19:55:31.489] [SEVERE ] updating countdown to 917679
[19:55:31.591] [SEVERE ] updating countdown to 917577
[19:55:31.696] [SEVERE ] updating countdown to 917472
[19:55:31.801] [SEVERE ] updating countdown to 917367
[19:55:31.903] [SEVERE ] updating countdown to 917265
[19:55:32.007] [SEVERE ] updating countdown to 917161
[19:55:32.112] [SEVERE ] updating countdown to 917056
[19:55:32.213] [SEVERE ] updating countdown to 916955
[19:55:32.315] [SEVERE ] updating countdown to 916853
[19:55:32.420] [SEVERE ] updating countdown to 916748
[19:55:32.525] [SEVERE ] updating countdown to 916643
[19:55:32.630] [SEVERE ] updating countdown to 916538
[19:55:32.736] [SEVERE ] updating countdown to 916432
[19:55:32.838] [SEVERE ] updating countdown to 916330
[19:55:32.941] [SEVERE ] updating countdown to 916227
[19:55:33.044] [SEVERE ] updating countdown to 916124
[19:55:33.149] [SEVERE ] updating countdown to 916019
[19:55:33.255] [SEVERE ] updating countdown to 915913
[19:55:33.357] [SEVERE ] updating countdown to 915811
[19:55:33.463] [SEVERE ] updating countdown to 915705
[19:55:33.568] [SEVERE ] updating countdown to 915600
[19:55:33.669] [SEVERE ] updating countdown to 915499
[19:55:33.770] [SEVERE ] updating countdown to 915398
[19:55:33.875] [SEVERE ] updating countdown to 915293
[19:55:33.979] [SEVERE ] updating countdown to 915189
[19:55:34.084] [SEVERE ] updating countdown to 915084
[19:55:34.189] [SEVERE ] updating countdown to 914979
[19:55:34.295] [SEVERE ] updating countdown to 914873
[19:55:34.396] [SEVERE ] updating countdown to 914772
[19:55:34.496] [SEVERE ] updating countdown to 914672
[19:55:34.600] [SEVERE ] updating countdown to 914568
[19:55:34.706] [SEVERE ] updating countdown to 914462
[19:55:34.806] [SEVERE ] updating countdown to 914362
[19:55:34.910] [SEVERE ] updating countdown to 914258
[19:55:35.016] [SEVERE ] updating countdown to 914152
[19:55:35.118] [SEVERE ] updating countdown to 914050
[19:55:35.220] [SEVERE ] updating countdown to 913948
[19:55:35.323] [SEVERE ] updating countdown to 913845
[19:55:35.427] [SEVERE ] updating countdown to 913741
[19:55:35.529] [SEVERE ] updating countdown to 913639
[19:55:35.635] [SEVERE ] updating countdown to 913534
[19:55:35.737] [SEVERE ] updating countdown to 913431
[19:55:35.843] [SEVERE ] updating countdown to 913325
[19:55:35.947] [SEVERE ] updating countdown to 913221
[19:55:36.049] [SEVERE ] updating countdown to 913119
[19:55:36.150] [SEVERE ] updating countdown to 913018
[19:55:36.251] [SEVERE ] updating countdown to 912917
[19:55:36.357] [SEVERE ] updating countdown to 912811
[19:55:36.460] [SEVERE ] updating countdown to 912708
[19:55:36.566] [SEVERE ] updating countdown to 912602
[19:55:36.670] [SEVERE ] updating countdown to 912498
[19:55:36.775] [SEVERE ] updating countdown to 912393
[19:55:36.881] [SEVERE ] updating countdown to 912287
[19:55:36.986] [SEVERE ] updating countdown to 912182
[19:55:37.090] [SEVERE ] updating countdown to 912078
[19:55:37.192] [SEVERE ] updating countdown to 911976
[19:55:37.297] [SEVERE ] updating countdown to 911871
[19:55:37.399] [SEVERE ] updating countdown to 911769
[19:55:37.504] [SEVERE ] updating countdown to 911664
[19:55:37.609] [SEVERE ] updating countdown to 911559
[19:55:37.714] [SEVERE ] updating countdown to 911454
[19:55:37.818] [SEVERE ] updating countdown to 911350
[19:55:37.920] [SEVERE ] updating countdown to 911248
[19:55:38.026] [SEVERE ] updating countdown to 911142
[19:55:38.127] [SEVERE ] updating countdown to 911041
[19:55:38.232] [SEVERE ] updating countdown to 910936
[19:55:38.334] [SEVERE ] updating countdown to 910834
[19:55:38.437] [SEVERE ] updating countdown to 910731
[19:55:38.543] [SEVERE ] updating countdown to 910625
[19:55:38.648] [SEVERE ] updating countdown to 910520
[19:55:38.753] [SEVERE ] updating countdown to 910415
[19:55:38.858] [SEVERE ] updating countdown to 910310
[19:55:38.962] [SEVERE ] updating countdown to 910206
[19:55:39.064] [SEVERE ] updating countdown to 910104
[19:55:39.167] [SEVERE ] updating countdown to 910001
[19:55:39.268] [SEVERE ] updating countdown to 909900
[19:55:39.370] [SEVERE ] updating countdown to 909798
[19:55:39.476] [SEVERE ] updating countdown to 909692
[19:55:39.579] [SEVERE ] updating countdown to 909589
[19:55:39.681] [SEVERE ] updating countdown to 909487
[19:55:39.787] [SEVERE ] updating countdown to 909381
[19:55:39.889] [SEVERE ] updating countdown to 909279
[19:55:39.994] [SEVERE ] updating countdown to 909174
[19:55:40.097] [SEVERE ] updating countdown to 909071
[19:55:40.203] [SEVERE ] updating countdown to 908965
[19:55:40.305] [SEVERE ] updating countdown to 908863
[19:55:40.405] [SEVERE ] updating countdown to 908763
[19:55:40.510] [SEVERE ] updating countdown to 908658
[19:55:40.613] [SEVERE ] updating countdown to 908555
[19:55:40.714] [SEVERE ] updating countdown to 908454
[19:55:40.818] [SEVERE ] updating countdown to 908350
[19:55:40.918] [SEVERE ] updating countdown to 908250
[19:55:41.020] [SEVERE ] updating countdown to 908148
[19:55:41.123] [SEVERE ] updating countdown to 908045
[19:55:41.227] [SEVERE ] updating countdown to 907941
[19:55:41.332] [SEVERE ] updating countdown to 907836
[19:55:41.437] [SEVERE ] updating countdown to 907731
[19:55:41.541] [SEVERE ] updating countdown to 907627
[19:55:41.643] [SEVERE ] updating countdown to 907525
[19:55:41.747] [SEVERE ] updating countdown to 907421
[19:55:41.853] [SEVERE ] updating countdown to 907315
[19:55:41.957] [SEVERE ] updating countdown to 907211
[19:55:42.062] [SEVERE ] updating countdown to 907106
[19:55:42.167] [SEVERE ] updating countdown to 907001
[19:55:42.272] [SEVERE ] updating countdown to 906896
[19:55:42.378] [SEVERE ] updating countdown to 906790
[19:55:42.483] [SEVERE ] updating countdown to 906685
[19:55:42.585] [SEVERE ] updating countdown to 906583
[19:55:42.686] [SEVERE ] updating countdown to 906482
[19:55:42.788] [SEVERE ] updating countdown to 906380
[19:55:42.890] [SEVERE ] updating countdown to 906278
[19:55:42.996] [SEVERE ] updating countdown to 906173
[19:55:43.096] [SEVERE ] updating countdown to 906072
[19:55:43.202] [SEVERE ] updating countdown to 905966
[19:55:43.307] [SEVERE ] updating countdown to 905861
[19:55:43.411] [SEVERE ] updating countdown to 905757
[19:55:43.517] [SEVERE ] updating countdown to 905651
[19:55:43.622] [SEVERE ] updating countdown to 905546
[19:55:43.727] [SEVERE ] updating countdown to 905441
[19:55:43.832] [SEVERE ] updating countdown to 905336
[19:55:43.937] [SEVERE ] updating countdown to 905231
[19:55:44.038] [SEVERE ] updating countdown to 905130
[19:55:44.143] [SEVERE ] updating countdown to 905025
[19:55:44.249] [SEVERE ] updating countdown to 904919
[19:55:44.350] [SEVERE ] updating countdown to 904818
[19:55:44.451] [SEVERE ] updating countdown to 904717
[19:55:44.555] [SEVERE ] updating countdown to 904613
[19:55:44.659] [SEVERE ] updating countdown to 904509
[19:55:44.760] [SEVERE ] updating countdown to 904408
[19:55:44.866] [SEVERE ] updating countdown to 904302
[19:55:44.969] [SEVERE ] updating countdown to 904199
[19:55:45.070] [SEVERE ] updating countdown to 904098
[19:55:45.171] [SEVERE ] updating countdown to 903997
[19:55:45.273] [SEVERE ] updating countdown to 903895
[19:55:45.378] [SEVERE ] updating countdown to 903790
[19:55:45.483] [SEVERE ] updating countdown to 903685
[19:55:45.584] [SEVERE ] updating countdown to 903584
[19:55:45.687] [SEVERE ] updating countdown to 903481
[19:55:45.791] [SEVERE ] updating countdown to 903377
[19:55:45.896] [SEVERE ] updating countdown to 903272
[19:55:45.997] [SEVERE ] updating countdown to 903171
[19:55:46.102] [SEVERE ] updating countdown to 903066
[19:55:46.207] [SEVERE ] updating countdown to 902961
[19:55:46.313] [SEVERE ] updating countdown to 902855
[19:55:46.417] [SEVERE ] updating countdown to 902751
[19:55:46.518] [SEVERE ] updating countdown to 902650
[19:55:46.622] [SEVERE ] updating countdown to 902546
[19:55:46.727] [SEVERE ] updating countdown to 902441
[19:55:46.833] [SEVERE ] updating countdown to 902335
[19:55:46.934] [SEVERE ] updating countdown to 902234
[19:55:47.035] [SEVERE ] updating countdown to 902133
[19:55:47.141] [SEVERE ] updating countdown to 902027
[19:55:47.243] [SEVERE ] updating countdown to 901925
[19:55:47.346] [SEVERE ] updating countdown to 901822
[19:55:47.449] [SEVERE ] updating countdown to 901719
[19:55:47.550] [SEVERE ] updating countdown to 901618
[19:55:47.655] [SEVERE ] updating countdown to 901513
[19:55:47.757] [SEVERE ] updating countdown to 901411
[19:55:47.858] [SEVERE ] updating countdown to 901310
[19:55:47.963] [SEVERE ] updating countdown to 901205
[19:55:48.067] [SEVERE ] updating countdown to 901101
[19:55:48.173] [SEVERE ] updating countdown to 900995
[19:55:48.278] [SEVERE ] updating countdown to 900890
[19:55:48.382] [SEVERE ] updating countdown to 900786
[19:55:48.483] [SEVERE ] updating countdown to 900685
[19:55:48.587] [SEVERE ] updating countdown to 900581
[19:55:48.692] [SEVERE ] updating countdown to 900476
[19:55:48.797] [SEVERE ] updating countdown to 900371
[19:55:48.900] [SEVERE ] updating countdown to 900268
[19:55:49.005] [SEVERE ] updating countdown to 900163
[19:55:49.110] [SEVERE ] updating countdown to 900058
[19:55:49.215] [SEVERE ] updating countdown to 899953
[19:55:49.321] [SEVERE ] updating countdown to 899847
[19:55:49.424] [SEVERE ] updating countdown to 899744
[19:55:49.527] [SEVERE ] updating countdown to 899641
[19:55:49.633] [SEVERE ] updating countdown to 899535
[19:55:49.733] [SEVERE ] updating countdown to 899435
[19:55:49.838] [SEVERE ] updating countdown to 899330
[19:55:49.943] [SEVERE ] updating countdown to 899225
[19:55:50.048] [SEVERE ] updating countdown to 899120
[19:55:50.153] [SEVERE ] updating countdown to 899015
[19:55:50.257] [SEVERE ] updating countdown to 898911
[19:55:50.360] [SEVERE ] updating countdown to 898808
[19:55:50.460] [SEVERE ] updating countdown to 898708
[19:55:50.563] [SEVERE ] updating countdown to 898605
[19:55:50.665] [SEVERE ] updating countdown to 898503
[19:55:50.770] [SEVERE ] updating countdown to 898398
[19:55:50.871] [SEVERE ] updating countdown to 898297
[19:55:50.971] [SEVERE ] updating countdown to 898197
[19:55:51.076] [SEVERE ] updating countdown to 898092
[19:55:51.180] [SEVERE ] updating countdown to 897988
[19:55:51.283] [SEVERE ] updating countdown to 897885
[19:55:51.387] [SEVERE ] updating countdown to 897781
[19:55:51.493] [SEVERE ] updating countdown to 897675
[19:55:51.598] [SEVERE ] updating countdown to 897570
[19:55:51.703] [SEVERE ] updating countdown to 897465
[19:55:51.807] [SEVERE ] updating countdown to 897361
[19:55:51.910] [SEVERE ] updating countdown to 897258
[19:55:52.015] [SEVERE ] updating countdown to 897153
[19:55:52.120] [SEVERE ] updating countdown to 897048
[19:55:52.222] [SEVERE ] updating countdown to 896946
[19:55:52.323] [SEVERE ] updating countdown to 896845
[19:55:52.423] [SEVERE ] updating countdown to 896745
[19:55:52.528] [SEVERE ] updating countdown to 896640
[19:55:52.633] [SEVERE ] updating countdown to 896535
[19:55:52.738] [SEVERE ] updating countdown to 896430
[19:55:52.841] [SEVERE ] updating countdown to 896327
[19:55:52.942] [SEVERE ] updating countdown to 896226
[19:55:53.043] [SEVERE ] updating countdown to 896125
[19:55:53.144] [SEVERE ] updating countdown to 896024
[19:55:53.245] [SEVERE ] updating countdown to 895923
[19:55:53.346] [SEVERE ] updating countdown to 895822
[19:55:53.451] [SEVERE ] updating countdown to 895717
[19:55:53.555] [SEVERE ] updating countdown to 895613
[19:55:53.660] [SEVERE ] updating countdown to 895508
[19:55:53.762] [SEVERE ] updating countdown to 895406
[19:55:53.867] [SEVERE ] updating countdown to 895301
[19:55:53.971] [SEVERE ] updating countdown to 895197
[19:55:54.076] [SEVERE ] updating countdown to 895092
[19:55:54.181] [SEVERE ] updating countdown to 894987
[19:55:54.287] [SEVERE ] updating countdown to 894881
[19:55:54.391] [SEVERE ] updating countdown to 894777
[19:55:54.493] [SEVERE ] updating countdown to 894675
[19:55:54.598] [SEVERE ] updating countdown to 894571
[19:55:54.702] [SEVERE ] updating countdown to 894466
[19:55:54.808] [SEVERE ] updating countdown to 894360
[19:55:54.913] [SEVERE ] updating countdown to 894255
[19:55:55.016] [SEVERE ] updating countdown to 894152
[19:55:55.121] [SEVERE ] updating countdown to 894047
[19:55:55.227] [SEVERE ] updating countdown to 893941
[19:55:55.329] [SEVERE ] updating countdown to 893839
[19:55:55.432] [SEVERE ] updating countdown to 893736
[19:55:55.536] [SEVERE ] updating countdown to 893632
[19:55:55.640] [SEVERE ] updating countdown to 893528
[19:55:55.742] [SEVERE ] updating countdown to 893426
[19:55:55.844] [SEVERE ] updating countdown to 893324
[19:55:55.949] [SEVERE ] updating countdown to 893219
[19:55:56.054] [SEVERE ] updating countdown to 893114
[19:55:56.158] [SEVERE ] updating countdown to 893010
[19:55:56.259] [SEVERE ] updating countdown to 892909
[19:55:56.361] [SEVERE ] updating countdown to 892807
[19:55:56.462] [SEVERE ] updating countdown to 892706
[19:55:56.567] [SEVERE ] updating countdown to 892601
[19:55:56.671] [SEVERE ] updating countdown to 892497
[19:55:56.774] [SEVERE ] updating countdown to 892394
[19:55:56.876] [SEVERE ] updating countdown to 892292
[19:55:56.979] [SEVERE ] updating countdown to 892189
[19:55:57.080] [SEVERE ] updating countdown to 892088
[19:55:57.182] [SEVERE ] updating countdown to 891986
[19:55:57.288] [SEVERE ] updating countdown to 891881
[19:55:57.392] [SEVERE ] updating countdown to 891776
[19:55:57.498] [SEVERE ] updating countdown to 891670
[19:55:57.601] [SEVERE ] updating countdown to 891567
[19:55:57.706] [SEVERE ] updating countdown to 891462
[19:55:57.811] [SEVERE ] updating countdown to 891357
[19:55:57.912] [SEVERE ] updating countdown to 891256
[19:55:58.018] [SEVERE ] updating countdown to 891150
[19:55:58.120] [SEVERE ] updating countdown to 891048
[19:55:58.222] [SEVERE ] updating countdown to 890946
[19:55:58.322] [SEVERE ] updating countdown to 890846
[19:55:58.427] [SEVERE ] updating countdown to 890741
[19:55:58.530] [SEVERE ] updating countdown to 890638
[19:55:58.635] [SEVERE ] updating countdown to 890533
[19:55:58.739] [SEVERE ] updating countdown to 890429
[19:55:58.841] [SEVERE ] updating countdown to 890327
[19:55:58.945] [SEVERE ] updating countdown to 890223
[19:55:59.050] [SEVERE ] updating countdown to 890118
[19:55:59.155] [SEVERE ] updating countdown to 890013
[19:55:59.260] [SEVERE ] updating countdown to 889908
[19:55:59.365] [SEVERE ] updating countdown to 889803
[19:55:59.470] [SEVERE ] updating countdown to 889698
[19:55:59.575] [SEVERE ] updating countdown to 889593
[19:55:59.679] [SEVERE ] updating countdown to 889489
[19:55:59.784] [SEVERE ] updating countdown to 889384
[19:55:59.885] [SEVERE ] updating countdown to 889283
[19:55:59.990] [SEVERE ] updating countdown to 889178
[19:56:00.095] [SEVERE ] updating countdown to 889073
[19:56:00.201] [SEVERE ] updating countdown to 888967
[19:56:00.304] [SEVERE ] updating countdown to 888864
[19:56:00.405] [SEVERE ] updating countdown to 888763
[19:56:00.507] [SEVERE ] updating countdown to 888661
[19:56:00.608] [SEVERE ] updating countdown to 888560
[19:56:00.713] [SEVERE ] updating countdown to 888455
[19:56:00.816] [SEVERE ] updating countdown to 888352
[19:56:00.919] [SEVERE ] updating countdown to 888249
[19:56:01.024] [SEVERE ] updating countdown to 888144
[19:56:01.128] [SEVERE ] updating countdown to 888040
[19:56:01.234] [SEVERE ] updating countdown to 887934
[19:56:01.335] [SEVERE ] updating countdown to 887833
[19:56:01.440] [SEVERE ] updating countdown to 887728
[19:56:01.545] [SEVERE ] updating countdown to 887623
[19:56:01.650] [SEVERE ] updating countdown to 887518
[19:56:01.751] [SEVERE ] updating countdown to 887417
[19:56:01.856] [SEVERE ] updating countdown to 887312
[19:56:01.958] [SEVERE ] updating countdown to 887211
[19:56:02.062] [SEVERE ] updating countdown to 887106
[19:56:02.163] [SEVERE ] updating countdown to 887005
[19:56:02.268] [SEVERE ] updating countdown to 886900
[19:56:02.373] [SEVERE ] updating countdown to 886795
[19:56:02.474] [SEVERE ] updating countdown to 886694
[19:56:02.578] [SEVERE ] updating countdown to 886590
[19:56:02.683] [SEVERE ] updating countdown to 886485
[19:56:02.787] [SEVERE ] updating countdown to 886381
[19:56:02.891] [SEVERE ] updating countdown to 886277
[19:56:02.995] [SEVERE ] updating countdown to 886173
[19:56:03.100] [SEVERE ] updating countdown to 886068
[19:56:03.202] [SEVERE ] updating countdown to 885966
[19:56:03.305] [SEVERE ] updating countdown to 885863
[19:56:03.411] [SEVERE ] updating countdown to 885757
[19:56:03.512] [SEVERE ] updating countdown to 885656
[19:56:03.617] [SEVERE ] updating countdown to 885551
[19:56:03.720] [SEVERE ] updating countdown to 885448
[19:56:03.821] [SEVERE ] updating countdown to 885347
[19:56:03.922] [SEVERE ] updating countdown to 885246
[19:56:04.023] [SEVERE ] updating countdown to 885145
[19:56:04.128] [SEVERE ] updating countdown to 885040
[19:56:04.230] [SEVERE ] updating countdown to 884938
[19:56:04.335] [SEVERE ] updating countdown to 884833
[19:56:04.438] [SEVERE ] updating countdown to 884730
[19:56:04.540] [SEVERE ] updating countdown to 884628
[19:56:04.640] [SEVERE ] updating countdown to 884528
[19:56:04.742] [SEVERE ] updating countdown to 884426
[19:56:04.843] [SEVERE ] updating countdown to 884325
[19:56:04.945] [SEVERE ] updating countdown to 884223
[19:56:05.050] [SEVERE ] updating countdown to 884118
[19:56:05.155] [SEVERE ] updating countdown to 884013
[19:56:05.256] [SEVERE ] updating countdown to 883912
[19:56:05.361] [SEVERE ] updating countdown to 883807
[19:56:05.462] [SEVERE ] updating countdown to 883706
[19:56:05.563] [SEVERE ] updating countdown to 883605
[19:56:05.668] [SEVERE ] updating countdown to 883500
[19:56:05.773] [SEVERE ] updating countdown to 883395
[19:56:05.874] [SEVERE ] updating countdown to 883294
[19:56:05.978] [SEVERE ] updating countdown to 883190
[19:56:06.081] [SEVERE ] updating countdown to 883087
[19:56:06.185] [SEVERE ] updating countdown to 882983
[19:56:06.289] [SEVERE ] updating countdown to 882879
[19:56:06.390] [SEVERE ] updating countdown to 882778
[19:56:06.491] [SEVERE ] updating countdown to 882677
[19:56:06.596] [SEVERE ] updating countdown to 882572
[19:56:06.699] [SEVERE ] updating countdown to 882469
[19:56:06.804] [SEVERE ] updating countdown to 882364
[19:56:06.906] [SEVERE ] updating countdown to 882262
[19:56:07.007] [SEVERE ] updating countdown to 882161
[19:56:07.112] [SEVERE ] updating countdown to 882056
[19:56:07.215] [SEVERE ] updating countdown to 881953
[19:56:07.320] [SEVERE ] updating countdown to 881848
[19:56:07.423] [SEVERE ] updating countdown to 881745
[19:56:07.524] [SEVERE ] updating countdown to 881644
[19:56:07.625] [SEVERE ] updating countdown to 881543
[19:56:07.730] [SEVERE ] updating countdown to 881438
[19:56:07.833] [SEVERE ] updating countdown to 881335
[19:56:07.938] [SEVERE ] updating countdown to 881230
[19:56:08.044] [SEVERE ] updating countdown to 881124
[19:56:08.149] [SEVERE ] updating countdown to 881019
[19:56:08.254] [SEVERE ] updating countdown to 880914
[19:56:08.359] [SEVERE ] updating countdown to 880809
[19:56:08.460] [SEVERE ] updating countdown to 880708
[19:56:08.563] [SEVERE ] updating countdown to 880605
[19:56:08.666] [SEVERE ] updating countdown to 880502
[19:56:08.772] [SEVERE ] updating countdown to 880396
[19:56:08.877] [SEVERE ] updating countdown to 880291
[19:56:08.979] [SEVERE ] updating countdown to 880189
[19:56:09.084] [SEVERE ] updating countdown to 880084
[19:56:09.187] [SEVERE ] updating countdown to 879981
[19:56:09.290] [SEVERE ] updating countdown to 879878
[19:56:09.394] [SEVERE ] updating countdown to 879774
[19:56:09.496] [SEVERE ] updating countdown to 879672
[19:56:09.600] [SEVERE ] updating countdown to 879568
[19:56:09.705] [SEVERE ] updating countdown to 879463
[19:56:09.810] [SEVERE ] updating countdown to 879358
[19:56:09.916] [SEVERE ] updating countdown to 879252
[19:56:10.021] [SEVERE ] updating countdown to 879147
[19:56:10.123] [SEVERE ] updating countdown to 879045
[19:56:10.228] [SEVERE ] updating countdown to 878940
[19:56:10.333] [SEVERE ] updating countdown to 878835
[19:56:10.437] [SEVERE ] updating countdown to 878731
[19:56:10.541] [SEVERE ] updating countdown to 878627
[19:56:10.644] [SEVERE ] updating countdown to 878524
[19:56:10.749] [SEVERE ] updating countdown to 878419
[19:56:10.854] [SEVERE ] updating countdown to 878314
[19:56:10.956] [SEVERE ] updating countdown to 878212
[19:56:11.061] [SEVERE ] updating countdown to 878107
[19:56:11.166] [SEVERE ] updating countdown to 878002
[19:56:11.270] [SEVERE ] updating countdown to 877898
[19:56:11.372] [SEVERE ] updating countdown to 877796
[19:56:11.476] [SEVERE ] updating countdown to 877692
[19:56:11.580] [SEVERE ] updating countdown to 877588
[19:56:11.682] [SEVERE ] updating countdown to 877486
[19:56:11.787] [SEVERE ] updating countdown to 877381
[19:56:11.890] [SEVERE ] updating countdown to 877278
[19:56:11.992] [SEVERE ] updating countdown to 877176
[19:56:12.093] [SEVERE ] updating countdown to 877075
[19:56:12.198] [SEVERE ] updating countdown to 876970
[19:56:12.303] [SEVERE ] updating countdown to 876865
[19:56:12.408] [SEVERE ] updating countdown to 876760
[19:56:12.510] [SEVERE ] updating countdown to 876658
[19:56:12.612] [SEVERE ] updating countdown to 876556
[19:56:12.717] [SEVERE ] updating countdown to 876451
[19:56:12.821] [SEVERE ] updating countdown to 876347
[19:56:12.925] [SEVERE ] updating countdown to 876243
[19:56:13.030] [SEVERE ] updating countdown to 876138
[19:56:13.133] [SEVERE ] updating countdown to 876035
[19:56:13.237] [SEVERE ] updating countdown to 875931
[19:56:13.340] [SEVERE ] updating countdown to 875828
[19:56:13.445] [SEVERE ] updating countdown to 875723
[19:56:13.548] [SEVERE ] updating countdown to 875620
[19:56:13.649] [SEVERE ] updating countdown to 875519
[19:56:13.755] [SEVERE ] updating countdown to 875413
[19:56:13.855] [SEVERE ] updating countdown to 875313
[19:56:13.957] [SEVERE ] updating countdown to 875211
[19:56:14.062] [SEVERE ] updating countdown to 875106
[19:56:14.165] [SEVERE ] updating countdown to 875003
[19:56:14.270] [SEVERE ] updating countdown to 874898
[19:56:14.374] [SEVERE ] updating countdown to 874794
[19:56:14.479] [SEVERE ] updating countdown to 874689
[19:56:14.584] [SEVERE ] updating countdown to 874584
[19:56:14.686] [SEVERE ] updating countdown to 874482
[19:56:14.791] [SEVERE ] updating countdown to 874377
[19:56:14.896] [SEVERE ] updating countdown to 874272
[19:56:15.000] [SEVERE ] updating countdown to 874168
[19:56:15.103] [SEVERE ] updating countdown to 874065
[19:56:15.207] [SEVERE ] updating countdown to 873961
[19:56:15.310] [SEVERE ] updating countdown to 873858
[19:56:15.413] [SEVERE ] updating countdown to 873755
[19:56:15.519] [SEVERE ] updating countdown to 873649
[19:56:15.624] [SEVERE ] updating countdown to 873544
[19:56:15.727] [SEVERE ] updating countdown to 873441
[19:56:15.833] [SEVERE ] updating countdown to 873336
[19:56:15.934] [SEVERE ] updating countdown to 873234
[19:56:16.039] [SEVERE ] updating countdown to 873129
[19:56:16.140] [SEVERE ] updating countdown to 873028
[19:56:16.244] [SEVERE ] updating countdown to 872924
[19:56:16.348] [SEVERE ] updating countdown to 872820
[19:56:16.453] [SEVERE ] updating countdown to 872715
[19:56:16.553] [SEVERE ] updating countdown to 872615
[19:56:16.659] [SEVERE ] updating countdown to 872509
[19:56:16.763] [SEVERE ] updating countdown to 872405
[19:56:16.865] [SEVERE ] updating countdown to 872303
[19:56:16.970] [SEVERE ] updating countdown to 872198
[19:56:17.070] [SEVERE ] updating countdown to 872098
[19:56:17.176] [SEVERE ] updating countdown to 871992
[19:56:17.281] [SEVERE ] updating countdown to 871887
[19:56:17.383] [SEVERE ] updating countdown to 871785
[19:56:17.489] [SEVERE ] updating countdown to 871679
[19:56:17.591] [SEVERE ] updating countdown to 871577
[19:56:17.696] [SEVERE ] updating countdown to 871472
[19:56:17.800] [SEVERE ] updating countdown to 871368
[19:56:17.901] [SEVERE ] updating countdown to 871267
[19:56:18.004] [SEVERE ] updating countdown to 871164
[19:56:18.110] [SEVERE ] updating countdown to 871058
[19:56:18.212] [SEVERE ] updating countdown to 870956
[19:56:18.314] [SEVERE ] updating countdown to 870854
[19:56:18.417] [SEVERE ] updating countdown to 870751
[19:56:18.522] [SEVERE ] updating countdown to 870646
[19:56:18.624] [SEVERE ] updating countdown to 870544
[19:56:18.725] [SEVERE ] updating countdown to 870443
[19:56:18.825] [SEVERE ] updating countdown to 870343
[19:56:18.928] [SEVERE ] updating countdown to 870240
[19:56:19.030] [SEVERE ] updating countdown to 870138
[19:56:19.133] [SEVERE ] updating countdown to 870035
[19:56:19.237] [SEVERE ] updating countdown to 869931
[19:56:19.339] [SEVERE ] updating countdown to 869829
[19:56:19.444] [SEVERE ] updating countdown to 869724
[19:56:19.545] [SEVERE ] updating countdown to 869623
[19:56:19.647] [SEVERE ] updating countdown to 869522
[19:56:19.751] [SEVERE ] updating countdown to 869417
[19:56:19.852] [SEVERE ] updating countdown to 869316
[19:56:19.954] [SEVERE ] updating countdown to 869214
[19:56:20.059] [SEVERE ] updating countdown to 869109
