[20:02:24.611] [INFO   ] thread main starting.
[20:02:24.617] [SEVERE ] cannot read configuration file config.properties trying from resources.
[20:02:24.618] [SEVERE ] configuration file was loaded from resources directory.
[20:02:25.750] [INFO   ] thread dealer starting.
[20:02:25.751] [INFO   ] thread dealer starting.
[20:02:25.751] [INFO   ] thread player0 starting.
[20:02:25.752] [INFO   ] thread computer-0 starting.
[20:02:25.859] [SEVERE ] placing card 45 in slot 0
[20:02:25.965] [SEVERE ] placing card 16 in slot 1
[20:02:26.069] [SEVERE ] placing card 35 in slot 2
[20:02:26.171] [SEVERE ] placing card 74 in slot 3
[20:02:26.276] [SEVERE ] placing card 37 in slot 4
[20:02:26.382] [SEVERE ] placing card 58 in slot 5
[20:02:26.487] [SEVERE ] placing card 36 in slot 6
[20:02:26.593] [SEVERE ] placing card 41 in slot 7
[20:02:26.698] [SEVERE ] placing card 43 in slot 8
[20:02:26.799] [SEVERE ] placing card 5 in slot 9
[20:02:26.905] [SEVERE ] placing card 64 in slot 10
[20:02:27.008] [SEVERE ] placing card 18 in slot 11
[20:02:27.008] [SEVERE ] updating countdown to 30000
[20:02:27.112] [SEVERE ] updating countdown to 30897
[20:02:27.137] [SEVERE ] player 1 placing token on slot 8
[20:02:27.162] [SEVERE ] player 1 placing token on slot 6
[20:02:27.187] [SEVERE ] player 1 placing token on slot 1
[20:02:27.217] [SEVERE ] updating countdown to 30792
[20:02:27.218] [SEVERE ] setting player 1 freeze to 3000
[20:02:27.218] [SEVERE ] setting player 1 freeze to 3000
[20:02:27.218] [SEVERE ] updating countdown to 30791
[20:02:27.322] [SEVERE ] updating countdown to 30687
[20:02:27.428] [SEVERE ] updating countdown to 30581
[20:02:27.533] [SEVERE ] updating countdown to 30476
[20:02:27.634] [SEVERE ] updating countdown to 30375
[20:02:27.739] [SEVERE ] updating countdown to 30270
[20:02:27.843] [SEVERE ] updating countdown to 30167
[20:02:27.944] [SEVERE ] updating countdown to 30065
[20:02:28.045] [SEVERE ] updating countdown to 29964
[20:02:28.151] [SEVERE ] updating countdown to 29858
[20:02:28.218] [SEVERE ] setting player 1 freeze to 2000
[20:02:28.257] [SEVERE ] updating countdown to 29752
[20:02:28.360] [SEVERE ] updating countdown to 29649
[20:02:28.466] [SEVERE ] updating countdown to 29543
[20:02:28.570] [SEVERE ] updating countdown to 29439
[20:02:28.672] [SEVERE ] updating countdown to 29337
[20:02:28.777] [SEVERE ] updating countdown to 29232
[20:02:28.880] [SEVERE ] updating countdown to 29129
[20:02:28.986] [SEVERE ] updating countdown to 29023
[20:02:29.089] [SEVERE ] updating countdown to 28920
[20:02:29.195] [SEVERE ] updating countdown to 28814
[20:02:29.221] [SEVERE ] setting player 1 freeze to 1000
[20:02:29.300] [SEVERE ] updating countdown to 28709
[20:02:29.405] [SEVERE ] updating countdown to 28604
[20:02:29.508] [SEVERE ] updating countdown to 28501
[20:02:29.613] [SEVERE ] updating countdown to 28396
[20:02:29.719] [SEVERE ] updating countdown to 28290
[20:02:29.821] [SEVERE ] updating countdown to 28188
[20:02:29.924] [SEVERE ] updating countdown to 28085
[20:02:30.029] [SEVERE ] updating countdown to 27981
[20:02:30.134] [SEVERE ] updating countdown to 27875
[20:02:30.223] [SEVERE ] setting player 1 freeze to 0
[20:02:30.240] [SEVERE ] updating countdown to 27769
[20:02:30.265] [SEVERE ] removing player 1 token from slot 8
[20:02:30.289] [SEVERE ] player 1 placing token on slot 7
[20:02:30.342] [SEVERE ] updating countdown to 27667
[20:02:30.342] [SEVERE ] setting player 1 freeze to 3000
[20:02:30.343] [SEVERE ] setting player 1 freeze to 3000
[20:02:30.343] [SEVERE ] updating countdown to 27666
[20:02:30.448] [SEVERE ] updating countdown to 27561
[20:02:30.550] [SEVERE ] updating countdown to 27459
[20:02:30.653] [SEVERE ] updating countdown to 27356
[20:02:30.756] [SEVERE ] updating countdown to 27253
[20:02:30.862] [SEVERE ] updating countdown to 27147
[20:02:30.963] [SEVERE ] updating countdown to 27046
[20:02:31.069] [SEVERE ] updating countdown to 26940
[20:02:31.171] [SEVERE ] updating countdown to 26838
[20:02:31.274] [SEVERE ] updating countdown to 26735
[20:02:31.348] [SEVERE ] setting player 1 freeze to 2000
[20:02:31.379] [SEVERE ] updating countdown to 26631
[20:02:31.481] [SEVERE ] updating countdown to 26528
[20:02:31.582] [SEVERE ] updating countdown to 26427
[20:02:31.684] [SEVERE ] updating countdown to 26325
[20:02:31.789] [SEVERE ] updating countdown to 26220
[20:02:31.890] [SEVERE ] updating countdown to 26119
[20:02:31.992] [SEVERE ] updating countdown to 26017
[20:02:32.094] [SEVERE ] updating countdown to 25916
[20:02:32.199] [SEVERE ] updating countdown to 25810
[20:02:32.303] [SEVERE ] updating countdown to 25706
[20:02:32.354] [SEVERE ] setting player 1 freeze to 1000
[20:02:32.406] [SEVERE ] updating countdown to 25603
[20:02:32.509] [SEVERE ] updating countdown to 25501
[20:02:32.614] [SEVERE ] updating countdown to 25395
[20:02:32.717] [SEVERE ] updating countdown to 25292
[20:02:32.822] [SEVERE ] updating countdown to 25187
[20:02:32.928] [SEVERE ] updating countdown to 25081
[20:02:33.033] [SEVERE ] updating countdown to 24976
[20:02:33.139] [SEVERE ] updating countdown to 24871
[20:02:33.240] [SEVERE ] updating countdown to 24769
[20:02:33.345] [SEVERE ] updating countdown to 24664
[20:02:33.356] [SEVERE ] setting player 1 freeze to 0
[20:02:33.451] [SEVERE ] updating countdown to 24558
[20:02:33.512] [SEVERE ] removing player 1 token from slot 6
[20:02:33.532] [SEVERE ] player 1 placing token on slot 11
[20:02:33.556] [SEVERE ] updating countdown to 24453
[20:02:33.556] [SEVERE ] setting player 1 freeze to 3000
[20:02:33.556] [SEVERE ] setting player 1 freeze to 3000
[20:02:33.556] [SEVERE ] updating countdown to 24453
[20:02:33.661] [SEVERE ] updating countdown to 24348
[20:02:33.765] [SEVERE ] updating countdown to 24244
[20:02:33.866] [SEVERE ] updating countdown to 24143
[20:02:33.966] [SEVERE ] updating countdown to 24043
[20:02:34.072] [SEVERE ] updating countdown to 23937
[20:02:34.177] [SEVERE ] updating countdown to 23832
[20:02:34.282] [SEVERE ] updating countdown to 23727
[20:02:34.387] [SEVERE ] updating countdown to 23622
[20:02:34.492] [SEVERE ] updating countdown to 23517
[20:02:34.559] [SEVERE ] setting player 1 freeze to 2000
[20:02:34.597] [SEVERE ] updating countdown to 23412
[20:02:34.700] [SEVERE ] updating countdown to 23309
[20:02:34.805] [SEVERE ] updating countdown to 23204
[20:02:34.911] [SEVERE ] updating countdown to 23098
[20:02:35.016] [SEVERE ] updating countdown to 22993
[20:02:35.120] [SEVERE ] updating countdown to 22889
[20:02:35.224] [SEVERE ] updating countdown to 22785
[20:02:35.326] [SEVERE ] updating countdown to 22683
[20:02:35.431] [SEVERE ] updating countdown to 22578
[20:02:35.533] [SEVERE ] updating countdown to 22476
[20:02:35.561] [SEVERE ] setting player 1 freeze to 1000
[20:02:35.636] [SEVERE ] updating countdown to 22373
[20:02:35.739] [SEVERE ] updating countdown to 22270
[20:02:35.845] [SEVERE ] updating countdown to 22164
[20:02:35.947] [SEVERE ] updating countdown to 22062
[20:02:36.051] [SEVERE ] updating countdown to 21958
[20:02:36.152] [SEVERE ] updating countdown to 21857
[20:02:36.258] [SEVERE ] updating countdown to 21751
[20:02:36.363] [SEVERE ] updating countdown to 21647
[20:02:36.467] [SEVERE ] updating countdown to 21542
[20:02:36.567] [SEVERE ] setting player 1 freeze to 0
[20:02:36.568] [SEVERE ] updating countdown to 21441
[20:02:36.591] [SEVERE ] removing player 1 token from slot 7
[20:02:36.616] [SEVERE ] player 1 placing token on slot 5
[20:02:36.670] [SEVERE ] updating countdown to 21339
[20:02:36.670] [SEVERE ] setting player 1 freeze to 3000
[20:02:36.670] [SEVERE ] setting player 1 freeze to 3000
[20:02:36.670] [SEVERE ] updating countdown to 21339
[20:02:36.776] [SEVERE ] updating countdown to 21233
[20:02:36.880] [SEVERE ] updating countdown to 21129
[20:02:36.983] [SEVERE ] updating countdown to 21026
[20:02:37.087] [SEVERE ] updating countdown to 20922
[20:02:37.191] [SEVERE ] updating countdown to 20818
[20:02:37.297] [SEVERE ] updating countdown to 20713
[20:02:37.397] [SEVERE ] updating countdown to 20612
[20:02:37.501] [SEVERE ] updating countdown to 20508
[20:02:37.606] [SEVERE ] updating countdown to 20403
[20:02:37.675] [SEVERE ] setting player 1 freeze to 2000
[20:02:37.712] [SEVERE ] updating countdown to 20297
[20:02:37.815] [SEVERE ] updating countdown to 20194
[20:02:37.919] [SEVERE ] updating countdown to 20090
[20:02:38.024] [SEVERE ] updating countdown to 19985
[20:02:38.129] [SEVERE ] updating countdown to 19880
[20:02:38.233] [SEVERE ] updating countdown to 19776
[20:02:38.335] [SEVERE ] updating countdown to 19674
[20:02:38.436] [SEVERE ] updating countdown to 19573
[20:02:38.539] [SEVERE ] updating countdown to 19470
[20:02:38.641] [SEVERE ] updating countdown to 19368
[20:02:38.679] [SEVERE ] setting player 1 freeze to 1000
[20:02:38.747] [SEVERE ] updating countdown to 19262
[20:02:38.852] [SEVERE ] updating countdown to 19157
[20:02:38.957] [SEVERE ] updating countdown to 19052
[20:02:39.058] [SEVERE ] updating countdown to 18951
[20:02:39.162] [SEVERE ] updating countdown to 18847
[20:02:39.263] [SEVERE ] updating countdown to 18746
[20:02:39.366] [SEVERE ] updating countdown to 18643
[20:02:39.471] [SEVERE ] updating countdown to 18538
[20:02:39.575] [SEVERE ] updating countdown to 18434
[20:02:39.679] [SEVERE ] updating countdown to 18330
[20:02:39.682] [SEVERE ] setting player 1 freeze to 0
[20:02:39.752] [SEVERE ] removing player 1 token from slot 5
[20:02:39.774] [SEVERE ] player 1 placing token on slot 7
[20:02:39.782] [SEVERE ] updating countdown to 18227
[20:02:39.782] [SEVERE ] setting player 1 freeze to 3000
[20:02:39.782] [SEVERE ] setting player 1 freeze to 3000
[20:02:39.782] [SEVERE ] updating countdown to 18227
[20:02:39.888] [SEVERE ] updating countdown to 18121
[20:02:39.993] [SEVERE ] updating countdown to 18016
[20:02:40.099] [SEVERE ] updating countdown to 17910
[20:02:40.204] [SEVERE ] updating countdown to 17805
[20:02:40.306] [SEVERE ] updating countdown to 17703
[20:02:40.407] [SEVERE ] updating countdown to 17602
[20:02:40.509] [SEVERE ] updating countdown to 17500
[20:02:40.615] [SEVERE ] updating countdown to 17394
[20:02:40.719] [SEVERE ] updating countdown to 17290
[20:02:40.788] [SEVERE ] setting player 1 freeze to 2000
[20:02:40.824] [SEVERE ] updating countdown to 17185
[20:02:40.928] [SEVERE ] updating countdown to 17081
[20:02:41.030] [SEVERE ] updating countdown to 16979
[20:02:41.132] [SEVERE ] updating countdown to 16877
[20:02:41.238] [SEVERE ] updating countdown to 16771
[20:02:41.339] [SEVERE ] updating countdown to 16670
[20:02:41.442] [SEVERE ] updating countdown to 16567
[20:02:41.547] [SEVERE ] updating countdown to 16462
[20:02:41.649] [SEVERE ] updating countdown to 16360
[20:02:41.751] [SEVERE ] updating countdown to 16258
[20:02:41.793] [SEVERE ] setting player 1 freeze to 1000
[20:02:41.852] [SEVERE ] updating countdown to 16157
[20:02:41.956] [SEVERE ] updating countdown to 16053
[20:02:42.061] [SEVERE ] updating countdown to 15948
[20:02:42.164] [SEVERE ] updating countdown to 15846
[20:02:42.269] [SEVERE ] updating countdown to 15740
[20:02:42.374] [SEVERE ] updating countdown to 15635
[20:02:42.479] [SEVERE ] updating countdown to 15530
[20:02:42.581] [SEVERE ] updating countdown to 15428
[20:02:42.687] [SEVERE ] updating countdown to 15322
[20:02:42.791] [SEVERE ] updating countdown to 15218
[20:02:42.795] [SEVERE ] setting player 1 freeze to 0
[20:02:42.842] [SEVERE ] removing player 1 token from slot 7
[20:02:42.864] [SEVERE ] player 1 placing token on slot 5
[20:02:42.895] [SEVERE ] updating countdown to 15114
[20:02:42.896] [SEVERE ] setting player 1 freeze to 3000
[20:02:42.896] [SEVERE ] setting player 1 freeze to 3000
[20:02:42.896] [SEVERE ] updating countdown to 15113
[20:02:43.001] [SEVERE ] updating countdown to 15008
[20:02:43.106] [SEVERE ] updating countdown to 14903
[20:02:43.209] [SEVERE ] updating countdown to 14800
[20:02:43.310] [SEVERE ] updating countdown to 14699
[20:02:43.412] [SEVERE ] updating countdown to 14597
[20:02:43.513] [SEVERE ] updating countdown to 14496
[20:02:43.618] [SEVERE ] updating countdown to 14391
[20:02:43.722] [SEVERE ] updating countdown to 14287
[20:02:43.827] [SEVERE ] updating countdown to 14182
[20:02:43.901] [SEVERE ] setting player 1 freeze to 2000
[20:02:43.931] [SEVERE ] updating countdown to 14078
[20:02:44.034] [SEVERE ] updating countdown to 13975
[20:02:44.139] [SEVERE ] updating countdown to 13870
[20:02:44.241] [SEVERE ] updating countdown to 13768
[20:02:44.342] [SEVERE ] updating countdown to 13667
[20:02:44.445] [SEVERE ] updating countdown to 13564
[20:02:44.551] [SEVERE ] updating countdown to 13458
[20:02:44.656] [SEVERE ] updating countdown to 13353
[20:02:44.758] [SEVERE ] updating countdown to 13251
[20:02:44.860] [SEVERE ] updating countdown to 13149
[20:02:44.903] [SEVERE ] setting player 1 freeze to 1000
[20:02:44.962] [SEVERE ] updating countdown to 13047
[20:02:45.067] [SEVERE ] updating countdown to 12942
[20:02:45.173] [SEVERE ] updating countdown to 12836
[20:02:45.274] [SEVERE ] updating countdown to 12735
[20:02:45.376] [SEVERE ] updating countdown to 12633
[20:02:45.480] [SEVERE ] updating countdown to 12529
[20:02:45.581] [SEVERE ] updating countdown to 12428
[20:02:45.687] [SEVERE ] updating countdown to 12322
[20:02:45.791] [SEVERE ] updating countdown to 12218
[20:02:45.893] [SEVERE ] updating countdown to 12116
[20:02:45.907] [SEVERE ] setting player 1 freeze to 0
[20:02:45.939] [SEVERE ] removing player 1 token from slot 11
[20:02:45.964] [SEVERE ] player 1 placing token on slot 6
[20:02:45.999] [SEVERE ] updating countdown to 12010
[20:02:45.999] [SEVERE ] setting player 1 freeze to 3000
[20:02:45.999] [SEVERE ] setting player 1 freeze to 3000
[20:02:45.999] [SEVERE ] updating countdown to 12010
[20:02:46.101] [SEVERE ] updating countdown to 11908
[20:02:46.201] [SEVERE ] updating countdown to 11808
[20:02:46.307] [SEVERE ] updating countdown to 11702
[20:02:46.408] [SEVERE ] updating countdown to 11601
[20:02:46.512] [SEVERE ] updating countdown to 11497
[20:02:46.618] [SEVERE ] updating countdown to 11391
[20:02:46.721] [SEVERE ] updating countdown to 11288
[20:02:46.823] [SEVERE ] updating countdown to 11186
[20:02:46.929] [SEVERE ] updating countdown to 11081
[20:02:47.002] [SEVERE ] setting player 1 freeze to 2000
[20:02:47.034] [SEVERE ] updating countdown to 10975
[20:02:47.139] [SEVERE ] updating countdown to 10870
[20:02:47.245] [SEVERE ] updating countdown to 10764
[20:02:47.346] [SEVERE ] updating countdown to 10663
[20:02:47.447] [SEVERE ] updating countdown to 10562
[20:02:47.550] [SEVERE ] updating countdown to 10459
[20:02:47.654] [SEVERE ] updating countdown to 10355
[20:02:47.759] [SEVERE ] updating countdown to 10250
[20:02:47.865] [SEVERE ] updating countdown to 10144
[20:02:47.970] [SEVERE ] updating countdown to 10039
[20:02:48.005] [SEVERE ] setting player 1 freeze to 1000
[20:02:48.072] [SEVERE ] updating countdown to 9937
[20:02:48.177] [SEVERE ] updating countdown to 9832
[20:02:48.282] [SEVERE ] updating countdown to 9727
[20:02:48.387] [SEVERE ] updating countdown to 9622
[20:02:48.488] [SEVERE ] updating countdown to 9521
[20:02:48.591] [SEVERE ] updating countdown to 9418
[20:02:48.693] [SEVERE ] updating countdown to 9316
[20:02:48.794] [SEVERE ] updating countdown to 9215
[20:02:48.897] [SEVERE ] updating countdown to 9112
[20:02:48.999] [SEVERE ] updating countdown to 9010
[20:02:49.009] [SEVERE ] setting player 1 freeze to 0
[20:02:49.104] [SEVERE ] updating countdown to 8905
[20:02:49.137] [SEVERE ] removing player 1 token from slot 1
[20:02:49.160] [SEVERE ] player 1 placing token on slot 4
[20:02:49.204] [SEVERE ] updating countdown to 8805
[20:02:49.205] [SEVERE ] setting player 1 freeze to 3000
[20:02:49.205] [SEVERE ] setting player 1 freeze to 3000
[20:02:49.205] [SEVERE ] updating countdown to 8804
[20:02:49.310] [SEVERE ] updating countdown to 8699
[20:02:49.411] [SEVERE ] updating countdown to 8598
[20:02:49.516] [SEVERE ] updating countdown to 8493
[20:02:49.622] [SEVERE ] updating countdown to 8387
[20:02:49.724] [SEVERE ] updating countdown to 8285
[20:02:49.829] [SEVERE ] updating countdown to 8180
[20:02:49.932] [SEVERE ] updating countdown to 8077
[20:02:50.038] [SEVERE ] updating countdown to 7971
[20:02:50.140] [SEVERE ] updating countdown to 7869
[20:02:50.206] [SEVERE ] setting player 1 freeze to 2000
[20:02:50.241] [SEVERE ] updating countdown to 7768
[20:02:50.343] [SEVERE ] updating countdown to 7666
[20:02:50.448] [SEVERE ] updating countdown to 7561
[20:02:50.551] [SEVERE ] updating countdown to 7458
[20:02:50.655] [SEVERE ] updating countdown to 7354
[20:02:50.760] [SEVERE ] updating countdown to 7250
[20:02:50.861] [SEVERE ] updating countdown to 7148
[20:02:50.967] [SEVERE ] updating countdown to 7042
[20:02:51.067] [SEVERE ] updating countdown to 6942
[20:02:51.169] [SEVERE ] updating countdown to 6840
[20:02:51.211] [SEVERE ] setting player 1 freeze to 1000
[20:02:51.272] [SEVERE ] updating countdown to 6737
[20:02:51.375] [SEVERE ] updating countdown to 6634
[20:02:51.479] [SEVERE ] updating countdown to 6530
[20:02:51.584] [SEVERE ] updating countdown to 6425
[20:02:51.690] [SEVERE ] updating countdown to 6319
[20:02:51.791] [SEVERE ] updating countdown to 6218
[20:02:51.892] [SEVERE ] updating countdown to 6117
[20:02:51.993] [SEVERE ] updating countdown to 6016
[20:02:52.095] [SEVERE ] updating countdown to 5914
[20:02:52.199] [SEVERE ] updating countdown to 5810
[20:02:52.214] [SEVERE ] setting player 1 freeze to 0
[20:02:52.246] [SEVERE ] removing player 1 token from slot 6
[20:02:52.272] [SEVERE ] player 1 placing token on slot 8
[20:02:52.304] [SEVERE ] updating countdown to 5705
[20:02:52.304] [SEVERE ] setting player 1 freeze to 3000
[20:02:52.304] [SEVERE ] setting player 1 freeze to 3000
[20:02:52.304] [SEVERE ] updating countdown to 5705
[20:02:52.405] [SEVERE ] updating countdown to 5604
[20:02:52.509] [SEVERE ] updating countdown to 5500
[20:02:52.613] [SEVERE ] updating countdown to 5396
[20:02:52.719] [SEVERE ] updating countdown to 5290
[20:02:52.821] [SEVERE ] updating countdown to 5188
[20:02:52.923] [SEVERE ] updating countdown to 5086
[20:02:53.307] [SEVERE ] setting player 1 freeze to 2000
[20:02:54.312] [SEVERE ] setting player 1 freeze to 1000
[20:02:55.313] [SEVERE ] setting player 1 freeze to 0
[20:02:55.343] [SEVERE ] removing player 1 token from slot 5
[20:02:55.365] [SEVERE ] player 1 placing token on slot 5
[20:02:55.419] [SEVERE ] setting player 1 freeze to 3000
[20:02:55.419] [SEVERE ] setting player 1 freeze to 3000
[20:02:56.424] [SEVERE ] setting player 1 freeze to 2000
[20:02:57.429] [SEVERE ] setting player 1 freeze to 1000
[20:02:58.010] [SEVERE ] updating countdown to 0
[20:02:58.010] [SEVERE ] removing all tokens
[20:02:58.113] [SEVERE ] removing card from slot 0
[20:02:58.215] [SEVERE ] removing card from slot 1
[20:02:58.320] [SEVERE ] removing card from slot 2
[20:02:58.421] [SEVERE ] removing card from slot 3
[20:02:58.430] [SEVERE ] setting player 1 freeze to 0
[20:02:58.523] [SEVERE ] removing card from slot 4
[20:02:58.627] [SEVERE ] removing card from slot 5
[20:02:58.733] [SEVERE ] removing card from slot 6
[20:02:58.834] [SEVERE ] removing card from slot 7
[20:02:58.939] [SEVERE ] removing card from slot 8
[20:02:59.041] [SEVERE ] removing card from slot 9
[20:02:59.146] [SEVERE ] removing card from slot 10
[20:02:59.252] [SEVERE ] removing card from slot 11
[20:02:59.357] [SEVERE ] placing card 52 in slot 0
[20:02:59.459] [SEVERE ] placing card 8 in slot 1
[20:02:59.564] [SEVERE ] placing card 67 in slot 2
[20:02:59.667] [SEVERE ] placing card 1 in slot 3
[20:02:59.772] [SEVERE ] placing card 2 in slot 4
[20:02:59.873] [SEVERE ] placing card 75 in slot 5
[20:02:59.979] [SEVERE ] placing card 70 in slot 6
[20:03:00.080] [SEVERE ] placing card 43 in slot 7
[20:03:00.180] [SEVERE ] placing card 48 in slot 8
[20:03:00.282] [SEVERE ] placing card 54 in slot 9
[20:03:00.383] [SEVERE ] placing card 69 in slot 10
[20:03:00.489] [SEVERE ] placing card 65 in slot 11
[20:03:00.489] [SEVERE ] updating countdown to 30000
[20:03:00.592] [SEVERE ] updating countdown to 30897
[20:03:00.617] [SEVERE ] player 1 placing token on slot 9
[20:03:00.642] [SEVERE ] player 1 placing token on slot 5
[20:03:00.666] [SEVERE ] player 1 placing token on slot 11
[20:03:00.698] [SEVERE ] updating countdown to 30791
[20:03:00.698] [SEVERE ] setting player 1 freeze to 3000
[20:03:00.699] [SEVERE ] updating countdown to 30790
[20:03:00.699] [SEVERE ] setting player 1 freeze to 3000
[20:03:00.800] [SEVERE ] updating countdown to 30689
[20:03:00.904] [SEVERE ] updating countdown to 30585
[20:03:01.008] [SEVERE ] updating countdown to 30481
[20:03:01.114] [SEVERE ] updating countdown to 30375
[20:03:01.219] [SEVERE ] updating countdown to 30270
[20:03:01.324] [SEVERE ] updating countdown to 30165
[20:03:01.430] [SEVERE ] updating countdown to 30059
[20:03:01.532] [SEVERE ] updating countdown to 29957
[20:03:01.637] [SEVERE ] updating countdown to 29852
[20:03:01.704] [SEVERE ] setting player 1 freeze to 2000
[20:03:01.742] [SEVERE ] updating countdown to 29747
[20:03:01.845] [SEVERE ] updating countdown to 29644
[20:03:01.949] [SEVERE ] updating countdown to 29540
[20:03:02.052] [SEVERE ] updating countdown to 29437
[20:03:02.156] [SEVERE ] updating countdown to 29333
[20:03:02.261] [SEVERE ] updating countdown to 29228
[20:03:02.367] [SEVERE ] updating countdown to 29122
[20:03:02.462] [SEVERE ] exit button pressed
[20:03:02.463] [INFO   ] thread player0 interrupted
[20:03:02.469] [SEVERE ] updating countdown to 29020
[20:03:02.469] [SEVERE ] removing all tokens
[20:03:02.491] [INFO   ] thread computer-0 terminated.
[20:03:02.492] [INFO   ] thread player0 terminated.
[20:03:02.571] [SEVERE ] removing card from slot 0
[20:03:02.677] [SEVERE ] removing card from slot 1
[20:03:02.781] [SEVERE ] removing card from slot 2
[20:03:02.883] [SEVERE ] removing card from slot 3
[20:03:02.989] [SEVERE ] removing card from slot 4
[20:03:03.094] [SEVERE ] removing card from slot 5
[20:03:03.195] [SEVERE ] removing card from slot 6
[20:03:03.300] [SEVERE ] removing card from slot 7
[20:03:03.406] [SEVERE ] removing card from slot 8
[20:03:03.508] [SEVERE ] removing card from slot 9
[20:03:03.613] [SEVERE ] removing card from slot 10
[20:03:03.718] [SEVERE ] removing card from slot 11
[20:03:03.719] [SEVERE ] announcing winner(s): player 1
[20:03:03.720] [INFO   ] thread dealer terminated.
[20:03:03.720] [INFO   ] thread dealer terminated.
[20:03:03.721] [SEVERE ] thanks for playing... it was fun!
[20:03:03.721] [INFO   ] thread main terminated.
