[19:33:22.380] [INFO   ] thread main starting.
[19:33:22.393] [SEVERE ] cannot read configuration file config.properties trying from resources.
[19:33:22.398] [SEVERE ] configuration file was loaded from resources directory.
[19:33:23.781] [INFO   ] thread dealer starting.
[19:33:23.782] [INFO   ] thread dealer starting.
[19:33:23.782] [INFO   ] thread player0 starting.
[19:33:23.890] [SEVERE ] placing card 53 in slot 0
[19:33:23.993] [SEVERE ] placing card 71 in slot 1
[19:33:24.094] [SEVERE ] placing card 8 in slot 2
[19:33:24.200] [SEVERE ] placing card 62 in slot 3
[19:33:24.303] [SEVERE ] placing card 48 in slot 4
[19:33:24.405] [SEVERE ] placing card 57 in slot 5
[19:33:24.510] [SEVERE ] placing card 28 in slot 6
[19:33:24.611] [SEVERE ] placing card 60 in slot 7
[19:33:24.716] [SEVERE ] placing card 73 in slot 8
[19:33:24.822] [SEVERE ] placing card 40 in slot 9
[19:33:24.927] [SEVERE ] placing card 44 in slot 10
[19:33:25.028] [SEVERE ] placing card 27 in slot 11
[19:33:25.029] [SEVERE ] updating countdown to 10000
[19:33:25.135] [SEVERE ] updating countdown to 10895
[19:33:25.240] [SEVERE ] updating countdown to 10790
[19:33:25.346] [SEVERE ] updating countdown to 10684
[19:33:25.451] [SEVERE ] updating countdown to 10579
[19:33:25.556] [SEVERE ] updating countdown to 10474
[19:33:25.661] [SEVERE ] updating countdown to 10369
[19:33:25.766] [SEVERE ] updating countdown to 10264
[19:33:25.868] [SEVERE ] updating countdown to 10162
[19:33:25.971] [SEVERE ] updating countdown to 10059
[19:33:26.076] [SEVERE ] updating countdown to 9954
[19:33:26.180] [SEVERE ] updating countdown to 9850
[19:33:26.285] [SEVERE ] updating countdown to 9745
[19:33:26.387] [SEVERE ] updating countdown to 9643
[19:33:26.492] [SEVERE ] updating countdown to 9538
[19:33:26.594] [SEVERE ] updating countdown to 9436
[19:33:26.695] [SEVERE ] updating countdown to 9335
[19:33:26.800] [SEVERE ] updating countdown to 9230
[19:33:26.905] [SEVERE ] updating countdown to 9125
[19:33:27.010] [SEVERE ] updating countdown to 9020
[19:33:27.115] [SEVERE ] updating countdown to 8915
[19:33:27.220] [SEVERE ] updating countdown to 8810
[19:33:27.326] [SEVERE ] updating countdown to 8704
[19:33:27.430] [SEVERE ] updating countdown to 8600
[19:33:27.534] [SEVERE ] updating countdown to 8496
[19:33:27.636] [SEVERE ] updating countdown to 8394
[19:33:27.740] [SEVERE ] updating countdown to 8290
[19:33:27.845] [SEVERE ] updating countdown to 8185
[19:33:27.950] [SEVERE ] updating countdown to 8081
[19:33:28.055] [SEVERE ] updating countdown to 7975
[19:33:28.157] [SEVERE ] updating countdown to 7873
[19:33:28.262] [SEVERE ] updating countdown to 7768
[19:33:28.367] [SEVERE ] updating countdown to 7663
[19:33:28.473] [SEVERE ] updating countdown to 7557
[19:33:28.577] [SEVERE ] updating countdown to 7453
[19:33:28.682] [SEVERE ] updating countdown to 7348
[19:33:28.786] [SEVERE ] updating countdown to 7244
[19:33:28.892] [SEVERE ] updating countdown to 7138
[19:33:28.996] [SEVERE ] updating countdown to 7034
[19:33:29.098] [SEVERE ] updating countdown to 6932
[19:33:29.200] [SEVERE ] updating countdown to 6830
[19:33:29.305] [SEVERE ] updating countdown to 6725
[19:33:29.406] [SEVERE ] updating countdown to 6624
[19:33:29.511] [SEVERE ] updating countdown to 6519
[19:33:29.616] [SEVERE ] updating countdown to 6414
[19:33:29.717] [SEVERE ] updating countdown to 6313
[19:33:29.821] [SEVERE ] updating countdown to 6209
[19:33:29.927] [SEVERE ] updating countdown to 6103
[19:33:30.027] [SEVERE ] updating countdown to 6003
[19:33:30.130] [SEVERE ] updating countdown to 5900
[19:33:30.235] [SEVERE ] updating countdown to 5795
[19:33:30.341] [SEVERE ] updating countdown to 5689
[19:33:30.441] [SEVERE ] updating countdown to 5589
[19:33:30.545] [SEVERE ] updating countdown to 5485
[19:33:30.651] [SEVERE ] updating countdown to 5379
[19:33:30.753] [SEVERE ] updating countdown to 5277
[19:33:30.858] [SEVERE ] updating countdown to 5172
[19:33:30.963] [SEVERE ] updating countdown to 5067
[19:33:32.749] [SEVERE ] exit button pressed
[19:33:32.749] [INFO   ] thread player0 terminated.
[19:33:32.827] [SEVERE ] removing all tokens
[19:33:32.931] [SEVERE ] removing card from slot 0
[19:33:33.033] [SEVERE ] removing card from slot 1
[19:33:33.136] [SEVERE ] removing card from slot 2
[19:33:33.241] [SEVERE ] removing card from slot 3
[19:33:33.346] [SEVERE ] removing card from slot 4
[19:33:33.450] [SEVERE ] removing card from slot 5
[19:33:33.555] [SEVERE ] removing card from slot 6
[19:33:33.660] [SEVERE ] removing card from slot 7
[19:33:33.766] [SEVERE ] removing card from slot 8
[19:33:33.876] [SEVERE ] removing card from slot 9
[19:33:33.980] [SEVERE ] removing card from slot 10
[19:33:34.085] [SEVERE ] removing card from slot 11
[19:33:34.086] [SEVERE ] announcing winner(s): player 1
[19:33:34.086] [INFO   ] thread dealer terminated.
[19:33:34.087] [INFO   ] thread dealer terminated.
[19:33:34.087] [SEVERE ] thanks for playing... it was fun!
[19:33:34.087] [INFO   ] thread main terminated.
