[19:56:49.720] [INFO   ] thread main starting.
[19:56:49.727] [SEVERE ] cannot read configuration file config.properties trying from resources.
[19:56:49.729] [SEVERE ] configuration file was loaded from resources directory.
[19:56:50.954] [INFO   ] thread dealer starting.
[19:56:50.954] [INFO   ] thread dealer starting.
[19:56:50.955] [INFO   ] thread player0 starting.
[19:56:50.961] [INFO   ] thread computer-0 starting.
[19:57:04.974] [SEVERE ] placing card 42 in slot 0
[19:57:05.079] [SEVERE ] placing card 32 in slot 1
[19:57:05.185] [SEVERE ] placing card 16 in slot 2
[19:57:05.290] [SEVERE ] placing card 53 in slot 3
[19:57:05.395] [SEVERE ] placing card 34 in slot 4
[19:57:05.500] [SEVERE ] placing card 3 in slot 5
[19:57:05.604] [SEVERE ] placing card 56 in slot 6
[19:57:05.708] [SEVERE ] placing card 66 in slot 7
[19:57:05.812] [SEVERE ] placing card 67 in slot 8
[19:57:05.917] [SEVERE ] placing card 25 in slot 9
[19:57:06.022] [SEVERE ] placing card 18 in slot 10
[19:57:06.126] [SEVERE ] placing card 29 in slot 11
[19:57:06.127] [SEVERE ] updating countdown to 1000000
[19:57:06.233] [SEVERE ] updating countdown to 1000895
[19:57:06.338] [SEVERE ] updating countdown to 1000790
[19:57:06.439] [SEVERE ] updating countdown to 1000689
[19:57:06.544] [SEVERE ] updating countdown to 1000584
[19:57:06.646] [SEVERE ] updating countdown to 1000482
[19:57:06.751] [SEVERE ] updating countdown to 1000377
[19:57:06.853] [SEVERE ] updating countdown to 1000275
[19:57:06.959] [SEVERE ] updating countdown to 1000169
[19:57:07.060] [SEVERE ] updating countdown to 1000068
[19:57:07.166] [SEVERE ] updating countdown to 999962
[19:57:07.272] [SEVERE ] updating countdown to 999856
[19:57:07.378] [SEVERE ] updating countdown to 999750
[19:57:07.483] [SEVERE ] updating countdown to 999645
[19:57:07.585] [SEVERE ] updating countdown to 999543
[19:57:07.687] [SEVERE ] updating countdown to 999441
[19:57:07.790] [SEVERE ] updating countdown to 999338
[19:57:07.896] [SEVERE ] updating countdown to 999232
[19:57:08.001] [SEVERE ] updating countdown to 999127
[19:57:08.103] [SEVERE ] updating countdown to 999025
[19:57:08.204] [SEVERE ] updating countdown to 998924
[19:57:08.307] [SEVERE ] updating countdown to 998821
[19:57:08.409] [SEVERE ] updating countdown to 998719
[19:57:08.513] [SEVERE ] updating countdown to 998615
[19:57:08.615] [SEVERE ] updating countdown to 998513
[19:57:08.720] [SEVERE ] updating countdown to 998408
[19:57:08.826] [SEVERE ] updating countdown to 998302
[19:57:08.929] [SEVERE ] updating countdown to 998199
[19:57:09.034] [SEVERE ] updating countdown to 998094
[19:57:09.137] [SEVERE ] updating countdown to 997991
[19:57:09.239] [SEVERE ] updating countdown to 997889
[19:57:09.344] [SEVERE ] updating countdown to 997784
[19:57:09.449] [SEVERE ] updating countdown to 997679
[19:57:09.555] [SEVERE ] updating countdown to 997573
[19:57:09.659] [SEVERE ] updating countdown to 997469
[19:57:09.763] [SEVERE ] updating countdown to 997365
[19:57:09.866] [SEVERE ] updating countdown to 997262
[19:57:09.969] [SEVERE ] updating countdown to 997159
[19:57:10.075] [SEVERE ] updating countdown to 997053
[19:57:10.178] [SEVERE ] updating countdown to 996950
[19:57:10.282] [SEVERE ] updating countdown to 996846
[19:57:10.387] [SEVERE ] updating countdown to 996741
[19:57:10.493] [SEVERE ] updating countdown to 996635
[19:57:10.598] [SEVERE ] updating countdown to 996530
[19:57:10.704] [SEVERE ] updating countdown to 996425
[19:57:10.805] [SEVERE ] updating countdown to 996323
[19:57:10.908] [SEVERE ] updating countdown to 996220
[19:57:11.013] [SEVERE ] updating countdown to 996115
[19:57:11.118] [SEVERE ] updating countdown to 996010
[19:57:11.223] [SEVERE ] updating countdown to 995905
[19:57:11.326] [SEVERE ] updating countdown to 995802
[19:57:11.428] [SEVERE ] updating countdown to 995700
[19:57:11.530] [SEVERE ] updating countdown to 995598
[19:57:11.635] [SEVERE ] updating countdown to 995493
[19:57:11.741] [SEVERE ] updating countdown to 995387
[19:57:11.846] [SEVERE ] updating countdown to 995282
[19:57:11.947] [SEVERE ] updating countdown to 995181
[19:57:12.051] [SEVERE ] updating countdown to 995077
[19:57:12.155] [SEVERE ] updating countdown to 994973
[19:57:12.256] [SEVERE ] updating countdown to 994872
[19:57:12.360] [SEVERE ] updating countdown to 994768
[19:57:12.461] [SEVERE ] updating countdown to 994667
[19:57:12.566] [SEVERE ] updating countdown to 994562
[19:57:12.670] [SEVERE ] updating countdown to 994458
[19:57:12.773] [SEVERE ] updating countdown to 994355
[19:57:12.879] [SEVERE ] updating countdown to 994249
[19:57:12.984] [SEVERE ] updating countdown to 994144
[19:57:13.089] [SEVERE ] updating countdown to 994039
[19:57:13.193] [SEVERE ] updating countdown to 993935
[19:57:13.295] [SEVERE ] updating countdown to 993833
[19:57:13.396] [SEVERE ] updating countdown to 993732
[19:57:13.501] [SEVERE ] updating countdown to 993627
[19:57:13.607] [SEVERE ] updating countdown to 993521
[19:57:13.708] [SEVERE ] updating countdown to 993420
[19:57:13.812] [SEVERE ] updating countdown to 993316
[19:57:13.916] [SEVERE ] updating countdown to 993212
[19:57:14.022] [SEVERE ] updating countdown to 993106
[19:57:14.127] [SEVERE ] updating countdown to 993001
[19:57:14.232] [SEVERE ] updating countdown to 992896
[19:57:14.333] [SEVERE ] updating countdown to 992795
[19:57:14.438] [SEVERE ] updating countdown to 992690
[19:57:14.541] [SEVERE ] updating countdown to 992587
[19:57:14.647] [SEVERE ] updating countdown to 992481
[19:57:14.752] [SEVERE ] updating countdown to 992376
[19:57:14.854] [SEVERE ] updating countdown to 992274
[19:57:14.959] [SEVERE ] updating countdown to 992169
[19:57:15.061] [SEVERE ] updating countdown to 992067
[19:57:15.162] [SEVERE ] updating countdown to 991966
[19:57:15.268] [SEVERE ] updating countdown to 991860
[19:57:15.374] [SEVERE ] updating countdown to 991754
[19:57:15.475] [SEVERE ] updating countdown to 991653
[19:57:15.579] [SEVERE ] updating countdown to 991549
[19:57:15.684] [SEVERE ] updating countdown to 991444
[19:57:15.787] [SEVERE ] updating countdown to 991341
[19:57:15.893] [SEVERE ] updating countdown to 991235
[19:57:15.996] [SEVERE ] updating countdown to 991132
[19:57:16.101] [SEVERE ] updating countdown to 991027
[19:57:16.204] [SEVERE ] updating countdown to 990925
[19:57:16.308] [SEVERE ] updating countdown to 990820
[19:57:16.413] [SEVERE ] updating countdown to 990715
[19:57:16.517] [SEVERE ] updating countdown to 990611
[19:57:16.619] [SEVERE ] updating countdown to 990509
[19:57:16.721] [SEVERE ] updating countdown to 990407
[19:57:16.825] [SEVERE ] updating countdown to 990303
[19:57:16.928] [SEVERE ] updating countdown to 990200
[19:57:17.029] [SEVERE ] updating countdown to 990099
[19:57:17.135] [SEVERE ] updating countdown to 989993
[19:57:17.237] [SEVERE ] updating countdown to 989891
[19:57:17.343] [SEVERE ] updating countdown to 989785
[19:57:17.448] [SEVERE ] updating countdown to 989680
[19:57:17.554] [SEVERE ] updating countdown to 989574
[19:57:17.658] [SEVERE ] updating countdown to 989470
[19:57:17.763] [SEVERE ] updating countdown to 989365
[19:57:17.864] [SEVERE ] updating countdown to 989264
[19:57:17.966] [SEVERE ] updating countdown to 989162
[19:57:18.070] [SEVERE ] updating countdown to 989058
[19:57:18.175] [SEVERE ] updating countdown to 988953
[19:57:18.281] [SEVERE ] updating countdown to 988847
[19:57:18.382] [SEVERE ] updating countdown to 988746
[19:57:18.486] [SEVERE ] updating countdown to 988642
[19:57:18.589] [SEVERE ] updating countdown to 988539
[19:57:18.691] [SEVERE ] updating countdown to 988437
[19:57:18.794] [SEVERE ] updating countdown to 988334
[19:57:18.898] [SEVERE ] updating countdown to 988230
[19:57:19.003] [SEVERE ] updating countdown to 988125
[19:57:19.108] [SEVERE ] updating countdown to 988020
[19:57:19.212] [SEVERE ] updating countdown to 987916
[19:57:19.317] [SEVERE ] updating countdown to 987811
[19:57:19.422] [SEVERE ] updating countdown to 987706
[19:57:19.527] [SEVERE ] updating countdown to 987601
[19:57:19.631] [SEVERE ] updating countdown to 987497
[19:57:19.733] [SEVERE ] updating countdown to 987395
[19:57:19.838] [SEVERE ] updating countdown to 987290
[19:57:19.943] [SEVERE ] updating countdown to 987185
[19:57:20.049] [SEVERE ] updating countdown to 987079
[19:57:20.154] [SEVERE ] updating countdown to 986974
[19:57:20.259] [SEVERE ] updating countdown to 986869
[19:57:20.364] [SEVERE ] updating countdown to 986764
[19:57:20.469] [SEVERE ] updating countdown to 986659
[19:57:20.573] [SEVERE ] updating countdown to 986555
[19:57:20.676] [SEVERE ] updating countdown to 986452
[19:57:20.778] [SEVERE ] updating countdown to 986350
[19:57:20.880] [SEVERE ] updating countdown to 986248
[19:57:20.982] [SEVERE ] updating countdown to 986146
[19:57:21.085] [SEVERE ] updating countdown to 986043
[19:57:21.190] [SEVERE ] updating countdown to 985938
[19:57:21.296] [SEVERE ] updating countdown to 985832
[19:57:21.398] [SEVERE ] updating countdown to 985730
[19:57:21.500] [SEVERE ] updating countdown to 985628
[19:57:21.602] [SEVERE ] updating countdown to 985526
[19:57:21.705] [SEVERE ] updating countdown to 985423
[19:57:21.807] [SEVERE ] updating countdown to 985321
[19:57:21.913] [SEVERE ] updating countdown to 985215
[19:57:22.015] [SEVERE ] updating countdown to 985113
[19:57:22.120] [SEVERE ] updating countdown to 985008
[19:57:22.224] [SEVERE ] updating countdown to 984904
[19:57:22.329] [SEVERE ] updating countdown to 984800
[19:57:22.434] [SEVERE ] updating countdown to 984694
[19:57:22.537] [SEVERE ] updating countdown to 984591
[19:57:22.640] [SEVERE ] updating countdown to 984488
[19:57:22.744] [SEVERE ] updating countdown to 984384
[19:57:22.848] [SEVERE ] updating countdown to 984280
[19:57:22.953] [SEVERE ] updating countdown to 984175
[19:57:23.058] [SEVERE ] updating countdown to 984070
[19:57:23.162] [SEVERE ] updating countdown to 983966
[19:57:23.267] [SEVERE ] updating countdown to 983861
[19:57:23.372] [SEVERE ] updating countdown to 983756
[19:57:23.477] [SEVERE ] updating countdown to 983651
[19:57:23.579] [SEVERE ] updating countdown to 983549
[19:57:23.680] [SEVERE ] updating countdown to 983448
[19:57:23.783] [SEVERE ] updating countdown to 983345
[19:57:23.888] [SEVERE ] updating countdown to 983240
[19:57:23.992] [SEVERE ] updating countdown to 983136
[19:57:24.098] [SEVERE ] updating countdown to 983030
[19:57:24.201] [SEVERE ] updating countdown to 982927
[19:57:24.302] [SEVERE ] updating countdown to 982826
[19:57:24.406] [SEVERE ] updating countdown to 982722
[19:57:24.510] [SEVERE ] updating countdown to 982618
[19:57:24.616] [SEVERE ] updating countdown to 982512
[19:57:24.717] [SEVERE ] updating countdown to 982411
[19:57:24.818] [SEVERE ] updating countdown to 982310
[19:57:24.920] [SEVERE ] updating countdown to 982208
[19:57:25.026] [SEVERE ] updating countdown to 982102
[19:57:25.132] [SEVERE ] updating countdown to 981997
[19:57:25.232] [SEVERE ] updating countdown to 981896
[19:57:25.338] [SEVERE ] updating countdown to 981790
[19:57:25.443] [SEVERE ] updating countdown to 981685
[19:57:25.545] [SEVERE ] updating countdown to 981583
[19:57:25.650] [SEVERE ] updating countdown to 981478
[19:57:25.755] [SEVERE ] updating countdown to 981373
[19:57:25.861] [SEVERE ] updating countdown to 981268
[19:57:25.966] [SEVERE ] updating countdown to 981162
[19:57:26.071] [SEVERE ] updating countdown to 981057
[19:57:26.176] [SEVERE ] updating countdown to 980952
[19:57:26.281] [SEVERE ] updating countdown to 980847
[19:57:26.382] [SEVERE ] updating countdown to 980746
[19:57:26.487] [SEVERE ] updating countdown to 980641
[19:57:26.589] [SEVERE ] updating countdown to 980539
[19:57:26.693] [SEVERE ] updating countdown to 980435
[19:57:26.799] [SEVERE ] updating countdown to 980329
[19:57:26.904] [SEVERE ] updating countdown to 980224
[19:57:27.006] [SEVERE ] updating countdown to 980122
[19:57:27.109] [SEVERE ] updating countdown to 980019
[19:57:27.210] [SEVERE ] updating countdown to 979918
[19:57:27.311] [SEVERE ] updating countdown to 979817
[19:57:27.412] [SEVERE ] updating countdown to 979716
[19:57:27.517] [SEVERE ] updating countdown to 979611
[19:57:27.620] [SEVERE ] updating countdown to 979508
[19:57:27.722] [SEVERE ] updating countdown to 979406
[19:57:27.824] [SEVERE ] updating countdown to 979304
[19:57:27.930] [SEVERE ] updating countdown to 979198
[19:57:28.033] [SEVERE ] updating countdown to 979095
[19:57:28.138] [SEVERE ] updating countdown to 978990
[19:57:28.244] [SEVERE ] updating countdown to 978885
[19:57:28.348] [SEVERE ] updating countdown to 978780
[19:57:28.452] [SEVERE ] updating countdown to 978676
[19:57:28.555] [SEVERE ] updating countdown to 978573
[19:57:28.657] [SEVERE ] updating countdown to 978471
[19:57:28.762] [SEVERE ] updating countdown to 978366
[19:57:28.863] [SEVERE ] updating countdown to 978265
[19:57:28.968] [SEVERE ] updating countdown to 978160
[19:57:29.072] [SEVERE ] updating countdown to 978056
[19:57:29.172] [SEVERE ] updating countdown to 977956
[19:57:29.276] [SEVERE ] updating countdown to 977852
[19:57:29.381] [SEVERE ] updating countdown to 977747
[19:57:29.483] [SEVERE ] updating countdown to 977645
[19:57:29.588] [SEVERE ] updating countdown to 977540
[19:57:29.692] [SEVERE ] updating countdown to 977436
[19:57:29.798] [SEVERE ] updating countdown to 977330
[19:57:29.901] [SEVERE ] updating countdown to 977227
[19:57:30.006] [SEVERE ] updating countdown to 977122
[19:57:30.108] [SEVERE ] updating countdown to 977020
[19:57:30.209] [SEVERE ] updating countdown to 976919
[19:57:30.315] [SEVERE ] updating countdown to 976813
[19:57:30.420] [SEVERE ] updating countdown to 976708
[19:57:30.522] [SEVERE ] updating countdown to 976606
[19:57:30.628] [SEVERE ] updating countdown to 976500
[19:57:30.732] [SEVERE ] updating countdown to 976396
[19:57:30.838] [SEVERE ] updating countdown to 976290
[19:57:30.943] [SEVERE ] updating countdown to 976185
[19:57:31.048] [SEVERE ] updating countdown to 976080
[19:57:31.152] [SEVERE ] updating countdown to 975976
[19:57:31.258] [SEVERE ] updating countdown to 975870
[19:57:31.359] [SEVERE ] updating countdown to 975769
[19:57:31.464] [SEVERE ] updating countdown to 975664
[19:57:31.570] [SEVERE ] updating countdown to 975558
[19:57:31.675] [SEVERE ] updating countdown to 975453
[19:57:31.775] [SEVERE ] updating countdown to 975353
[19:57:31.880] [SEVERE ] updating countdown to 975248
[19:57:31.984] [SEVERE ] updating countdown to 975144
[19:57:32.090] [SEVERE ] updating countdown to 975038
[19:57:32.193] [SEVERE ] updating countdown to 974935
[19:57:32.299] [SEVERE ] updating countdown to 974829
[19:57:32.403] [SEVERE ] updating countdown to 974725
[19:57:32.509] [SEVERE ] updating countdown to 974619
[19:57:32.614] [SEVERE ] updating countdown to 974514
[19:57:32.720] [SEVERE ] updating countdown to 974408
[19:57:32.821] [SEVERE ] updating countdown to 974307
[19:57:32.922] [SEVERE ] updating countdown to 974206
[19:57:33.027] [SEVERE ] updating countdown to 974101
[19:57:33.129] [SEVERE ] updating countdown to 973999
[19:57:33.230] [SEVERE ] updating countdown to 973898
[19:57:33.335] [SEVERE ] updating countdown to 973793
[19:57:33.440] [SEVERE ] updating countdown to 973688
[19:57:33.541] [SEVERE ] updating countdown to 973587
[19:57:33.645] [SEVERE ] updating countdown to 973483
[19:57:33.748] [SEVERE ] updating countdown to 973380
[19:57:33.854] [SEVERE ] updating countdown to 973274
[19:57:33.958] [SEVERE ] updating countdown to 973170
[19:57:34.063] [SEVERE ] updating countdown to 973065
[19:57:34.165] [SEVERE ] updating countdown to 972963
[19:57:34.265] [SEVERE ] updating countdown to 972863
[19:57:34.367] [SEVERE ] updating countdown to 972761
[19:57:34.470] [SEVERE ] updating countdown to 972658
[19:57:34.575] [SEVERE ] updating countdown to 972553
[19:57:34.679] [SEVERE ] updating countdown to 972449
[19:57:34.785] [SEVERE ] updating countdown to 972343
[19:57:34.887] [SEVERE ] updating countdown to 972241
[19:57:34.988] [SEVERE ] updating countdown to 972140
[19:57:35.094] [SEVERE ] updating countdown to 972034
[19:57:35.197] [SEVERE ] updating countdown to 971931
[19:57:35.303] [SEVERE ] updating countdown to 971825
[19:57:35.406] [SEVERE ] updating countdown to 971722
[19:57:35.509] [SEVERE ] updating countdown to 971619
[19:57:35.615] [SEVERE ] updating countdown to 971513
[19:57:35.720] [SEVERE ] updating countdown to 971408
[19:57:35.825] [SEVERE ] updating countdown to 971303
[19:57:35.929] [SEVERE ] updating countdown to 971199
[19:57:36.035] [SEVERE ] updating countdown to 971093
[19:57:36.140] [SEVERE ] updating countdown to 970988
[19:57:36.246] [SEVERE ] updating countdown to 970882
[19:57:36.348] [SEVERE ] updating countdown to 970780
[19:57:36.454] [SEVERE ] updating countdown to 970674
[19:57:36.556] [SEVERE ] updating countdown to 970572
[19:57:36.656] [SEVERE ] updating countdown to 970472
[19:57:36.759] [SEVERE ] updating countdown to 970369
[19:57:36.863] [SEVERE ] updating countdown to 970265
[19:57:36.965] [SEVERE ] updating countdown to 970163
[19:57:37.066] [SEVERE ] updating countdown to 970062
[19:57:37.172] [SEVERE ] updating countdown to 969956
[19:57:37.277] [SEVERE ] updating countdown to 969851
[19:57:37.379] [SEVERE ] updating countdown to 969749
[19:57:37.485] [SEVERE ] updating countdown to 969643
[19:57:37.588] [SEVERE ] updating countdown to 969540
[19:57:37.691] [SEVERE ] updating countdown to 969437
[19:57:37.796] [SEVERE ] updating countdown to 969332
[19:57:37.900] [SEVERE ] updating countdown to 969228
[19:57:38.006] [SEVERE ] updating countdown to 969122
[19:57:38.109] [SEVERE ] updating countdown to 969019
[19:57:38.215] [SEVERE ] updating countdown to 968913
[19:57:38.321] [SEVERE ] updating countdown to 968807
[19:57:38.425] [SEVERE ] updating countdown to 968703
[19:57:38.529] [SEVERE ] updating countdown to 968599
[19:57:38.632] [SEVERE ] updating countdown to 968496
[19:57:38.738] [SEVERE ] updating countdown to 968391
[19:57:38.838] [SEVERE ] updating countdown to 968290
[19:57:38.939] [SEVERE ] updating countdown to 968189
[19:57:39.044] [SEVERE ] updating countdown to 968084
[19:57:39.149] [SEVERE ] updating countdown to 967979
[19:57:39.254] [SEVERE ] updating countdown to 967874
[19:57:39.359] [SEVERE ] updating countdown to 967769
[19:57:39.464] [SEVERE ] updating countdown to 967664
[19:57:39.568] [SEVERE ] updating countdown to 967560
[19:57:39.671] [SEVERE ] updating countdown to 967457
[19:57:39.776] [SEVERE ] updating countdown to 967352
[19:57:39.882] [SEVERE ] updating countdown to 967246
[19:57:39.987] [SEVERE ] updating countdown to 967141
[19:57:40.089] [SEVERE ] updating countdown to 967039
[19:57:40.195] [SEVERE ] updating countdown to 966933
[19:57:40.300] [SEVERE ] updating countdown to 966828
[19:57:40.406] [SEVERE ] updating countdown to 966722
[19:57:40.511] [SEVERE ] updating countdown to 966617
[19:57:40.614] [SEVERE ] updating countdown to 966514
[19:57:40.719] [SEVERE ] updating countdown to 966409
[19:57:40.822] [SEVERE ] updating countdown to 966307
[19:57:40.927] [SEVERE ] updating countdown to 966201
[19:57:41.029] [SEVERE ] updating countdown to 966099
[19:57:41.133] [SEVERE ] updating countdown to 965995
[19:57:41.237] [SEVERE ] updating countdown to 965891
[19:57:41.340] [SEVERE ] updating countdown to 965788
[19:57:41.446] [SEVERE ] updating countdown to 965682
[19:57:41.550] [SEVERE ] updating countdown to 965578
[19:57:41.656] [SEVERE ] updating countdown to 965472
[19:57:41.757] [SEVERE ] updating countdown to 965371
[19:57:41.862] [SEVERE ] updating countdown to 965266
[19:57:41.966] [SEVERE ] updating countdown to 965162
[19:57:42.070] [SEVERE ] updating countdown to 965058
[19:57:42.176] [SEVERE ] updating countdown to 964952
[19:57:42.280] [SEVERE ] updating countdown to 964848
[19:57:42.384] [SEVERE ] updating countdown to 964744
[19:57:42.487] [SEVERE ] updating countdown to 964641
[19:57:42.591] [SEVERE ] updating countdown to 964537
[19:57:42.693] [SEVERE ] updating countdown to 964435
[19:57:42.797] [SEVERE ] updating countdown to 964331
[19:57:42.899] [SEVERE ] updating countdown to 964229
[19:57:43.001] [SEVERE ] updating countdown to 964127
[19:57:43.107] [SEVERE ] updating countdown to 964021
[19:57:43.208] [SEVERE ] updating countdown to 963920
[19:57:43.311] [SEVERE ] updating countdown to 963818
[19:57:43.411] [SEVERE ] updating countdown to 963717
[19:57:43.515] [SEVERE ] updating countdown to 963613
[19:57:43.621] [SEVERE ] updating countdown to 963507
[19:57:43.726] [SEVERE ] updating countdown to 963402
[19:57:43.828] [SEVERE ] updating countdown to 963300
[19:57:43.933] [SEVERE ] updating countdown to 963195
[19:57:44.038] [SEVERE ] updating countdown to 963090
[19:57:44.139] [SEVERE ] updating countdown to 962989
[19:57:44.245] [SEVERE ] updating countdown to 962883
[19:57:44.345] [SEVERE ] updating countdown to 962783
[19:57:44.450] [SEVERE ] updating countdown to 962678
[19:57:44.556] [SEVERE ] updating countdown to 962572
[19:57:44.658] [SEVERE ] updating countdown to 962470
[19:57:44.760] [SEVERE ] updating countdown to 962368
[19:57:44.866] [SEVERE ] updating countdown to 962262
[19:57:44.971] [SEVERE ] updating countdown to 962157
[19:57:45.071] [SEVERE ] updating countdown to 962057
[19:57:45.177] [SEVERE ] updating countdown to 961951
[19:57:45.280] [SEVERE ] updating countdown to 961848
[19:57:45.386] [SEVERE ] updating countdown to 961742
[19:57:45.488] [SEVERE ] updating countdown to 961640
[19:57:45.589] [SEVERE ] updating countdown to 961539
[19:57:45.690] [SEVERE ] updating countdown to 961438
[19:57:45.796] [SEVERE ] updating countdown to 961332
[19:57:45.901] [SEVERE ] updating countdown to 961227
[19:57:46.006] [SEVERE ] updating countdown to 961122
[19:57:46.107] [SEVERE ] updating countdown to 961021
[19:57:46.212] [SEVERE ] updating countdown to 960916
[19:57:46.317] [SEVERE ] updating countdown to 960811
[19:57:46.420] [SEVERE ] updating countdown to 960708
[19:57:46.526] [SEVERE ] updating countdown to 960602
[19:57:46.631] [SEVERE ] updating countdown to 960497
[19:57:46.736] [SEVERE ] updating countdown to 960392
[19:57:46.841] [SEVERE ] updating countdown to 960287
[19:57:46.946] [SEVERE ] updating countdown to 960182
[19:57:47.050] [SEVERE ] updating countdown to 960078
[19:57:47.156] [SEVERE ] updating countdown to 959972
[19:57:47.260] [SEVERE ] updating countdown to 959868
[19:57:47.362] [SEVERE ] updating countdown to 959766
[19:57:47.467] [SEVERE ] updating countdown to 959661
[19:57:47.572] [SEVERE ] updating countdown to 959556
[19:57:47.677] [SEVERE ] updating countdown to 959451
[19:57:47.780] [SEVERE ] updating countdown to 959348
[19:57:47.880] [SEVERE ] updating countdown to 959248
[19:57:47.986] [SEVERE ] updating countdown to 959142
[19:57:48.087] [SEVERE ] updating countdown to 959041
[19:57:48.192] [SEVERE ] updating countdown to 958936
[19:57:48.293] [SEVERE ] updating countdown to 958835
[19:57:48.398] [SEVERE ] updating countdown to 958730
[19:57:48.503] [SEVERE ] updating countdown to 958625
[19:57:48.607] [SEVERE ] updating countdown to 958521
[19:57:48.710] [SEVERE ] updating countdown to 958418
[19:57:48.815] [SEVERE ] updating countdown to 958313
[19:57:48.918] [SEVERE ] updating countdown to 958210
[19:57:49.022] [SEVERE ] updating countdown to 958106
[19:57:49.127] [SEVERE ] updating countdown to 958001
[19:57:49.232] [SEVERE ] updating countdown to 957896
[19:57:49.338] [SEVERE ] updating countdown to 957790
[19:57:49.441] [SEVERE ] updating countdown to 957687
[19:57:49.545] [SEVERE ] updating countdown to 957583
[19:57:49.646] [SEVERE ] updating countdown to 957482
[19:57:49.748] [SEVERE ] updating countdown to 957380
[19:57:49.849] [SEVERE ] updating countdown to 957279
[19:57:49.954] [SEVERE ] updating countdown to 957174
[19:57:50.060] [SEVERE ] updating countdown to 957069
[19:57:50.165] [SEVERE ] updating countdown to 956963
[19:57:50.267] [SEVERE ] updating countdown to 956861
[19:57:50.371] [SEVERE ] updating countdown to 956757
[19:57:50.477] [SEVERE ] updating countdown to 956651
[19:57:50.579] [SEVERE ] updating countdown to 956549
[19:57:50.680] [SEVERE ] updating countdown to 956448
[19:57:50.786] [SEVERE ] updating countdown to 956342
[19:57:50.890] [SEVERE ] updating countdown to 956238
[19:57:50.994] [SEVERE ] updating countdown to 956134
[19:57:51.100] [SEVERE ] updating countdown to 956028
[19:57:51.201] [SEVERE ] updating countdown to 955927
[19:57:51.307] [SEVERE ] updating countdown to 955821
[19:57:51.412] [SEVERE ] updating countdown to 955716
[19:57:51.518] [SEVERE ] updating countdown to 955610
[19:57:51.619] [SEVERE ] updating countdown to 955509
[19:57:51.720] [SEVERE ] updating countdown to 955408
[19:57:51.823] [SEVERE ] updating countdown to 955305
[19:57:51.928] [SEVERE ] updating countdown to 955200
[19:57:52.029] [SEVERE ] updating countdown to 955099
[19:57:52.132] [SEVERE ] updating countdown to 954996
[19:57:52.237] [SEVERE ] updating countdown to 954891
[19:57:52.342] [SEVERE ] updating countdown to 954786
[19:57:52.447] [SEVERE ] updating countdown to 954681
[19:57:52.552] [SEVERE ] updating countdown to 954576
[19:57:52.657] [SEVERE ] updating countdown to 954471
[19:57:52.762] [SEVERE ] updating countdown to 954366
[19:57:52.868] [SEVERE ] updating countdown to 954260
[19:57:52.971] [SEVERE ] updating countdown to 954157
[19:57:53.075] [SEVERE ] updating countdown to 954053
[19:57:53.177] [SEVERE ] updating countdown to 953951
[19:57:53.279] [SEVERE ] updating countdown to 953849
[19:57:53.384] [SEVERE ] updating countdown to 953744
[19:57:53.488] [SEVERE ] updating countdown to 953640
[19:57:53.593] [SEVERE ] updating countdown to 953535
[19:57:53.697] [SEVERE ] updating countdown to 953431
[19:57:53.799] [SEVERE ] updating countdown to 953329
[19:57:53.901] [SEVERE ] updating countdown to 953227
[19:57:54.006] [SEVERE ] updating countdown to 953122
[19:57:54.110] [SEVERE ] updating countdown to 953018
[19:57:54.213] [SEVERE ] updating countdown to 952915
[19:57:54.316] [SEVERE ] updating countdown to 952812
[19:57:54.418] [SEVERE ] updating countdown to 952710
[19:57:54.521] [SEVERE ] updating countdown to 952607
[19:57:54.626] [SEVERE ] updating countdown to 952502
[19:57:54.728] [SEVERE ] updating countdown to 952400
[19:57:54.830] [SEVERE ] updating countdown to 952298
[19:57:54.936] [SEVERE ] updating countdown to 952192
[19:57:55.041] [SEVERE ] updating countdown to 952087
[19:57:55.143] [SEVERE ] updating countdown to 951985
[19:57:55.246] [SEVERE ] updating countdown to 951882
[19:57:55.351] [SEVERE ] updating countdown to 951777
[19:57:55.454] [SEVERE ] updating countdown to 951674
[19:57:55.560] [SEVERE ] updating countdown to 951568
[19:57:55.665] [SEVERE ] updating countdown to 951463
[19:57:55.771] [SEVERE ] updating countdown to 951357
[19:57:55.876] [SEVERE ] updating countdown to 951252
[19:57:55.982] [SEVERE ] updating countdown to 951146
[19:57:56.086] [SEVERE ] updating countdown to 951042
[19:57:56.191] [SEVERE ] updating countdown to 950937
[19:57:56.296] [SEVERE ] updating countdown to 950832
[19:57:56.401] [SEVERE ] updating countdown to 950727
[19:57:56.505] [SEVERE ] updating countdown to 950623
[19:57:56.606] [SEVERE ] updating countdown to 950522
[19:57:56.710] [SEVERE ] updating countdown to 950418
[19:57:56.816] [SEVERE ] updating countdown to 950312
[19:57:56.921] [SEVERE ] updating countdown to 950207
[19:57:57.022] [SEVERE ] updating countdown to 950106
[19:57:57.128] [SEVERE ] updating countdown to 950001
[19:57:57.229] [SEVERE ] updating countdown to 949899
[19:57:57.335] [SEVERE ] updating countdown to 949793
[19:57:57.440] [SEVERE ] updating countdown to 949688
[19:57:57.546] [SEVERE ] updating countdown to 949582
[19:57:57.647] [SEVERE ] updating countdown to 949481
[19:57:57.752] [SEVERE ] updating countdown to 949376
[19:57:57.853] [SEVERE ] updating countdown to 949275
[19:57:57.959] [SEVERE ] updating countdown to 949169
[19:57:58.060] [SEVERE ] updating countdown to 949068
[19:57:58.163] [SEVERE ] updating countdown to 948965
[19:57:58.268] [SEVERE ] updating countdown to 948860
[19:57:58.373] [SEVERE ] updating countdown to 948755
[19:57:58.474] [SEVERE ] updating countdown to 948654
[19:57:58.580] [SEVERE ] updating countdown to 948548
[19:57:58.685] [SEVERE ] updating countdown to 948443
[19:57:58.790] [SEVERE ] updating countdown to 948338
[19:57:58.892] [SEVERE ] updating countdown to 948236
[19:57:58.997] [SEVERE ] updating countdown to 948131
[19:57:59.103] [SEVERE ] updating countdown to 948025
[19:57:59.205] [SEVERE ] updating countdown to 947923
[19:57:59.310] [SEVERE ] updating countdown to 947818
[19:57:59.415] [SEVERE ] updating countdown to 947713
[19:57:59.517] [SEVERE ] updating countdown to 947611
[19:57:59.618] [SEVERE ] updating countdown to 947511
[19:57:59.723] [SEVERE ] updating countdown to 947405
[19:57:59.828] [SEVERE ] updating countdown to 947300
[19:57:59.934] [SEVERE ] updating countdown to 947194
[19:58:00.036] [SEVERE ] updating countdown to 947092
[19:58:00.141] [SEVERE ] updating countdown to 946987
[19:58:00.246] [SEVERE ] updating countdown to 946882
[19:58:00.348] [SEVERE ] updating countdown to 946780
[19:58:00.454] [SEVERE ] updating countdown to 946674
[19:58:00.558] [SEVERE ] updating countdown to 946570
[19:58:00.662] [SEVERE ] updating countdown to 946466
[19:58:00.768] [SEVERE ] updating countdown to 946360
[19:58:00.870] [SEVERE ] updating countdown to 946258
[19:58:00.974] [SEVERE ] updating countdown to 946154
[19:58:01.075] [SEVERE ] updating countdown to 946053
[19:58:01.176] [SEVERE ] updating countdown to 945952
[19:58:01.280] [SEVERE ] updating countdown to 945848
[19:58:01.385] [SEVERE ] updating countdown to 945743
[19:58:01.486] [SEVERE ] updating countdown to 945642
[19:58:01.590] [SEVERE ] updating countdown to 945538
[19:58:01.696] [SEVERE ] updating countdown to 945432
[19:58:01.799] [SEVERE ] updating countdown to 945329
[19:58:01.902] [SEVERE ] updating countdown to 945226
[19:58:02.004] [SEVERE ] updating countdown to 945124
[19:58:02.108] [SEVERE ] updating countdown to 945020
[19:58:02.211] [SEVERE ] updating countdown to 944917
[19:58:02.313] [SEVERE ] updating countdown to 944815
[19:58:02.418] [SEVERE ] updating countdown to 944710
[19:58:02.521] [SEVERE ] updating countdown to 944607
[19:58:02.626] [SEVERE ] updating countdown to 944502
[19:58:02.729] [SEVERE ] updating countdown to 944399
[19:58:02.832] [SEVERE ] updating countdown to 944296
[19:58:02.936] [SEVERE ] updating countdown to 944192
[19:58:03.041] [SEVERE ] updating countdown to 944087
[19:58:03.143] [SEVERE ] updating countdown to 943985
[19:58:03.245] [SEVERE ] updating countdown to 943883
[19:58:03.349] [SEVERE ] updating countdown to 943779
[19:58:03.454] [SEVERE ] updating countdown to 943674
[19:58:03.558] [SEVERE ] updating countdown to 943570
[19:58:03.661] [SEVERE ] updating countdown to 943467
[19:58:03.766] [SEVERE ] updating countdown to 943362
[19:58:03.871] [SEVERE ] updating countdown to 943257
[19:58:03.974] [SEVERE ] updating countdown to 943154
[19:58:04.074] [SEVERE ] updating countdown to 943054
[19:58:04.180] [SEVERE ] updating countdown to 942948
[19:58:04.280] [SEVERE ] updating countdown to 942848
[19:58:04.381] [SEVERE ] updating countdown to 942747
[19:58:04.484] [SEVERE ] updating countdown to 942644
[19:58:04.589] [SEVERE ] updating countdown to 942539
[19:58:04.691] [SEVERE ] updating countdown to 942437
[19:58:04.794] [SEVERE ] updating countdown to 942334
[19:58:04.899] [SEVERE ] updating countdown to 942229
[19:58:05.001] [SEVERE ] updating countdown to 942127
[19:58:05.104] [SEVERE ] updating countdown to 942024
[19:58:05.205] [SEVERE ] updating countdown to 941923
[19:58:05.305] [SEVERE ] updating countdown to 941823
[19:58:05.408] [SEVERE ] updating countdown to 941720
[19:58:05.513] [SEVERE ] updating countdown to 941615
[19:58:05.618] [SEVERE ] updating countdown to 941510
[19:58:05.723] [SEVERE ] updating countdown to 941405
[19:58:05.828] [SEVERE ] updating countdown to 941300
[19:58:05.929] [SEVERE ] updating countdown to 941199
[19:58:06.030] [SEVERE ] updating countdown to 941098
[19:58:06.131] [SEVERE ] updating countdown to 940997
[19:58:06.236] [SEVERE ] updating countdown to 940892
[19:58:06.341] [SEVERE ] updating countdown to 940787
[19:58:06.442] [SEVERE ] updating countdown to 940686
[19:58:06.547] [SEVERE ] updating countdown to 940581
[19:58:06.652] [SEVERE ] updating countdown to 940476
[19:58:06.757] [SEVERE ] updating countdown to 940371
[19:58:06.858] [SEVERE ] updating countdown to 940270
[19:58:06.961] [SEVERE ] updating countdown to 940167
[19:58:07.064] [SEVERE ] updating countdown to 940064
[19:58:07.168] [SEVERE ] updating countdown to 939960
[19:58:07.274] [SEVERE ] updating countdown to 939854
[19:58:07.376] [SEVERE ] updating countdown to 939752
[19:58:07.480] [SEVERE ] updating countdown to 939648
[19:58:07.581] [SEVERE ] updating countdown to 939547
[19:58:07.683] [SEVERE ] updating countdown to 939445
[19:58:07.783] [SEVERE ] updating countdown to 939345
[19:58:07.888] [SEVERE ] updating countdown to 939240
[19:58:07.991] [SEVERE ] updating countdown to 939137
[19:58:08.096] [SEVERE ] updating countdown to 939032
[19:58:08.198] [SEVERE ] updating countdown to 938930
[19:58:08.301] [SEVERE ] updating countdown to 938828
[19:58:08.402] [SEVERE ] updating countdown to 938726
[19:58:08.507] [SEVERE ] updating countdown to 938621
[19:58:08.610] [SEVERE ] updating countdown to 938518
[19:58:08.712] [SEVERE ] updating countdown to 938416
[19:58:08.817] [SEVERE ] updating countdown to 938311
[19:58:08.922] [SEVERE ] updating countdown to 938206
[19:58:09.025] [SEVERE ] updating countdown to 938103
[19:58:09.128] [SEVERE ] updating countdown to 938000
[19:58:09.233] [SEVERE ] updating countdown to 937895
[19:58:09.336] [SEVERE ] updating countdown to 937792
[19:58:09.439] [SEVERE ] updating countdown to 937689
[19:58:09.540] [SEVERE ] updating countdown to 937588
[19:58:09.641] [SEVERE ] updating countdown to 937487
[19:58:09.746] [SEVERE ] updating countdown to 937382
[19:58:09.851] [SEVERE ] updating countdown to 937278
[19:58:09.956] [SEVERE ] updating countdown to 937172
[19:58:10.061] [SEVERE ] updating countdown to 937067
[19:58:10.162] [SEVERE ] updating countdown to 936966
[19:58:10.265] [SEVERE ] updating countdown to 936863
[19:58:10.366] [SEVERE ] updating countdown to 936762
[19:58:10.467] [SEVERE ] updating countdown to 936661
[19:58:10.571] [SEVERE ] updating countdown to 936557
[19:58:10.671] [SEVERE ] updating countdown to 936457
[19:58:10.777] [SEVERE ] updating countdown to 936351
[19:58:10.878] [SEVERE ] updating countdown to 936250
[19:58:10.983] [SEVERE ] updating countdown to 936145
[19:58:11.088] [SEVERE ] updating countdown to 936040
[19:58:11.190] [SEVERE ] updating countdown to 935938
[19:58:11.295] [SEVERE ] updating countdown to 935833
[19:58:11.400] [SEVERE ] updating countdown to 935728
[19:58:11.505] [SEVERE ] updating countdown to 935623
[19:58:11.607] [SEVERE ] updating countdown to 935521
[19:58:11.710] [SEVERE ] updating countdown to 935418
[19:58:11.814] [SEVERE ] updating countdown to 935314
[19:58:11.918] [SEVERE ] updating countdown to 935210
[19:58:12.021] [SEVERE ] updating countdown to 935107
[19:58:12.126] [SEVERE ] updating countdown to 935002
[19:58:12.228] [SEVERE ] updating countdown to 934900
[19:58:12.331] [SEVERE ] updating countdown to 934798
[19:58:12.434] [SEVERE ] updating countdown to 934694
[19:58:12.536] [SEVERE ] updating countdown to 934592
[19:58:12.642] [SEVERE ] updating countdown to 934486
[19:58:12.744] [SEVERE ] updating countdown to 934385
[19:58:12.846] [SEVERE ] updating countdown to 934282
[19:58:12.951] [SEVERE ] updating countdown to 934177
[19:58:13.053] [SEVERE ] updating countdown to 934075
[19:58:13.155] [SEVERE ] updating countdown to 933973
[19:58:13.260] [SEVERE ] updating countdown to 933868
[19:58:13.365] [SEVERE ] updating countdown to 933763
[19:58:13.470] [SEVERE ] updating countdown to 933658
[19:58:13.575] [SEVERE ] updating countdown to 933553
[19:58:13.680] [SEVERE ] updating countdown to 933448
[19:58:13.783] [SEVERE ] updating countdown to 933345
[19:58:13.884] [SEVERE ] updating countdown to 933244
[19:58:13.984] [SEVERE ] updating countdown to 933144
[19:58:14.088] [SEVERE ] updating countdown to 933040
[19:58:14.193] [SEVERE ] updating countdown to 932935
[19:58:14.297] [SEVERE ] updating countdown to 932831
[19:58:14.402] [SEVERE ] updating countdown to 932726
[19:58:14.507] [SEVERE ] updating countdown to 932621
[19:58:14.612] [SEVERE ] updating countdown to 932516
[19:58:14.713] [SEVERE ] updating countdown to 932415
[19:58:14.819] [SEVERE ] updating countdown to 932309
[19:58:14.923] [SEVERE ] updating countdown to 932205
[19:58:15.027] [SEVERE ] updating countdown to 932101
[19:58:15.127] [SEVERE ] updating countdown to 932001
[19:58:15.229] [SEVERE ] updating countdown to 931899
[19:58:15.332] [SEVERE ] updating countdown to 931796
[19:58:15.434] [SEVERE ] updating countdown to 931694
[19:58:15.538] [SEVERE ] updating countdown to 931590
