[19:36:23.857] [INFO   ] thread main starting.
[19:36:23.863] [SEVERE ] cannot read configuration file config.properties trying from resources.
[19:36:23.864] [SEVERE ] configuration file was loaded from resources directory.
[19:36:24.995] [INFO   ] thread dealer starting.
[19:36:24.996] [INFO   ] thread dealer starting.
[19:36:24.996] [INFO   ] thread player0 starting.
[19:36:25.104] [SEVERE ] placing card 61 in slot 0
[19:36:25.205] [SEVERE ] placing card 59 in slot 1
[19:36:25.306] [SEVERE ] placing card 47 in slot 2
[19:36:25.411] [SEVERE ] placing card 35 in slot 3
[19:36:25.513] [SEVERE ] placing card 1 in slot 4
[19:36:25.617] [SEVERE ] placing card 70 in slot 5
[19:36:25.722] [SEVERE ] placing card 7 in slot 6
[19:36:25.822] [SEVERE ] placing card 62 in slot 7
[19:36:25.928] [SEVERE ] placing card 80 in slot 8
[19:36:26.034] [SEVERE ] placing card 6 in slot 9
[19:36:26.139] [SEVERE ] placing card 29 in slot 10
[19:36:26.244] [SEVERE ] placing card 2 in slot 11
[19:36:26.244] [SEVERE ] updating countdown to 10000
[19:36:26.345] [SEVERE ] updating countdown to 10900
[19:36:26.447] [SEVERE ] updating countdown to 10798
[19:36:26.548] [SEVERE ] updating countdown to 10697
[19:36:26.649] [SEVERE ] updating countdown to 10596
[19:36:26.755] [SEVERE ] updating countdown to 10490
[19:36:26.860] [SEVERE ] updating countdown to 10385
[19:36:26.965] [SEVERE ] updating countdown to 10280
[19:36:27.071] [SEVERE ] updating countdown to 10174
[19:36:27.176] [SEVERE ] updating countdown to 10069
[19:36:27.278] [SEVERE ] updating countdown to 9967
[19:36:27.382] [SEVERE ] updating countdown to 9863
[19:36:27.488] [SEVERE ] updating countdown to 9757
[19:36:27.590] [SEVERE ] updating countdown to 9655
[19:36:27.695] [SEVERE ] updating countdown to 9550
[19:36:27.799] [SEVERE ] updating countdown to 9446
[19:36:27.904] [SEVERE ] updating countdown to 9341
[19:36:28.009] [SEVERE ] updating countdown to 9236
[19:36:28.112] [SEVERE ] updating countdown to 9133
[19:36:28.216] [SEVERE ] updating countdown to 9029
[19:36:28.321] [SEVERE ] updating countdown to 8925
[19:36:28.426] [SEVERE ] updating countdown to 8819
[19:36:28.527] [SEVERE ] updating countdown to 8718
[19:36:28.633] [SEVERE ] updating countdown to 8612
[19:36:28.738] [SEVERE ] updating countdown to 8507
[19:36:28.843] [SEVERE ] updating countdown to 8402
[19:36:28.947] [SEVERE ] updating countdown to 8298
[19:36:29.048] [SEVERE ] updating countdown to 8197
[19:36:29.153] [SEVERE ] updating countdown to 8092
[19:36:29.255] [SEVERE ] updating countdown to 7990
[19:36:29.330] [SEVERE ] key 68 was pressed by player 1
[19:36:29.330] [SEVERE ] player 1 placing token on slot 6
[19:36:29.359] [SEVERE ] updating countdown to 7886
[19:36:29.464] [SEVERE ] updating countdown to 7781
[19:36:29.570] [SEVERE ] updating countdown to 7675
[19:36:29.674] [SEVERE ] updating countdown to 7571
[19:36:29.776] [SEVERE ] updating countdown to 7469
[19:36:29.881] [SEVERE ] updating countdown to 7364
[19:36:29.986] [SEVERE ] updating countdown to 7259
[19:36:30.091] [SEVERE ] updating countdown to 7154
[19:36:30.168] [SEVERE ] key 83 was pressed by player 1
[19:36:30.168] [SEVERE ] player 1 placing token on slot 5
[19:36:30.197] [SEVERE ] updating countdown to 7048
[19:36:30.301] [SEVERE ] updating countdown to 6944
[19:36:30.401] [SEVERE ] updating countdown to 6844
[19:36:30.505] [SEVERE ] updating countdown to 6740
[19:36:30.610] [SEVERE ] updating countdown to 6635
[19:36:30.683] [SEVERE ] key 68 was pressed by player 1
[19:36:30.683] [SEVERE ] removing player 1 token from slot 6
[19:36:30.715] [SEVERE ] updating countdown to 6530
[19:36:30.820] [SEVERE ] updating countdown to 6425
[19:36:30.925] [SEVERE ] updating countdown to 6320
[19:36:31.031] [SEVERE ] updating countdown to 6214
[19:36:31.112] [SEVERE ] key 83 was pressed by player 1
[19:36:31.112] [SEVERE ] removing player 1 token from slot 5
[19:36:31.132] [SEVERE ] updating countdown to 6113
[19:36:31.237] [SEVERE ] updating countdown to 6008
[19:36:31.342] [SEVERE ] updating countdown to 5903
[19:36:31.448] [SEVERE ] updating countdown to 5797
[19:36:31.553] [SEVERE ] updating countdown to 5692
[19:36:31.611] [SEVERE ] key 68 was pressed by player 1
[19:36:31.611] [SEVERE ] player 1 placing token on slot 6
[19:36:31.654] [SEVERE ] updating countdown to 5591
[19:36:31.759] [SEVERE ] updating countdown to 5486
[19:36:31.863] [SEVERE ] updating countdown to 5382
[19:36:31.968] [SEVERE ] updating countdown to 5277
[19:36:32.069] [SEVERE ] updating countdown to 5176
[19:36:32.174] [SEVERE ] updating countdown to 5071
[19:36:32.203] [SEVERE ] key 68 was pressed by player 1
[19:36:32.204] [SEVERE ] removing player 1 token from slot 6
[19:36:32.835] [SEVERE ] key 65 was pressed by player 1
[19:36:32.835] [SEVERE ] player 1 placing token on slot 4
[19:36:33.812] [SEVERE ] key 82 was pressed by player 1
[19:36:33.812] [SEVERE ] player 1 placing token on slot 3
[19:36:34.368] [SEVERE ] key 82 was pressed by player 1
[19:36:34.368] [SEVERE ] removing player 1 token from slot 3
[19:36:34.585] [SEVERE ] key 69 was pressed by player 1
[19:36:34.586] [SEVERE ] player 1 placing token on slot 2
[19:36:35.076] [SEVERE ] key 67 was pressed by player 1
[19:36:35.076] [SEVERE ] player 1 placing token on slot 10
[19:36:35.084] [SEVERE ] setting player 1 freeze to 3000
[19:36:35.084] [SEVERE ] setting player 1 freeze to 3000
[19:36:36.086] [SEVERE ] setting player 1 freeze to 2000
[19:36:37.092] [SEVERE ] setting player 1 freeze to 1000
[19:36:37.268] [SEVERE ] updating countdown to 0
[19:36:37.269] [SEVERE ] removing all tokens
[19:36:37.374] [SEVERE ] removing card from slot 0
[19:36:37.475] [SEVERE ] removing card from slot 1
[19:36:37.581] [SEVERE ] removing card from slot 2
[19:36:37.685] [SEVERE ] removing card from slot 3
[19:36:37.789] [SEVERE ] removing card from slot 4
[19:36:37.894] [SEVERE ] removing card from slot 5
[19:36:37.997] [SEVERE ] removing card from slot 6
[19:36:38.096] [SEVERE ] setting player 1 freeze to 0
[19:36:38.103] [SEVERE ] removing card from slot 7
[19:36:38.205] [SEVERE ] removing card from slot 8
[19:36:38.311] [SEVERE ] removing card from slot 9
[19:36:38.352] [SEVERE ] key 88 was pressed by player 1
[19:36:38.415] [SEVERE ] removing card from slot 10
[19:36:38.519] [SEVERE ] removing card from slot 11
[19:36:38.626] [SEVERE ] placing card 45 in slot 0
[19:36:38.731] [SEVERE ] placing card 64 in slot 1
[19:36:38.836] [SEVERE ] placing card 68 in slot 2
[19:36:38.939] [SEVERE ] placing card 38 in slot 3
[19:36:39.042] [SEVERE ] placing card 13 in slot 4
[19:36:39.147] [SEVERE ] placing card 80 in slot 5
[19:36:39.253] [SEVERE ] placing card 43 in slot 6
[19:36:39.355] [SEVERE ] placing card 39 in slot 7
[19:36:39.461] [SEVERE ] placing card 62 in slot 8
[19:36:39.563] [SEVERE ] placing card 24 in slot 9
[19:36:39.669] [SEVERE ] placing card 79 in slot 10
[19:36:39.774] [SEVERE ] placing card 54 in slot 11
[19:36:39.774] [SEVERE ] updating countdown to 10000
[19:36:39.879] [SEVERE ] updating countdown to 10895
[19:36:39.983] [SEVERE ] updating countdown to 10791
[19:36:40.086] [SEVERE ] updating countdown to 10688
[19:36:40.191] [SEVERE ] updating countdown to 10583
[19:36:40.293] [SEVERE ] updating countdown to 10481
[19:36:40.398] [SEVERE ] updating countdown to 10376
[19:36:40.444] [SEVERE ] key 88 was pressed by player 1
[19:36:40.445] [SEVERE ] player 1 placing token on slot 9
[19:36:40.502] [SEVERE ] updating countdown to 10272
[19:36:40.607] [SEVERE ] updating countdown to 10167
[19:36:40.712] [SEVERE ] updating countdown to 10062
[19:36:40.808] [SEVERE ] key 88 was pressed by player 1
[19:36:40.808] [SEVERE ] removing player 1 token from slot 9
[19:36:40.817] [SEVERE ] updating countdown to 9957
[19:36:40.920] [SEVERE ] updating countdown to 9855
[19:36:41.024] [SEVERE ] updating countdown to 9750
[19:36:41.126] [SEVERE ] updating countdown to 9648
[19:36:41.231] [SEVERE ] updating countdown to 9543
[19:36:41.335] [SEVERE ] updating countdown to 9439
[19:36:41.439] [SEVERE ] updating countdown to 9335
[19:36:41.545] [SEVERE ] updating countdown to 9229
[19:36:41.649] [SEVERE ] updating countdown to 9125
[19:36:41.754] [SEVERE ] updating countdown to 9020
[19:36:41.859] [SEVERE ] updating countdown to 8915
[19:36:41.909] [SEVERE ] key 81 was pressed by player 1
[19:36:41.909] [SEVERE ] player 1 placing token on slot 0
[19:36:41.960] [SEVERE ] updating countdown to 8814
[19:36:42.062] [SEVERE ] updating countdown to 8712
[19:36:42.167] [SEVERE ] updating countdown to 8607
[19:36:42.270] [SEVERE ] updating countdown to 8504
[19:36:42.372] [SEVERE ] key 82 was pressed by player 1
[19:36:42.372] [SEVERE ] player 1 placing token on slot 3
[19:36:42.375] [SEVERE ] updating countdown to 8399
[19:36:42.477] [SEVERE ] updating countdown to 8297
[19:36:42.583] [SEVERE ] updating countdown to 8192
[19:36:42.688] [SEVERE ] updating countdown to 8086
[19:36:42.792] [SEVERE ] updating countdown to 7982
[19:36:42.895] [SEVERE ] updating countdown to 7879
[19:36:42.950] [SEVERE ] key 82 was pressed by player 1
[19:36:42.950] [SEVERE ] removing player 1 token from slot 3
[19:36:42.995] [SEVERE ] updating countdown to 7779
[19:36:43.100] [SEVERE ] updating countdown to 7674
[19:36:43.203] [SEVERE ] updating countdown to 7571
[19:36:43.308] [SEVERE ] updating countdown to 7466
[19:36:43.343] [SEVERE ] key 81 was pressed by player 1
[19:36:43.343] [SEVERE ] removing player 1 token from slot 0
[19:36:43.413] [SEVERE ] updating countdown to 7361
[19:36:43.515] [SEVERE ] updating countdown to 7259
[19:36:43.617] [SEVERE ] updating countdown to 7157
[19:36:43.722] [SEVERE ] updating countdown to 7052
[19:36:43.822] [SEVERE ] updating countdown to 6952
[19:36:43.927] [SEVERE ] updating countdown to 6847
[19:36:44.031] [SEVERE ] updating countdown to 6743
[19:36:44.054] [SEVERE ] key 88 was pressed by player 1
[19:36:44.055] [SEVERE ] player 1 placing token on slot 9
[19:36:44.136] [SEVERE ] updating countdown to 6638
[19:36:44.238] [SEVERE ] updating countdown to 6536
[19:36:44.343] [SEVERE ] updating countdown to 6431
[19:36:44.445] [SEVERE ] updating countdown to 6329
[19:36:44.548] [SEVERE ] updating countdown to 6226
[19:36:44.653] [SEVERE ] updating countdown to 6121
[19:36:44.758] [SEVERE ] updating countdown to 6016
[19:36:44.863] [SEVERE ] updating countdown to 5911
[19:36:44.968] [SEVERE ] updating countdown to 5806
[19:36:45.051] [SEVERE ] key 70 was pressed by player 1
[19:36:45.051] [SEVERE ] player 1 placing token on slot 7
[19:36:45.074] [SEVERE ] updating countdown to 5701
[19:36:45.179] [SEVERE ] updating countdown to 5595
[19:36:45.284] [SEVERE ] updating countdown to 5490
[19:36:45.389] [SEVERE ] updating countdown to 5385
[19:36:45.494] [SEVERE ] updating countdown to 5280
[19:36:45.553] [SEVERE ] key 86 was pressed by player 1
[19:36:45.553] [SEVERE ] player 1 placing token on slot 11
[19:36:45.598] [SEVERE ] updating countdown to 5177
[19:36:45.598] [SEVERE ] removing player 1 token from slot 9
[19:36:45.703] [SEVERE ] removing card from slot 9
[19:36:45.703] [SEVERE ] removing player 1 token from slot 7
[19:36:45.807] [SEVERE ] removing card from slot 7
[19:36:45.807] [SEVERE ] removing player 1 token from slot 11
[19:36:45.910] [SEVERE ] removing card from slot 11
[19:36:45.910] [SEVERE ] setting player 1 score to 1
[19:36:45.910] [SEVERE ] setting player 1 freeze to 1000
[19:36:45.911] [SEVERE ] setting player 1 freeze to 1000
[19:36:46.013] [SEVERE ] placing card 48 in slot 7
[19:36:46.118] [SEVERE ] placing card 77 in slot 9
[19:36:46.218] [SEVERE ] placing card 19 in slot 11
[19:36:46.916] [SEVERE ] setting player 1 freeze to 0
[19:36:50.803] [SEVERE ] updating countdown to 0
[19:36:50.803] [SEVERE ] removing all tokens
[19:36:50.908] [SEVERE ] removing card from slot 0
[19:36:51.012] [SEVERE ] removing card from slot 1
[19:36:51.114] [SEVERE ] removing card from slot 2
[19:36:51.215] [SEVERE ] removing card from slot 3
[19:36:51.242] [SEVERE ] key 88 was pressed by player 1
[19:36:51.319] [SEVERE ] removing card from slot 4
[19:36:51.420] [SEVERE ] removing card from slot 5
[19:36:51.525] [SEVERE ] removing card from slot 6
[19:36:51.628] [SEVERE ] removing card from slot 7
[19:36:51.729] [SEVERE ] removing card from slot 8
[19:36:51.834] [SEVERE ] removing card from slot 9
[19:36:51.936] [SEVERE ] removing card from slot 10
[19:36:52.042] [SEVERE ] removing card from slot 11
[19:36:52.148] [SEVERE ] placing card 75 in slot 0
[19:36:52.253] [SEVERE ] placing card 78 in slot 1
[19:36:52.359] [SEVERE ] placing card 2 in slot 2
[19:36:52.464] [SEVERE ] placing card 17 in slot 3
[19:36:52.567] [SEVERE ] placing card 65 in slot 4
[19:36:52.671] [SEVERE ] placing card 20 in slot 5
[19:36:52.772] [SEVERE ] placing card 13 in slot 6
[19:36:52.877] [SEVERE ] placing card 41 in slot 7
[19:36:52.979] [SEVERE ] placing card 21 in slot 8
[19:36:53.084] [SEVERE ] placing card 33 in slot 9
[19:36:53.189] [SEVERE ] placing card 69 in slot 10
[19:36:53.290] [SEVERE ] placing card 0 in slot 11
[19:36:53.290] [SEVERE ] updating countdown to 10000
[19:36:53.395] [SEVERE ] updating countdown to 10895
[19:36:53.500] [SEVERE ] updating countdown to 10790
[19:36:53.602] [SEVERE ] updating countdown to 10688
[19:36:53.704] [SEVERE ] updating countdown to 10586
[19:36:53.807] [SEVERE ] updating countdown to 10483
[19:36:53.912] [SEVERE ] updating countdown to 10378
[19:36:54.018] [SEVERE ] updating countdown to 10272
[19:36:54.123] [SEVERE ] updating countdown to 10167
[19:36:54.225] [SEVERE ] updating countdown to 10065
[19:36:54.331] [SEVERE ] updating countdown to 9959
[19:36:54.436] [SEVERE ] updating countdown to 9854
[19:36:54.541] [SEVERE ] updating countdown to 9749
[19:36:54.643] [SEVERE ] updating countdown to 9647
[19:36:54.747] [SEVERE ] updating countdown to 9543
[19:36:54.849] [SEVERE ] updating countdown to 9441
[19:36:54.952] [SEVERE ] updating countdown to 9338
[19:36:55.058] [SEVERE ] updating countdown to 9232
[19:36:55.162] [SEVERE ] updating countdown to 9128
[19:36:55.263] [SEVERE ] updating countdown to 9027
[19:36:55.367] [SEVERE ] updating countdown to 8923
[19:36:55.468] [SEVERE ] updating countdown to 8822
[19:36:55.574] [SEVERE ] updating countdown to 8716
[19:36:55.679] [SEVERE ] updating countdown to 8611
[19:36:55.784] [SEVERE ] updating countdown to 8506
[19:36:55.889] [SEVERE ] updating countdown to 8401
[19:36:55.992] [SEVERE ] updating countdown to 8298
[19:36:56.096] [SEVERE ] updating countdown to 8194
[19:36:56.201] [SEVERE ] updating countdown to 8089
[19:36:56.305] [SEVERE ] updating countdown to 7985
[19:36:56.411] [SEVERE ] updating countdown to 7879
[19:36:56.516] [SEVERE ] updating countdown to 7774
[19:36:56.621] [SEVERE ] updating countdown to 7669
[19:36:56.722] [SEVERE ] updating countdown to 7568
[19:36:56.827] [SEVERE ] updating countdown to 7463
[19:36:56.932] [SEVERE ] updating countdown to 7358
[19:36:57.033] [SEVERE ] updating countdown to 7257
[19:36:57.138] [SEVERE ] updating countdown to 7153
[19:36:57.241] [SEVERE ] updating countdown to 7049
[19:36:57.346] [SEVERE ] updating countdown to 6944
[19:36:57.449] [SEVERE ] updating countdown to 6841
[19:36:57.554] [SEVERE ] updating countdown to 6736
[19:36:57.655] [SEVERE ] updating countdown to 6635
[19:36:57.760] [SEVERE ] updating countdown to 6530
[19:36:57.865] [SEVERE ] updating countdown to 6425
[19:36:57.967] [SEVERE ] updating countdown to 6323
[19:36:58.072] [SEVERE ] updating countdown to 6218
[19:36:58.177] [SEVERE ] updating countdown to 6113
[19:36:58.233] [SEVERE ] exit button pressed
[19:36:58.234] [INFO   ] thread player0 terminated.
[19:36:58.281] [SEVERE ] updating countdown to 6009
[19:36:58.281] [SEVERE ] removing all tokens
[19:36:58.382] [SEVERE ] removing card from slot 0
[19:36:58.486] [SEVERE ] removing card from slot 1
[19:36:58.590] [SEVERE ] removing card from slot 2
[19:36:58.693] [SEVERE ] removing card from slot 3
[19:36:58.795] [SEVERE ] removing card from slot 4
[19:36:58.899] [SEVERE ] removing card from slot 5
[19:36:59.002] [SEVERE ] removing card from slot 6
[19:36:59.103] [SEVERE ] removing card from slot 7
[19:36:59.205] [SEVERE ] removing card from slot 8
[19:36:59.311] [SEVERE ] removing card from slot 9
[19:36:59.413] [SEVERE ] removing card from slot 10
[19:36:59.518] [SEVERE ] removing card from slot 11
[19:36:59.519] [SEVERE ] announcing winner(s): player 1
[19:36:59.521] [INFO   ] thread dealer terminated.
[19:36:59.521] [INFO   ] thread dealer terminated.
[19:36:59.521] [SEVERE ] thanks for playing... it was fun!
[19:36:59.521] [INFO   ] thread main terminated.
