[20:02:01.374] [INFO   ] thread main starting.
[20:02:01.382] [SEVERE ] cannot read configuration file config.properties trying from resources.
[20:02:01.384] [SEVERE ] configuration file was loaded from resources directory.
[20:02:02.357] [INFO   ] thread dealer starting.
[20:02:02.358] [INFO   ] thread dealer starting.
[20:02:02.358] [INFO   ] thread player0 starting.
[20:02:02.358] [INFO   ] thread computer-0 starting.
[20:02:02.470] [SEVERE ] placing card 22 in slot 0
[20:02:02.573] [SEVERE ] placing card 56 in slot 1
[20:02:02.678] [SEVERE ] placing card 74 in slot 2
[20:02:02.780] [SEVERE ] placing card 80 in slot 3
[20:02:02.885] [SEVERE ] placing card 23 in slot 4
[20:02:02.987] [SEVERE ] placing card 39 in slot 5
[20:02:03.093] [SEVERE ] placing card 28 in slot 6
[20:02:03.198] [SEVERE ] placing card 1 in slot 7
[20:02:03.300] [SEVERE ] placing card 60 in slot 8
[20:02:03.401] [SEVERE ] placing card 33 in slot 9
[20:02:03.506] [SEVERE ] placing card 45 in slot 10
[20:02:03.611] [SEVERE ] placing card 26 in slot 11
[20:02:03.611] [SEVERE ] updating countdown to 1000000
[20:02:03.715] [SEVERE ] updating countdown to 1000897
[20:02:03.739] [SEVERE ] player 1 placing token on slot 6
[20:02:03.760] [SEVERE ] player 1 placing token on slot 8
[20:02:03.785] [SEVERE ] player 1 placing token on slot 10
[20:02:03.820] [SEVERE ] updating countdown to 1000792
[20:02:03.821] [SEVERE ] setting player 1 freeze to 0
[20:02:03.821] [SEVERE ] setting player 1 freeze to 0
[20:02:03.821] [SEVERE ] updating countdown to 1000791
[20:02:03.868] [SEVERE ] removing player 1 token from slot 6
[20:02:03.893] [SEVERE ] player 1 placing token on slot 9
[20:02:03.926] [SEVERE ] updating countdown to 1000686
[20:02:03.926] [SEVERE ] setting player 1 freeze to 0
[20:02:03.927] [SEVERE ] setting player 1 freeze to 0
[20:02:03.927] [SEVERE ] updating countdown to 1000685
[20:02:03.952] [SEVERE ] removing player 1 token from slot 9
[20:02:03.977] [SEVERE ] player 1 placing token on slot 1
[20:02:04.030] [SEVERE ] updating countdown to 1000582
[20:02:04.030] [SEVERE ] setting player 1 freeze to 0
[20:02:04.031] [SEVERE ] setting player 1 freeze to 0
[20:02:04.031] [SEVERE ] updating countdown to 1000581
[20:02:04.135] [SEVERE ] updating countdown to 1000477
[20:02:04.194] [SEVERE ] removing player 1 token from slot 1
[20:02:04.219] [SEVERE ] player 1 placing token on slot 3
[20:02:04.239] [SEVERE ] updating countdown to 1000373
[20:02:04.239] [SEVERE ] setting player 1 freeze to 0
[20:02:04.239] [SEVERE ] setting player 1 freeze to 0
[20:02:04.239] [SEVERE ] updating countdown to 1000373
[20:02:04.315] [SEVERE ] removing player 1 token from slot 8
[20:02:04.339] [SEVERE ] player 1 placing token on slot 5
[20:02:04.344] [SEVERE ] updating countdown to 1000268
[20:02:04.344] [SEVERE ] setting player 1 freeze to 0
[20:02:04.345] [SEVERE ] setting player 1 freeze to 0
[20:02:04.345] [SEVERE ] updating countdown to 1000267
[20:02:04.364] [SEVERE ] removing player 1 token from slot 3
[20:02:04.389] [SEVERE ] player 1 placing token on slot 7
[20:02:04.449] [SEVERE ] updating countdown to 1000163
[20:02:04.449] [SEVERE ] setting player 1 freeze to 0
[20:02:04.449] [SEVERE ] setting player 1 freeze to 0
[20:02:04.449] [SEVERE ] updating countdown to 1000163
[20:02:04.471] [SEVERE ] removing player 1 token from slot 7
[20:02:04.495] [SEVERE ] player 1 placing token on slot 7
[20:02:04.551] [SEVERE ] updating countdown to 1000061
[20:02:04.551] [SEVERE ] setting player 1 freeze to 0
[20:02:04.551] [SEVERE ] updating countdown to 1000061
[20:02:04.551] [SEVERE ] setting player 1 freeze to 0
[20:02:04.652] [SEVERE ] updating countdown to 999960
[20:02:04.692] [SEVERE ] removing player 1 token from slot 5
[20:02:04.716] [SEVERE ] player 1 placing token on slot 6
[20:02:04.756] [SEVERE ] updating countdown to 999856
[20:02:04.756] [SEVERE ] setting player 1 freeze to 0
[20:02:04.756] [SEVERE ] setting player 1 freeze to 0
[20:02:04.756] [SEVERE ] updating countdown to 999856
[20:02:04.806] [SEVERE ] removing player 1 token from slot 10
[20:02:04.831] [SEVERE ] player 1 placing token on slot 11
[20:02:04.858] [SEVERE ] updating countdown to 999754
[20:02:04.858] [SEVERE ] setting player 1 freeze to 0
[20:02:04.858] [SEVERE ] setting player 1 freeze to 0
[20:02:04.858] [SEVERE ] updating countdown to 999754
[20:02:04.959] [SEVERE ] updating countdown to 999653
[20:02:05.052] [SEVERE ] removing player 1 token from slot 7
[20:02:05.064] [SEVERE ] updating countdown to 999548
[20:02:05.076] [SEVERE ] removing player 1 token from slot 11
[20:02:05.101] [SEVERE ] player 1 placing token on slot 4
[20:02:05.126] [SEVERE ] player 1 placing token on slot 3
[20:02:05.166] [SEVERE ] updating countdown to 999446
[20:02:05.166] [SEVERE ] setting player 1 freeze to 0
[20:02:05.166] [SEVERE ] setting player 1 freeze to 0
[20:02:05.166] [SEVERE ] updating countdown to 999446
[20:02:05.238] [SEVERE ] removing player 1 token from slot 4
[20:02:05.260] [SEVERE ] player 1 placing token on slot 11
[20:02:05.267] [SEVERE ] updating countdown to 999345
[20:02:05.267] [SEVERE ] setting player 1 freeze to 0
[20:02:05.267] [SEVERE ] setting player 1 freeze to 0
[20:02:05.267] [SEVERE ] updating countdown to 999345
[20:02:05.285] [SEVERE ] removing player 1 token from slot 6
[20:02:05.307] [SEVERE ] player 1 placing token on slot 4
[20:02:05.373] [SEVERE ] updating countdown to 999239
[20:02:05.373] [SEVERE ] setting player 1 freeze to 0
[20:02:05.373] [SEVERE ] setting player 1 freeze to 0
[20:02:05.373] [SEVERE ] updating countdown to 999239
[20:02:05.398] [SEVERE ] removing player 1 token from slot 4
[20:02:05.421] [SEVERE ] removing player 1 token from slot 11
[20:02:05.443] [SEVERE ] player 1 placing token on slot 7
[20:02:05.466] [SEVERE ] player 1 placing token on slot 11
[20:02:05.476] [SEVERE ] updating countdown to 999136
[20:02:05.476] [SEVERE ] setting player 1 freeze to 0
[20:02:05.476] [SEVERE ] setting player 1 freeze to 0
[20:02:05.476] [SEVERE ] updating countdown to 999136
[20:02:05.491] [SEVERE ] removing player 1 token from slot 11
[20:02:05.515] [SEVERE ] player 1 placing token on slot 8
[20:02:05.577] [SEVERE ] updating countdown to 999035
[20:02:05.577] [SEVERE ] setting player 1 freeze to 0
[20:02:05.577] [SEVERE ] setting player 1 freeze to 0
[20:02:05.577] [SEVERE ] updating countdown to 999035
[20:02:05.602] [SEVERE ] removing player 1 token from slot 8
[20:02:05.627] [SEVERE ] player 1 placing token on slot 1
[20:02:05.682] [SEVERE ] updating countdown to 998930
[20:02:05.683] [SEVERE ] setting player 1 freeze to 0
[20:02:05.683] [SEVERE ] setting player 1 freeze to 0
[20:02:05.683] [SEVERE ] updating countdown to 998929
[20:02:05.778] [SEVERE ] removing player 1 token from slot 7
[20:02:05.786] [SEVERE ] updating countdown to 998826
[20:02:05.803] [SEVERE ] player 1 placing token on slot 8
[20:02:05.888] [SEVERE ] updating countdown to 998724
[20:02:05.889] [SEVERE ] setting player 1 freeze to 0
[20:02:05.889] [SEVERE ] setting player 1 freeze to 0
[20:02:05.889] [SEVERE ] updating countdown to 998723
[20:02:05.910] [SEVERE ] removing player 1 token from slot 3
[20:02:05.932] [SEVERE ] removing player 1 token from slot 1
[20:02:05.957] [SEVERE ] player 1 placing token on slot 10
[20:02:05.981] [SEVERE ] player 1 placing token on slot 11
[20:02:05.994] [SEVERE ] updating countdown to 998618
[20:02:05.994] [SEVERE ] setting player 1 freeze to 0
[20:02:05.994] [SEVERE ] setting player 1 freeze to 0
[20:02:05.995] [SEVERE ] updating countdown to 998618
[20:02:06.027] [SEVERE ] removing player 1 token from slot 10
[20:02:06.052] [SEVERE ] player 1 placing token on slot 4
[20:02:06.098] [SEVERE ] updating countdown to 998514
[20:02:06.098] [SEVERE ] setting player 1 freeze to 0
[20:02:06.098] [SEVERE ] setting player 1 freeze to 0
[20:02:06.098] [SEVERE ] updating countdown to 998514
[20:02:06.147] [SEVERE ] removing player 1 token from slot 11
[20:02:06.172] [SEVERE ] player 1 placing token on slot 0
[20:02:06.203] [SEVERE ] updating countdown to 998409
[20:02:06.203] [SEVERE ] setting player 1 freeze to 0
[20:02:06.204] [SEVERE ] setting player 1 freeze to 0
[20:02:06.204] [SEVERE ] updating countdown to 998408
[20:02:06.226] [SEVERE ] removing player 1 token from slot 4
[20:02:06.249] [SEVERE ] player 1 placing token on slot 6
[20:02:06.308] [SEVERE ] updating countdown to 998304
[20:02:06.309] [SEVERE ] setting player 1 freeze to 0
[20:02:06.309] [SEVERE ] setting player 1 freeze to 0
[20:02:06.309] [SEVERE ] updating countdown to 998303
[20:02:06.358] [SEVERE ] removing player 1 token from slot 0
[20:02:06.382] [SEVERE ] player 1 placing token on slot 3
[20:02:06.411] [SEVERE ] updating countdown to 998201
[20:02:06.411] [SEVERE ] setting player 1 freeze to 0
[20:02:06.411] [SEVERE ] setting player 1 freeze to 0
[20:02:06.411] [SEVERE ] updating countdown to 998201
[20:02:06.508] [SEVERE ] removing player 1 token from slot 6
[20:02:06.516] [SEVERE ] updating countdown to 998096
[20:02:06.530] [SEVERE ] player 1 placing token on slot 5
[20:02:06.617] [SEVERE ] updating countdown to 997995
[20:02:06.617] [SEVERE ] setting player 1 freeze to 0
[20:02:06.618] [SEVERE ] setting player 1 freeze to 0
[20:02:06.618] [SEVERE ] updating countdown to 997994
[20:02:06.721] [SEVERE ] updating countdown to 997891
[20:02:06.761] [SEVERE ] removing player 1 token from slot 3
[20:02:06.786] [SEVERE ] player 1 placing token on slot 4
[20:02:06.825] [SEVERE ] updating countdown to 997787
[20:02:06.825] [SEVERE ] setting player 1 freeze to 0
[20:02:06.825] [SEVERE ] setting player 1 freeze to 0
[20:02:06.825] [SEVERE ] updating countdown to 997787
[20:02:06.930] [SEVERE ] updating countdown to 997682
[20:02:06.991] [SEVERE ] removing player 1 token from slot 5
[20:02:07.016] [SEVERE ] player 1 placing token on slot 0
[20:02:07.033] [SEVERE ] updating countdown to 997579
[20:02:07.033] [SEVERE ] setting player 1 freeze to 0
[20:02:07.033] [SEVERE ] setting player 1 freeze to 0
[20:02:07.033] [SEVERE ] updating countdown to 997579
[20:02:07.041] [SEVERE ] removing player 1 token from slot 0
[20:02:07.065] [SEVERE ] player 1 placing token on slot 0
[20:02:07.137] [SEVERE ] updating countdown to 997475
[20:02:07.137] [SEVERE ] setting player 1 freeze to 0
[20:02:07.137] [SEVERE ] setting player 1 freeze to 0
[20:02:07.137] [SEVERE ] updating countdown to 997475
[20:02:07.242] [SEVERE ] updating countdown to 997370
[20:02:07.347] [SEVERE ] updating countdown to 997265
[20:02:07.372] [SEVERE ] removing player 1 token from slot 8
[20:02:07.397] [SEVERE ] player 1 placing token on slot 6
[20:02:07.452] [SEVERE ] updating countdown to 997160
[20:02:07.452] [SEVERE ] setting player 1 freeze to 0
[20:02:07.452] [SEVERE ] setting player 1 freeze to 0
[20:02:07.452] [SEVERE ] updating countdown to 997160
[20:02:07.548] [SEVERE ] removing player 1 token from slot 6
[20:02:07.558] [SEVERE ] updating countdown to 997054
[20:02:07.573] [SEVERE ] player 1 placing token on slot 3
[20:02:07.660] [SEVERE ] updating countdown to 996952
[20:02:07.660] [SEVERE ] setting player 1 freeze to 0
[20:02:07.660] [SEVERE ] setting player 1 freeze to 0
[20:02:07.660] [SEVERE ] updating countdown to 996952
[20:02:07.710] [SEVERE ] removing player 1 token from slot 4
[20:02:07.736] [SEVERE ] player 1 placing token on slot 11
[20:02:07.764] [SEVERE ] updating countdown to 996848
[20:02:07.765] [SEVERE ] setting player 1 freeze to 0
[20:02:07.765] [SEVERE ] setting player 1 freeze to 0
[20:02:07.765] [SEVERE ] updating countdown to 996847
[20:02:07.835] [SEVERE ] removing player 1 token from slot 0
[20:02:07.856] [SEVERE ] player 1 placing token on slot 1
[20:02:07.870] [SEVERE ] updating countdown to 996742
[20:02:07.870] [SEVERE ] setting player 1 freeze to 0
[20:02:07.870] [SEVERE ] setting player 1 freeze to 0
[20:02:07.870] [SEVERE ] updating countdown to 996742
[20:02:07.970] [SEVERE ] updating countdown to 996642
[20:02:08.072] [SEVERE ] updating countdown to 996540
[20:02:08.176] [SEVERE ] updating countdown to 996436
[20:02:08.196] [SEVERE ] removing player 1 token from slot 3
[20:02:08.220] [SEVERE ] removing player 1 token from slot 1
[20:02:08.242] [SEVERE ] player 1 placing token on slot 7
[20:02:08.264] [SEVERE ] player 1 placing token on slot 1
[20:02:08.281] [SEVERE ] updating countdown to 996331
[20:02:08.282] [SEVERE ] setting player 1 freeze to 0
[20:02:08.282] [SEVERE ] setting player 1 freeze to 0
[20:02:08.282] [SEVERE ] updating countdown to 996330
[20:02:08.286] [SEVERE ] removing player 1 token from slot 1
[20:02:08.309] [SEVERE ] player 1 placing token on slot 8
[20:02:08.387] [SEVERE ] updating countdown to 996225
[20:02:08.387] [SEVERE ] setting player 1 freeze to 0
[20:02:08.387] [SEVERE ] setting player 1 freeze to 0
[20:02:08.387] [SEVERE ] updating countdown to 996225
[20:02:08.492] [SEVERE ] updating countdown to 996120
[20:02:08.577] [SEVERE ] exit button pressed
[20:02:08.577] [INFO   ] thread player0 terminated.
[20:02:08.598] [INFO   ] thread computer-0 terminated.
[20:02:08.598] [SEVERE ] updating countdown to 996014
[20:02:08.598] [SEVERE ] removing all tokens
[20:02:08.700] [SEVERE ] removing card from slot 0
[20:02:08.805] [SEVERE ] removing card from slot 1
[20:02:08.909] [SEVERE ] removing card from slot 2
[20:02:09.013] [SEVERE ] removing card from slot 3
[20:02:09.119] [SEVERE ] removing card from slot 4
[20:02:09.222] [SEVERE ] removing card from slot 5
[20:02:09.328] [SEVERE ] removing card from slot 6
[20:02:09.432] [SEVERE ] removing card from slot 7
[20:02:09.538] [SEVERE ] removing card from slot 8
[20:02:09.642] [SEVERE ] removing card from slot 9
[20:02:09.746] [SEVERE ] removing card from slot 10
[20:02:09.849] [SEVERE ] removing card from slot 11
[20:02:09.850] [SEVERE ] announcing winner(s): player 1
[20:02:09.852] [INFO   ] thread dealer terminated.
[20:02:09.852] [INFO   ] thread dealer terminated.
[20:02:09.852] [SEVERE ] thanks for playing... it was fun!
[20:02:09.852] [INFO   ] thread main terminated.
