[19:12:04.464] [INFO   ] thread main starting.
[19:12:04.475] [SEVERE ] cannot read configuration file config.properties trying from resources.
[19:12:04.478] [SEVERE ] configuration file was loaded from resources directory.
[19:12:05.746] [INFO   ] thread dealer starting.
[19:12:05.747] [INFO   ] thread dealer starting.
[19:12:05.747] [INFO   ] thread player0 starting.
[19:12:05.852] [SEVERE ] placing card 39 in slot 0
[19:12:05.953] [SEVERE ] placing card 16 in slot 1
[19:12:06.056] [SEVERE ] placing card 73 in slot 2
[19:12:06.161] [SEVERE ] placing card 20 in slot 3
[19:12:06.264] [SEVERE ] placing card 26 in slot 4
[19:12:06.366] [SEVERE ] placing card 13 in slot 5
[19:12:06.471] [SEVERE ] placing card 4 in slot 6
[19:12:06.575] [SEVERE ] placing card 38 in slot 7
[19:12:06.679] [SEVERE ] placing card 7 in slot 8
[19:12:06.781] [SEVERE ] placing card 30 in slot 9
[19:12:06.885] [SEVERE ] placing card 15 in slot 10
[19:12:06.989] [SEVERE ] placing card 80 in slot 11
[19:12:08.479] [SEVERE ] key 88 was pressed by player 1
[19:12:08.479] [SEVERE ] player 1 placing token on slot 9
[19:12:09.279] [SEVERE ] key 88 was pressed by player 1
[19:12:09.279] [SEVERE ] removing player 1 token from slot 9
[19:12:12.591] [SEVERE ] exit button pressed
[19:12:12.591] [INFO   ] thread player0 terminated.
[19:12:12.695] [SEVERE ] removing all tokens
[19:12:12.800] [SEVERE ] removing card from slot 0
[19:12:12.904] [SEVERE ] removing card from slot 1
[19:12:13.009] [SEVERE ] removing card from slot 2
[19:12:13.112] [SEVERE ] removing card from slot 3
[19:12:13.217] [SEVERE ] removing card from slot 4
[19:12:13.321] [SEVERE ] removing card from slot 5
[19:12:13.426] [SEVERE ] removing card from slot 6
[19:12:13.530] [SEVERE ] removing card from slot 7
[19:12:13.636] [SEVERE ] removing card from slot 8
[19:12:13.739] [SEVERE ] removing card from slot 9
[19:12:13.843] [SEVERE ] removing card from slot 10
[19:12:13.949] [SEVERE ] removing card from slot 11
[19:12:13.950] [SEVERE ] announcing winner(s): player 1
[19:12:13.950] [INFO   ] thread dealer terminated.
[19:12:13.951] [INFO   ] thread dealer terminated.
[19:12:13.951] [SEVERE ] thanks for playing... it was fun!
[19:12:13.951] [INFO   ] thread main terminated.
