[19:53:12.657] [INFO   ] thread main starting.
[19:53:12.667] [SEVERE ] cannot read configuration file config.properties trying from resources.
[19:53:12.669] [SEVERE ] configuration file was loaded from resources directory.
[19:53:14.224] [INFO   ] thread dealer starting.
[19:53:14.224] [INFO   ] thread dealer starting.
[19:53:14.225] [INFO   ] thread player0 starting.
[19:53:14.226] [INFO   ] thread computer-0 starting.
[19:53:21.306] [SEVERE ] placing card 61 in slot 0
[19:53:21.411] [SEVERE ] placing card 39 in slot 1
[19:53:21.516] [SEVERE ] placing card 79 in slot 2
[19:53:21.621] [SEVERE ] placing card 20 in slot 3
[19:53:21.727] [SEVERE ] placing card 46 in slot 4
[19:53:21.830] [SEVERE ] placing card 77 in slot 5
[19:53:21.936] [SEVERE ] placing card 4 in slot 6
[19:53:22.041] [SEVERE ] placing card 75 in slot 7
[19:53:22.143] [SEVERE ] placing card 56 in slot 8
[19:53:22.244] [SEVERE ] placing card 19 in slot 9
[19:53:22.350] [SEVERE ] placing card 51 in slot 10
[19:53:22.455] [SEVERE ] placing card 26 in slot 11
[19:53:22.456] [SEVERE ] updating countdown to 10000
[19:53:22.557] [SEVERE ] updating countdown to 10899
[19:53:22.663] [SEVERE ] updating countdown to 10793
[19:53:22.768] [SEVERE ] updating countdown to 10688
[19:53:22.873] [SEVERE ] updating countdown to 10583
[19:53:22.978] [SEVERE ] updating countdown to 10478
[19:53:23.082] [SEVERE ] updating countdown to 10374
[19:53:23.187] [SEVERE ] updating countdown to 10269
[19:53:23.293] [SEVERE ] updating countdown to 10163
[19:53:23.397] [SEVERE ] updating countdown to 10059
[19:53:23.498] [SEVERE ] updating countdown to 9958
[19:53:23.603] [SEVERE ] updating countdown to 9853
[19:53:23.705] [SEVERE ] updating countdown to 9751
[19:53:23.809] [SEVERE ] updating countdown to 9647
[19:53:23.914] [SEVERE ] updating countdown to 9542
[19:53:24.019] [SEVERE ] updating countdown to 9437
[19:53:24.124] [SEVERE ] updating countdown to 9332
[19:53:24.230] [SEVERE ] updating countdown to 9226
[19:53:24.332] [SEVERE ] updating countdown to 9124
[19:53:24.434] [SEVERE ] updating countdown to 9022
[19:53:24.536] [SEVERE ] updating countdown to 8920
[19:53:24.642] [SEVERE ] updating countdown to 8814
[19:53:24.746] [SEVERE ] updating countdown to 8710
[19:53:24.851] [SEVERE ] updating countdown to 8605
[19:53:24.956] [SEVERE ] updating countdown to 8500
[19:53:25.057] [SEVERE ] updating countdown to 8399
[19:53:25.159] [SEVERE ] updating countdown to 8297
[19:53:25.264] [SEVERE ] updating countdown to 8192
[19:53:25.367] [SEVERE ] updating countdown to 8089
[19:53:25.467] [SEVERE ] updating countdown to 7989
[19:53:25.570] [SEVERE ] updating countdown to 7886
[19:53:25.671] [SEVERE ] updating countdown to 7785
[19:53:25.775] [SEVERE ] updating countdown to 7681
[19:53:25.881] [SEVERE ] updating countdown to 7575
[19:53:25.986] [SEVERE ] updating countdown to 7470
[19:53:26.092] [SEVERE ] updating countdown to 7364
[19:53:26.196] [SEVERE ] updating countdown to 7260
[19:53:26.301] [SEVERE ] updating countdown to 7155
[19:53:26.405] [SEVERE ] updating countdown to 7051
[19:53:26.511] [SEVERE ] updating countdown to 6945
[19:53:26.617] [SEVERE ] updating countdown to 6839
[19:53:26.718] [SEVERE ] updating countdown to 6738
[19:53:26.823] [SEVERE ] updating countdown to 6633
[19:53:26.929] [SEVERE ] updating countdown to 6527
[19:53:27.031] [SEVERE ] updating countdown to 6425
[19:53:27.133] [SEVERE ] updating countdown to 6323
[19:53:27.236] [SEVERE ] updating countdown to 6220
[19:53:27.340] [SEVERE ] updating countdown to 6116
[19:53:27.445] [SEVERE ] updating countdown to 6011
[19:53:27.551] [SEVERE ] updating countdown to 5906
[19:53:27.653] [SEVERE ] updating countdown to 5803
[19:53:27.758] [SEVERE ] updating countdown to 5698
[19:53:27.863] [SEVERE ] updating countdown to 5593
[19:53:27.968] [SEVERE ] updating countdown to 5488
[19:53:28.070] [SEVERE ] updating countdown to 5386
[19:53:28.175] [SEVERE ] updating countdown to 5282
[19:53:28.280] [SEVERE ] updating countdown to 5176
[19:53:28.385] [SEVERE ] updating countdown to 5072
[19:53:33.549] [SEVERE ] updating countdown to 0
[19:53:33.549] [SEVERE ] removing all tokens
[19:53:33.653] [SEVERE ] removing card from slot 0
[19:53:33.756] [SEVERE ] removing card from slot 1
[19:53:33.861] [SEVERE ] removing card from slot 2
[19:53:33.966] [SEVERE ] removing card from slot 3
[19:53:34.071] [SEVERE ] removing card from slot 4
[19:53:34.173] [SEVERE ] removing card from slot 5
[19:53:34.278] [SEVERE ] removing card from slot 6
[19:53:34.383] [SEVERE ] removing card from slot 7
[19:53:34.486] [SEVERE ] removing card from slot 8
[19:53:34.588] [SEVERE ] removing card from slot 9
[19:53:34.690] [SEVERE ] removing card from slot 10
[19:53:34.796] [SEVERE ] removing card from slot 11
[19:53:34.901] [SEVERE ] placing card 16 in slot 0
[19:53:35.006] [SEVERE ] placing card 30 in slot 1
[19:53:35.112] [SEVERE ] placing card 0 in slot 2
[19:53:35.213] [SEVERE ] placing card 53 in slot 3
[19:53:35.318] [SEVERE ] placing card 9 in slot 4
[19:53:35.423] [SEVERE ] placing card 38 in slot 5
[19:53:35.529] [SEVERE ] placing card 11 in slot 6
[19:53:35.634] [SEVERE ] placing card 5 in slot 7
[19:53:35.739] [SEVERE ] placing card 80 in slot 8
[19:53:35.841] [SEVERE ] placing card 12 in slot 9
[19:53:35.946] [SEVERE ] placing card 54 in slot 10
[19:53:36.050] [SEVERE ] placing card 24 in slot 11
[19:53:36.050] [SEVERE ] updating countdown to 10000
[19:53:36.155] [SEVERE ] updating countdown to 10895
[19:53:36.261] [SEVERE ] updating countdown to 10790
[19:53:36.366] [SEVERE ] updating countdown to 10684
[19:53:36.467] [SEVERE ] updating countdown to 10583
[19:53:36.572] [SEVERE ] updating countdown to 10478
[19:53:36.676] [SEVERE ] updating countdown to 10374
[19:53:36.782] [SEVERE ] updating countdown to 10268
[19:53:36.882] [SEVERE ] updating countdown to 10168
[19:53:36.983] [SEVERE ] updating countdown to 10067
[19:53:37.086] [SEVERE ] updating countdown to 9964
[19:53:37.192] [SEVERE ] updating countdown to 9858
[19:53:37.295] [SEVERE ] updating countdown to 9755
[19:53:37.400] [SEVERE ] updating countdown to 9650
[19:53:37.504] [SEVERE ] updating countdown to 9546
[19:53:37.610] [SEVERE ] updating countdown to 9440
[19:53:37.711] [SEVERE ] updating countdown to 9339
[19:53:37.814] [SEVERE ] updating countdown to 9236
[19:53:37.920] [SEVERE ] updating countdown to 9130
[19:53:38.022] [SEVERE ] updating countdown to 9028
[19:53:38.127] [SEVERE ] updating countdown to 8923
[19:53:38.231] [SEVERE ] updating countdown to 8819
[19:53:38.333] [SEVERE ] updating countdown to 8717
[19:53:38.439] [SEVERE ] updating countdown to 8611
[19:53:38.540] [SEVERE ] updating countdown to 8510
[19:53:38.646] [SEVERE ] updating countdown to 8405
[19:53:38.749] [SEVERE ] updating countdown to 8301
[19:53:38.853] [SEVERE ] updating countdown to 8197
[19:53:38.956] [SEVERE ] updating countdown to 8094
[19:53:39.060] [SEVERE ] updating countdown to 7990
[19:53:39.165] [SEVERE ] updating countdown to 7885
[19:53:39.267] [SEVERE ] updating countdown to 7783
[19:53:39.371] [SEVERE ] updating countdown to 7679
[19:53:39.475] [SEVERE ] updating countdown to 7575
[19:53:39.579] [SEVERE ] updating countdown to 7471
[19:53:39.681] [SEVERE ] updating countdown to 7369
[19:53:39.786] [SEVERE ] updating countdown to 7264
[19:53:39.888] [SEVERE ] updating countdown to 7162
[19:53:39.991] [SEVERE ] updating countdown to 7059
[19:53:40.094] [SEVERE ] updating countdown to 6956
[19:53:40.197] [SEVERE ] updating countdown to 6853
[19:53:40.302] [SEVERE ] updating countdown to 6748
[19:53:40.408] [SEVERE ] updating countdown to 6642
[19:53:40.508] [SEVERE ] updating countdown to 6542
[19:53:40.614] [SEVERE ] updating countdown to 6436
[19:53:40.716] [SEVERE ] updating countdown to 6334
[19:53:40.819] [SEVERE ] updating countdown to 6231
[19:53:40.925] [SEVERE ] updating countdown to 6125
[19:53:41.030] [SEVERE ] updating countdown to 6020
[19:53:41.135] [SEVERE ] updating countdown to 5915
[19:53:41.238] [SEVERE ] updating countdown to 5812
[19:53:41.340] [SEVERE ] updating countdown to 5710
[19:53:41.442] [SEVERE ] updating countdown to 5608
[19:53:41.543] [SEVERE ] updating countdown to 5507
[19:53:41.645] [SEVERE ] updating countdown to 5405
[19:53:41.749] [SEVERE ] updating countdown to 5301
[19:53:41.855] [SEVERE ] updating countdown to 5196
[19:53:41.956] [SEVERE ] updating countdown to 5094
[19:53:47.128] [SEVERE ] updating countdown to 0
[19:53:47.128] [SEVERE ] removing all tokens
[19:53:47.230] [SEVERE ] removing card from slot 0
[19:53:47.333] [SEVERE ] removing card from slot 1
[19:53:47.436] [SEVERE ] removing card from slot 2
[19:53:47.537] [SEVERE ] removing card from slot 3
[19:53:47.640] [SEVERE ] removing card from slot 4
[19:53:47.744] [SEVERE ] removing card from slot 5
[19:53:47.847] [SEVERE ] removing card from slot 6
[19:53:47.952] [SEVERE ] removing card from slot 7
[19:53:48.057] [SEVERE ] removing card from slot 8
[19:53:48.163] [SEVERE ] removing card from slot 9
[19:53:48.268] [SEVERE ] removing card from slot 10
[19:53:48.370] [SEVERE ] removing card from slot 11
[19:53:48.472] [SEVERE ] placing card 20 in slot 0
[19:53:48.576] [SEVERE ] placing card 48 in slot 1
[19:53:48.678] [SEVERE ] placing card 21 in slot 2
[19:53:48.779] [SEVERE ] placing card 25 in slot 3
[19:53:48.884] [SEVERE ] placing card 42 in slot 4
[19:53:48.986] [SEVERE ] placing card 54 in slot 5
[19:53:49.090] [SEVERE ] placing card 27 in slot 6
[19:53:49.193] [SEVERE ] placing card 72 in slot 7
[19:53:49.294] [SEVERE ] placing card 38 in slot 8
[19:53:49.400] [SEVERE ] placing card 66 in slot 9
[19:53:49.505] [SEVERE ] placing card 11 in slot 10
[19:53:49.606] [SEVERE ] placing card 3 in slot 11
[19:53:49.607] [SEVERE ] updating countdown to 10000
[19:53:49.712] [SEVERE ] updating countdown to 10895
[19:53:49.813] [SEVERE ] updating countdown to 10794
[19:53:49.915] [SEVERE ] updating countdown to 10692
[19:53:50.020] [SEVERE ] updating countdown to 10587
[19:53:50.123] [SEVERE ] updating countdown to 10484
[19:53:50.224] [SEVERE ] updating countdown to 10383
[19:53:50.327] [SEVERE ] updating countdown to 10280
[19:53:50.429] [SEVERE ] updating countdown to 10178
[19:53:50.533] [SEVERE ] updating countdown to 10074
[19:53:50.637] [SEVERE ] updating countdown to 9970
[19:53:50.737] [SEVERE ] updating countdown to 9870
[19:53:50.841] [SEVERE ] updating countdown to 9766
[19:53:50.946] [SEVERE ] updating countdown to 9661
[19:53:51.051] [SEVERE ] updating countdown to 9556
[19:53:51.154] [SEVERE ] updating countdown to 9454
[19:53:51.259] [SEVERE ] updating countdown to 9348
[19:53:51.364] [SEVERE ] updating countdown to 9243
