[19:48:35.061] [INFO   ] thread main starting.
[19:48:35.066] [SEVERE ] cannot read configuration file config.properties trying from resources.
[19:48:35.068] [SEVERE ] configuration file was loaded from resources directory.
[19:48:36.089] [INFO   ] thread dealer starting.
[19:48:36.089] [INFO   ] thread dealer starting.
[19:48:36.090] [INFO   ] thread player0 starting.
[19:48:36.090] [INFO   ] thread computer-0 starting.
[19:48:36.090] [INFO   ] thread player1 starting.
[19:48:36.091] [INFO   ] thread computer-1 starting.
[19:48:36.092] [INFO   ] thread player2 starting.
[19:48:36.093] [INFO   ] thread computer-2 starting.
[19:48:36.093] [INFO   ] thread player3 starting.
[19:48:36.094] [INFO   ] thread computer-3 starting.
[19:48:36.099] [INFO   ] thread player4 starting.
[19:48:36.100] [INFO   ] thread computer-4 starting.
[19:48:36.101] [INFO   ] thread player5 starting.
[19:48:36.101] [INFO   ] thread computer-5 starting.
[19:48:36.103] [INFO   ] thread player6 starting.
[19:48:36.106] [INFO   ] thread computer-6 starting.
[19:48:36.116] [INFO   ] thread player7 starting.
[19:48:36.130] [INFO   ] thread computer-7 starting.
[19:48:36.246] [SEVERE ] placing card 2 in slot 0
[19:48:36.350] [SEVERE ] placing card 20 in slot 1
[19:48:36.454] [SEVERE ] placing card 54 in slot 2
[19:48:36.561] [SEVERE ] placing card 25 in slot 3
[19:48:36.666] [SEVERE ] placing card 59 in slot 4
[19:48:36.770] [SEVERE ] placing card 31 in slot 5
[19:48:36.876] [SEVERE ] placing card 40 in slot 6
[19:48:36.984] [SEVERE ] placing card 67 in slot 7
[19:48:37.086] [SEVERE ] placing card 36 in slot 8
[19:48:37.192] [SEVERE ] placing card 29 in slot 9
[19:48:37.297] [SEVERE ] placing card 1 in slot 10
[19:48:37.403] [SEVERE ] placing card 9 in slot 11
[19:48:37.404] [SEVERE ] updating countdown to 10000
[19:48:37.513] [SEVERE ] updating countdown to 10892
[19:48:37.618] [SEVERE ] updating countdown to 10788
[19:48:37.718] [SEVERE ] updating countdown to 10687
[19:48:37.824] [SEVERE ] updating countdown to 10581
[19:48:37.926] [SEVERE ] updating countdown to 10479
[19:48:38.028] [SEVERE ] updating countdown to 10377
[19:48:38.134] [SEVERE ] updating countdown to 10272
[19:48:38.235] [SEVERE ] updating countdown to 10170
[19:48:38.342] [SEVERE ] updating countdown to 10063
[19:48:38.445] [SEVERE ] updating countdown to 9960
[19:48:38.550] [SEVERE ] updating countdown to 9855
[19:48:38.653] [SEVERE ] updating countdown to 9752
[19:48:38.759] [SEVERE ] updating countdown to 9646
[19:48:38.864] [SEVERE ] updating countdown to 9541
[19:48:38.965] [SEVERE ] updating countdown to 9440
[19:48:39.075] [SEVERE ] updating countdown to 9330
[19:48:39.180] [SEVERE ] updating countdown to 9225
[19:48:39.287] [SEVERE ] updating countdown to 9118
[19:48:39.394] [SEVERE ] updating countdown to 9011
[19:48:39.499] [SEVERE ] updating countdown to 8906
[19:48:39.610] [SEVERE ] updating countdown to 8795
[19:48:39.713] [SEVERE ] updating countdown to 8692
[19:48:39.824] [SEVERE ] updating countdown to 8581
[19:48:39.928] [SEVERE ] updating countdown to 8477
[19:48:40.043] [SEVERE ] updating countdown to 8362
[19:48:40.148] [SEVERE ] updating countdown to 8257
[19:48:40.210] [SEVERE ] exit button pressed
[19:48:40.210] [INFO   ] thread player0 terminated.
[19:48:40.210] [INFO   ] thread player5 terminated.
[19:48:40.210] [INFO   ] thread player2 terminated.
[19:48:40.210] [INFO   ] thread player3 terminated.
[19:48:40.210] [INFO   ] thread player6 terminated.
[19:48:40.210] [INFO   ] thread player4 terminated.
[19:48:40.210] [INFO   ] thread player7 terminated.
[19:48:40.210] [INFO   ] thread player1 terminated.
[19:48:40.252] [SEVERE ] updating countdown to 8153
[19:48:40.252] [SEVERE ] removing all tokens
[19:48:40.356] [SEVERE ] removing card from slot 0
[19:48:40.458] [SEVERE ] removing card from slot 1
[19:48:40.560] [SEVERE ] removing card from slot 2
[19:48:40.664] [SEVERE ] removing card from slot 3
[19:48:40.770] [SEVERE ] removing card from slot 4
[19:48:40.873] [SEVERE ] removing card from slot 5
[19:48:40.976] [SEVERE ] removing card from slot 6
[19:48:41.080] [SEVERE ] removing card from slot 7
[19:48:41.185] [SEVERE ] removing card from slot 8
[19:48:41.288] [SEVERE ] removing card from slot 9
[19:48:41.390] [SEVERE ] removing card from slot 10
[19:48:41.496] [SEVERE ] removing card from slot 11
[19:48:41.496] [SEVERE ] announcing winner(s): player 8, player 7, player 6, player 5, player 4, player 3, player 2, player 1
[19:48:41.497] [INFO   ] thread dealer terminated.
[19:48:41.497] [INFO   ] thread dealer terminated.
[19:48:41.498] [SEVERE ] thanks for playing... it was fun!
[19:48:41.498] [INFO   ] thread main terminated.
