[19:40:36.815] [INFO   ] thread main starting.
[19:40:36.822] [SEVERE ] cannot read configuration file config.properties trying from resources.
[19:40:36.823] [SEVERE ] configuration file was loaded from resources directory.
[19:40:37.773] [INFO   ] thread dealer starting.
[19:40:37.774] [INFO   ] thread dealer starting.
[19:40:37.774] [INFO   ] thread player0 starting.
[19:40:37.774] [INFO   ] thread computer-0 starting.
[19:40:37.775] [INFO   ] thread player1 starting.
[19:40:37.775] [INFO   ] thread computer-1 starting.
[19:40:37.775] [INFO   ] thread player2 starting.
[19:40:37.775] [INFO   ] thread computer-2 starting.
[19:40:37.775] [INFO   ] thread player3 starting.
[19:40:37.776] [INFO   ] thread computer-3 starting.
[19:40:37.776] [INFO   ] thread player4 starting.
[19:40:37.783] [INFO   ] thread computer-4 starting.
[19:40:37.785] [INFO   ] thread player5 starting.
[19:40:37.785] [INFO   ] thread computer-5 starting.
[19:40:37.790] [INFO   ] thread player6 starting.
[19:40:37.796] [INFO   ] thread computer-6 starting.
[19:40:37.802] [INFO   ] thread player7 starting.
[19:40:37.806] [INFO   ] thread computer-7 starting.
[19:40:37.917] [SEVERE ] placing card 27 in slot 0
[19:40:38.019] [SEVERE ] placing card 7 in slot 1
[19:40:38.124] [SEVERE ] placing card 73 in slot 2
[19:40:38.230] [SEVERE ] placing card 42 in slot 3
[19:40:38.336] [SEVERE ] placing card 12 in slot 4
[19:40:38.441] [SEVERE ] placing card 48 in slot 5
[19:40:38.546] [SEVERE ] placing card 0 in slot 6
[19:40:38.653] [SEVERE ] placing card 66 in slot 7
[19:40:38.757] [SEVERE ] placing card 5 in slot 8
[19:40:38.861] [SEVERE ] placing card 75 in slot 9
[19:40:38.967] [SEVERE ] placing card 74 in slot 10
[19:40:39.073] [SEVERE ] placing card 34 in slot 11
[19:40:39.074] [SEVERE ] updating countdown to 10000
[19:40:39.180] [SEVERE ] updating countdown to 10895
[19:40:39.289] [SEVERE ] updating countdown to 10786
[19:40:39.393] [SEVERE ] updating countdown to 10682
[19:40:39.502] [SEVERE ] updating countdown to 10573
[19:40:39.608] [SEVERE ] updating countdown to 10467
[19:40:39.709] [SEVERE ] updating countdown to 10366
[19:40:39.817] [SEVERE ] updating countdown to 10258
[19:40:39.923] [SEVERE ] updating countdown to 10152
[19:40:40.030] [SEVERE ] updating countdown to 10045
[19:40:40.136] [SEVERE ] updating countdown to 9939
[19:40:40.249] [SEVERE ] updating countdown to 9826
[19:40:40.357] [SEVERE ] updating countdown to 9718
[19:40:40.464] [SEVERE ] updating countdown to 9611
[19:40:40.569] [SEVERE ] updating countdown to 9506
[19:40:40.672] [SEVERE ] updating countdown to 9403
[19:40:40.774] [SEVERE ] updating countdown to 9301
[19:40:40.880] [SEVERE ] updating countdown to 9195
[19:40:40.991] [SEVERE ] updating countdown to 9084
[19:40:41.093] [SEVERE ] updating countdown to 8982
[19:40:41.200] [SEVERE ] updating countdown to 8875
[19:40:41.301] [SEVERE ] updating countdown to 8774
[19:40:41.407] [SEVERE ] updating countdown to 8668
[19:40:41.512] [SEVERE ] updating countdown to 8563
[19:40:41.617] [SEVERE ] updating countdown to 8458
[19:40:41.722] [SEVERE ] updating countdown to 8353
[19:40:41.832] [SEVERE ] updating countdown to 8243
[19:40:41.954] [SEVERE ] updating countdown to 8121
[19:40:42.057] [SEVERE ] updating countdown to 8018
[19:40:42.162] [SEVERE ] updating countdown to 7913
[19:40:42.268] [SEVERE ] updating countdown to 7807
[19:40:42.374] [SEVERE ] updating countdown to 7701
[19:40:42.477] [SEVERE ] updating countdown to 7598
[19:40:42.586] [SEVERE ] updating countdown to 7489
[19:40:42.687] [SEVERE ] updating countdown to 7388
[19:40:42.791] [SEVERE ] updating countdown to 7284
[19:40:42.899] [SEVERE ] updating countdown to 7176
[19:40:43.005] [SEVERE ] updating countdown to 7070
[19:40:43.108] [SEVERE ] updating countdown to 6967
[19:40:43.214] [SEVERE ] updating countdown to 6861
[19:40:43.318] [SEVERE ] updating countdown to 6757
[19:40:43.420] [SEVERE ] updating countdown to 6655
[19:40:43.528] [SEVERE ] updating countdown to 6547
[19:40:43.631] [SEVERE ] updating countdown to 6444
[19:40:43.736] [SEVERE ] updating countdown to 6339
[19:40:43.841] [SEVERE ] updating countdown to 6234
[19:40:43.947] [SEVERE ] updating countdown to 6129
[19:40:44.054] [SEVERE ] updating countdown to 6021
[19:40:44.156] [SEVERE ] updating countdown to 5919
[19:40:44.259] [SEVERE ] updating countdown to 5816
[19:40:44.362] [SEVERE ] updating countdown to 5713
[19:40:44.471] [SEVERE ] updating countdown to 5604
[19:40:44.578] [SEVERE ] updating countdown to 5497
[19:40:44.683] [SEVERE ] updating countdown to 5392
[19:40:44.793] [SEVERE ] updating countdown to 5282
[19:40:44.907] [SEVERE ] updating countdown to 5168
[19:40:45.011] [SEVERE ] updating countdown to 5064
[19:40:50.149] [SEVERE ] updating countdown to 0
[19:40:50.149] [SEVERE ] removing all tokens
[19:40:50.254] [SEVERE ] removing card from slot 0
[19:40:50.362] [SEVERE ] removing card from slot 1
[19:40:50.468] [SEVERE ] removing card from slot 2
[19:40:50.572] [SEVERE ] removing card from slot 3
[19:40:50.680] [SEVERE ] removing card from slot 4
[19:40:50.784] [SEVERE ] removing card from slot 5
[19:40:50.893] [SEVERE ] removing card from slot 6
[19:40:51.001] [SEVERE ] removing card from slot 7
[19:40:51.106] [SEVERE ] removing card from slot 8
[19:40:51.219] [SEVERE ] removing card from slot 9
[19:40:51.324] [SEVERE ] removing card from slot 10
[19:40:51.429] [SEVERE ] removing card from slot 11
[19:40:51.540] [SEVERE ] placing card 35 in slot 0
[19:40:51.646] [SEVERE ] placing card 33 in slot 1
[19:40:51.752] [SEVERE ] placing card 80 in slot 2
[19:40:51.863] [SEVERE ] placing card 13 in slot 3
[19:40:51.973] [SEVERE ] placing card 53 in slot 4
[19:40:52.078] [SEVERE ] placing card 25 in slot 5
[19:40:52.183] [SEVERE ] placing card 36 in slot 6
[19:40:52.285] [SEVERE ] placing card 64 in slot 7
[19:40:52.391] [SEVERE ] placing card 3 in slot 8
[19:40:52.496] [SEVERE ] placing card 7 in slot 9
[19:40:52.603] [SEVERE ] placing card 48 in slot 10
[19:40:52.709] [SEVERE ] placing card 8 in slot 11
[19:40:52.709] [SEVERE ] updating countdown to 10000
[19:40:52.818] [SEVERE ] updating countdown to 10892
[19:40:52.924] [SEVERE ] updating countdown to 10786
[19:40:53.025] [SEVERE ] updating countdown to 10685
[19:40:53.127] [SEVERE ] updating countdown to 10583
[19:40:53.208] [SEVERE ] key 90 was pressed by player 1
[19:40:53.208] [SEVERE ] player 1 placing token on slot 8
[19:40:53.234] [SEVERE ] updating countdown to 10476
[19:40:53.339] [SEVERE ] updating countdown to 10371
[19:40:53.441] [SEVERE ] updating countdown to 10269
[19:40:53.535] [SEVERE ] key 88 was pressed by player 1
[19:40:53.535] [SEVERE ] player 1 placing token on slot 9
[19:40:53.546] [SEVERE ] updating countdown to 10164
[19:40:53.652] [SEVERE ] updating countdown to 10058
[19:40:53.760] [SEVERE ] updating countdown to 9951
[19:40:53.863] [SEVERE ] updating countdown to 9847
[19:40:53.968] [SEVERE ] updating countdown to 9742
[19:40:54.073] [SEVERE ] updating countdown to 9637
[19:40:54.090] [SEVERE ] key 67 was pressed by player 1
[19:40:54.090] [SEVERE ] player 1 placing token on slot 10
[19:40:54.175] [SEVERE ] updating countdown to 9536
[19:40:54.175] [SEVERE ] setting player 1 freeze to 0
[19:40:54.175] [SEVERE ] updating countdown to 9535
[19:40:54.175] [SEVERE ] setting player 1 freeze to 0
[19:40:54.280] [SEVERE ] updating countdown to 9430
[19:40:54.384] [SEVERE ] updating countdown to 9326
[19:40:54.489] [SEVERE ] updating countdown to 9221
[19:40:54.594] [SEVERE ] updating countdown to 9116
[19:40:54.698] [SEVERE ] updating countdown to 9012
[19:40:54.803] [SEVERE ] updating countdown to 8907
[19:40:54.851] [SEVERE ] key 67 was pressed by player 1
[19:40:54.852] [SEVERE ] removing player 1 token from slot 10
[19:40:54.908] [SEVERE ] updating countdown to 8802
[19:40:55.017] [SEVERE ] updating countdown to 8693
[19:40:55.123] [SEVERE ] updating countdown to 8587
[19:40:55.186] [SEVERE ] key 90 was pressed by player 1
[19:40:55.186] [SEVERE ] removing player 1 token from slot 8
[19:40:55.230] [SEVERE ] updating countdown to 8480
[19:40:55.334] [SEVERE ] updating countdown to 8376
[19:40:55.443] [SEVERE ] updating countdown to 8267
[19:40:55.501] [SEVERE ] key 67 was pressed by player 1
[19:40:55.501] [SEVERE ] player 1 placing token on slot 10
[19:40:55.548] [SEVERE ] updating countdown to 8162
[19:40:55.653] [SEVERE ] updating countdown to 8057
[19:40:55.665] [SEVERE ] key 88 was pressed by player 1
[19:40:55.665] [SEVERE ] removing player 1 token from slot 9
[19:40:55.764] [SEVERE ] updating countdown to 7946
[19:40:55.872] [SEVERE ] updating countdown to 7838
[19:40:55.977] [SEVERE ] updating countdown to 7733
[19:40:56.081] [SEVERE ] updating countdown to 7629
[19:40:56.144] [SEVERE ] key 67 was pressed by player 1
[19:40:56.145] [SEVERE ] removing player 1 token from slot 10
[19:40:56.184] [SEVERE ] updating countdown to 7526
[19:40:56.285] [SEVERE ] updating countdown to 7425
[19:40:56.292] [SEVERE ] key 88 was pressed by player 1
[19:40:56.293] [SEVERE ] player 1 placing token on slot 9
[19:40:56.390] [SEVERE ] updating countdown to 7321
[19:40:56.396] [SEVERE ] key 90 was pressed by player 1
[19:40:56.396] [SEVERE ] player 1 placing token on slot 8
[19:40:56.494] [SEVERE ] updating countdown to 7216
[19:40:56.605] [SEVERE ] updating countdown to 7105
[19:40:56.685] [SEVERE ] key 67 was pressed by player 1
[19:40:56.686] [SEVERE ] player 1 placing token on slot 10
[19:40:56.718] [SEVERE ] updating countdown to 6992
[19:40:56.718] [SEVERE ] setting player 1 freeze to 0
[19:40:56.719] [SEVERE ] updating countdown to 6991
[19:40:56.719] [SEVERE ] setting player 1 freeze to 0
[19:40:56.824] [SEVERE ] updating countdown to 6886
[19:40:56.930] [SEVERE ] updating countdown to 6780
[19:40:57.038] [SEVERE ] updating countdown to 6672
[19:40:57.144] [SEVERE ] updating countdown to 6566
[19:40:57.245] [SEVERE ] updating countdown to 6465
[19:40:57.347] [SEVERE ] updating countdown to 6363
[19:40:57.454] [SEVERE ] updating countdown to 6256
[19:40:57.506] [SEVERE ] key 67 was pressed by player 1
[19:40:57.507] [SEVERE ] removing player 1 token from slot 10
[19:40:57.563] [SEVERE ] updating countdown to 6147
[19:40:57.669] [SEVERE ] updating countdown to 6041
[19:40:57.770] [SEVERE ] updating countdown to 5940
[19:40:57.802] [SEVERE ] key 88 was pressed by player 1
[19:40:57.803] [SEVERE ] removing player 1 token from slot 9
[19:40:57.871] [SEVERE ] updating countdown to 5839
[19:40:57.942] [SEVERE ] key 90 was pressed by player 1
[19:40:57.942] [SEVERE ] removing player 1 token from slot 8
[19:40:57.975] [SEVERE ] updating countdown to 5735
[19:40:58.081] [SEVERE ] updating countdown to 5629
[19:40:58.185] [SEVERE ] updating countdown to 5525
[19:40:58.296] [SEVERE ] updating countdown to 5414
[19:40:58.405] [SEVERE ] updating countdown to 5305
[19:40:58.438] [SEVERE ] key 90 was pressed by player 1
[19:40:58.442] [SEVERE ] player 1 placing token on slot 8
[19:40:58.510] [SEVERE ] updating countdown to 5200
[19:40:58.514] [SEVERE ] key 88 was pressed by player 1
[19:40:58.516] [SEVERE ] player 1 placing token on slot 9
[19:40:58.614] [SEVERE ] updating countdown to 5096
[19:40:58.678] [SEVERE ] key 67 was pressed by player 1
[19:40:58.678] [SEVERE ] player 1 placing token on slot 10
[19:40:58.721] [SEVERE ] setting player 1 freeze to 0
[19:40:58.722] [SEVERE ] setting player 1 freeze to 0
[19:40:59.562] [SEVERE ] key 83 was pressed by player 1
[19:40:59.955] [SEVERE ] key 83 was pressed by player 1
[19:41:00.183] [SEVERE ] key 67 was pressed by player 1
[19:41:00.184] [SEVERE ] removing player 1 token from slot 10
[19:41:00.399] [SEVERE ] key 88 was pressed by player 1
[19:41:00.399] [SEVERE ] removing player 1 token from slot 9
[19:41:00.647] [SEVERE ] key 90 was pressed by player 1
[19:41:00.648] [SEVERE ] removing player 1 token from slot 8
[19:41:01.185] [SEVERE ] key 67 was pressed by player 1
[19:41:01.186] [SEVERE ] player 1 placing token on slot 10
[19:41:01.309] [SEVERE ] key 88 was pressed by player 1
[19:41:01.309] [SEVERE ] player 1 placing token on slot 9
[19:41:01.528] [SEVERE ] key 90 was pressed by player 1
[19:41:01.529] [SEVERE ] player 1 placing token on slot 8
[19:41:01.558] [SEVERE ] setting player 1 freeze to 0
[19:41:01.559] [SEVERE ] setting player 1 freeze to 0
[19:41:01.701] [SEVERE ] key 67 was pressed by player 1
[19:41:01.704] [SEVERE ] removing player 1 token from slot 10
[19:41:02.146] [SEVERE ] key 67 was pressed by player 1
[19:41:02.147] [SEVERE ] player 1 placing token on slot 10
[19:41:02.192] [SEVERE ] setting player 1 freeze to 0
[19:41:02.194] [SEVERE ] setting player 1 freeze to 0
[19:41:02.254] [SEVERE ] key 88 was pressed by player 1
[19:41:02.254] [SEVERE ] removing player 1 token from slot 9
[19:41:02.321] [SEVERE ] key 90 was pressed by player 1
[19:41:02.321] [SEVERE ] removing player 1 token from slot 8
[19:41:02.588] [SEVERE ] key 67 was pressed by player 1
[19:41:02.588] [SEVERE ] removing player 1 token from slot 10
[19:41:03.319] [SEVERE ] key 90 was pressed by player 1
[19:41:03.319] [SEVERE ] player 1 placing token on slot 8
[19:41:03.413] [SEVERE ] key 88 was pressed by player 1
[19:41:03.428] [SEVERE ] player 1 placing token on slot 9
[19:41:03.553] [SEVERE ] key 67 was pressed by player 1
[19:41:03.559] [SEVERE ] player 1 placing token on slot 10
[19:41:03.563] [SEVERE ] setting player 1 freeze to 0
[19:41:03.564] [SEVERE ] setting player 1 freeze to 0
[19:41:03.772] [SEVERE ] updating countdown to 0
[19:41:03.773] [SEVERE ] removing all tokens
[19:41:03.878] [SEVERE ] removing card from slot 0
[19:41:03.986] [SEVERE ] removing card from slot 1
[19:41:04.088] [SEVERE ] removing card from slot 2
[19:41:04.190] [SEVERE ] removing card from slot 3
[19:41:04.293] [SEVERE ] removing card from slot 4
[19:41:04.404] [SEVERE ] removing card from slot 5
[19:41:04.510] [SEVERE ] removing card from slot 6
[19:41:04.619] [SEVERE ] removing card from slot 7
[19:41:04.721] [SEVERE ] removing card from slot 8
[19:41:04.753] [SEVERE ] exit button pressed
[19:41:04.753] [INFO   ] thread player2 terminated.
[19:41:04.753] [INFO   ] thread player0 terminated.
[19:41:04.753] [INFO   ] thread player1 terminated.
[19:41:04.753] [INFO   ] thread player5 terminated.
[19:41:04.753] [INFO   ] thread player3 terminated.
[19:41:04.753] [INFO   ] thread player4 terminated.
[19:41:04.753] [INFO   ] thread player7 terminated.
[19:41:04.753] [INFO   ] thread player6 terminated.
[19:41:04.823] [SEVERE ] removing card from slot 9
[19:41:04.927] [SEVERE ] removing card from slot 10
[19:41:05.030] [SEVERE ] removing card from slot 11
[19:41:05.031] [SEVERE ] announcing winner(s): player 8, player 7, player 6, player 5, player 4, player 3, player 2, player 1
[19:41:05.031] [INFO   ] thread dealer terminated.
[19:41:05.031] [INFO   ] thread dealer terminated.
[19:41:05.032] [SEVERE ] thanks for playing... it was fun!
[19:41:05.032] [INFO   ] thread main terminated.
