[19:12:47.227] [INFO   ] thread main starting.
[19:12:47.234] [SEVERE ] cannot read configuration file config.properties trying from resources.
[19:12:47.236] [SEVERE ] configuration file was loaded from resources directory.
[19:12:48.614] [INFO   ] thread dealer starting.
[19:12:48.614] [INFO   ] thread dealer starting.
[19:12:48.614] [INFO   ] thread player0 starting.
[19:12:48.722] [SEVERE ] placing card 10 in slot 0
[19:12:48.828] [SEVERE ] placing card 50 in slot 1
[19:12:48.933] [SEVERE ] placing card 21 in slot 2
[19:12:49.039] [SEVERE ] placing card 42 in slot 3
[19:12:49.144] [SEVERE ] placing card 19 in slot 4
[19:12:49.250] [SEVERE ] placing card 66 in slot 5
[19:12:49.355] [SEVERE ] placing card 78 in slot 6
[19:12:49.457] [SEVERE ] placing card 36 in slot 7
[19:12:49.563] [SEVERE ] placing card 35 in slot 8
[19:12:49.668] [SEVERE ] placing card 22 in slot 9
[19:12:49.774] [SEVERE ] placing card 73 in slot 10
[19:12:49.879] [SEVERE ] placing card 24 in slot 11
[19:12:53.314] [SEVERE ] key 82 was pressed by player 1
[19:12:53.315] [SEVERE ] player 1 placing token on slot 3
[19:12:53.717] [SEVERE ] key 69 was pressed by player 1
[19:12:53.718] [SEVERE ] player 1 placing token on slot 2
[19:12:54.007] [SEVERE ] key 87 was pressed by player 1
[19:12:54.007] [SEVERE ] player 1 placing token on slot 1
[19:12:54.040] [SEVERE ] setting player 1 freeze to 3000
[19:12:54.041] [SEVERE ] setting player 1 freeze to 3000
[19:12:55.045] [SEVERE ] setting player 1 freeze to 2000
[19:12:56.048] [SEVERE ] setting player 1 freeze to 1000
[19:12:57.051] [SEVERE ] setting player 1 freeze to 0
[19:13:00.974] [SEVERE ] removing all tokens
[19:13:01.075] [SEVERE ] removing card from slot 0
[19:13:01.177] [SEVERE ] removing card from slot 1
[19:13:01.278] [SEVERE ] removing card from slot 2
[19:13:01.384] [SEVERE ] removing card from slot 3
[19:13:01.489] [SEVERE ] removing card from slot 4
[19:13:01.595] [SEVERE ] removing card from slot 5
[19:13:01.697] [SEVERE ] removing card from slot 6
[19:13:01.801] [SEVERE ] removing card from slot 7
[19:13:01.907] [SEVERE ] removing card from slot 8
[19:13:02.010] [SEVERE ] removing card from slot 9
[19:13:02.112] [SEVERE ] removing card from slot 10
[19:13:02.216] [SEVERE ] removing card from slot 11
[19:13:02.322] [SEVERE ] placing card 17 in slot 0
[19:13:02.427] [SEVERE ] placing card 47 in slot 1
[19:13:02.528] [SEVERE ] placing card 52 in slot 2
[19:13:02.634] [SEVERE ] placing card 67 in slot 3
[19:13:02.740] [SEVERE ] placing card 42 in slot 4
[19:13:02.843] [SEVERE ] placing card 40 in slot 5
[19:13:02.948] [SEVERE ] placing card 74 in slot 6
[19:13:03.049] [SEVERE ] placing card 77 in slot 7
[19:13:03.150] [SEVERE ] placing card 66 in slot 8
[19:13:03.252] [SEVERE ] placing card 53 in slot 9
[19:13:03.358] [SEVERE ] placing card 75 in slot 10
[19:13:03.463] [SEVERE ] placing card 72 in slot 11
[19:13:04.076] [SEVERE ] exit button pressed
[19:13:04.076] [INFO   ] thread player0 terminated.
[19:13:04.090] [SEVERE ] removing all tokens
[19:13:04.194] [SEVERE ] removing card from slot 0
[19:13:04.299] [SEVERE ] removing card from slot 1
[19:13:04.402] [SEVERE ] removing card from slot 2
[19:13:04.508] [SEVERE ] removing card from slot 3
[19:13:04.609] [SEVERE ] removing card from slot 4
[19:13:04.712] [SEVERE ] removing card from slot 5
[19:13:04.814] [SEVERE ] removing card from slot 6
[19:13:04.919] [SEVERE ] removing card from slot 7
[19:13:05.023] [SEVERE ] removing card from slot 8
[19:13:05.127] [SEVERE ] removing card from slot 9
[19:13:05.232] [SEVERE ] removing card from slot 10
[19:13:05.338] [SEVERE ] removing card from slot 11
[19:13:05.339] [SEVERE ] announcing winner(s): player 1
[19:13:05.340] [INFO   ] thread dealer terminated.
[19:13:05.340] [INFO   ] thread dealer terminated.
[19:13:05.340] [SEVERE ] thanks for playing... it was fun!
[19:13:05.340] [INFO   ] thread main terminated.
