[18:43:25.874] [INFO   ] thread main starting.
[18:43:25.881] [SEVERE ] cannot read configuration file config.properties trying from resources.
[18:43:25.883] [SEVERE ] configuration file was loaded from resources directory.
[18:43:27.021] [INFO   ] thread dealer starting.
[18:43:27.021] [INFO   ] thread dealer starting.
[18:43:27.022] [INFO   ] thread player0 starting.
[18:43:27.024] [INFO   ] thread computer-0 starting.
[18:43:27.024] [INFO   ] thread player1 starting.
[18:43:27.025] [INFO   ] thread computer-1 starting.
[18:43:27.025] [INFO   ] thread player2 starting.
[18:43:27.026] [INFO   ] thread computer-2 starting.
[18:43:27.027] [INFO   ] thread player3 starting.
[18:43:27.029] [INFO   ] thread computer-3 starting.
[18:43:27.034] [INFO   ] thread player4 starting.
[18:43:27.035] [INFO   ] thread computer-4 starting.
[18:43:27.041] [INFO   ] thread player5 starting.
[18:43:27.046] [INFO   ] thread computer-5 starting.
[18:43:27.165] [SEVERE ] placing card 79 in slot 0
[18:43:27.266] [SEVERE ] placing card 29 in slot 1
[18:43:27.371] [SEVERE ] placing card 78 in slot 2
[18:43:27.476] [SEVERE ] placing card 13 in slot 3
[18:43:27.582] [SEVERE ] placing card 8 in slot 4
[18:43:27.687] [SEVERE ] placing card 43 in slot 5
[18:43:27.789] [SEVERE ] placing card 25 in slot 6
[18:43:27.894] [SEVERE ] placing card 53 in slot 7
[18:43:27.999] [SEVERE ] placing card 51 in slot 8
[18:43:28.101] [SEVERE ] placing card 57 in slot 9
[18:43:28.207] [SEVERE ] placing card 36 in slot 10
[18:43:28.313] [SEVERE ] placing card 12 in slot 11
[18:43:28.326] [SEVERE ] player 5 placing token on slot 0
[18:43:28.326] [SEVERE ] player 6 placing token on slot 1
[18:43:28.326] [SEVERE ] player 2 placing token on slot 1
[18:43:28.326] [SEVERE ] player 1 placing token on slot 0
[18:43:28.326] [SEVERE ] player 4 placing token on slot 1
[18:43:28.339] [SEVERE ] player 3 placing token on slot 0
[18:43:28.351] [SEVERE ] player 4 placing token on slot 5
[18:43:28.351] [SEVERE ] player 2 placing token on slot 7
[18:43:28.351] [SEVERE ] player 5 placing token on slot 1
[18:43:28.351] [SEVERE ] player 1 placing token on slot 4
[18:43:28.351] [SEVERE ] player 6 placing token on slot 11
[18:43:28.361] [SEVERE ] player 3 placing token on slot 5
[18:43:28.374] [SEVERE ] player 2 placing token on slot 11
[18:43:28.374] [SEVERE ] player 5 placing token on slot 10
[18:43:28.376] [SEVERE ] player 1 placing token on slot 7
[18:43:28.376] [SEVERE ] player 6 placing token on slot 3
[18:43:28.376] [SEVERE ] removing player 4 token from slot 5
[18:43:28.377] [SEVERE ] setting player 2 freeze to 0
[18:43:28.377] [SEVERE ] setting player 5 freeze to 0
[18:43:28.377] [SEVERE ] setting player 2 freeze to 0
[18:43:28.377] [SEVERE ] setting player 5 freeze to 0
[18:43:28.377] [SEVERE ] setting player 6 freeze to 0
[18:43:28.378] [SEVERE ] setting player 6 freeze to 0
[18:43:28.382] [SEVERE ] player 3 placing token on slot 10
[18:43:28.398] [SEVERE ] player 4 placing token on slot 2
[18:43:28.428] [SEVERE ] player 4 placing token on slot 9
