[19:19:53.247] [INFO   ] thread main starting.
[19:19:53.256] [SEVERE ] cannot read configuration file config.properties trying from resources.
[19:19:53.258] [SEVERE ] configuration file was loaded from resources directory.
[19:19:54.770] [INFO   ] thread dealer starting.
[19:19:54.774] [INFO   ] thread dealer starting.
[19:19:54.774] [INFO   ] thread player0 starting.
[19:19:54.885] [SEVERE ] placing card 46 in slot 0
[19:19:54.989] [SEVERE ] placing card 19 in slot 1
[19:19:55.094] [SEVERE ] placing card 79 in slot 2
[19:19:55.194] [SEVERE ] placing card 23 in slot 3
[19:19:55.300] [SEVERE ] placing card 15 in slot 4
[19:19:55.405] [SEVERE ] placing card 34 in slot 5
[19:19:55.506] [SEVERE ] placing card 11 in slot 6
[19:19:55.609] [SEVERE ] placing card 65 in slot 7
[19:19:55.711] [SEVERE ] placing card 10 in slot 8
[19:19:55.812] [SEVERE ] placing card 17 in slot 9
[19:19:55.915] [SEVERE ] placing card 25 in slot 10
[19:19:56.020] [SEVERE ] placing card 44 in slot 11
[19:19:56.020] [SEVERE ] updating countdown to 10000
[19:19:56.123] [SEVERE ] updating countdown to 10898
[19:19:56.227] [SEVERE ] updating countdown to 10794
[19:19:56.333] [SEVERE ] updating countdown to 10688
[19:19:56.438] [SEVERE ] updating countdown to 10583
[19:19:56.543] [SEVERE ] updating countdown to 10478
[19:19:56.648] [SEVERE ] updating countdown to 10373
[19:19:56.753] [SEVERE ] updating countdown to 10268
[19:19:56.859] [SEVERE ] updating countdown to 10162
[19:19:56.962] [SEVERE ] updating countdown to 10059
[19:19:57.064] [SEVERE ] updating countdown to 9957
[19:19:57.168] [SEVERE ] updating countdown to 9853
[19:19:57.274] [SEVERE ] updating countdown to 9747
[19:19:57.377] [SEVERE ] updating countdown to 9644
[19:19:57.477] [SEVERE ] updating countdown to 9544
[19:19:57.581] [SEVERE ] updating countdown to 9440
[19:19:57.685] [SEVERE ] updating countdown to 9336
[19:19:57.787] [SEVERE ] updating countdown to 9234
[19:19:57.892] [SEVERE ] updating countdown to 9129
[19:19:57.974] [SEVERE ] key 68 was pressed by player 1
[19:19:57.974] [SEVERE ] player 1 placing token on slot 6
[19:19:57.993] [SEVERE ] updating countdown to 9028
[19:19:58.099] [SEVERE ] updating countdown to 8922
[19:19:58.204] [SEVERE ] updating countdown to 8817
[19:19:58.306] [SEVERE ] updating countdown to 8715
[19:19:58.331] [SEVERE ] key 68 was pressed by player 1
[19:19:58.332] [SEVERE ] removing player 1 token from slot 6
[19:19:58.408] [SEVERE ] updating countdown to 8614
[19:19:58.513] [SEVERE ] updating countdown to 8508
[19:19:58.614] [SEVERE ] updating countdown to 8407
[19:19:58.720] [SEVERE ] updating countdown to 8301
[19:19:58.824] [SEVERE ] updating countdown to 8197
[19:19:58.927] [SEVERE ] updating countdown to 8094
[19:19:59.030] [SEVERE ] updating countdown to 7991
[19:19:59.135] [SEVERE ] updating countdown to 7886
[19:19:59.241] [SEVERE ] updating countdown to 7780
[19:19:59.342] [SEVERE ] key 67 was pressed by player 1
[19:19:59.342] [SEVERE ] player 1 placing token on slot 10
[19:19:59.343] [SEVERE ] updating countdown to 7678
[19:19:59.448] [SEVERE ] updating countdown to 7573
[19:19:59.551] [SEVERE ] updating countdown to 7470
[19:19:59.616] [SEVERE ] key 67 was pressed by player 1
[19:19:59.616] [SEVERE ] removing player 1 token from slot 10
[19:19:59.655] [SEVERE ] updating countdown to 7366
[19:19:59.760] [SEVERE ] updating countdown to 7261
[19:19:59.865] [SEVERE ] updating countdown to 7156
[19:19:59.971] [SEVERE ] updating countdown to 7050
[19:20:00.075] [SEVERE ] updating countdown to 6946
[19:20:00.180] [SEVERE ] updating countdown to 6841
[19:20:00.285] [SEVERE ] updating countdown to 6736
[19:20:00.391] [SEVERE ] updating countdown to 6634
[19:20:00.494] [SEVERE ] updating countdown to 6527
[19:20:00.600] [SEVERE ] updating countdown to 6421
[19:20:00.705] [SEVERE ] updating countdown to 6316
[19:20:00.810] [SEVERE ] updating countdown to 6211
[19:20:00.916] [SEVERE ] updating countdown to 6105
[19:20:01.022] [SEVERE ] updating countdown to 5999
[19:20:01.124] [SEVERE ] updating countdown to 5897
[19:20:01.227] [SEVERE ] updating countdown to 5794
[19:20:01.332] [SEVERE ] updating countdown to 5689
[19:20:01.438] [SEVERE ] updating countdown to 5584
[19:20:01.541] [SEVERE ] updating countdown to 5480
[19:20:01.646] [SEVERE ] updating countdown to 5375
[19:20:01.750] [SEVERE ] updating countdown to 5271
[19:20:01.852] [SEVERE ] updating countdown to 5169
[19:20:01.954] [SEVERE ] updating countdown to 5067
[19:20:07.050] [SEVERE ] updating countdown to 0
[19:20:07.051] [SEVERE ] removing all tokens
[19:20:07.156] [SEVERE ] removing card from slot 0
[19:20:07.261] [SEVERE ] removing card from slot 1
[19:20:07.367] [SEVERE ] removing card from slot 2
[19:20:07.472] [SEVERE ] removing card from slot 3
[19:20:07.574] [SEVERE ] key 67 was pressed by player 1
[19:20:07.577] [SEVERE ] removing card from slot 4
[19:20:07.683] [SEVERE ] removing card from slot 5
[19:20:07.788] [SEVERE ] removing card from slot 6
[19:20:07.889] [SEVERE ] removing card from slot 7
[19:20:07.993] [SEVERE ] removing card from slot 8
[19:20:08.095] [SEVERE ] removing card from slot 9
[19:20:08.197] [SEVERE ] removing card from slot 10
[19:20:08.300] [SEVERE ] removing card from slot 11
[19:20:08.402] [SEVERE ] placing card 67 in slot 0
[19:20:08.507] [SEVERE ] placing card 38 in slot 1
[19:20:08.612] [SEVERE ] placing card 73 in slot 2
[19:20:08.717] [SEVERE ] placing card 11 in slot 3
[19:20:08.822] [SEVERE ] placing card 47 in slot 4
[19:20:08.924] [SEVERE ] placing card 60 in slot 5
[19:20:09.028] [SEVERE ] placing card 6 in slot 6
[19:20:09.131] [SEVERE ] placing card 9 in slot 7
[19:20:09.237] [SEVERE ] placing card 61 in slot 8
[19:20:09.341] [SEVERE ] placing card 18 in slot 9
[19:20:09.446] [SEVERE ] placing card 58 in slot 10
[19:20:09.551] [SEVERE ] placing card 76 in slot 11
[19:20:09.552] [SEVERE ] updating countdown to 10000
[19:20:09.654] [SEVERE ] updating countdown to 10898
[19:20:09.654] [SEVERE ] player 1 placing token on slot 10
[19:20:09.759] [SEVERE ] updating countdown to 10793
[19:20:09.865] [SEVERE ] updating countdown to 10687
[19:20:09.967] [SEVERE ] updating countdown to 10585
[19:20:10.071] [SEVERE ] updating countdown to 10481
[19:20:10.174] [SEVERE ] updating countdown to 10378
[19:20:10.275] [SEVERE ] updating countdown to 10277
[19:20:10.380] [SEVERE ] updating countdown to 10172
[19:20:10.482] [SEVERE ] updating countdown to 10070
[19:20:10.587] [SEVERE ] updating countdown to 9965
[19:20:10.688] [SEVERE ] updating countdown to 9864
[19:20:10.789] [SEVERE ] updating countdown to 9763
[19:20:10.893] [SEVERE ] updating countdown to 9659
[19:20:10.999] [SEVERE ] updating countdown to 9553
[19:20:11.104] [SEVERE ] updating countdown to 9448
[19:20:11.209] [SEVERE ] updating countdown to 9343
[19:20:11.310] [SEVERE ] updating countdown to 9242
[19:20:11.415] [SEVERE ] updating countdown to 9137
[19:20:11.520] [SEVERE ] updating countdown to 9032
[19:20:11.621] [SEVERE ] updating countdown to 8931
[19:20:11.724] [SEVERE ] updating countdown to 8828
[19:20:11.829] [SEVERE ] updating countdown to 8723
[19:20:11.933] [SEVERE ] updating countdown to 8619
[19:20:12.038] [SEVERE ] updating countdown to 8514
[19:20:12.143] [SEVERE ] updating countdown to 8409
[19:20:12.248] [SEVERE ] updating countdown to 8304
[19:20:12.354] [SEVERE ] updating countdown to 8198
[19:20:12.456] [SEVERE ] updating countdown to 8096
[19:20:12.560] [SEVERE ] updating countdown to 7992
[19:20:12.662] [SEVERE ] updating countdown to 7890
[19:20:12.764] [SEVERE ] updating countdown to 7789
[19:20:12.869] [SEVERE ] updating countdown to 7683
[19:20:12.974] [SEVERE ] updating countdown to 7578
[19:20:13.079] [SEVERE ] updating countdown to 7473
[19:20:13.185] [SEVERE ] updating countdown to 7367
[19:20:13.290] [SEVERE ] updating countdown to 7262
[19:20:13.395] [SEVERE ] updating countdown to 7157
[19:20:13.499] [SEVERE ] updating countdown to 7053
[19:20:13.604] [SEVERE ] updating countdown to 6948
[19:20:13.705] [SEVERE ] updating countdown to 6847
[19:20:13.810] [SEVERE ] updating countdown to 6742
[19:20:13.915] [SEVERE ] updating countdown to 6637
[19:20:14.021] [SEVERE ] updating countdown to 6532
[19:20:14.124] [SEVERE ] updating countdown to 6428
[19:20:14.229] [SEVERE ] updating countdown to 6323
[19:20:14.332] [SEVERE ] updating countdown to 6220
[19:20:14.436] [SEVERE ] updating countdown to 6116
[19:20:14.539] [SEVERE ] updating countdown to 6013
[19:20:14.644] [SEVERE ] updating countdown to 5908
[19:20:14.750] [SEVERE ] updating countdown to 5802
[19:20:14.853] [SEVERE ] updating countdown to 5700
[19:20:14.954] [SEVERE ] updating countdown to 5598
[19:20:15.058] [SEVERE ] updating countdown to 5494
[19:20:15.163] [SEVERE ] updating countdown to 5389
[19:20:15.268] [SEVERE ] updating countdown to 5284
[19:20:15.369] [SEVERE ] updating countdown to 5183
[19:20:15.471] [SEVERE ] updating countdown to 5081
[19:20:18.076] [SEVERE ] key 67 was pressed by player 1
[19:20:18.077] [SEVERE ] removing player 1 token from slot 10
[19:20:18.357] [SEVERE ] key 88 was pressed by player 1
[19:20:18.358] [SEVERE ] player 1 placing token on slot 9
[19:20:18.819] [SEVERE ] key 88 was pressed by player 1
[19:20:18.819] [SEVERE ] removing player 1 token from slot 9
[19:20:20.571] [SEVERE ] updating countdown to 0
[19:20:20.571] [SEVERE ] removing all tokens
[19:20:20.676] [SEVERE ] removing card from slot 0
[19:20:20.778] [SEVERE ] removing card from slot 1
[19:20:20.884] [SEVERE ] removing card from slot 2
[19:20:20.987] [SEVERE ] removing card from slot 3
[19:20:21.090] [SEVERE ] removing card from slot 4
[19:20:21.195] [SEVERE ] removing card from slot 5
[19:20:21.296] [SEVERE ] removing card from slot 6
[19:20:21.402] [SEVERE ] removing card from slot 7
[19:20:21.507] [SEVERE ] removing card from slot 8
[19:20:21.612] [SEVERE ] removing card from slot 9
[19:20:21.718] [SEVERE ] removing card from slot 10
[19:20:21.822] [SEVERE ] removing card from slot 11
[19:20:21.922] [SEVERE ] placing card 39 in slot 0
[19:20:22.028] [SEVERE ] placing card 77 in slot 1
[19:20:22.133] [SEVERE ] placing card 43 in slot 2
[19:20:22.234] [SEVERE ] placing card 21 in slot 3
[19:20:22.338] [SEVERE ] placing card 49 in slot 4
[19:20:22.439] [SEVERE ] placing card 74 in slot 5
[19:20:22.543] [SEVERE ] placing card 56 in slot 6
[19:20:22.649] [SEVERE ] placing card 61 in slot 7
[19:20:22.754] [SEVERE ] placing card 60 in slot 8
[19:20:22.858] [SEVERE ] placing card 15 in slot 9
[19:20:22.961] [SEVERE ] placing card 26 in slot 10
[19:20:23.066] [SEVERE ] placing card 67 in slot 11
[19:20:23.067] [SEVERE ] updating countdown to 10000
[19:20:23.172] [SEVERE ] updating countdown to 10895
[19:20:23.277] [SEVERE ] updating countdown to 10790
[19:20:23.382] [SEVERE ] updating countdown to 10685
[19:20:23.485] [SEVERE ] updating countdown to 10582
[19:20:23.589] [SEVERE ] updating countdown to 10478
[19:20:23.693] [SEVERE ] updating countdown to 10374
[19:20:23.796] [SEVERE ] updating countdown to 10271
[19:20:23.901] [SEVERE ] updating countdown to 10166
[19:20:24.005] [SEVERE ] updating countdown to 10062
