[20:01:14.766] [INFO   ] thread main starting.
[20:01:14.772] [SEVERE ] cannot read configuration file config.properties trying from resources.
[20:01:14.773] [SEVERE ] configuration file was loaded from resources directory.
[20:01:15.982] [INFO   ] thread dealer starting.
[20:01:15.983] [INFO   ] thread dealer starting.
[20:01:15.983] [INFO   ] thread player0 starting.
[20:01:15.983] [INFO   ] thread computer-0 starting.
[20:01:16.091] [SEVERE ] placing card 63 in slot 0
[20:01:16.196] [SEVERE ] placing card 73 in slot 1
[20:01:16.301] [SEVERE ] placing card 68 in slot 2
[20:01:16.406] [SEVERE ] placing card 43 in slot 3
[20:01:16.508] [SEVERE ] placing card 57 in slot 4
[20:01:16.613] [SEVERE ] placing card 27 in slot 5
[20:01:16.719] [SEVERE ] placing card 38 in slot 6
[20:01:16.825] [SEVERE ] placing card 8 in slot 7
[20:01:16.930] [SEVERE ] placing card 55 in slot 8
[20:01:17.035] [SEVERE ] placing card 51 in slot 9
[20:01:17.138] [SEVERE ] placing card 59 in slot 10
[20:01:17.243] [SEVERE ] placing card 48 in slot 11
[20:01:17.243] [SEVERE ] updating countdown to 1000000
[20:01:17.349] [SEVERE ] updating countdown to 1000895
[20:01:17.373] [SEVERE ] player 1 placing token on slot 5
[20:01:17.398] [SEVERE ] player 1 placing token on slot 11
[20:01:17.423] [SEVERE ] player 1 placing token on slot 8
[20:01:17.451] [SEVERE ] updating countdown to 1000793
[20:01:17.451] [SEVERE ] setting player 1 freeze to 0
[20:01:17.452] [SEVERE ] updating countdown to 1000792
[20:01:17.452] [SEVERE ] setting player 1 freeze to 0
[20:01:17.501] [SEVERE ] removing player 1 token from slot 5
[20:01:17.521] [SEVERE ] player 1 placing token on slot 6
[20:01:17.557] [SEVERE ] updating countdown to 1000687
[20:01:17.557] [SEVERE ] setting player 1 freeze to 0
[20:01:17.557] [SEVERE ] setting player 1 freeze to 0
[20:01:17.557] [SEVERE ] updating countdown to 1000687
[20:01:17.630] [SEVERE ] removing player 1 token from slot 11
[20:01:17.655] [SEVERE ] player 1 placing token on slot 2
[20:01:17.662] [SEVERE ] updating countdown to 1000582
[20:01:17.663] [SEVERE ] setting player 1 freeze to 0
[20:01:17.663] [SEVERE ] setting player 1 freeze to 0
[20:01:17.663] [SEVERE ] updating countdown to 1000581
[20:01:17.705] [SEVERE ] removing player 1 token from slot 2
[20:01:17.730] [SEVERE ] player 1 placing token on slot 1
[20:01:17.768] [SEVERE ] updating countdown to 1000476
[20:01:17.768] [SEVERE ] setting player 1 freeze to 0
[20:01:17.768] [SEVERE ] setting player 1 freeze to 0
[20:01:17.768] [SEVERE ] updating countdown to 1000476
[20:01:17.873] [SEVERE ] updating countdown to 1000371
[20:01:17.931] [SEVERE ] removing player 1 token from slot 8
[20:01:17.956] [SEVERE ] player 1 placing token on slot 0
[20:01:17.978] [SEVERE ] updating countdown to 1000266
[20:01:17.979] [SEVERE ] setting player 1 freeze to 0
[20:01:17.979] [SEVERE ] setting player 1 freeze to 0
[20:01:17.979] [SEVERE ] updating countdown to 1000265
[20:01:18.005] [SEVERE ] removing player 1 token from slot 6
[20:01:18.030] [SEVERE ] removing player 1 token from slot 0
[20:01:18.055] [SEVERE ] player 1 placing token on slot 3
[20:01:18.080] [SEVERE ] updating countdown to 1000164
[20:01:18.080] [SEVERE ] removing player 1 token from slot 3
[20:01:18.102] [SEVERE ] player 1 placing token on slot 6
[20:01:18.123] [SEVERE ] removing player 1 token from slot 6
[20:01:18.147] [SEVERE ] player 1 placing token on slot 11
[20:01:18.168] [SEVERE ] removing player 1 token from slot 11
[20:01:18.185] [SEVERE ] updating countdown to 1000059
[20:01:18.193] [SEVERE ] player 1 placing token on slot 8
[20:01:18.213] [SEVERE ] player 1 placing token on slot 0
[20:01:18.290] [SEVERE ] updating countdown to 999954
[20:01:18.290] [SEVERE ] setting player 1 freeze to 0
[20:01:18.290] [SEVERE ] setting player 1 freeze to 0
[20:01:18.290] [SEVERE ] updating countdown to 999954
[20:01:18.364] [SEVERE ] removing player 1 token from slot 0
[20:01:18.389] [SEVERE ] removing player 1 token from slot 8
[20:01:18.396] [SEVERE ] updating countdown to 999848
[20:01:18.411] [SEVERE ] player 1 placing token on slot 4
[20:01:18.435] [SEVERE ] player 1 placing token on slot 5
[20:01:18.501] [SEVERE ] updating countdown to 999743
[20:01:18.501] [SEVERE ] setting player 1 freeze to 0
[20:01:18.501] [SEVERE ] updating countdown to 999743
[20:01:18.501] [SEVERE ] setting player 1 freeze to 0
[20:01:18.607] [SEVERE ] updating countdown to 999637
[20:01:18.713] [SEVERE ] updating countdown to 999531
[20:01:18.814] [SEVERE ] updating countdown to 999430
[20:01:18.814] [SEVERE ] removing player 1 token from slot 5
[20:01:18.839] [SEVERE ] player 1 placing token on slot 7
[20:01:18.916] [SEVERE ] updating countdown to 999328
[20:01:18.916] [SEVERE ] setting player 1 freeze to 0
[20:01:18.916] [SEVERE ] setting player 1 freeze to 0
[20:01:18.916] [SEVERE ] updating countdown to 999328
[20:01:18.964] [SEVERE ] removing player 1 token from slot 4
[20:01:18.989] [SEVERE ] removing player 1 token from slot 1
[20:01:19.012] [SEVERE ] player 1 placing token on slot 11
[20:01:19.021] [SEVERE ] updating countdown to 999223
[20:01:19.035] [SEVERE ] removing player 1 token from slot 7
[20:01:19.060] [SEVERE ] player 1 placing token on slot 5
[20:01:19.084] [SEVERE ] player 1 placing token on slot 7
[20:01:19.126] [SEVERE ] updating countdown to 999118
[20:01:19.126] [SEVERE ] setting player 1 freeze to 0
[20:01:19.126] [SEVERE ] setting player 1 freeze to 0
[20:01:19.126] [SEVERE ] updating countdown to 999118
[20:01:19.227] [SEVERE ] updating countdown to 999017
[20:01:19.332] [SEVERE ] updating countdown to 998912
[20:01:19.335] [SEVERE ] removing player 1 token from slot 5
[20:01:19.359] [SEVERE ] player 1 placing token on slot 10
[20:01:19.437] [SEVERE ] updating countdown to 998808
[20:01:19.437] [SEVERE ] setting player 1 freeze to 0
[20:01:19.437] [SEVERE ] setting player 1 freeze to 0
[20:01:19.437] [SEVERE ] updating countdown to 998807
[20:01:19.534] [SEVERE ] removing player 1 token from slot 10
[20:01:19.542] [SEVERE ] updating countdown to 998702
[20:01:19.557] [SEVERE ] removing player 1 token from slot 7
[20:01:19.579] [SEVERE ] player 1 placing token on slot 9
[20:01:19.602] [SEVERE ] player 1 placing token on slot 8
[20:01:19.647] [SEVERE ] updating countdown to 998597
[20:01:19.647] [SEVERE ] setting player 1 freeze to 0
[20:01:19.647] [SEVERE ] setting player 1 freeze to 0
[20:01:19.647] [SEVERE ] updating countdown to 998597
[20:01:19.672] [SEVERE ] removing player 1 token from slot 8
[20:01:19.694] [SEVERE ] removing player 1 token from slot 9
[20:01:19.715] [SEVERE ] player 1 placing token on slot 6
[20:01:19.740] [SEVERE ] player 1 placing token on slot 4
[20:01:19.749] [SEVERE ] updating countdown to 998495
[20:01:19.749] [SEVERE ] setting player 1 freeze to 0
[20:01:19.749] [SEVERE ] setting player 1 freeze to 0
[20:01:19.749] [SEVERE ] updating countdown to 998495
[20:01:19.854] [SEVERE ] updating countdown to 998390
[20:01:19.913] [SEVERE ] removing player 1 token from slot 6
[20:01:19.934] [SEVERE ] player 1 placing token on slot 1
[20:01:19.958] [SEVERE ] updating countdown to 998286
[20:01:19.958] [SEVERE ] setting player 1 freeze to 0
[20:01:19.958] [SEVERE ] setting player 1 freeze to 0
[20:01:19.958] [SEVERE ] updating countdown to 998286
[20:01:20.060] [SEVERE ] updating countdown to 998184
[20:01:20.162] [SEVERE ] updating countdown to 998082
[20:01:20.205] [SEVERE ] removing player 1 token from slot 4
[20:01:20.230] [SEVERE ] player 1 placing token on slot 10
[20:01:20.266] [SEVERE ] updating countdown to 997978
[20:01:20.266] [SEVERE ] setting player 1 freeze to 0
[20:01:20.266] [SEVERE ] setting player 1 freeze to 0
[20:01:20.266] [SEVERE ] updating countdown to 997978
[20:01:20.289] [SEVERE ] removing player 1 token from slot 1
[20:01:20.312] [SEVERE ] player 1 placing token on slot 3
[20:01:20.370] [SEVERE ] updating countdown to 997875
[20:01:20.370] [SEVERE ] setting player 1 freeze to 0
[20:01:20.370] [SEVERE ] setting player 1 freeze to 0
[20:01:20.370] [SEVERE ] updating countdown to 997874
[20:01:20.395] [SEVERE ] removing player 1 token from slot 10
[20:01:20.418] [SEVERE ] player 1 placing token on slot 9
[20:01:20.475] [SEVERE ] updating countdown to 997769
[20:01:20.476] [SEVERE ] setting player 1 freeze to 0
[20:01:20.476] [SEVERE ] setting player 1 freeze to 0
[20:01:20.476] [SEVERE ] updating countdown to 997768
[20:01:20.580] [SEVERE ] updating countdown to 997664
[20:01:20.612] [SEVERE ] removing player 1 token from slot 9
[20:01:20.636] [SEVERE ] removing player 1 token from slot 3
[20:01:20.661] [SEVERE ] removing player 1 token from slot 11
[20:01:20.685] [SEVERE ] updating countdown to 997559
[20:01:20.686] [SEVERE ] player 1 placing token on slot 0
[20:01:20.706] [SEVERE ] player 1 placing token on slot 4
[20:01:20.731] [SEVERE ] player 1 placing token on slot 7
[20:01:20.790] [SEVERE ] updating countdown to 997454
[20:01:20.790] [SEVERE ] setting player 1 freeze to 0
[20:01:20.790] [SEVERE ] setting player 1 freeze to 0
[20:01:20.790] [SEVERE ] updating countdown to 997454
[20:01:20.892] [SEVERE ] updating countdown to 997352
[20:01:20.905] [SEVERE ] removing player 1 token from slot 7
[20:01:20.930] [SEVERE ] removing player 1 token from slot 4
[20:01:20.955] [SEVERE ] player 1 placing token on slot 2
[20:01:20.979] [SEVERE ] player 1 placing token on slot 9
[20:01:20.998] [SEVERE ] updating countdown to 997246
[20:01:20.998] [SEVERE ] setting player 1 freeze to 0
[20:01:20.998] [SEVERE ] setting player 1 freeze to 0
[20:01:20.998] [SEVERE ] updating countdown to 997246
[20:01:21.103] [SEVERE ] updating countdown to 997141
[20:01:21.128] [SEVERE ] removing player 1 token from slot 2
[20:01:21.153] [SEVERE ] player 1 placing token on slot 1
[20:01:21.205] [SEVERE ] updating countdown to 997039
[20:01:21.206] [SEVERE ] setting player 1 freeze to 0
[20:01:21.206] [SEVERE ] setting player 1 freeze to 0
[20:01:21.206] [SEVERE ] updating countdown to 997038
[20:01:21.231] [SEVERE ] removing player 1 token from slot 9
[20:01:21.252] [SEVERE ] player 1 placing token on slot 2
[20:01:21.310] [SEVERE ] updating countdown to 996934
[20:01:21.310] [SEVERE ] setting player 1 freeze to 0
[20:01:21.310] [SEVERE ] setting player 1 freeze to 0
[20:01:21.310] [SEVERE ] updating countdown to 996934
[20:01:21.357] [SEVERE ] removing player 1 token from slot 2
[20:01:21.382] [SEVERE ] player 1 placing token on slot 4
[20:01:21.415] [SEVERE ] updating countdown to 996829
[20:01:21.416] [SEVERE ] setting player 1 freeze to 0
[20:01:21.416] [SEVERE ] setting player 1 freeze to 0
[20:01:21.416] [SEVERE ] updating countdown to 996828
[20:01:21.465] [SEVERE ] removing player 1 token from slot 1
[20:01:21.490] [SEVERE ] player 1 placing token on slot 11
[20:01:21.517] [SEVERE ] updating countdown to 996727
[20:01:21.517] [SEVERE ] setting player 1 freeze to 0
[20:01:21.517] [SEVERE ] setting player 1 freeze to 0
[20:01:21.517] [SEVERE ] updating countdown to 996727
[20:01:21.542] [SEVERE ] removing player 1 token from slot 4
[20:01:21.564] [SEVERE ] player 1 placing token on slot 7
[20:01:21.622] [SEVERE ] updating countdown to 996622
[20:01:21.622] [SEVERE ] setting player 1 freeze to 0
[20:01:21.622] [SEVERE ] setting player 1 freeze to 0
[20:01:21.622] [SEVERE ] updating countdown to 996622
[20:01:21.690] [SEVERE ] removing player 1 token from slot 11
[20:01:21.712] [SEVERE ] removing player 1 token from slot 7
[20:01:21.726] [SEVERE ] updating countdown to 996518
[20:01:21.735] [SEVERE ] player 1 placing token on slot 7
[20:01:21.760] [SEVERE ] player 1 placing token on slot 1
[20:01:21.831] [SEVERE ] updating countdown to 996413
[20:01:21.832] [SEVERE ] setting player 1 freeze to 0
[20:01:21.832] [SEVERE ] setting player 1 freeze to 0
[20:01:21.832] [SEVERE ] updating countdown to 996412
[20:01:21.929] [SEVERE ] removing player 1 token from slot 1
[20:01:21.937] [SEVERE ] updating countdown to 996307
[20:01:21.953] [SEVERE ] player 1 placing token on slot 8
[20:01:22.040] [SEVERE ] updating countdown to 996204
[20:01:22.041] [SEVERE ] setting player 1 freeze to 0
[20:01:22.041] [SEVERE ] setting player 1 freeze to 0
[20:01:22.041] [SEVERE ] updating countdown to 996203
[20:01:22.113] [SEVERE ] removing player 1 token from slot 0
[20:01:22.138] [SEVERE ] player 1 placing token on slot 2
[20:01:22.146] [SEVERE ] updating countdown to 996098
[20:01:22.146] [SEVERE ] setting player 1 freeze to 0
[20:01:22.146] [SEVERE ] setting player 1 freeze to 0
[20:01:22.146] [SEVERE ] updating countdown to 996098
[20:01:22.188] [SEVERE ] removing player 1 token from slot 8
[20:01:22.213] [SEVERE ] player 1 placing token on slot 9
[20:01:22.248] [SEVERE ] updating countdown to 995996
[20:01:22.248] [SEVERE ] setting player 1 freeze to 0
[20:01:22.248] [SEVERE ] setting player 1 freeze to 0
[20:01:22.248] [SEVERE ] updating countdown to 995996
[20:01:22.294] [SEVERE ] removing player 1 token from slot 7
[20:01:22.319] [SEVERE ] player 1 placing token on slot 8
[20:01:22.353] [SEVERE ] updating countdown to 995891
[20:01:22.353] [SEVERE ] setting player 1 freeze to 0
[20:01:22.353] [SEVERE ] updating countdown to 995891
[20:01:22.354] [SEVERE ] setting player 1 freeze to 0
[20:01:22.446] [SEVERE ] removing player 1 token from slot 2
[20:01:22.459] [SEVERE ] updating countdown to 995785
[20:01:22.467] [SEVERE ] player 1 placing token on slot 2
[20:01:22.559] [SEVERE ] updating countdown to 995685
[20:01:22.559] [SEVERE ] setting player 1 freeze to 0
[20:01:22.559] [SEVERE ] setting player 1 freeze to 0
[20:01:22.559] [SEVERE ] updating countdown to 995685
[20:01:22.662] [SEVERE ] updating countdown to 995582
[20:01:22.744] [SEVERE ] removing player 1 token from slot 2
[20:01:22.763] [SEVERE ] updating countdown to 995481
[20:01:22.769] [SEVERE ] player 1 placing token on slot 3
[20:01:22.865] [SEVERE ] updating countdown to 995379
[20:01:22.865] [SEVERE ] setting player 1 freeze to 0
[20:01:22.865] [SEVERE ] updating countdown to 995379
[20:01:22.865] [SEVERE ] setting player 1 freeze to 0
[20:01:22.963] [SEVERE ] removing player 1 token from slot 3
[20:01:22.970] [SEVERE ] updating countdown to 995274
[20:01:22.984] [SEVERE ] player 1 placing token on slot 11
[20:01:23.075] [SEVERE ] updating countdown to 995169
[20:01:23.076] [SEVERE ] setting player 1 freeze to 0
[20:01:23.076] [SEVERE ] setting player 1 freeze to 0
[20:01:23.076] [SEVERE ] updating countdown to 995168
[20:01:23.076] [SEVERE ] removing player 1 token from slot 9
[20:01:23.100] [SEVERE ] player 1 placing token on slot 2
[20:01:23.181] [SEVERE ] updating countdown to 995063
[20:01:23.181] [SEVERE ] setting player 1 freeze to 0
[20:01:23.181] [SEVERE ] setting player 1 freeze to 0
[20:01:23.181] [SEVERE ] updating countdown to 995063
[20:01:23.206] [SEVERE ] removing player 1 token from slot 8
[20:01:23.230] [SEVERE ] removing player 1 token from slot 2
[20:01:23.255] [SEVERE ] player 1 placing token on slot 1
[20:01:23.280] [SEVERE ] removing player 1 token from slot 11
[20:01:23.286] [SEVERE ] updating countdown to 994958
[20:01:23.305] [SEVERE ] player 1 placing token on slot 5
[20:01:23.330] [SEVERE ] player 1 placing token on slot 10
[20:01:23.388] [SEVERE ] updating countdown to 994856
[20:01:23.389] [SEVERE ] setting player 1 freeze to 0
[20:01:23.389] [SEVERE ] setting player 1 freeze to 0
[20:01:23.389] [SEVERE ] updating countdown to 994855
[20:01:23.490] [SEVERE ] updating countdown to 994754
[20:01:23.536] [SEVERE ] removing player 1 token from slot 1
[20:01:23.557] [SEVERE ] player 1 placing token on slot 3
[20:01:23.594] [SEVERE ] updating countdown to 994650
[20:01:23.594] [SEVERE ] setting player 1 freeze to 0
[20:01:23.594] [SEVERE ] setting player 1 freeze to 0
[20:01:23.594] [SEVERE ] updating countdown to 994650
[20:01:23.698] [SEVERE ] updating countdown to 994547
[20:01:23.763] [SEVERE ] removing player 1 token from slot 3
[20:01:23.788] [SEVERE ] player 1 placing token on slot 11
[20:01:23.803] [SEVERE ] updating countdown to 994441
[20:01:23.803] [SEVERE ] setting player 1 freeze to 0
[20:01:23.803] [SEVERE ] setting player 1 freeze to 0
[20:01:23.803] [SEVERE ] updating countdown to 994441
[20:01:23.862] [SEVERE ] removing player 1 token from slot 5
[20:01:23.883] [SEVERE ] player 1 placing token on slot 9
[20:01:23.907] [SEVERE ] updating countdown to 994337
[20:01:23.908] [SEVERE ] setting player 1 freeze to 0
[20:01:23.908] [SEVERE ] setting player 1 freeze to 0
[20:01:23.908] [SEVERE ] updating countdown to 994336
[20:01:24.009] [SEVERE ] updating countdown to 994235
[20:01:24.041] [SEVERE ] removing player 1 token from slot 10
[20:01:24.066] [SEVERE ] player 1 placing token on slot 2
[20:01:24.113] [SEVERE ] updating countdown to 994131
[20:01:24.113] [SEVERE ] setting player 1 freeze to 0
[20:01:24.113] [SEVERE ] setting player 1 freeze to 0
[20:01:24.114] [SEVERE ] updating countdown to 994130
[20:01:24.219] [SEVERE ] updating countdown to 994025
[20:01:24.322] [SEVERE ] updating countdown to 993922
[20:01:24.327] [SEVERE ] removing player 1 token from slot 9
[20:01:24.351] [SEVERE ] removing player 1 token from slot 2
[20:01:24.376] [SEVERE ] player 1 placing token on slot 4
[20:01:24.400] [SEVERE ] player 1 placing token on slot 7
[20:01:24.427] [SEVERE ] updating countdown to 993817
[20:01:24.427] [SEVERE ] setting player 1 freeze to 0
[20:01:24.427] [SEVERE ] setting player 1 freeze to 0
[20:01:24.427] [SEVERE ] updating countdown to 993817
[20:01:24.530] [SEVERE ] updating countdown to 993714
[20:01:24.594] [SEVERE ] removing player 1 token from slot 11
[20:01:24.615] [SEVERE ] player 1 placing token on slot 8
[20:01:24.631] [SEVERE ] updating countdown to 993613
[20:01:24.631] [SEVERE ] setting player 1 freeze to 0
[20:01:24.631] [SEVERE ] setting player 1 freeze to 0
[20:01:24.631] [SEVERE ] updating countdown to 993613
[20:01:24.734] [SEVERE ] updating countdown to 993510
[20:01:24.782] [SEVERE ] removing player 1 token from slot 4
[20:01:24.805] [SEVERE ] removing player 1 token from slot 8
[20:01:24.830] [SEVERE ] player 1 placing token on slot 9
[20:01:24.840] [SEVERE ] updating countdown to 993404
[20:01:24.855] [SEVERE ] player 1 placing token on slot 0
[20:01:24.940] [SEVERE ] updating countdown to 993304
[20:01:24.941] [SEVERE ] setting player 1 freeze to 0
[20:01:24.941] [SEVERE ] setting player 1 freeze to 0
[20:01:24.941] [SEVERE ] updating countdown to 993303
[20:01:24.962] [SEVERE ] removing player 1 token from slot 7
[20:01:24.984] [SEVERE ] player 1 placing token on slot 11
[20:01:25.046] [SEVERE ] updating countdown to 993198
[20:01:25.046] [SEVERE ] setting player 1 freeze to 0
[20:01:25.046] [SEVERE ] setting player 1 freeze to 0
[20:01:25.046] [SEVERE ] updating countdown to 993198
[20:01:25.150] [SEVERE ] updating countdown to 993094
[20:01:25.167] [SEVERE ] removing player 1 token from slot 0
[20:01:25.192] [SEVERE ] player 1 placing token on slot 5
[20:01:25.253] [SEVERE ] updating countdown to 992991
[20:01:25.253] [SEVERE ] setting player 1 freeze to 0
[20:01:25.253] [SEVERE ] setting player 1 freeze to 0
[20:01:25.253] [SEVERE ] updating countdown to 992991
[20:01:25.278] [SEVERE ] removing player 1 token from slot 11
[20:01:25.303] [SEVERE ] player 1 placing token on slot 8
[20:01:25.355] [SEVERE ] updating countdown to 992889
[20:01:25.356] [SEVERE ] setting player 1 freeze to 0
[20:01:25.356] [SEVERE ] setting player 1 freeze to 0
[20:01:25.356] [SEVERE ] updating countdown to 992888
[20:01:25.426] [SEVERE ] removing player 1 token from slot 8
[20:01:25.451] [SEVERE ] player 1 placing token on slot 2
[20:01:25.457] [SEVERE ] updating countdown to 992787
[20:01:25.457] [SEVERE ] setting player 1 freeze to 0
[20:01:25.457] [SEVERE ] setting player 1 freeze to 0
[20:01:25.458] [SEVERE ] updating countdown to 992787
[20:01:25.560] [SEVERE ] updating countdown to 992684
[20:01:25.638] [SEVERE ] removing player 1 token from slot 9
[20:01:25.661] [SEVERE ] player 1 placing token on slot 8
[20:01:25.664] [SEVERE ] updating countdown to 992580
[20:01:25.664] [SEVERE ] setting player 1 freeze to 0
[20:01:25.664] [SEVERE ] setting player 1 freeze to 0
[20:01:25.664] [SEVERE ] updating countdown to 992580
[20:01:25.729] [SEVERE ] removing player 1 token from slot 8
[20:01:25.754] [SEVERE ] player 1 placing token on slot 11
[20:01:25.770] [SEVERE ] updating countdown to 992475
[20:01:25.770] [SEVERE ] setting player 1 freeze to 0
[20:01:25.770] [SEVERE ] setting player 1 freeze to 0
[20:01:25.770] [SEVERE ] updating countdown to 992474
[20:01:25.801] [SEVERE ] removing player 1 token from slot 11
[20:01:25.826] [SEVERE ] removing player 1 token from slot 2
[20:01:25.851] [SEVERE ] player 1 placing token on slot 6
[20:01:25.873] [SEVERE ] updating countdown to 992371
[20:01:25.876] [SEVERE ] player 1 placing token on slot 4
[20:01:25.979] [SEVERE ] updating countdown to 992265
[20:01:25.979] [SEVERE ] setting player 1 freeze to 0
[20:01:25.979] [SEVERE ] setting player 1 freeze to 0
[20:01:25.979] [SEVERE ] updating countdown to 992265
[20:01:26.081] [SEVERE ] updating countdown to 992163
[20:01:26.186] [SEVERE ] updating countdown to 992058
[20:01:26.261] [SEVERE ] removing player 1 token from slot 5
[20:01:26.285] [SEVERE ] player 1 placing token on slot 0
[20:01:26.291] [SEVERE ] updating countdown to 991953
[20:01:26.291] [SEVERE ] setting player 1 freeze to 0
[20:01:26.291] [SEVERE ] setting player 1 freeze to 0
[20:01:26.291] [SEVERE ] updating countdown to 991953
[20:01:26.396] [SEVERE ] updating countdown to 991848
[20:01:26.406] [SEVERE ] removing player 1 token from slot 4
[20:01:26.431] [SEVERE ] removing player 1 token from slot 0
[20:01:26.456] [SEVERE ] player 1 placing token on slot 4
[20:01:26.477] [SEVERE ] player 1 placing token on slot 5
[20:01:26.502] [SEVERE ] updating countdown to 991742
[20:01:26.502] [SEVERE ] setting player 1 freeze to 0
[20:01:26.502] [SEVERE ] setting player 1 freeze to 0
[20:01:26.502] [SEVERE ] updating countdown to 991742
[20:01:26.551] [SEVERE ] removing player 1 token from slot 6
[20:01:26.573] [SEVERE ] player 1 placing token on slot 1
[20:01:26.607] [SEVERE ] updating countdown to 991637
[20:01:26.607] [SEVERE ] setting player 1 freeze to 0
[20:01:26.607] [SEVERE ] setting player 1 freeze to 0
[20:01:26.607] [SEVERE ] updating countdown to 991637
[20:01:26.704] [SEVERE ] removing player 1 token from slot 5
[20:01:26.713] [SEVERE ] updating countdown to 991531
[20:01:26.726] [SEVERE ] player 1 placing token on slot 9
[20:01:26.815] [SEVERE ] updating countdown to 991429
[20:01:26.815] [SEVERE ] setting player 1 freeze to 0
[20:01:26.815] [SEVERE ] setting player 1 freeze to 0
[20:01:26.815] [SEVERE ] updating countdown to 991429
[20:01:26.919] [SEVERE ] updating countdown to 991325
[20:01:27.011] [SEVERE ] removing player 1 token from slot 9
[20:01:27.022] [SEVERE ] updating countdown to 991222
[20:01:27.036] [SEVERE ] player 1 placing token on slot 2
[20:01:27.125] [SEVERE ] updating countdown to 991119
[20:01:27.126] [SEVERE ] setting player 1 freeze to 0
[20:01:27.126] [SEVERE ] updating countdown to 991118
[20:01:27.126] [SEVERE ] setting player 1 freeze to 0
[20:01:27.217] [SEVERE ] removing player 1 token from slot 1
[20:01:27.230] [SEVERE ] updating countdown to 991014
[20:01:27.239] [SEVERE ] player 1 placing token on slot 6
[20:01:27.335] [SEVERE ] updating countdown to 990909
[20:01:27.336] [SEVERE ] setting player 1 freeze to 0
[20:01:27.336] [SEVERE ] setting player 1 freeze to 0
[20:01:27.336] [SEVERE ] updating countdown to 990908
[20:01:27.430] [SEVERE ] removing player 1 token from slot 2
[20:01:27.439] [SEVERE ] updating countdown to 990805
[20:01:27.453] [SEVERE ] player 1 placing token on slot 1
[20:01:27.542] [SEVERE ] updating countdown to 990702
[20:01:27.542] [SEVERE ] setting player 1 freeze to 0
[20:01:27.542] [SEVERE ] setting player 1 freeze to 0
[20:01:27.542] [SEVERE ] updating countdown to 990702
[20:01:27.564] [SEVERE ] removing player 1 token from slot 1
[20:01:27.590] [SEVERE ] player 1 placing token on slot 0
[20:01:27.647] [SEVERE ] updating countdown to 990597
[20:01:27.648] [SEVERE ] setting player 1 freeze to 0
[20:01:27.648] [SEVERE ] updating countdown to 990596
[20:01:27.648] [SEVERE ] setting player 1 freeze to 0
[20:01:27.693] [SEVERE ] removing player 1 token from slot 6
[20:01:27.716] [SEVERE ] player 1 placing token on slot 3
[20:01:27.750] [SEVERE ] updating countdown to 990494
[20:01:27.750] [SEVERE ] setting player 1 freeze to 0
[20:01:27.750] [SEVERE ] setting player 1 freeze to 0
[20:01:27.750] [SEVERE ] updating countdown to 990494
[20:01:27.799] [SEVERE ] removing player 1 token from slot 3
[20:01:27.824] [SEVERE ] player 1 placing token on slot 6
[20:01:27.855] [SEVERE ] updating countdown to 990389
[20:01:27.855] [SEVERE ] setting player 1 freeze to 0
[20:01:27.856] [SEVERE ] setting player 1 freeze to 0
[20:01:27.856] [SEVERE ] updating countdown to 990388
[20:01:27.958] [SEVERE ] updating countdown to 990286
[20:01:28.041] [SEVERE ] removing player 1 token from slot 0
[20:01:28.061] [SEVERE ] updating countdown to 990183
[20:01:28.063] [SEVERE ] removing player 1 token from slot 6
[20:01:28.088] [SEVERE ] player 1 placing token on slot 8
[20:01:28.113] [SEVERE ] removing player 1 token from slot 4
[20:01:28.138] [SEVERE ] player 1 placing token on slot 5
[20:01:28.163] [SEVERE ] player 1 placing token on slot 2
[20:01:28.165] [SEVERE ] updating countdown to 990079
[20:01:28.166] [SEVERE ] setting player 1 freeze to 0
[20:01:28.166] [SEVERE ] setting player 1 freeze to 0
[20:01:28.166] [SEVERE ] updating countdown to 990078
[20:01:28.188] [SEVERE ] removing player 1 token from slot 5
[20:01:28.213] [SEVERE ] removing player 1 token from slot 8
[20:01:28.237] [SEVERE ] player 1 placing token on slot 9
[20:01:28.262] [SEVERE ] player 1 placing token on slot 11
[20:01:28.271] [SEVERE ] updating countdown to 989973
[20:01:28.271] [SEVERE ] setting player 1 freeze to 0
[20:01:28.271] [SEVERE ] setting player 1 freeze to 0
[20:01:28.271] [SEVERE ] updating countdown to 989973
[20:01:28.373] [SEVERE ] updating countdown to 989871
[20:01:28.408] [SEVERE ] removing player 1 token from slot 11
[20:01:28.433] [SEVERE ] player 1 placing token on slot 0
[20:01:28.474] [SEVERE ] updating countdown to 989770
[20:01:28.475] [SEVERE ] setting player 1 freeze to 0
[20:01:28.475] [SEVERE ] setting player 1 freeze to 0
[20:01:28.475] [SEVERE ] updating countdown to 989769
[20:01:28.550] [SEVERE ] removing player 1 token from slot 2
[20:01:28.576] [SEVERE ] player 1 placing token on slot 7
[20:01:28.580] [SEVERE ] updating countdown to 989664
[20:01:28.580] [SEVERE ] setting player 1 freeze to 0
[20:01:28.580] [SEVERE ] setting player 1 freeze to 0
[20:01:28.580] [SEVERE ] updating countdown to 989664
[20:01:28.601] [SEVERE ] removing player 1 token from slot 0
[20:01:28.626] [SEVERE ] player 1 placing token on slot 8
[20:01:28.683] [SEVERE ] updating countdown to 989561
[20:01:28.683] [SEVERE ] setting player 1 freeze to 0
[20:01:28.683] [SEVERE ] updating countdown to 989561
[20:01:28.683] [SEVERE ] setting player 1 freeze to 0
[20:01:28.789] [SEVERE ] updating countdown to 989456
[20:01:28.802] [SEVERE ] removing player 1 token from slot 9
[20:01:28.825] [SEVERE ] player 1 placing token on slot 3
[20:01:28.894] [SEVERE ] updating countdown to 989350
[20:01:28.894] [SEVERE ] setting player 1 freeze to 0
[20:01:28.894] [SEVERE ] setting player 1 freeze to 0
[20:01:28.894] [SEVERE ] updating countdown to 989350
[20:01:28.992] [SEVERE ] removing player 1 token from slot 8
[20:01:28.997] [SEVERE ] updating countdown to 989247
[20:01:29.017] [SEVERE ] player 1 placing token on slot 1
[20:01:29.102] [SEVERE ] updating countdown to 989142
[20:01:29.102] [SEVERE ] setting player 1 freeze to 0
[20:01:29.102] [SEVERE ] updating countdown to 989142
[20:01:29.102] [SEVERE ] setting player 1 freeze to 0
[20:01:29.148] [SEVERE ] removing player 1 token from slot 1
[20:01:29.169] [SEVERE ] player 1 placing token on slot 0
[20:01:29.207] [SEVERE ] updating countdown to 989037
[20:01:29.207] [SEVERE ] setting player 1 freeze to 0
[20:01:29.207] [SEVERE ] setting player 1 freeze to 0
[20:01:29.207] [SEVERE ] updating countdown to 989037
[20:01:29.309] [SEVERE ] updating countdown to 988935
[20:01:29.414] [SEVERE ] updating countdown to 988830
[20:01:29.424] [SEVERE ] removing player 1 token from slot 7
[20:01:29.449] [SEVERE ] player 1 placing token on slot 6
[20:01:29.515] [SEVERE ] updating countdown to 988729
[20:01:29.516] [SEVERE ] setting player 1 freeze to 0
[20:01:29.516] [SEVERE ] setting player 1 freeze to 0
[20:01:29.516] [SEVERE ] updating countdown to 988728
[20:01:29.566] [SEVERE ] removing player 1 token from slot 3
[20:01:29.591] [SEVERE ] player 1 placing token on slot 2
[20:01:29.619] [SEVERE ] updating countdown to 988625
[20:01:29.620] [SEVERE ] setting player 1 freeze to 0
[20:01:29.620] [SEVERE ] setting player 1 freeze to 0
[20:01:29.620] [SEVERE ] updating countdown to 988624
[20:01:29.689] [SEVERE ] removing player 1 token from slot 0
[20:01:29.713] [SEVERE ] removing player 1 token from slot 2
[20:01:29.725] [SEVERE ] updating countdown to 988519
[20:01:29.735] [SEVERE ] player 1 placing token on slot 9
[20:01:29.758] [SEVERE ] player 1 placing token on slot 8
[20:01:29.830] [SEVERE ] updating countdown to 988414
[20:01:29.830] [SEVERE ] setting player 1 freeze to 0
[20:01:29.830] [SEVERE ] setting player 1 freeze to 0
[20:01:29.830] [SEVERE ] updating countdown to 988414
[20:01:29.903] [SEVERE ] removing player 1 token from slot 9
[20:01:29.925] [SEVERE ] player 1 placing token on slot 3
[20:01:29.935] [SEVERE ] updating countdown to 988309
[20:01:29.935] [SEVERE ] setting player 1 freeze to 0
[20:01:29.936] [SEVERE ] setting player 1 freeze to 0
[20:01:29.936] [SEVERE ] updating countdown to 988308
[20:01:29.948] [SEVERE ] removing player 1 token from slot 3
[20:01:29.969] [SEVERE ] player 1 placing token on slot 4
[20:01:30.040] [SEVERE ] updating countdown to 988204
[20:01:30.041] [SEVERE ] setting player 1 freeze to 0
[20:01:30.041] [SEVERE ] setting player 1 freeze to 0
[20:01:30.041] [SEVERE ] updating countdown to 988203
[20:01:30.145] [SEVERE ] updating countdown to 988099
[20:01:30.246] [SEVERE ] updating countdown to 987998
[20:01:30.348] [SEVERE ] updating countdown to 987896
[20:01:30.410] [SEVERE ] removing player 1 token from slot 6
[20:01:30.435] [SEVERE ] player 1 placing token on slot 11
[20:01:30.448] [SEVERE ] updating countdown to 987796
[20:01:30.448] [SEVERE ] setting player 1 freeze to 0
[20:01:30.449] [SEVERE ] setting player 1 freeze to 0
[20:01:30.449] [SEVERE ] updating countdown to 987795
[20:01:30.458] [SEVERE ] removing player 1 token from slot 8
[20:01:30.481] [SEVERE ] player 1 placing token on slot 6
[20:01:30.554] [SEVERE ] updating countdown to 987690
[20:01:30.554] [SEVERE ] setting player 1 freeze to 0
[20:01:30.554] [SEVERE ] setting player 1 freeze to 0
[20:01:30.554] [SEVERE ] updating countdown to 987690
[20:01:30.659] [SEVERE ] updating countdown to 987585
[20:01:30.697] [SEVERE ] removing player 1 token from slot 4
[20:01:30.719] [SEVERE ] player 1 placing token on slot 1
[20:01:30.762] [SEVERE ] updating countdown to 987482
[20:01:30.762] [SEVERE ] setting player 1 freeze to 0
[20:01:30.762] [SEVERE ] setting player 1 freeze to 0
[20:01:30.762] [SEVERE ] updating countdown to 987482
[20:01:30.852] [SEVERE ] removing player 1 token from slot 11
[20:01:30.867] [SEVERE ] updating countdown to 987377
[20:01:30.873] [SEVERE ] player 1 placing token on slot 11
[20:01:30.972] [SEVERE ] updating countdown to 987272
[20:01:30.973] [SEVERE ] setting player 1 freeze to 0
[20:01:30.973] [SEVERE ] setting player 1 freeze to 0
[20:01:30.973] [SEVERE ] updating countdown to 987271
[20:01:31.048] [SEVERE ] removing player 1 token from slot 1
[20:01:31.073] [SEVERE ] removing player 1 token from slot 11
[20:01:31.078] [SEVERE ] updating countdown to 987166
[20:01:31.096] [SEVERE ] player 1 placing token on slot 8
[20:01:31.116] [SEVERE ] removing player 1 token from slot 8
[20:01:31.141] [SEVERE ] player 1 placing token on slot 0
[20:01:31.164] [SEVERE ] player 1 placing token on slot 3
[20:01:31.183] [SEVERE ] updating countdown to 987061
[20:01:31.183] [SEVERE ] setting player 1 freeze to 0
[20:01:31.183] [SEVERE ] setting player 1 freeze to 0
[20:01:31.183] [SEVERE ] updating countdown to 987061
[20:01:31.263] [SEVERE ] removing player 1 token from slot 0
[20:01:31.286] [SEVERE ] updating countdown to 986958
[20:01:31.288] [SEVERE ] removing player 1 token from slot 6
[20:01:31.312] [SEVERE ] player 1 placing token on slot 2
[20:01:31.335] [SEVERE ] player 1 placing token on slot 0
[20:01:31.392] [SEVERE ] updating countdown to 986852
[20:01:31.392] [SEVERE ] setting player 1 freeze to 0
[20:01:31.392] [SEVERE ] setting player 1 freeze to 0
[20:01:31.392] [SEVERE ] updating countdown to 986852
[20:01:31.440] [SEVERE ] removing player 1 token from slot 3
[20:01:31.464] [SEVERE ] player 1 placing token on slot 1
[20:01:31.497] [SEVERE ] updating countdown to 986747
[20:01:31.497] [SEVERE ] setting player 1 freeze to 0
[20:01:31.497] [SEVERE ] setting player 1 freeze to 0
[20:01:31.497] [SEVERE ] updating countdown to 986747
[20:01:31.602] [SEVERE ] updating countdown to 986642
[20:01:31.671] [SEVERE ] removing player 1 token from slot 0
[20:01:31.696] [SEVERE ] player 1 placing token on slot 10
[20:01:31.706] [SEVERE ] updating countdown to 986538
[20:01:31.707] [SEVERE ] setting player 1 freeze to 0
[20:01:31.707] [SEVERE ] updating countdown to 986537
[20:01:31.707] [SEVERE ] setting player 1 freeze to 0
[20:01:31.812] [SEVERE ] updating countdown to 986432
[20:01:31.913] [SEVERE ] updating countdown to 986331
[20:01:32.019] [SEVERE ] updating countdown to 986225
[20:01:32.073] [SEVERE ] removing player 1 token from slot 2
[20:01:32.098] [SEVERE ] player 1 placing token on slot 5
[20:01:32.120] [SEVERE ] updating countdown to 986124
[20:01:32.120] [SEVERE ] setting player 1 freeze to 0
[20:01:32.120] [SEVERE ] setting player 1 freeze to 0
[20:01:32.120] [SEVERE ] updating countdown to 986124
[20:01:32.147] [SEVERE ] removing player 1 token from slot 5
[20:01:32.172] [SEVERE ] player 1 placing token on slot 4
[20:01:32.224] [SEVERE ] updating countdown to 986020
[20:01:32.224] [SEVERE ] setting player 1 freeze to 0
[20:01:32.225] [SEVERE ] setting player 1 freeze to 0
[20:01:32.225] [SEVERE ] updating countdown to 986019
[20:01:32.250] [SEVERE ] removing player 1 token from slot 1
[20:01:32.275] [SEVERE ] player 1 placing token on slot 5
[20:01:32.327] [SEVERE ] updating countdown to 985917
[20:01:32.327] [SEVERE ] setting player 1 freeze to 0
[20:01:32.327] [SEVERE ] setting player 1 freeze to 0
[20:01:32.327] [SEVERE ] updating countdown to 985917
[20:01:32.327] [SEVERE ] removing player 1 token from slot 4
[20:01:32.352] [SEVERE ] player 1 placing token on slot 0
[20:01:32.428] [SEVERE ] updating countdown to 985816
[20:01:32.428] [SEVERE ] setting player 1 freeze to 0
[20:01:32.428] [SEVERE ] setting player 1 freeze to 0
[20:01:32.428] [SEVERE ] updating countdown to 985816
[20:01:32.530] [SEVERE ] updating countdown to 985714
[20:01:32.631] [SEVERE ] updating countdown to 985613
[20:01:32.638] [SEVERE ] removing player 1 token from slot 10
[20:01:32.663] [SEVERE ] player 1 placing token on slot 3
[20:01:32.736] [SEVERE ] updating countdown to 985508
[20:01:32.736] [SEVERE ] setting player 1 freeze to 0
[20:01:32.736] [SEVERE ] setting player 1 freeze to 0
[20:01:32.736] [SEVERE ] updating countdown to 985508
[20:01:32.807] [SEVERE ] removing player 1 token from slot 5
[20:01:32.830] [SEVERE ] player 1 placing token on slot 8
[20:01:32.842] [SEVERE ] updating countdown to 985403
[20:01:32.842] [SEVERE ] setting player 1 freeze to 0
[20:01:32.842] [SEVERE ] setting player 1 freeze to 0
[20:01:32.842] [SEVERE ] updating countdown to 985402
[20:01:32.851] [SEVERE ] removing player 1 token from slot 3
[20:01:32.876] [SEVERE ] removing player 1 token from slot 8
[20:01:32.900] [SEVERE ] player 1 placing token on slot 4
[20:01:32.925] [SEVERE ] player 1 placing token on slot 1
[20:01:32.943] [SEVERE ] updating countdown to 985301
[20:01:32.944] [SEVERE ] setting player 1 freeze to 0
[20:01:32.944] [SEVERE ] setting player 1 freeze to 0
[20:01:32.944] [SEVERE ] updating countdown to 985300
[20:01:32.994] [SEVERE ] removing player 1 token from slot 1
[20:01:33.018] [SEVERE ] player 1 placing token on slot 6
[20:01:33.047] [SEVERE ] updating countdown to 985197
[20:01:33.047] [SEVERE ] setting player 1 freeze to 0
[20:01:33.047] [SEVERE ] setting player 1 freeze to 0
[20:01:33.047] [SEVERE ] updating countdown to 985197
[20:01:33.151] [SEVERE ] updating countdown to 985093
[20:01:33.168] [SEVERE ] removing player 1 token from slot 4
[20:01:33.193] [SEVERE ] player 1 placing token on slot 7
[20:01:33.257] [SEVERE ] updating countdown to 984987
[20:01:33.257] [SEVERE ] setting player 1 freeze to 0
[20:01:33.257] [SEVERE ] setting player 1 freeze to 0
[20:01:33.257] [SEVERE ] updating countdown to 984987
[20:01:33.362] [SEVERE ] updating countdown to 984882
[20:01:33.371] [SEVERE ] removing player 1 token from slot 0
[20:01:33.396] [SEVERE ] player 1 placing token on slot 5
[20:01:33.464] [SEVERE ] updating countdown to 984780
[20:01:33.464] [SEVERE ] setting player 1 freeze to 0
[20:01:33.464] [SEVERE ] setting player 1 freeze to 0
[20:01:33.465] [SEVERE ] updating countdown to 984779
[20:01:33.536] [SEVERE ] removing player 1 token from slot 5
[20:01:33.556] [SEVERE ] player 1 placing token on slot 8
[20:01:33.570] [SEVERE ] updating countdown to 984674
[20:01:33.570] [SEVERE ] setting player 1 freeze to 0
[20:01:33.570] [SEVERE ] setting player 1 freeze to 0
[20:01:33.570] [SEVERE ] updating countdown to 984674
[20:01:33.603] [SEVERE ] removing player 1 token from slot 8
[20:01:33.628] [SEVERE ] player 1 placing token on slot 11
[20:01:33.673] [SEVERE ] updating countdown to 984571
[20:01:33.674] [SEVERE ] setting player 1 freeze to 0
[20:01:33.674] [SEVERE ] setting player 1 freeze to 0
[20:01:33.674] [SEVERE ] updating countdown to 984570
[20:01:33.779] [SEVERE ] updating countdown to 984465
[20:01:33.881] [SEVERE ] updating countdown to 984363
[20:01:33.889] [SEVERE ] removing player 1 token from slot 11
[20:01:33.913] [SEVERE ] player 1 placing token on slot 2
[20:01:33.986] [SEVERE ] updating countdown to 984258
[20:01:33.986] [SEVERE ] setting player 1 freeze to 0
[20:01:33.986] [SEVERE ] setting player 1 freeze to 0
[20:01:33.986] [SEVERE ] updating countdown to 984258
[20:01:34.056] [SEVERE ] removing player 1 token from slot 7
[20:01:34.079] [SEVERE ] removing player 1 token from slot 6
[20:01:34.088] [SEVERE ] updating countdown to 984156
[20:01:34.104] [SEVERE ] player 1 placing token on slot 4
[20:01:34.129] [SEVERE ] player 1 placing token on slot 5
[20:01:34.194] [SEVERE ] updating countdown to 984050
[20:01:34.194] [SEVERE ] setting player 1 freeze to 0
[20:01:34.194] [SEVERE ] setting player 1 freeze to 0
[20:01:34.194] [SEVERE ] updating countdown to 984050
[20:01:34.244] [SEVERE ] removing player 1 token from slot 2
[20:01:34.269] [SEVERE ] removing player 1 token from slot 5
[20:01:34.291] [SEVERE ] player 1 placing token on slot 5
[20:01:34.299] [SEVERE ] updating countdown to 983945
[20:01:34.316] [SEVERE ] removing player 1 token from slot 4
[20:01:34.337] [SEVERE ] player 1 placing token on slot 2
[20:01:34.362] [SEVERE ] player 1 placing token on slot 4
[20:01:34.404] [SEVERE ] updating countdown to 983840
[20:01:34.404] [SEVERE ] setting player 1 freeze to 0
[20:01:34.404] [SEVERE ] setting player 1 freeze to 0
[20:01:34.404] [SEVERE ] updating countdown to 983840
[20:01:34.502] [SEVERE ] removing player 1 token from slot 5
[20:01:34.510] [SEVERE ] updating countdown to 983734
[20:01:34.527] [SEVERE ] player 1 placing token on slot 3
[20:01:34.613] [SEVERE ] updating countdown to 983632
[20:01:34.613] [SEVERE ] setting player 1 freeze to 0
[20:01:34.613] [SEVERE ] setting player 1 freeze to 0
[20:01:34.613] [SEVERE ] updating countdown to 983631
[20:01:34.637] [SEVERE ] removing player 1 token from slot 3
[20:01:34.662] [SEVERE ] player 1 placing token on slot 3
[20:01:34.717] [SEVERE ] updating countdown to 983527
[20:01:34.717] [SEVERE ] setting player 1 freeze to 0
[20:01:34.717] [SEVERE ] setting player 1 freeze to 0
[20:01:34.717] [SEVERE ] updating countdown to 983527
[20:01:34.767] [SEVERE ] removing player 1 token from slot 2
[20:01:34.792] [SEVERE ] player 1 placing token on slot 0
[20:01:34.822] [SEVERE ] updating countdown to 983422
[20:01:34.822] [SEVERE ] setting player 1 freeze to 0
[20:01:34.822] [SEVERE ] setting player 1 freeze to 0
[20:01:34.822] [SEVERE ] updating countdown to 983422
[20:01:34.872] [SEVERE ] removing player 1 token from slot 0
[20:01:34.893] [SEVERE ] player 1 placing token on slot 0
[20:01:34.927] [SEVERE ] updating countdown to 983317
[20:01:34.928] [SEVERE ] setting player 1 freeze to 0
[20:01:34.928] [SEVERE ] setting player 1 freeze to 0
[20:01:34.928] [SEVERE ] updating countdown to 983316
[20:01:35.016] [SEVERE ] removing player 1 token from slot 0
[20:01:35.033] [SEVERE ] updating countdown to 983211
[20:01:35.039] [SEVERE ] player 1 placing token on slot 0
[20:01:35.134] [SEVERE ] updating countdown to 983110
[20:01:35.134] [SEVERE ] setting player 1 freeze to 0
[20:01:35.134] [SEVERE ] setting player 1 freeze to 0
[20:01:35.134] [SEVERE ] updating countdown to 983110
[20:01:35.159] [SEVERE ] removing player 1 token from slot 4
[20:01:35.181] [SEVERE ] player 1 placing token on slot 9
[20:01:35.239] [SEVERE ] updating countdown to 983005
[20:01:35.239] [SEVERE ] setting player 1 freeze to 0
[20:01:35.239] [SEVERE ] setting player 1 freeze to 0
[20:01:35.239] [SEVERE ] updating countdown to 983005
[20:01:35.334] [SEVERE ] removing player 1 token from slot 9
[20:01:35.345] [SEVERE ] updating countdown to 982900
[20:01:35.355] [SEVERE ] player 1 placing token on slot 1
[20:01:35.445] [SEVERE ] updating countdown to 982799
[20:01:35.446] [SEVERE ] setting player 1 freeze to 0
[20:01:35.446] [SEVERE ] setting player 1 freeze to 0
[20:01:35.446] [SEVERE ] updating countdown to 982798
[20:01:35.468] [SEVERE ] removing player 1 token from slot 3
[20:01:35.493] [SEVERE ] player 1 placing token on slot 4
[20:01:35.547] [SEVERE ] updating countdown to 982697
[20:01:35.547] [SEVERE ] setting player 1 freeze to 0
[20:01:35.547] [SEVERE ] setting player 1 freeze to 0
[20:01:35.547] [SEVERE ] updating countdown to 982697
[20:01:35.568] [SEVERE ] removing player 1 token from slot 1
[20:01:35.589] [SEVERE ] removing player 1 token from slot 4
[20:01:35.613] [SEVERE ] player 1 placing token on slot 6
[20:01:35.638] [SEVERE ] player 1 placing token on slot 3
[20:01:35.652] [SEVERE ] updating countdown to 982592
[20:01:35.652] [SEVERE ] setting player 1 freeze to 0
[20:01:35.652] [SEVERE ] setting player 1 freeze to 0
[20:01:35.652] [SEVERE ] updating countdown to 982592
[20:01:35.663] [SEVERE ] removing player 1 token from slot 0
[20:01:35.688] [SEVERE ] player 1 placing token on slot 2
[20:01:35.756] [SEVERE ] updating countdown to 982488
[20:01:35.756] [SEVERE ] setting player 1 freeze to 0
[20:01:35.756] [SEVERE ] setting player 1 freeze to 0
[20:01:35.756] [SEVERE ] updating countdown to 982488
[20:01:35.862] [SEVERE ] updating countdown to 982382
[20:01:35.967] [SEVERE ] updating countdown to 982277
[20:01:35.974] [SEVERE ] removing player 1 token from slot 6
[20:01:35.998] [SEVERE ] player 1 placing token on slot 4
[20:01:36.072] [SEVERE ] updating countdown to 982172
[20:01:36.072] [SEVERE ] setting player 1 freeze to 0
[20:01:36.072] [SEVERE ] setting player 1 freeze to 0
[20:01:36.072] [SEVERE ] updating countdown to 982172
[20:01:36.169] [SEVERE ] removing player 1 token from slot 3
[20:01:36.173] [SEVERE ] updating countdown to 982071
[20:01:36.194] [SEVERE ] removing player 1 token from slot 4
[20:01:36.219] [SEVERE ] player 1 placing token on slot 4
[20:01:36.244] [SEVERE ] player 1 placing token on slot 10
[20:01:36.278] [SEVERE ] updating countdown to 981966
[20:01:36.278] [SEVERE ] setting player 1 freeze to 0
[20:01:36.278] [SEVERE ] setting player 1 freeze to 0
[20:01:36.278] [SEVERE ] updating countdown to 981966
[20:01:36.348] [SEVERE ] removing player 1 token from slot 10
[20:01:36.372] [SEVERE ] player 1 placing token on slot 9
[20:01:36.383] [SEVERE ] updating countdown to 981861
[20:01:36.383] [SEVERE ] setting player 1 freeze to 0
[20:01:36.383] [SEVERE ] setting player 1 freeze to 0
[20:01:36.383] [SEVERE ] updating countdown to 981861
[20:01:36.488] [SEVERE ] updating countdown to 981756
[20:01:36.562] [SEVERE ] removing player 1 token from slot 9
[20:01:36.587] [SEVERE ] removing player 1 token from slot 4
[20:01:36.589] [SEVERE ] updating countdown to 981655
[20:01:36.609] [SEVERE ] player 1 placing token on slot 8
[20:01:36.634] [SEVERE ] player 1 placing token on slot 3
[20:01:36.693] [SEVERE ] updating countdown to 981551
[20:01:36.694] [SEVERE ] setting player 1 freeze to 0
[20:01:36.694] [SEVERE ] setting player 1 freeze to 0
[20:01:36.694] [SEVERE ] updating countdown to 981550
[20:01:36.797] [SEVERE ] updating countdown to 981447
[20:01:36.805] [SEVERE ] removing player 1 token from slot 2
[20:01:36.830] [SEVERE ] player 1 placing token on slot 6
[20:01:36.901] [SEVERE ] updating countdown to 981343
[20:01:36.901] [SEVERE ] setting player 1 freeze to 0
[20:01:36.901] [SEVERE ] setting player 1 freeze to 0
[20:01:36.901] [SEVERE ] updating countdown to 981343
[20:01:36.972] [SEVERE ] removing player 1 token from slot 3
[20:01:36.995] [SEVERE ] player 1 placing token on slot 11
[20:01:37.006] [SEVERE ] updating countdown to 981238
[20:01:37.006] [SEVERE ] setting player 1 freeze to 0
[20:01:37.006] [SEVERE ] setting player 1 freeze to 0
[20:01:37.006] [SEVERE ] updating countdown to 981238
[20:01:37.109] [SEVERE ] updating countdown to 981135
[20:01:37.214] [SEVERE ] updating countdown to 981030
[20:01:37.305] [SEVERE ] removing player 1 token from slot 6
[20:01:37.318] [SEVERE ] updating countdown to 980926
[20:01:37.330] [SEVERE ] player 1 placing token on slot 2
[20:01:37.423] [SEVERE ] updating countdown to 980821
[20:01:37.423] [SEVERE ] setting player 1 freeze to 0
[20:01:37.423] [SEVERE ] setting player 1 freeze to 0
[20:01:37.423] [SEVERE ] updating countdown to 980821
[20:01:37.528] [SEVERE ] updating countdown to 980716
[20:01:37.589] [SEVERE ] removing player 1 token from slot 2
[20:01:37.611] [SEVERE ] player 1 placing token on slot 7
[20:01:37.634] [SEVERE ] updating countdown to 980610
[20:01:37.634] [SEVERE ] setting player 1 freeze to 0
[20:01:37.634] [SEVERE ] setting player 1 freeze to 0
[20:01:37.634] [SEVERE ] updating countdown to 980610
[20:01:37.703] [SEVERE ] removing player 1 token from slot 7
[20:01:37.728] [SEVERE ] player 1 placing token on slot 4
[20:01:37.739] [SEVERE ] updating countdown to 980505
[20:01:37.739] [SEVERE ] setting player 1 freeze to 0
[20:01:37.739] [SEVERE ] setting player 1 freeze to 0
[20:01:37.739] [SEVERE ] updating countdown to 980505
[20:01:37.750] [SEVERE ] removing player 1 token from slot 11
[20:01:37.774] [SEVERE ] player 1 placing token on slot 1
[20:01:37.844] [SEVERE ] updating countdown to 980400
[20:01:37.845] [SEVERE ] setting player 1 freeze to 0
[20:01:37.845] [SEVERE ] setting player 1 freeze to 0
[20:01:37.845] [SEVERE ] updating countdown to 980399
[20:01:37.948] [SEVERE ] updating countdown to 980296
[20:01:37.962] [SEVERE ] removing player 1 token from slot 8
[20:01:37.985] [SEVERE ] player 1 placing token on slot 5
[20:01:38.053] [SEVERE ] updating countdown to 980191
[20:01:38.053] [SEVERE ] setting player 1 freeze to 0
[20:01:38.053] [SEVERE ] setting player 1 freeze to 0
[20:01:38.053] [SEVERE ] updating countdown to 980191
[20:01:38.155] [SEVERE ] updating countdown to 980089
[20:01:38.222] [SEVERE ] removing player 1 token from slot 4
[20:01:38.247] [SEVERE ] player 1 placing token on slot 0
[20:01:38.260] [SEVERE ] updating countdown to 979984
[20:01:38.260] [SEVERE ] setting player 1 freeze to 0
[20:01:38.260] [SEVERE ] setting player 1 freeze to 0
[20:01:38.260] [SEVERE ] updating countdown to 979984
[20:01:38.297] [SEVERE ] removing player 1 token from slot 1
[20:01:38.321] [SEVERE ] player 1 placing token on slot 2
[20:01:38.361] [SEVERE ] updating countdown to 979883
[20:01:38.361] [SEVERE ] setting player 1 freeze to 0
[20:01:38.361] [SEVERE ] setting player 1 freeze to 0
[20:01:38.361] [SEVERE ] removing player 1 token from slot 0
[20:01:38.361] [SEVERE ] updating countdown to 979883
[20:01:38.384] [SEVERE ] player 1 placing token on slot 10
[20:01:38.466] [SEVERE ] updating countdown to 979778
[20:01:38.467] [SEVERE ] setting player 1 freeze to 0
[20:01:38.467] [SEVERE ] setting player 1 freeze to 0
[20:01:38.467] [SEVERE ] updating countdown to 979777
[20:01:38.490] [SEVERE ] removing player 1 token from slot 2
[20:01:38.514] [SEVERE ] player 1 placing token on slot 3
[20:01:38.567] [SEVERE ] updating countdown to 979677
[20:01:38.567] [SEVERE ] setting player 1 freeze to 0
[20:01:38.567] [SEVERE ] setting player 1 freeze to 0
[20:01:38.567] [SEVERE ] removing player 1 token from slot 3
[20:01:38.567] [SEVERE ] updating countdown to 979677
[20:01:38.587] [SEVERE ] player 1 placing token on slot 7
[20:01:38.671] [SEVERE ] updating countdown to 979573
[20:01:38.671] [SEVERE ] setting player 1 freeze to 0
[20:01:38.671] [SEVERE ] setting player 1 freeze to 0
[20:01:38.671] [SEVERE ] updating countdown to 979573
[20:01:38.738] [SEVERE ] removing player 1 token from slot 10
[20:01:38.763] [SEVERE ] player 1 placing token on slot 0
[20:01:38.774] [SEVERE ] updating countdown to 979470
[20:01:38.774] [SEVERE ] setting player 1 freeze to 0
[20:01:38.774] [SEVERE ] setting player 1 freeze to 0
[20:01:38.774] [SEVERE ] updating countdown to 979470
[20:01:38.813] [SEVERE ] removing player 1 token from slot 0
[20:01:38.834] [SEVERE ] player 1 placing token on slot 0
[20:01:38.878] [SEVERE ] updating countdown to 979366
[20:01:38.878] [SEVERE ] setting player 1 freeze to 0
[20:01:38.879] [SEVERE ] setting player 1 freeze to 0
[20:01:38.879] [SEVERE ] updating countdown to 979365
[20:01:38.980] [SEVERE ] updating countdown to 979264
[20:01:39.022] [SEVERE ] removing player 1 token from slot 5
[20:01:39.043] [SEVERE ] player 1 placing token on slot 8
[20:01:39.086] [SEVERE ] updating countdown to 979158
[20:01:39.086] [SEVERE ] setting player 1 freeze to 0
[20:01:39.086] [SEVERE ] setting player 1 freeze to 0
[20:01:39.086] [SEVERE ] updating countdown to 979158
[20:01:39.132] [SEVERE ] removing player 1 token from slot 0
[20:01:39.152] [SEVERE ] player 1 placing token on slot 1
[20:01:39.188] [SEVERE ] updating countdown to 979056
[20:01:39.188] [SEVERE ] setting player 1 freeze to 0
[20:01:39.188] [SEVERE ] setting player 1 freeze to 0
[20:01:39.188] [SEVERE ] updating countdown to 979056
[20:01:39.293] [SEVERE ] updating countdown to 978951
[20:01:39.398] [SEVERE ] updating countdown to 978846
[20:01:39.416] [SEVERE ] removing player 1 token from slot 8
[20:01:39.439] [SEVERE ] player 1 placing token on slot 2
[20:01:39.500] [SEVERE ] updating countdown to 978744
[20:01:39.500] [SEVERE ] setting player 1 freeze to 0
[20:01:39.500] [SEVERE ] setting player 1 freeze to 0
[20:01:39.500] [SEVERE ] updating countdown to 978744
[20:01:39.569] [SEVERE ] removing player 1 token from slot 1
[20:01:39.594] [SEVERE ] player 1 placing token on slot 3
[20:01:39.604] [SEVERE ] updating countdown to 978640
[20:01:39.604] [SEVERE ] setting player 1 freeze to 0
[20:01:39.604] [SEVERE ] setting player 1 freeze to 0
[20:01:39.604] [SEVERE ] updating countdown to 978640
[20:01:39.616] [SEVERE ] removing player 1 token from slot 3
[20:01:39.638] [SEVERE ] player 1 placing token on slot 1
[20:01:39.705] [SEVERE ] updating countdown to 978539
[20:01:39.705] [SEVERE ] setting player 1 freeze to 0
[20:01:39.705] [SEVERE ] setting player 1 freeze to 0
[20:01:39.705] [SEVERE ] updating countdown to 978539
[20:01:39.727] [SEVERE ] removing player 1 token from slot 7
[20:01:39.749] [SEVERE ] player 1 placing token on slot 0
[20:01:39.810] [SEVERE ] updating countdown to 978434
[20:01:39.810] [SEVERE ] setting player 1 freeze to 0
[20:01:39.811] [SEVERE ] setting player 1 freeze to 0
[20:01:39.811] [SEVERE ] updating countdown to 978433
[20:01:39.831] [SEVERE ] removing player 1 token from slot 0
[20:01:39.856] [SEVERE ] player 1 placing token on slot 7
[20:01:39.915] [SEVERE ] updating countdown to 978329
[20:01:39.915] [SEVERE ] setting player 1 freeze to 0
[20:01:39.915] [SEVERE ] setting player 1 freeze to 0
[20:01:39.915] [SEVERE ] updating countdown to 978329
[20:01:40.020] [SEVERE ] updating countdown to 978224
[20:01:40.105] [SEVERE ] removing player 1 token from slot 2
[20:01:40.122] [SEVERE ] updating countdown to 978122
[20:01:40.130] [SEVERE ] player 1 placing token on slot 2
[20:01:40.225] [SEVERE ] updating countdown to 978019
[20:01:40.225] [SEVERE ] setting player 1 freeze to 0
[20:01:40.226] [SEVERE ] setting player 1 freeze to 0
[20:01:40.226] [SEVERE ] updating countdown to 978018
[20:01:40.327] [SEVERE ] updating countdown to 977917
[20:01:40.432] [SEVERE ] updating countdown to 977812
[20:01:40.533] [SEVERE ] updating countdown to 977711
[20:01:40.562] [SEVERE ] removing player 1 token from slot 7
[20:01:40.587] [SEVERE ] removing player 1 token from slot 2
[20:01:40.612] [SEVERE ] player 1 placing token on slot 10
[20:01:40.637] [SEVERE ] updating countdown to 977607
[20:01:40.637] [SEVERE ] player 1 placing token on slot 7
[20:01:40.740] [SEVERE ] updating countdown to 977504
[20:01:40.740] [SEVERE ] setting player 1 freeze to 0
[20:01:40.740] [SEVERE ] setting player 1 freeze to 0
[20:01:40.740] [SEVERE ] updating countdown to 977504
[20:01:40.811] [SEVERE ] removing player 1 token from slot 1
[20:01:40.836] [SEVERE ] removing player 1 token from slot 10
[20:01:40.845] [SEVERE ] updating countdown to 977399
[20:01:40.861] [SEVERE ] player 1 placing token on slot 1
[20:01:40.886] [SEVERE ] player 1 placing token on slot 3
[20:01:40.947] [SEVERE ] updating countdown to 977297
[20:01:40.947] [SEVERE ] setting player 1 freeze to 0
[20:01:40.947] [SEVERE ] setting player 1 freeze to 0
[20:01:40.947] [SEVERE ] updating countdown to 977297
[20:01:41.052] [SEVERE ] updating countdown to 977192
[20:01:41.082] [SEVERE ] removing player 1 token from slot 3
[20:01:41.105] [SEVERE ] player 1 placing token on slot 9
[20:01:41.153] [SEVERE ] updating countdown to 977091
[20:01:41.153] [SEVERE ] setting player 1 freeze to 0
[20:01:41.153] [SEVERE ] setting player 1 freeze to 0
[20:01:41.153] [SEVERE ] updating countdown to 977091
[20:01:41.258] [SEVERE ] updating countdown to 976986
[20:01:41.269] [SEVERE ] removing player 1 token from slot 7
[20:01:41.290] [SEVERE ] player 1 placing token on slot 2
[20:01:41.359] [SEVERE ] updating countdown to 976885
[20:01:41.359] [SEVERE ] setting player 1 freeze to 0
[20:01:41.359] [SEVERE ] setting player 1 freeze to 0
[20:01:41.359] [SEVERE ] removing player 1 token from slot 9
[20:01:41.359] [SEVERE ] updating countdown to 976885
[20:01:41.382] [SEVERE ] player 1 placing token on slot 9
[20:01:41.460] [SEVERE ] updating countdown to 976784
[20:01:41.460] [SEVERE ] setting player 1 freeze to 0
[20:01:41.460] [SEVERE ] setting player 1 freeze to 0
[20:01:41.460] [SEVERE ] updating countdown to 976784
[20:01:41.565] [SEVERE ] updating countdown to 976679
[20:01:41.574] [SEVERE ] removing player 1 token from slot 1
[20:01:41.599] [SEVERE ] player 1 placing token on slot 0
[20:01:41.671] [SEVERE ] updating countdown to 976573
[20:01:41.671] [SEVERE ] setting player 1 freeze to 0
[20:01:41.671] [SEVERE ] setting player 1 freeze to 0
[20:01:41.671] [SEVERE ] updating countdown to 976573
[20:01:41.771] [SEVERE ] updating countdown to 976473
[20:01:41.819] [SEVERE ] removing player 1 token from slot 9
[20:01:41.844] [SEVERE ] player 1 placing token on slot 11
[20:01:41.876] [SEVERE ] updating countdown to 976368
[20:01:41.876] [SEVERE ] setting player 1 freeze to 0
[20:01:41.876] [SEVERE ] setting player 1 freeze to 0
[20:01:41.876] [SEVERE ] updating countdown to 976368
[20:01:41.977] [SEVERE ] updating countdown to 976267
[20:01:42.072] [SEVERE ] removing player 1 token from slot 0
[20:01:42.082] [SEVERE ] updating countdown to 976162
[20:01:42.097] [SEVERE ] player 1 placing token on slot 5
[20:01:42.186] [SEVERE ] updating countdown to 976058
[20:01:42.186] [SEVERE ] setting player 1 freeze to 0
[20:01:42.187] [SEVERE ] setting player 1 freeze to 0
[20:01:42.187] [SEVERE ] updating countdown to 976057
[20:01:42.292] [SEVERE ] updating countdown to 975952
[20:01:42.306] [SEVERE ] removing player 1 token from slot 11
[20:01:42.331] [SEVERE ] player 1 placing token on slot 6
[20:01:42.397] [SEVERE ] updating countdown to 975847
[20:01:42.397] [SEVERE ] setting player 1 freeze to 0
[20:01:42.397] [SEVERE ] setting player 1 freeze to 0
[20:01:42.397] [SEVERE ] updating countdown to 975847
[20:01:42.422] [SEVERE ] removing player 1 token from slot 5
[20:01:42.447] [SEVERE ] player 1 placing token on slot 8
[20:01:42.498] [SEVERE ] updating countdown to 975746
[20:01:42.499] [SEVERE ] setting player 1 freeze to 0
[20:01:42.499] [SEVERE ] setting player 1 freeze to 0
[20:01:42.499] [SEVERE ] updating countdown to 975745
[20:01:42.602] [SEVERE ] updating countdown to 975642
[20:01:42.691] [SEVERE ] removing player 1 token from slot 6
[20:01:42.708] [SEVERE ] updating countdown to 975536
[20:01:42.711] [SEVERE ] player 1 placing token on slot 9
[20:01:42.809] [SEVERE ] updating countdown to 975435
[20:01:42.809] [SEVERE ] setting player 1 freeze to 0
[20:01:42.809] [SEVERE ] setting player 1 freeze to 0
[20:01:42.809] [SEVERE ] updating countdown to 975435
[20:01:42.914] [SEVERE ] updating countdown to 975330
[20:01:43.019] [SEVERE ] updating countdown to 975225
[20:01:43.064] [SEVERE ] removing player 1 token from slot 9
[20:01:43.089] [SEVERE ] player 1 placing token on slot 11
[20:01:43.122] [SEVERE ] updating countdown to 975122
[20:01:43.122] [SEVERE ] setting player 1 freeze to 0
[20:01:43.122] [SEVERE ] setting player 1 freeze to 0
[20:01:43.122] [SEVERE ] updating countdown to 975122
[20:01:43.143] [SEVERE ] removing player 1 token from slot 11
[20:01:43.165] [SEVERE ] removing player 1 token from slot 2
[20:01:43.189] [SEVERE ] player 1 placing token on slot 5
[20:01:43.214] [SEVERE ] player 1 placing token on slot 11
[20:01:43.227] [SEVERE ] updating countdown to 975017
[20:01:43.228] [SEVERE ] setting player 1 freeze to 0
[20:01:43.228] [SEVERE ] setting player 1 freeze to 0
[20:01:43.228] [SEVERE ] updating countdown to 975016
[20:01:43.311] [SEVERE ] removing player 1 token from slot 11
[20:01:43.333] [SEVERE ] updating countdown to 974911
[20:01:43.335] [SEVERE ] player 1 placing token on slot 7
[20:01:43.437] [SEVERE ] updating countdown to 974807
[20:01:43.437] [SEVERE ] setting player 1 freeze to 0
[20:01:43.437] [SEVERE ] setting player 1 freeze to 0
[20:01:43.437] [SEVERE ] updating countdown to 974807
[20:01:43.505] [SEVERE ] removing player 1 token from slot 7
[20:01:43.530] [SEVERE ] player 1 placing token on slot 11
[20:01:43.540] [SEVERE ] updating countdown to 974704
[20:01:43.540] [SEVERE ] setting player 1 freeze to 0
[20:01:43.540] [SEVERE ] setting player 1 freeze to 0
[20:01:43.540] [SEVERE ] updating countdown to 974704
[20:01:43.551] [SEVERE ] removing player 1 token from slot 11
[20:01:43.576] [SEVERE ] player 1 placing token on slot 11
[20:01:43.641] [SEVERE ] updating countdown to 974603
[20:01:43.641] [SEVERE ] setting player 1 freeze to 0
[20:01:43.641] [SEVERE ] setting player 1 freeze to 0
[20:01:43.641] [SEVERE ] updating countdown to 974603
[20:01:43.713] [SEVERE ] removing player 1 token from slot 11
[20:01:43.735] [SEVERE ] removing player 1 token from slot 5
[20:01:43.741] [SEVERE ] updating countdown to 974503
[20:01:43.755] [SEVERE ] player 1 placing token on slot 2
[20:01:43.780] [SEVERE ] player 1 placing token on slot 4
[20:01:43.842] [SEVERE ] updating countdown to 974402
[20:01:43.843] [SEVERE ] setting player 1 freeze to 0
[20:01:43.843] [SEVERE ] setting player 1 freeze to 0
[20:01:43.843] [SEVERE ] updating countdown to 974401
[20:01:43.863] [SEVERE ] removing player 1 token from slot 2
[20:01:43.888] [SEVERE ] removing player 1 token from slot 4
[20:01:43.909] [SEVERE ] removing player 1 token from slot 8
[20:01:43.932] [SEVERE ] player 1 placing token on slot 6
[20:01:43.947] [SEVERE ] updating countdown to 974297
[20:01:43.952] [SEVERE ] player 1 placing token on slot 5
[20:01:43.977] [SEVERE ] player 1 placing token on slot 8
[20:01:44.052] [SEVERE ] updating countdown to 974192
[20:01:44.052] [SEVERE ] setting player 1 freeze to 0
[20:01:44.052] [SEVERE ] setting player 1 freeze to 0
[20:01:44.052] [SEVERE ] updating countdown to 974192
[20:01:44.143] [SEVERE ] removing player 1 token from slot 5
[20:01:44.157] [SEVERE ] updating countdown to 974087
[20:01:44.166] [SEVERE ] removing player 1 token from slot 6
[20:01:44.191] [SEVERE ] player 1 placing token on slot 1
[20:01:44.215] [SEVERE ] player 1 placing token on slot 7
[20:01:44.259] [SEVERE ] updating countdown to 973985
[20:01:44.259] [SEVERE ] setting player 1 freeze to 0
[20:01:44.259] [SEVERE ] setting player 1 freeze to 0
[20:01:44.259] [SEVERE ] updating countdown to 973985
[20:01:44.364] [SEVERE ] updating countdown to 973880
[20:01:44.456] [SEVERE ] removing player 1 token from slot 1
[20:01:44.465] [SEVERE ] updating countdown to 973779
[20:01:44.481] [SEVERE ] player 1 placing token on slot 2
[20:01:44.571] [SEVERE ] updating countdown to 973673
[20:01:44.571] [SEVERE ] setting player 1 freeze to 0
[20:01:44.571] [SEVERE ] setting player 1 freeze to 0
[20:01:44.571] [SEVERE ] updating countdown to 973673
[20:01:44.673] [SEVERE ] updating countdown to 973571
[20:01:44.691] [SEVERE ] removing player 1 token from slot 7
[20:01:44.716] [SEVERE ] player 1 placing token on slot 6
[20:01:44.778] [SEVERE ] updating countdown to 973466
[20:01:44.778] [SEVERE ] setting player 1 freeze to 0
[20:01:44.778] [SEVERE ] setting player 1 freeze to 0
[20:01:44.778] [SEVERE ] updating countdown to 973466
[20:01:44.876] [SEVERE ] removing player 1 token from slot 6
[20:01:44.883] [SEVERE ] updating countdown to 973361
[20:01:44.900] [SEVERE ] player 1 placing token on slot 7
[20:01:44.988] [SEVERE ] updating countdown to 973256
[20:01:44.988] [SEVERE ] setting player 1 freeze to 0
[20:01:44.989] [SEVERE ] setting player 1 freeze to 0
[20:01:44.989] [SEVERE ] updating countdown to 973255
[20:01:45.010] [SEVERE ] removing player 1 token from slot 8
[20:01:45.031] [SEVERE ] removing player 1 token from slot 7
[20:01:45.055] [SEVERE ] player 1 placing token on slot 4
[20:01:45.080] [SEVERE ] player 1 placing token on slot 8
[20:01:45.089] [SEVERE ] updating countdown to 973155
[20:01:45.089] [SEVERE ] setting player 1 freeze to 0
[20:01:45.089] [SEVERE ] setting player 1 freeze to 0
[20:01:45.089] [SEVERE ] updating countdown to 973155
[20:01:45.191] [SEVERE ] updating countdown to 973053
[20:01:45.240] [SEVERE ] removing player 1 token from slot 4
[20:01:45.263] [SEVERE ] removing player 1 token from slot 2
[20:01:45.288] [SEVERE ] player 1 placing token on slot 6
[20:01:45.293] [SEVERE ] updating countdown to 972951
[20:01:45.313] [SEVERE ] player 1 placing token on slot 2
[20:01:45.398] [SEVERE ] updating countdown to 972846
[20:01:45.398] [SEVERE ] setting player 1 freeze to 0
[20:01:45.398] [SEVERE ] setting player 1 freeze to 0
[20:01:45.398] [SEVERE ] updating countdown to 972846
[20:01:45.503] [SEVERE ] updating countdown to 972741
[20:01:45.547] [SEVERE ] removing player 1 token from slot 6
[20:01:45.572] [SEVERE ] player 1 placing token on slot 3
[20:01:45.608] [SEVERE ] updating countdown to 972636
[20:01:45.608] [SEVERE ] setting player 1 freeze to 0
[20:01:45.608] [SEVERE ] setting player 1 freeze to 0
[20:01:45.608] [SEVERE ] updating countdown to 972636
[20:01:45.711] [SEVERE ] updating countdown to 972533
[20:01:45.816] [SEVERE ] updating countdown to 972428
[20:01:45.831] [SEVERE ] removing player 1 token from slot 8
[20:01:45.852] [SEVERE ] player 1 placing token on slot 5
[20:01:45.919] [SEVERE ] updating countdown to 972325
[20:01:45.919] [SEVERE ] setting player 1 freeze to 0
[20:01:45.919] [SEVERE ] setting player 1 freeze to 0
[20:01:45.919] [SEVERE ] updating countdown to 972325
[20:01:46.024] [SEVERE ] updating countdown to 972220
[20:01:46.129] [SEVERE ] updating countdown to 972115
[20:01:46.227] [SEVERE ] removing player 1 token from slot 3
[20:01:46.234] [SEVERE ] updating countdown to 972010
[20:01:46.252] [SEVERE ] player 1 placing token on slot 0
[20:01:46.339] [SEVERE ] updating countdown to 971905
[20:01:46.339] [SEVERE ] setting player 1 freeze to 0
[20:01:46.340] [SEVERE ] setting player 1 freeze to 0
[20:01:46.340] [SEVERE ] updating countdown to 971904
[20:01:46.340] [SEVERE ] removing player 1 token from slot 5
[20:01:46.361] [SEVERE ] removing player 1 token from slot 0
[20:01:46.386] [SEVERE ] player 1 placing token on slot 7
[20:01:46.407] [SEVERE ] player 1 placing token on slot 0
[20:01:46.445] [SEVERE ] updating countdown to 971799
[20:01:46.445] [SEVERE ] setting player 1 freeze to 0
[20:01:46.445] [SEVERE ] setting player 1 freeze to 0
[20:01:46.445] [SEVERE ] updating countdown to 971799
[20:01:46.490] [SEVERE ] removing player 1 token from slot 7
[20:01:46.513] [SEVERE ] player 1 placing token on slot 7
[20:01:46.547] [SEVERE ] updating countdown to 971697
[20:01:46.547] [SEVERE ] setting player 1 freeze to 0
[20:01:46.547] [SEVERE ] setting player 1 freeze to 0
[20:01:46.547] [SEVERE ] updating countdown to 971697
[20:01:46.652] [SEVERE ] updating countdown to 971592
[20:01:46.666] [SEVERE ] removing player 1 token from slot 0
[20:01:46.691] [SEVERE ] player 1 placing token on slot 8
[20:01:46.755] [SEVERE ] updating countdown to 971489
[20:01:46.756] [SEVERE ] setting player 1 freeze to 0
[20:01:46.756] [SEVERE ] setting player 1 freeze to 0
[20:01:46.756] [SEVERE ] updating countdown to 971488
[20:01:46.861] [SEVERE ] updating countdown to 971383
[20:01:46.922] [SEVERE ] removing player 1 token from slot 7
[20:01:46.947] [SEVERE ] player 1 placing token on slot 6
[20:01:46.963] [SEVERE ] updating countdown to 971281
[20:01:46.963] [SEVERE ] setting player 1 freeze to 0
[20:01:46.964] [SEVERE ] setting player 1 freeze to 0
[20:01:46.964] [SEVERE ] updating countdown to 971280
[20:01:47.064] [SEVERE ] updating countdown to 971180
[20:01:47.165] [SEVERE ] updating countdown to 971079
[20:01:47.263] [SEVERE ] removing player 1 token from slot 2
[20:01:47.268] [SEVERE ] updating countdown to 970976
[20:01:47.288] [SEVERE ] player 1 placing token on slot 1
[20:01:47.373] [SEVERE ] updating countdown to 970871
[20:01:47.373] [SEVERE ] setting player 1 freeze to 0
[20:01:47.373] [SEVERE ] setting player 1 freeze to 0
[20:01:47.373] [SEVERE ] updating countdown to 970871
[20:01:47.422] [SEVERE ] removing player 1 token from slot 8
[20:01:47.447] [SEVERE ] player 1 placing token on slot 2
[20:01:47.474] [SEVERE ] updating countdown to 970770
[20:01:47.474] [SEVERE ] setting player 1 freeze to 0
[20:01:47.475] [SEVERE ] setting player 1 freeze to 0
[20:01:47.475] [SEVERE ] updating countdown to 970769
[20:01:47.522] [SEVERE ] removing player 1 token from slot 2
[20:01:47.544] [SEVERE ] player 1 placing token on slot 11
[20:01:47.580] [SEVERE ] updating countdown to 970664
[20:01:47.580] [SEVERE ] setting player 1 freeze to 0
[20:01:47.580] [SEVERE ] setting player 1 freeze to 0
[20:01:47.580] [SEVERE ] updating countdown to 970664
[20:01:47.681] [SEVERE ] updating countdown to 970563
[20:01:47.697] [SEVERE ] removing player 1 token from slot 11
[20:01:47.718] [SEVERE ] player 1 placing token on slot 4
[20:01:47.786] [SEVERE ] updating countdown to 970458
[20:01:47.786] [SEVERE ] setting player 1 freeze to 0
[20:01:47.786] [SEVERE ] setting player 1 freeze to 0
[20:01:47.786] [SEVERE ] updating countdown to 970458
[20:01:47.880] [SEVERE ] removing player 1 token from slot 6
[20:01:47.888] [SEVERE ] updating countdown to 970356
[20:01:47.904] [SEVERE ] removing player 1 token from slot 1
[20:01:47.929] [SEVERE ] removing player 1 token from slot 4
[20:01:47.954] [SEVERE ] player 1 placing token on slot 7
[20:01:47.979] [SEVERE ] player 1 placing token on slot 3
[20:01:47.990] [SEVERE ] updating countdown to 970254
[20:01:48.004] [SEVERE ] player 1 placing token on slot 8
[20:01:48.093] [SEVERE ] updating countdown to 970151
[20:01:48.093] [SEVERE ] setting player 1 freeze to 0
[20:01:48.093] [SEVERE ] setting player 1 freeze to 0
[20:01:48.093] [SEVERE ] updating countdown to 970151
[20:01:48.143] [SEVERE ] removing player 1 token from slot 8
[20:01:48.168] [SEVERE ] player 1 placing token on slot 2
[20:01:48.197] [SEVERE ] updating countdown to 970047
[20:01:48.197] [SEVERE ] setting player 1 freeze to 0
[20:01:48.197] [SEVERE ] setting player 1 freeze to 0
[20:01:48.197] [SEVERE ] updating countdown to 970047
[20:01:48.302] [SEVERE ] updating countdown to 969942
[20:01:48.390] [SEVERE ] removing player 1 token from slot 2
[20:01:48.404] [SEVERE ] updating countdown to 969840
[20:01:48.414] [SEVERE ] player 1 placing token on slot 0
[20:01:48.508] [SEVERE ] updating countdown to 969736
[20:01:48.508] [SEVERE ] setting player 1 freeze to 0
[20:01:48.508] [SEVERE ] setting player 1 freeze to 0
[20:01:48.508] [SEVERE ] updating countdown to 969736
[20:01:48.606] [SEVERE ] removing player 1 token from slot 7
[20:01:48.613] [SEVERE ] updating countdown to 969631
[20:01:48.628] [SEVERE ] player 1 placing token on slot 4
[20:01:48.714] [SEVERE ] updating countdown to 969530
[20:01:48.714] [SEVERE ] setting player 1 freeze to 0
[20:01:48.715] [SEVERE ] setting player 1 freeze to 0
[20:01:48.715] [SEVERE ] updating countdown to 969529
[20:01:48.820] [SEVERE ] updating countdown to 969424
[20:01:48.883] [SEVERE ] removing player 1 token from slot 3
[20:01:48.908] [SEVERE ] player 1 placing token on slot 7
[20:01:48.925] [SEVERE ] updating countdown to 969319
[20:01:48.925] [SEVERE ] setting player 1 freeze to 0
[20:01:48.925] [SEVERE ] setting player 1 freeze to 0
[20:01:48.925] [SEVERE ] updating countdown to 969319
[20:01:49.030] [SEVERE ] updating countdown to 969214
[20:01:49.048] [SEVERE ] removing player 1 token from slot 0
[20:01:49.074] [SEVERE ] player 1 placing token on slot 0
[20:01:49.135] [SEVERE ] updating countdown to 969109
[20:01:49.136] [SEVERE ] setting player 1 freeze to 0
[20:01:49.136] [SEVERE ] setting player 1 freeze to 0
[20:01:49.136] [SEVERE ] updating countdown to 969108
[20:01:49.156] [SEVERE ] removing player 1 token from slot 4
[20:01:49.180] [SEVERE ] player 1 placing token on slot 11
[20:01:49.239] [SEVERE ] updating countdown to 969005
[20:01:49.239] [SEVERE ] setting player 1 freeze to 0
[20:01:49.239] [SEVERE ] setting player 1 freeze to 0
[20:01:49.239] [SEVERE ] updating countdown to 969005
[20:01:49.286] [SEVERE ] removing player 1 token from slot 11
[20:01:49.311] [SEVERE ] player 1 placing token on slot 6
[20:01:49.340] [SEVERE ] updating countdown to 968904
[20:01:49.340] [SEVERE ] setting player 1 freeze to 0
[20:01:49.340] [SEVERE ] setting player 1 freeze to 0
[20:01:49.340] [SEVERE ] updating countdown to 968904
[20:01:49.386] [SEVERE ] removing player 1 token from slot 6
[20:01:49.411] [SEVERE ] removing player 1 token from slot 7
[20:01:49.434] [SEVERE ] player 1 placing token on slot 6
[20:01:49.442] [SEVERE ] updating countdown to 968802
[20:01:49.455] [SEVERE ] player 1 placing token on slot 3
[20:01:49.547] [SEVERE ] updating countdown to 968697
[20:01:49.547] [SEVERE ] setting player 1 freeze to 0
[20:01:49.547] [SEVERE ] setting player 1 freeze to 0
[20:01:49.547] [SEVERE ] updating countdown to 968697
[20:01:49.622] [SEVERE ] removing player 1 token from slot 6
[20:01:49.647] [SEVERE ] player 1 placing token on slot 1
[20:01:49.652] [SEVERE ] updating countdown to 968592
[20:01:49.652] [SEVERE ] setting player 1 freeze to 0
[20:01:49.652] [SEVERE ] setting player 1 freeze to 0
[20:01:49.652] [SEVERE ] updating countdown to 968592
[20:01:49.755] [SEVERE ] updating countdown to 968489
[20:01:49.763] [SEVERE ] removing player 1 token from slot 1
[20:01:49.789] [SEVERE ] player 1 placing token on slot 10
[20:01:49.858] [SEVERE ] updating countdown to 968386
[20:01:49.858] [SEVERE ] setting player 1 freeze to 0
[20:01:49.858] [SEVERE ] setting player 1 freeze to 0
[20:01:49.858] [SEVERE ] updating countdown to 968386
[20:01:49.961] [SEVERE ] updating countdown to 968283
[20:01:50.063] [SEVERE ] updating countdown to 968181
[20:01:50.147] [SEVERE ] removing player 1 token from slot 10
[20:01:50.165] [SEVERE ] updating countdown to 968079
[20:01:50.172] [SEVERE ] player 1 placing token on slot 8
[20:01:50.268] [SEVERE ] updating countdown to 967976
[20:01:50.268] [SEVERE ] setting player 1 freeze to 0
[20:01:50.268] [SEVERE ] setting player 1 freeze to 0
[20:01:50.268] [SEVERE ] updating countdown to 967976
[20:01:50.290] [SEVERE ] removing player 1 token from slot 0
[20:01:50.314] [SEVERE ] removing player 1 token from slot 3
[20:01:50.338] [SEVERE ] player 1 placing token on slot 11
[20:01:50.363] [SEVERE ] player 1 placing token on slot 5
[20:01:50.372] [SEVERE ] updating countdown to 967872
[20:01:50.372] [SEVERE ] setting player 1 freeze to 0
[20:01:50.372] [SEVERE ] setting player 1 freeze to 0
[20:01:50.372] [SEVERE ] updating countdown to 967872
[20:01:50.411] [SEVERE ] removing player 1 token from slot 5
[20:01:50.436] [SEVERE ] player 1 placing token on slot 7
[20:01:50.476] [SEVERE ] updating countdown to 967768
[20:01:50.476] [SEVERE ] setting player 1 freeze to 0
[20:01:50.476] [SEVERE ] setting player 1 freeze to 0
[20:01:50.476] [SEVERE ] updating countdown to 967768
[20:01:50.581] [SEVERE ] updating countdown to 967663
[20:01:50.597] [SEVERE ] removing player 1 token from slot 11
[20:01:50.619] [SEVERE ] player 1 placing token on slot 11
[20:01:50.685] [SEVERE ] updating countdown to 967559
[20:01:50.685] [SEVERE ] setting player 1 freeze to 0
[20:01:50.685] [SEVERE ] setting player 1 freeze to 0
[20:01:50.685] [SEVERE ] updating countdown to 967559
[20:01:50.789] [SEVERE ] updating countdown to 967455
[20:01:50.840] [SEVERE ] removing player 1 token from slot 7
[20:01:50.864] [SEVERE ] player 1 placing token on slot 2
[20:01:50.895] [SEVERE ] updating countdown to 967349
[20:01:50.895] [SEVERE ] setting player 1 freeze to 0
[20:01:50.895] [SEVERE ] setting player 1 freeze to 0
[20:01:50.895] [SEVERE ] updating countdown to 967349
[20:01:50.998] [SEVERE ] updating countdown to 967246
[20:01:51.102] [SEVERE ] updating countdown to 967142
[20:01:51.133] [SEVERE ] removing player 1 token from slot 11
[20:01:51.158] [SEVERE ] player 1 placing token on slot 3
[20:01:51.207] [SEVERE ] updating countdown to 967037
[20:01:51.207] [SEVERE ] setting player 1 freeze to 0
[20:01:51.207] [SEVERE ] setting player 1 freeze to 0
[20:01:51.207] [SEVERE ] updating countdown to 967037
[20:01:51.280] [SEVERE ] removing player 1 token from slot 8
[20:01:51.305] [SEVERE ] removing player 1 token from slot 3
[20:01:51.312] [SEVERE ] updating countdown to 966932
[20:01:51.327] [SEVERE ] player 1 placing token on slot 6
[20:01:51.348] [SEVERE ] player 1 placing token on slot 3
[20:01:51.415] [SEVERE ] updating countdown to 966829
[20:01:51.415] [SEVERE ] setting player 1 freeze to 0
[20:01:51.415] [SEVERE ] setting player 1 freeze to 0
[20:01:51.415] [SEVERE ] updating countdown to 966829
[20:01:51.483] [SEVERE ] removing player 1 token from slot 6
[20:01:51.505] [SEVERE ] player 1 placing token on slot 5
[20:01:51.520] [SEVERE ] updating countdown to 966724
[20:01:51.521] [SEVERE ] setting player 1 freeze to 0
[20:01:51.521] [SEVERE ] setting player 1 freeze to 0
[20:01:51.521] [SEVERE ] updating countdown to 966723
[20:01:51.624] [SEVERE ] updating countdown to 966620
[20:01:51.727] [SEVERE ] updating countdown to 966517
[20:01:51.790] [SEVERE ] removing player 1 token from slot 5
[20:01:51.813] [SEVERE ] removing player 1 token from slot 2
[20:01:51.830] [SEVERE ] updating countdown to 966414
[20:01:51.838] [SEVERE ] player 1 placing token on slot 6
[20:01:51.863] [SEVERE ] player 1 placing token on slot 5
[20:01:51.934] [SEVERE ] updating countdown to 966310
[20:01:51.935] [SEVERE ] setting player 1 freeze to 0
[20:01:51.935] [SEVERE ] setting player 1 freeze to 0
[20:01:51.935] [SEVERE ] updating countdown to 966309
[20:01:52.027] [SEVERE ] removing player 1 token from slot 3
[20:01:52.040] [SEVERE ] updating countdown to 966204
[20:01:52.050] [SEVERE ] player 1 placing token on slot 11
[20:01:52.141] [SEVERE ] updating countdown to 966103
[20:01:52.141] [SEVERE ] setting player 1 freeze to 0
[20:01:52.141] [SEVERE ] setting player 1 freeze to 0
[20:01:52.141] [SEVERE ] updating countdown to 966103
[20:01:52.165] [SEVERE ] removing player 1 token from slot 11
[20:01:52.188] [SEVERE ] player 1 placing token on slot 0
[20:01:52.245] [SEVERE ] updating countdown to 965999
[20:01:52.245] [SEVERE ] setting player 1 freeze to 0
[20:01:52.245] [SEVERE ] setting player 1 freeze to 0
[20:01:52.245] [SEVERE ] updating countdown to 965999
[20:01:52.350] [SEVERE ] updating countdown to 965894
[20:01:52.407] [SEVERE ] removing player 1 token from slot 5
[20:01:52.430] [SEVERE ] player 1 placing token on slot 4
[20:01:52.455] [SEVERE ] updating countdown to 965789
[20:01:52.456] [SEVERE ] setting player 1 freeze to 0
[20:01:52.456] [SEVERE ] setting player 1 freeze to 0
[20:01:52.456] [SEVERE ] updating countdown to 965788
[20:01:52.456] [SEVERE ] removing player 1 token from slot 6
[20:01:52.476] [SEVERE ] player 1 placing token on slot 5
[20:01:52.561] [SEVERE ] updating countdown to 965683
[20:01:52.561] [SEVERE ] setting player 1 freeze to 0
[20:01:52.561] [SEVERE ] setting player 1 freeze to 0
[20:01:52.561] [SEVERE ] updating countdown to 965683
[20:01:52.664] [SEVERE ] updating countdown to 965580
[20:01:52.752] [SEVERE ] removing player 1 token from slot 4
[20:01:52.769] [SEVERE ] updating countdown to 965475
[20:01:52.777] [SEVERE ] player 1 placing token on slot 7
[20:01:52.872] [SEVERE ] updating countdown to 965372
[20:01:52.872] [SEVERE ] setting player 1 freeze to 0
[20:01:52.872] [SEVERE ] setting player 1 freeze to 0
[20:01:52.872] [SEVERE ] updating countdown to 965372
[20:01:52.923] [SEVERE ] removing player 1 token from slot 5
[20:01:52.948] [SEVERE ] player 1 placing token on slot 10
[20:01:52.973] [SEVERE ] updating countdown to 965271
[20:01:52.973] [SEVERE ] setting player 1 freeze to 0
[20:01:52.973] [SEVERE ] setting player 1 freeze to 0
[20:01:52.973] [SEVERE ] updating countdown to 965271
[20:01:53.073] [SEVERE ] updating countdown to 965171
[20:01:53.158] [SEVERE ] removing player 1 token from slot 10
[20:01:53.177] [SEVERE ] updating countdown to 965067
[20:01:53.180] [SEVERE ] player 1 placing token on slot 5
[20:01:53.280] [SEVERE ] updating countdown to 964964
[20:01:53.280] [SEVERE ] setting player 1 freeze to 0
[20:01:53.280] [SEVERE ] setting player 1 freeze to 0
[20:01:53.280] [SEVERE ] updating countdown to 964964
[20:01:53.326] [SEVERE ] removing player 1 token from slot 5
[20:01:53.351] [SEVERE ] player 1 placing token on slot 6
[20:01:53.385] [SEVERE ] updating countdown to 964859
[20:01:53.386] [SEVERE ] setting player 1 freeze to 0
[20:01:53.386] [SEVERE ] setting player 1 freeze to 0
[20:01:53.386] [SEVERE ] updating countdown to 964858
[20:01:53.409] [SEVERE ] removing player 1 token from slot 7
[20:01:53.434] [SEVERE ] removing player 1 token from slot 6
[20:01:53.458] [SEVERE ] player 1 placing token on slot 5
[20:01:53.483] [SEVERE ] player 1 placing token on slot 11
[20:01:53.489] [SEVERE ] updating countdown to 964755
[20:01:53.489] [SEVERE ] setting player 1 freeze to 0
[20:01:53.489] [SEVERE ] setting player 1 freeze to 0
[20:01:53.489] [SEVERE ] updating countdown to 964755
[20:01:53.508] [SEVERE ] removing player 1 token from slot 11
[20:01:53.533] [SEVERE ] player 1 placing token on slot 9
[20:01:53.592] [SEVERE ] updating countdown to 964652
[20:01:53.592] [SEVERE ] setting player 1 freeze to 0
[20:01:53.592] [SEVERE ] setting player 1 freeze to 0
[20:01:53.592] [SEVERE ] updating countdown to 964652
[20:01:53.697] [SEVERE ] updating countdown to 964547
[20:01:53.740] [SEVERE ] removing player 1 token from slot 5
[20:01:53.764] [SEVERE ] player 1 placing token on slot 7
[20:01:53.800] [SEVERE ] updating countdown to 964444
[20:01:53.800] [SEVERE ] setting player 1 freeze to 0
[20:01:53.800] [SEVERE ] setting player 1 freeze to 0
[20:01:53.800] [SEVERE ] updating countdown to 964444
[20:01:53.903] [SEVERE ] updating countdown to 964341
[20:01:53.918] [SEVERE ] removing player 1 token from slot 0
[20:01:53.943] [SEVERE ] player 1 placing token on slot 11
[20:01:54.008] [SEVERE ] updating countdown to 964236
[20:01:54.008] [SEVERE ] setting player 1 freeze to 0
[20:01:54.008] [SEVERE ] setting player 1 freeze to 0
[20:01:54.008] [SEVERE ] updating countdown to 964236
[20:01:54.113] [SEVERE ] updating countdown to 964131
[20:01:54.147] [SEVERE ] removing player 1 token from slot 9
[20:01:54.172] [SEVERE ] player 1 placing token on slot 1
[20:01:54.218] [SEVERE ] updating countdown to 964026
[20:01:54.219] [SEVERE ] setting player 1 freeze to 0
[20:01:54.219] [SEVERE ] setting player 1 freeze to 0
[20:01:54.219] [SEVERE ] updating countdown to 964025
[20:01:54.243] [SEVERE ] removing player 1 token from slot 1
[20:01:54.268] [SEVERE ] player 1 placing token on slot 4
[20:01:54.323] [SEVERE ] updating countdown to 963921
[20:01:54.324] [SEVERE ] setting player 1 freeze to 0
[20:01:54.324] [SEVERE ] setting player 1 freeze to 0
[20:01:54.324] [SEVERE ] updating countdown to 963920
[20:01:54.429] [SEVERE ] updating countdown to 963815
[20:01:54.509] [SEVERE ] removing player 1 token from slot 4
[20:01:54.534] [SEVERE ] player 1 placing token on slot 9
[20:01:54.534] [SEVERE ] updating countdown to 963710
[20:01:54.534] [SEVERE ] setting player 1 freeze to 0
[20:01:54.534] [SEVERE ] setting player 1 freeze to 0
[20:01:54.534] [SEVERE ] updating countdown to 963710
[20:01:54.598] [SEVERE ] removing player 1 token from slot 7
[20:01:54.622] [SEVERE ] player 1 placing token on slot 6
[20:01:54.639] [SEVERE ] updating countdown to 963605
[20:01:54.639] [SEVERE ] setting player 1 freeze to 0
[20:01:54.639] [SEVERE ] setting player 1 freeze to 0
[20:01:54.639] [SEVERE ] updating countdown to 963605
[20:01:54.697] [SEVERE ] removing player 1 token from slot 6
[20:01:54.722] [SEVERE ] player 1 placing token on slot 2
[20:01:54.740] [SEVERE ] updating countdown to 963504
[20:01:54.740] [SEVERE ] setting player 1 freeze to 0
[20:01:54.740] [SEVERE ] setting player 1 freeze to 0
[20:01:54.740] [SEVERE ] updating countdown to 963504
[20:01:54.775] [SEVERE ] removing player 1 token from slot 11
[20:01:54.799] [SEVERE ] player 1 placing token on slot 8
[20:01:54.842] [SEVERE ] updating countdown to 963402
[20:01:54.843] [SEVERE ] setting player 1 freeze to 0
[20:01:54.843] [SEVERE ] setting player 1 freeze to 0
[20:01:54.843] [SEVERE ] updating countdown to 963401
[20:01:54.890] [SEVERE ] removing player 1 token from slot 2
[20:01:54.915] [SEVERE ] player 1 placing token on slot 1
[20:01:54.943] [SEVERE ] updating countdown to 963301
[20:01:54.944] [SEVERE ] setting player 1 freeze to 0
[20:01:54.944] [SEVERE ] setting player 1 freeze to 0
[20:01:54.944] [SEVERE ] updating countdown to 963300
[20:01:54.964] [SEVERE ] removing player 1 token from slot 9
[20:01:54.989] [SEVERE ] removing player 1 token from slot 1
[20:01:55.010] [SEVERE ] player 1 placing token on slot 5
[20:01:55.035] [SEVERE ] player 1 placing token on slot 7
[20:01:55.048] [SEVERE ] updating countdown to 963196
[20:01:55.048] [SEVERE ] setting player 1 freeze to 0
[20:01:55.049] [SEVERE ] setting player 1 freeze to 0
[20:01:55.049] [SEVERE ] updating countdown to 963195
[20:01:55.077] [SEVERE ] removing player 1 token from slot 5
[20:01:55.098] [SEVERE ] player 1 placing token on slot 10
[20:01:55.152] [SEVERE ] updating countdown to 963092
[20:01:55.152] [SEVERE ] setting player 1 freeze to 0
[20:01:55.152] [SEVERE ] setting player 1 freeze to 0
[20:01:55.152] [SEVERE ] updating countdown to 963092
[20:01:55.172] [SEVERE ] removing player 1 token from slot 7
[20:01:55.196] [SEVERE ] player 1 placing token on slot 5
[20:01:55.255] [SEVERE ] updating countdown to 962989
[20:01:55.255] [SEVERE ] setting player 1 freeze to 0
[20:01:55.255] [SEVERE ] setting player 1 freeze to 0
[20:01:55.255] [SEVERE ] updating countdown to 962989
[20:01:55.358] [SEVERE ] updating countdown to 962886
[20:01:55.370] [SEVERE ] removing player 1 token from slot 5
[20:01:55.392] [SEVERE ] removing player 1 token from slot 8
[20:01:55.413] [SEVERE ] player 1 placing token on slot 0
[20:01:55.438] [SEVERE ] player 1 placing token on slot 4
[20:01:55.463] [SEVERE ] updating countdown to 962781
[20:01:55.464] [SEVERE ] setting player 1 freeze to 0
[20:01:55.464] [SEVERE ] setting player 1 freeze to 0
[20:01:55.464] [SEVERE ] updating countdown to 962780
[20:01:55.486] [SEVERE ] removing player 1 token from slot 0
[20:01:55.509] [SEVERE ] player 1 placing token on slot 1
[20:01:55.567] [SEVERE ] updating countdown to 962678
[20:01:55.567] [SEVERE ] setting player 1 freeze to 0
[20:01:55.567] [SEVERE ] setting player 1 freeze to 0
[20:01:55.567] [SEVERE ] updating countdown to 962677
[20:01:55.637] [SEVERE ] removing player 1 token from slot 1
[20:01:55.658] [SEVERE ] player 1 placing token on slot 1
[20:01:55.672] [SEVERE ] updating countdown to 962572
[20:01:55.672] [SEVERE ] setting player 1 freeze to 0
[20:01:55.672] [SEVERE ] setting player 1 freeze to 0
[20:01:55.672] [SEVERE ] updating countdown to 962572
[20:01:55.776] [SEVERE ] updating countdown to 962468
[20:01:55.881] [SEVERE ] updating countdown to 962363
[20:01:55.927] [SEVERE ] removing player 1 token from slot 10
[20:01:55.948] [SEVERE ] player 1 placing token on slot 11
[20:01:55.982] [SEVERE ] updating countdown to 962262
[20:01:55.982] [SEVERE ] setting player 1 freeze to 0
[20:01:55.982] [SEVERE ] setting player 1 freeze to 0
[20:01:55.982] [SEVERE ] updating countdown to 962262
[20:01:56.087] [SEVERE ] updating countdown to 962157
[20:01:56.095] [SEVERE ] removing player 1 token from slot 4
[20:01:56.120] [SEVERE ] player 1 placing token on slot 4
[20:01:56.193] [SEVERE ] updating countdown to 962051
[20:01:56.193] [SEVERE ] setting player 1 freeze to 0
[20:01:56.193] [SEVERE ] setting player 1 freeze to 0
[20:01:56.193] [SEVERE ] updating countdown to 962051
[20:01:56.298] [SEVERE ] updating countdown to 961946
[20:01:56.309] [SEVERE ] removing player 1 token from slot 1
[20:01:56.334] [SEVERE ] player 1 placing token on slot 8
[20:01:56.403] [SEVERE ] updating countdown to 961841
[20:01:56.403] [SEVERE ] setting player 1 freeze to 0
[20:01:56.403] [SEVERE ] setting player 1 freeze to 0
[20:01:56.403] [SEVERE ] updating countdown to 961841
[20:01:56.498] [SEVERE ] removing player 1 token from slot 4
[20:01:56.508] [SEVERE ] updating countdown to 961736
[20:01:56.523] [SEVERE ] removing player 1 token from slot 8
[20:01:56.543] [SEVERE ] player 1 placing token on slot 7
[20:01:56.563] [SEVERE ] player 1 placing token on slot 0
[20:01:56.613] [SEVERE ] updating countdown to 961631
[20:01:56.614] [SEVERE ] setting player 1 freeze to 0
[20:01:56.614] [SEVERE ] setting player 1 freeze to 0
[20:01:56.614] [SEVERE ] updating countdown to 961630
[20:01:56.688] [SEVERE ] removing player 1 token from slot 11
[20:01:56.713] [SEVERE ] player 1 placing token on slot 1
[20:01:56.714] [SEVERE ] updating countdown to 961530
[20:01:56.714] [SEVERE ] setting player 1 freeze to 0
[20:01:56.714] [SEVERE ] setting player 1 freeze to 0
[20:01:56.714] [SEVERE ] updating countdown to 961530
[20:01:56.737] [SEVERE ] removing player 1 token from slot 0
[20:01:56.762] [SEVERE ] player 1 placing token on slot 10
[20:01:56.817] [SEVERE ] updating countdown to 961427
[20:01:56.818] [SEVERE ] setting player 1 freeze to 0
[20:01:56.818] [SEVERE ] setting player 1 freeze to 0
[20:01:56.818] [SEVERE ] updating countdown to 961426
[20:01:56.918] [SEVERE ] updating countdown to 961326
[20:01:56.956] [SEVERE ] removing player 1 token from slot 7
[20:01:56.981] [SEVERE ] player 1 placing token on slot 7
[20:01:57.023] [SEVERE ] updating countdown to 961221
[20:01:57.023] [SEVERE ] setting player 1 freeze to 0
[20:01:57.023] [SEVERE ] setting player 1 freeze to 0
[20:01:57.023] [SEVERE ] updating countdown to 961221
[20:01:57.125] [SEVERE ] updating countdown to 961119
[20:01:57.230] [SEVERE ] updating countdown to 961014
[20:01:57.248] [SEVERE ] removing player 1 token from slot 7
[20:01:57.273] [SEVERE ] player 1 placing token on slot 0
[20:01:57.331] [SEVERE ] updating countdown to 960913
[20:01:57.331] [SEVERE ] setting player 1 freeze to 0
[20:01:57.331] [SEVERE ] setting player 1 freeze to 0
[20:01:57.331] [SEVERE ] updating countdown to 960913
[20:01:57.376] [SEVERE ] removing player 1 token from slot 0
[20:01:57.401] [SEVERE ] removing player 1 token from slot 1
[20:01:57.426] [SEVERE ] player 1 placing token on slot 1
[20:01:57.436] [SEVERE ] updating countdown to 960808
[20:01:57.447] [SEVERE ] player 1 placing token on slot 6
[20:01:57.541] [SEVERE ] updating countdown to 960703
[20:01:57.541] [SEVERE ] setting player 1 freeze to 0
[20:01:57.541] [SEVERE ] setting player 1 freeze to 0
[20:01:57.542] [SEVERE ] updating countdown to 960702
[20:01:57.567] [SEVERE ] removing player 1 token from slot 10
[20:01:57.590] [SEVERE ] player 1 placing token on slot 10
[20:01:57.643] [SEVERE ] updating countdown to 960601
[20:01:57.643] [SEVERE ] setting player 1 freeze to 0
[20:01:57.643] [SEVERE ] setting player 1 freeze to 0
[20:01:57.643] [SEVERE ] updating countdown to 960601
[20:01:57.664] [SEVERE ] removing player 1 token from slot 10
[20:01:57.689] [SEVERE ] player 1 placing token on slot 0
[20:01:57.748] [SEVERE ] updating countdown to 960496
[20:01:57.748] [SEVERE ] setting player 1 freeze to 0
[20:01:57.748] [SEVERE ] setting player 1 freeze to 0
[20:01:57.748] [SEVERE ] updating countdown to 960496
[20:01:57.791] [SEVERE ] removing player 1 token from slot 1
[20:01:57.814] [SEVERE ] player 1 placing token on slot 1
[20:01:57.853] [SEVERE ] updating countdown to 960391
[20:01:57.853] [SEVERE ] setting player 1 freeze to 0
[20:01:57.854] [SEVERE ] setting player 1 freeze to 0
[20:01:57.854] [SEVERE ] updating countdown to 960390
[20:01:57.854] [SEVERE ] removing player 1 token from slot 1
[20:01:57.876] [SEVERE ] player 1 placing token on slot 8
[20:01:57.959] [SEVERE ] updating countdown to 960285
[20:01:57.959] [SEVERE ] setting player 1 freeze to 0
[20:01:57.959] [SEVERE ] setting player 1 freeze to 0
[20:01:57.959] [SEVERE ] updating countdown to 960285
[20:01:57.981] [SEVERE ] removing player 1 token from slot 6
[20:01:58.007] [SEVERE ] player 1 placing token on slot 11
[20:01:58.060] [SEVERE ] updating countdown to 960184
[20:01:58.060] [SEVERE ] setting player 1 freeze to 0
[20:01:58.060] [SEVERE ] setting player 1 freeze to 0
[20:01:58.060] [SEVERE ] updating countdown to 960184
[20:01:58.164] [SEVERE ] updating countdown to 960080
[20:01:58.248] [SEVERE ] removing player 1 token from slot 0
[20:01:58.268] [SEVERE ] updating countdown to 959976
[20:01:58.273] [SEVERE ] player 1 placing token on slot 4
[20:01:58.370] [SEVERE ] updating countdown to 959874
[20:01:58.370] [SEVERE ] setting player 1 freeze to 0
[20:01:58.370] [SEVERE ] setting player 1 freeze to 0
[20:01:58.370] [SEVERE ] updating countdown to 959874
[20:01:58.393] [SEVERE ] removing player 1 token from slot 11
[20:01:58.415] [SEVERE ] removing player 1 token from slot 4
[20:01:58.439] [SEVERE ] player 1 placing token on slot 6
[20:01:58.464] [SEVERE ] player 1 placing token on slot 4
[20:01:58.475] [SEVERE ] updating countdown to 959769
[20:01:58.475] [SEVERE ] setting player 1 freeze to 0
[20:01:58.475] [SEVERE ] setting player 1 freeze to 0
[20:01:58.475] [SEVERE ] updating countdown to 959769
[20:01:58.578] [SEVERE ] updating countdown to 959666
[20:01:58.657] [SEVERE ] removing player 1 token from slot 8
