[13:03:10.828] [INFO   ] thread main starting.
[13:03:10.837] [SEVERE ] cannot read configuration file config.properties trying from resources.
[13:03:10.839] [SEVERE ] configuration file was loaded from resources directory.
[13:03:11.921] [INFO   ] thread dealer starting.
[13:03:11.921] [INFO   ] thread dealer starting.
[13:03:11.922] [INFO   ] thread player0 starting.
[13:03:11.922] [INFO   ] thread player1 starting.
[13:03:11.923] [INFO   ] thread computer-1 starting.
[13:03:11.923] [INFO   ] thread player2 starting.
[13:03:11.924] [INFO   ] thread computer-2 starting.
[13:03:11.924] [INFO   ] thread player3 starting.
[13:03:11.924] [INFO   ] thread computer-3 starting.
[13:03:12.032] [SEVERE ] placing card 74 in slot 0
[13:03:12.137] [SEVERE ] placing card 26 in slot 1
[13:03:12.242] [SEVERE ] placing card 62 in slot 2
[13:03:12.347] [SEVERE ] placing card 77 in slot 3
[13:03:12.452] [SEVERE ] placing card 43 in slot 4
[13:03:12.558] [SEVERE ] placing card 61 in slot 5
[13:03:12.663] [SEVERE ] placing card 27 in slot 6
[13:03:12.768] [SEVERE ] placing card 33 in slot 7
[13:03:12.874] [SEVERE ] placing card 72 in slot 8
[13:03:12.979] [SEVERE ] placing card 5 in slot 9
[13:03:13.084] [SEVERE ] placing card 6 in slot 10
[13:03:13.190] [SEVERE ] placing card 37 in slot 11
[13:03:13.190] [SEVERE ] updating countdown to 60000
[13:03:13.292] [SEVERE ] updating countdown to 60899
[13:03:13.317] [SEVERE ] player 2 placing token on slot 4
[13:03:13.317] [SEVERE ] player 3 placing token on slot 3
[13:03:13.317] [SEVERE ] player 4 placing token on slot 2
[13:03:13.342] [SEVERE ] removing player 4 token from slot 2
[13:03:13.342] [SEVERE ] player 3 placing token on slot 6
[13:03:13.342] [SEVERE ] player 2 placing token on slot 11
[13:03:13.365] [SEVERE ] player 2 placing token on slot 8
[13:03:13.367] [SEVERE ] player 4 placing token on slot 3
[13:03:13.367] [SEVERE ] player 3 placing token on slot 2
[13:03:13.392] [SEVERE ] player 4 placing token on slot 0
[13:03:13.393] [SEVERE ] updating countdown to 60798
[13:03:13.393] [SEVERE ] setting player 2 freeze to 0
[13:03:13.393] [SEVERE ] setting player 3 freeze to 0
[13:03:13.394] [SEVERE ] setting player 3 freeze to 0
[13:03:13.394] [SEVERE ] setting player 2 freeze to 0
[13:03:13.394] [SEVERE ] updating countdown to 60797
[13:03:13.417] [SEVERE ] player 4 placing token on slot 2
[13:03:13.419] [SEVERE ] removing player 3 token from slot 6
[13:03:13.443] [SEVERE ] player 3 placing token on slot 5
[13:03:13.499] [SEVERE ] updating countdown to 60692
[13:03:13.499] [SEVERE ] setting player 3 freeze to 0
[13:03:13.499] [SEVERE ] setting player 4 freeze to 0
[13:03:13.499] [SEVERE ] setting player 3 freeze to 0
[13:03:13.499] [SEVERE ] setting player 4 freeze to 0
[13:03:13.499] [SEVERE ] updating countdown to 60692
[13:03:13.605] [SEVERE ] updating countdown to 60586
[13:03:13.625] [SEVERE ] removing player 4 token from slot 0
[13:03:13.625] [SEVERE ] removing player 3 token from slot 2
[13:03:13.650] [SEVERE ] player 3 placing token on slot 6
[13:03:13.650] [SEVERE ] player 4 placing token on slot 1
[13:03:13.710] [SEVERE ] updating countdown to 60481
[13:03:13.710] [SEVERE ] setting player 3 freeze to 0
[13:03:13.710] [SEVERE ] setting player 4 freeze to 0
[13:03:13.710] [SEVERE ] setting player 3 freeze to 0
[13:03:13.711] [SEVERE ] updating countdown to 60480
[13:03:13.711] [SEVERE ] setting player 4 freeze to 0
[13:03:13.742] [SEVERE ] removing player 2 token from slot 4
[13:03:13.768] [SEVERE ] removing player 2 token from slot 8
[13:03:13.782] [SEVERE ] removing player 4 token from slot 1
[13:03:13.793] [SEVERE ] player 2 placing token on slot 5
[13:03:13.807] [SEVERE ] player 4 placing token on slot 8
[13:03:13.808] [SEVERE ] removing player 3 token from slot 5
[13:03:13.814] [SEVERE ] updating countdown to 60377
[13:03:13.814] [SEVERE ] setting player 4 freeze to 0
[13:03:13.815] [SEVERE ] setting player 4 freeze to 0
[13:03:13.815] [SEVERE ] updating countdown to 60376
[13:03:13.818] [SEVERE ] player 2 placing token on slot 0
[13:03:13.832] [SEVERE ] player 3 placing token on slot 9
[13:03:13.882] [SEVERE ] removing player 4 token from slot 3
[13:03:13.907] [SEVERE ] removing player 4 token from slot 2
[13:03:13.919] [SEVERE ] updating countdown to 60272
[13:03:13.919] [SEVERE ] setting player 2 freeze to 0
[13:03:13.919] [SEVERE ] setting player 3 freeze to 0
[13:03:13.919] [SEVERE ] setting player 2 freeze to 0
[13:03:13.919] [SEVERE ] setting player 3 freeze to 0
[13:03:13.919] [SEVERE ] updating countdown to 60272
[13:03:13.932] [SEVERE ] player 4 placing token on slot 6
[13:03:13.957] [SEVERE ] player 4 placing token on slot 11
[13:03:13.970] [SEVERE ] removing player 3 token from slot 6
[13:03:13.995] [SEVERE ] player 3 placing token on slot 0
[13:03:13.995] [SEVERE ] removing player 2 token from slot 0
[13:03:14.020] [SEVERE ] player 2 placing token on slot 2
[13:03:14.025] [SEVERE ] updating countdown to 60166
[13:03:14.025] [SEVERE ] setting player 2 freeze to 0
[13:03:14.025] [SEVERE ] setting player 3 freeze to 0
[13:03:14.025] [SEVERE ] setting player 2 freeze to 0
[13:03:14.025] [SEVERE ] setting player 4 freeze to 0
[13:03:14.025] [SEVERE ] setting player 3 freeze to 0
[13:03:14.025] [SEVERE ] setting player 4 freeze to 0
[13:03:14.025] [SEVERE ] updating countdown to 60166
[13:03:14.045] [SEVERE ] removing player 2 token from slot 2
[13:03:14.051] [SEVERE ] removing player 3 token from slot 0
[13:03:14.070] [SEVERE ] player 2 placing token on slot 6
[13:03:14.076] [SEVERE ] player 3 placing token on slot 10
[13:03:14.100] [SEVERE ] removing player 4 token from slot 8
[13:03:14.124] [SEVERE ] player 4 placing token on slot 7
[13:03:14.131] [SEVERE ] updating countdown to 60060
[13:03:14.131] [SEVERE ] setting player 2 freeze to 0
[13:03:14.131] [SEVERE ] setting player 3 freeze to 0
[13:03:14.131] [SEVERE ] setting player 2 freeze to 0
[13:03:14.131] [SEVERE ] setting player 4 freeze to 0
[13:03:14.131] [SEVERE ] setting player 3 freeze to 0
[13:03:14.131] [SEVERE ] setting player 4 freeze to 0
[13:03:14.131] [SEVERE ] updating countdown to 60060
[13:03:14.182] [SEVERE ] removing player 2 token from slot 5
[13:03:14.182] [SEVERE ] removing player 3 token from slot 10
[13:03:14.207] [SEVERE ] player 3 placing token on slot 11
[13:03:14.207] [SEVERE ] player 2 placing token on slot 0
[13:03:14.222] [SEVERE ] removing player 4 token from slot 6
[13:03:14.233] [SEVERE ] updating countdown to 59958
[13:03:14.233] [SEVERE ] setting player 2 freeze to 0
[13:03:14.233] [SEVERE ] setting player 3 freeze to 0
[13:03:14.234] [SEVERE ] setting player 2 freeze to 0
[13:03:14.234] [SEVERE ] setting player 3 freeze to 0
[13:03:14.234] [SEVERE ] updating countdown to 59957
[13:03:14.243] [SEVERE ] player 4 placing token on slot 3
[13:03:14.255] [SEVERE ] removing player 3 token from slot 11
[13:03:14.280] [SEVERE ] player 3 placing token on slot 7
[13:03:14.284] [SEVERE ] removing player 2 token from slot 6
[13:03:14.309] [SEVERE ] player 2 placing token on slot 10
[13:03:14.334] [SEVERE ] updating countdown to 59857
[13:03:14.334] [SEVERE ] setting player 2 freeze to 0
[13:03:14.334] [SEVERE ] setting player 2 freeze to 0
[13:03:14.334] [SEVERE ] setting player 3 freeze to 0
[13:03:14.335] [SEVERE ] setting player 4 freeze to 0
[13:03:14.335] [SEVERE ] setting player 3 freeze to 0
[13:03:14.335] [SEVERE ] setting player 4 freeze to 0
[13:03:14.335] [SEVERE ] updating countdown to 59856
[13:03:14.360] [SEVERE ] removing player 3 token from slot 9
[13:03:14.384] [SEVERE ] player 3 placing token on slot 10
[13:03:14.384] [SEVERE ] removing player 2 token from slot 0
[13:03:14.407] [SEVERE ] player 2 placing token on slot 7
[13:03:14.433] [SEVERE ] removing player 4 token from slot 3
[13:03:14.440] [SEVERE ] updating countdown to 59751
[13:03:14.440] [SEVERE ] setting player 2 freeze to 0
[13:03:14.440] [SEVERE ] setting player 3 freeze to 0
[13:03:14.440] [SEVERE ] setting player 2 freeze to 0
[13:03:14.440] [SEVERE ] setting player 3 freeze to 0
[13:03:14.440] [SEVERE ] updating countdown to 59751
[13:03:14.458] [SEVERE ] player 4 placing token on slot 6
[13:03:14.491] [SEVERE ] removing player 3 token from slot 7
[13:03:14.516] [SEVERE ] player 3 placing token on slot 5
[13:03:14.545] [SEVERE ] updating countdown to 59646
[13:03:14.546] [SEVERE ] setting player 3 freeze to 0
[13:03:14.546] [SEVERE ] setting player 4 freeze to 0
[13:03:14.546] [SEVERE ] setting player 3 freeze to 0
[13:03:14.546] [SEVERE ] setting player 4 freeze to 0
[13:03:14.546] [SEVERE ] updating countdown to 59645
[13:03:14.590] [SEVERE ] removing player 4 token from slot 11
[13:03:14.614] [SEVERE ] player 4 placing token on slot 10
[13:03:14.622] [SEVERE ] removing player 3 token from slot 3
[13:03:14.647] [SEVERE ] player 3 placing token on slot 3
[13:03:14.648] [SEVERE ] updating countdown to 59543
[13:03:14.648] [SEVERE ] setting player 3 freeze to 0
[13:03:14.649] [SEVERE ] setting player 4 freeze to 0
[13:03:14.649] [SEVERE ] setting player 3 freeze to 0
[13:03:14.649] [SEVERE ] setting player 4 freeze to 0
[13:03:14.649] [SEVERE ] updating countdown to 59542
[13:03:14.672] [SEVERE ] removing player 3 token from slot 10
[13:03:14.697] [SEVERE ] player 3 placing token on slot 1
[13:03:14.722] [SEVERE ] removing player 4 token from slot 6
[13:03:14.747] [SEVERE ] player 4 placing token on slot 9
[13:03:14.754] [SEVERE ] updating countdown to 59437
[13:03:14.754] [SEVERE ] setting player 3 freeze to 0
[13:03:14.754] [SEVERE ] setting player 4 freeze to 0
[13:03:14.754] [SEVERE ] setting player 3 freeze to 0
[13:03:14.754] [SEVERE ] setting player 4 freeze to 0
[13:03:14.754] [SEVERE ] updating countdown to 59437
[13:03:14.772] [SEVERE ] removing player 4 token from slot 10
[13:03:14.797] [SEVERE ] player 4 placing token on slot 5
[13:03:14.852] [SEVERE ] removing player 3 token from slot 1
[13:03:14.857] [SEVERE ] updating countdown to 59334
[13:03:14.858] [SEVERE ] setting player 4 freeze to 0
[13:03:14.858] [SEVERE ] setting player 4 freeze to 0
[13:03:14.858] [SEVERE ] updating countdown to 59333
[13:03:14.877] [SEVERE ] player 3 placing token on slot 9
[13:03:14.915] [SEVERE ] removing player 2 token from slot 7
[13:03:14.940] [SEVERE ] player 2 placing token on slot 5
[13:03:14.963] [SEVERE ] updating countdown to 59228
[13:03:14.963] [SEVERE ] setting player 2 freeze to 0
[13:03:14.963] [SEVERE ] setting player 3 freeze to 0
[13:03:14.963] [SEVERE ] setting player 2 freeze to 0
[13:03:14.963] [SEVERE ] setting player 3 freeze to 0
[13:03:14.963] [SEVERE ] updating countdown to 59228
[13:03:14.975] [SEVERE ] removing player 4 token from slot 5
[13:03:14.988] [SEVERE ] removing player 3 token from slot 9
[13:03:15.000] [SEVERE ] player 4 placing token on slot 11
[13:03:15.013] [SEVERE ] removing player 3 token from slot 3
[13:03:15.038] [SEVERE ] player 3 placing token on slot 9
[13:03:15.061] [SEVERE ] player 3 placing token on slot 7
[13:03:15.069] [SEVERE ] updating countdown to 59122
[13:03:15.069] [SEVERE ] setting player 3 freeze to 0
[13:03:15.069] [SEVERE ] setting player 4 freeze to 0
[13:03:15.069] [SEVERE ] setting player 3 freeze to 0
[13:03:15.069] [SEVERE ] setting player 4 freeze to 0
[13:03:15.069] [SEVERE ] updating countdown to 59122
[13:03:15.134] [SEVERE ] removing player 3 token from slot 5
[13:03:15.157] [SEVERE ] removing player 3 token from slot 9
[13:03:15.174] [SEVERE ] updating countdown to 59017
[13:03:15.182] [SEVERE ] player 3 placing token on slot 5
[13:03:15.182] [SEVERE ] removing player 2 token from slot 11
[13:03:15.207] [SEVERE ] removing player 3 token from slot 7
[13:03:15.207] [SEVERE ] player 2 placing token on slot 3
[13:03:15.232] [SEVERE ] player 3 placing token on slot 3
[13:03:15.242] [SEVERE ] removing player 4 token from slot 9
[13:03:15.257] [SEVERE ] player 3 placing token on slot 0
[13:03:15.267] [SEVERE ] removing player 4 token from slot 7
[13:03:15.280] [SEVERE ] updating countdown to 58911
[13:03:15.280] [SEVERE ] setting player 2 freeze to 0
[13:03:15.280] [SEVERE ] setting player 3 freeze to 0
[13:03:15.280] [SEVERE ] setting player 2 freeze to 0
[13:03:15.281] [SEVERE ] setting player 3 freeze to 0
[13:03:15.281] [SEVERE ] updating countdown to 58910
[13:03:15.292] [SEVERE ] player 4 placing token on slot 1
[13:03:15.314] [SEVERE ] player 4 placing token on slot 6
[13:03:15.375] [SEVERE ] removing player 3 token from slot 0
[13:03:15.385] [SEVERE ] updating countdown to 58806
[13:03:15.385] [SEVERE ] setting player 4 freeze to 0
[13:03:15.386] [SEVERE ] setting player 4 freeze to 0
[13:03:15.386] [SEVERE ] updating countdown to 58805
[13:03:15.400] [SEVERE ] player 3 placing token on slot 10
[13:03:15.406] [SEVERE ] removing player 4 token from slot 6
[13:03:15.431] [SEVERE ] player 4 placing token on slot 8
[13:03:15.450] [SEVERE ] removing player 2 token from slot 3
[13:03:15.475] [SEVERE ] removing player 2 token from slot 5
[13:03:15.487] [SEVERE ] updating countdown to 58704
[13:03:15.487] [SEVERE ] setting player 3 freeze to 0
[13:03:15.487] [SEVERE ] setting player 4 freeze to 0
[13:03:15.487] [SEVERE ] setting player 3 freeze to 0
[13:03:15.487] [SEVERE ] setting player 4 freeze to 0
[13:03:15.487] [SEVERE ] updating countdown to 58704
[13:03:15.500] [SEVERE ] player 2 placing token on slot 11
[13:03:15.526] [SEVERE ] player 2 placing token on slot 5
[13:03:15.534] [SEVERE ] removing player 4 token from slot 11
[13:03:15.538] [SEVERE ] removing player 3 token from slot 5
[13:03:15.558] [SEVERE ] player 4 placing token on slot 5
[13:03:15.562] [SEVERE ] player 3 placing token on slot 8
[13:03:15.592] [SEVERE ] updating countdown to 58599
[13:03:15.592] [SEVERE ] setting player 2 freeze to 0
[13:03:15.592] [SEVERE ] setting player 3 freeze to 0
[13:03:15.592] [SEVERE ] setting player 2 freeze to 0
[13:03:15.592] [SEVERE ] setting player 4 freeze to 0
[13:03:15.592] [SEVERE ] setting player 3 freeze to 0
[13:03:15.592] [SEVERE ] updating countdown to 58599
[13:03:15.592] [SEVERE ] setting player 4 freeze to 0
[13:03:15.642] [SEVERE ] removing player 4 token from slot 1
[13:03:15.667] [SEVERE ] player 4 placing token on slot 4
[13:03:15.691] [SEVERE ] removing player 3 token from slot 8
[13:03:15.693] [SEVERE ] updating countdown to 58498
[13:03:15.693] [SEVERE ] setting player 4 freeze to 0
[13:03:15.693] [SEVERE ] setting player 4 freeze to 0
[13:03:15.693] [SEVERE ] updating countdown to 58498
[13:03:15.714] [SEVERE ] removing player 4 token from slot 4
[13:03:15.716] [SEVERE ] player 3 placing token on slot 9
[13:03:15.739] [SEVERE ] player 4 placing token on slot 4
[13:03:15.766] [SEVERE ] removing player 2 token from slot 10
[13:03:15.791] [SEVERE ] player 2 placing token on slot 0
[13:03:15.798] [SEVERE ] updating countdown to 58393
[13:03:15.798] [SEVERE ] setting player 2 freeze to 0
[13:03:15.798] [SEVERE ] setting player 3 freeze to 0
[13:03:15.798] [SEVERE ] setting player 2 freeze to 0
[13:03:15.798] [SEVERE ] setting player 4 freeze to 0
[13:03:15.798] [SEVERE ] setting player 3 freeze to 0
[13:03:15.798] [SEVERE ] setting player 4 freeze to 0
[13:03:15.798] [SEVERE ] updating countdown to 58393
[13:03:15.824] [SEVERE ] removing player 4 token from slot 5
[13:03:15.849] [SEVERE ] player 4 placing token on slot 10
[13:03:15.849] [SEVERE ] removing player 3 token from slot 9
[13:03:15.874] [SEVERE ] player 3 placing token on slot 1
[13:03:15.899] [SEVERE ] updating countdown to 58292
[13:03:15.899] [SEVERE ] setting player 3 freeze to 0
[13:03:15.899] [SEVERE ] setting player 4 freeze to 0
[13:03:15.899] [SEVERE ] setting player 3 freeze to 0
[13:03:15.899] [SEVERE ] updating countdown to 58292
[13:03:15.899] [SEVERE ] setting player 4 freeze to 0
[13:03:15.924] [SEVERE ] removing player 3 token from slot 3
[13:03:15.949] [SEVERE ] player 3 placing token on slot 9
[13:03:15.969] [SEVERE ] removing player 4 token from slot 4
[13:03:15.991] [SEVERE ] removing player 2 token from slot 0
[13:03:15.991] [SEVERE ] player 4 placing token on slot 6
[13:03:16.004] [SEVERE ] updating countdown to 58187
[13:03:16.004] [SEVERE ] setting player 3 freeze to 0
[13:03:16.004] [SEVERE ] setting player 4 freeze to 0
[13:03:16.004] [SEVERE ] setting player 4 freeze to 0
[13:03:16.004] [SEVERE ] setting player 3 freeze to 0
[13:03:16.004] [SEVERE ] updating countdown to 58187
[13:03:16.016] [SEVERE ] player 2 placing token on slot 7
[13:03:16.075] [SEVERE ] removing player 3 token from slot 10
[13:03:16.100] [SEVERE ] player 3 placing token on slot 8
[13:03:16.110] [SEVERE ] updating countdown to 58081
[13:03:16.110] [SEVERE ] setting player 2 freeze to 0
[13:03:16.110] [SEVERE ] setting player 3 freeze to 0
[13:03:16.110] [SEVERE ] setting player 3 freeze to 0
[13:03:16.110] [SEVERE ] updating countdown to 58081
[13:03:16.110] [SEVERE ] setting player 2 freeze to 0
[13:03:16.137] [SEVERE ] removing player 4 token from slot 10
[13:03:16.160] [SEVERE ] player 4 placing token on slot 9
[13:03:16.208] [SEVERE ] removing player 2 token from slot 5
[13:03:16.215] [SEVERE ] updating countdown to 57976
[13:03:16.215] [SEVERE ] setting player 4 freeze to 0
[13:03:16.215] [SEVERE ] setting player 4 freeze to 0
[13:03:16.215] [SEVERE ] updating countdown to 57976
[13:03:16.233] [SEVERE ] player 2 placing token on slot 6
[13:03:16.236] [SEVERE ] removing player 4 token from slot 8
[13:03:16.257] [SEVERE ] player 4 placing token on slot 8
[13:03:16.320] [SEVERE ] updating countdown to 57871
[13:03:16.321] [SEVERE ] setting player 2 freeze to 0
[13:03:16.321] [SEVERE ] setting player 4 freeze to 0
[13:03:16.321] [SEVERE ] setting player 4 freeze to 0
[13:03:16.321] [SEVERE ] setting player 2 freeze to 0
[13:03:16.321] [SEVERE ] updating countdown to 57870
[13:03:16.342] [SEVERE ] removing player 4 token from slot 8
[13:03:16.365] [SEVERE ] player 4 placing token on slot 0
[13:03:16.386] [SEVERE ] removing player 3 token from slot 8
[13:03:16.396] [SEVERE ] removing player 2 token from slot 7
[13:03:16.411] [SEVERE ] player 3 placing token on slot 3
[13:03:16.421] [SEVERE ] removing player 2 token from slot 6
[13:03:16.425] [SEVERE ] updating countdown to 57766
[13:03:16.425] [SEVERE ] setting player 3 freeze to 0
[13:03:16.425] [SEVERE ] setting player 4 freeze to 0
[13:03:16.425] [SEVERE ] setting player 3 freeze to 0
[13:03:16.425] [SEVERE ] setting player 4 freeze to 0
[13:03:16.425] [SEVERE ] updating countdown to 57766
[13:03:16.446] [SEVERE ] player 2 placing token on slot 10
[13:03:16.471] [SEVERE ] player 2 placing token on slot 0
[13:03:16.530] [SEVERE ] updating countdown to 57661
[13:03:16.530] [SEVERE ] removing player 3 token from slot 3
[13:03:16.530] [SEVERE ] setting player 2 freeze to 0
[13:03:16.530] [SEVERE ] setting player 2 freeze to 0
[13:03:16.530] [SEVERE ] updating countdown to 57661
[13:03:16.542] [SEVERE ] removing player 4 token from slot 9
[13:03:16.555] [SEVERE ] player 3 placing token on slot 10
[13:03:16.562] [SEVERE ] player 4 placing token on slot 4
[13:03:16.631] [SEVERE ] updating countdown to 57560
[13:03:16.631] [SEVERE ] removing player 2 token from slot 10
[13:03:16.631] [SEVERE ] setting player 3 freeze to 0
[13:03:16.631] [SEVERE ] setting player 4 freeze to 0
[13:03:16.631] [SEVERE ] setting player 4 freeze to 0
[13:03:16.631] [SEVERE ] removing player 4 token from slot 4
[13:03:16.631] [SEVERE ] setting player 3 freeze to 0
[13:03:16.631] [SEVERE ] updating countdown to 57560
[13:03:16.653] [SEVERE ] player 4 placing token on slot 9
[13:03:16.656] [SEVERE ] removing player 2 token from slot 0
[13:03:16.681] [SEVERE ] player 2 placing token on slot 4
[13:03:16.702] [SEVERE ] player 2 placing token on slot 6
[13:03:16.726] [SEVERE ] removing player 3 token from slot 10
[13:03:16.735] [SEVERE ] updating countdown to 57456
[13:03:16.735] [SEVERE ] setting player 2 freeze to 0
[13:03:16.735] [SEVERE ] setting player 4 freeze to 0
[13:03:16.735] [SEVERE ] setting player 4 freeze to 0
[13:03:16.735] [SEVERE ] setting player 2 freeze to 0
[13:03:16.735] [SEVERE ] updating countdown to 57456
[13:03:16.747] [SEVERE ] player 3 placing token on slot 3
[13:03:16.783] [SEVERE ] removing player 4 token from slot 9
[13:03:16.808] [SEVERE ] removing player 2 token from slot 4
[13:03:16.808] [SEVERE ] player 4 placing token on slot 1
[13:03:16.832] [SEVERE ] player 2 placing token on slot 8
[13:03:16.840] [SEVERE ] updating countdown to 57351
[13:03:16.840] [SEVERE ] setting player 2 freeze to 0
[13:03:16.841] [SEVERE ] setting player 3 freeze to 0
[13:03:16.841] [SEVERE ] setting player 2 freeze to 0
[13:03:16.841] [SEVERE ] setting player 4 freeze to 0
[13:03:16.841] [SEVERE ] setting player 3 freeze to 0
[13:03:16.841] [SEVERE ] setting player 4 freeze to 0
[13:03:16.841] [SEVERE ] updating countdown to 57350
[13:03:16.891] [SEVERE ] removing player 3 token from slot 1
[13:03:16.916] [SEVERE ] removing player 3 token from slot 3
[13:03:16.941] [SEVERE ] player 3 placing token on slot 10
[13:03:16.946] [SEVERE ] updating countdown to 57245
[13:03:16.963] [SEVERE ] removing player 3 token from slot 10
[13:03:16.988] [SEVERE ] player 3 placing token on slot 4
[13:03:17.008] [SEVERE ] player 3 placing token on slot 2
[13:03:17.050] [SEVERE ] updating countdown to 57141
[13:03:17.050] [SEVERE ] setting player 3 freeze to 0
[13:03:17.051] [SEVERE ] setting player 3 freeze to 0
[13:03:17.051] [SEVERE ] updating countdown to 57140
[13:03:17.100] [SEVERE ] removing player 2 token from slot 11
[13:03:17.125] [SEVERE ] player 2 placing token on slot 0
[13:03:17.156] [SEVERE ] updating countdown to 57035
[13:03:17.156] [SEVERE ] setting player 2 freeze to 0
[13:03:17.156] [SEVERE ] setting player 2 freeze to 0
[13:03:17.156] [SEVERE ] updating countdown to 57035
[13:03:17.197] [SEVERE ] removing player 3 token from slot 2
[13:03:17.205] [SEVERE ] removing player 4 token from slot 1
[13:03:17.223] [SEVERE ] removing player 3 token from slot 4
[13:03:17.231] [SEVERE ] player 4 placing token on slot 1
[13:03:17.248] [SEVERE ] player 3 placing token on slot 5
[13:03:17.256] [SEVERE ] removing player 2 token from slot 8
[13:03:17.261] [SEVERE ] updating countdown to 56930
[13:03:17.261] [SEVERE ] setting player 4 freeze to 0
[13:03:17.261] [SEVERE ] setting player 4 freeze to 0
[13:03:17.262] [SEVERE ] updating countdown to 56930
[13:03:17.273] [SEVERE ] player 3 placing token on slot 8
[13:03:17.281] [SEVERE ] player 2 placing token on slot 2
[13:03:17.287] [SEVERE ] removing player 4 token from slot 1
[13:03:17.308] [SEVERE ] player 4 placing token on slot 11
[13:03:17.367] [SEVERE ] updating countdown to 56824
[13:03:17.367] [SEVERE ] setting player 2 freeze to 0
[13:03:17.367] [SEVERE ] setting player 3 freeze to 0
[13:03:17.367] [SEVERE ] setting player 2 freeze to 0
[13:03:17.367] [SEVERE ] setting player 4 freeze to 0
[13:03:17.367] [SEVERE ] setting player 3 freeze to 0
[13:03:17.367] [SEVERE ] setting player 4 freeze to 0
[13:03:17.367] [SEVERE ] updating countdown to 56824
[13:03:17.392] [SEVERE ] removing player 2 token from slot 0
[13:03:17.416] [SEVERE ] removing player 3 token from slot 5
[13:03:17.417] [SEVERE ] player 2 placing token on slot 5
[13:03:17.440] [SEVERE ] player 3 placing token on slot 10
[13:03:17.442] [SEVERE ] removing player 4 token from slot 6
[13:03:17.467] [SEVERE ] removing player 4 token from slot 0
[13:03:17.472] [SEVERE ] updating countdown to 56719
[13:03:17.472] [SEVERE ] setting player 2 freeze to 0
[13:03:17.472] [SEVERE ] setting player 3 freeze to 0
[13:03:17.472] [SEVERE ] setting player 3 freeze to 0
[13:03:17.472] [SEVERE ] setting player 2 freeze to 0
[13:03:17.472] [SEVERE ] updating countdown to 56719
[13:03:17.472] [SEVERE ] removing player 3 token from slot 10
[13:03:17.492] [SEVERE ] player 4 placing token on slot 1
[13:03:17.497] [SEVERE ] player 3 placing token on slot 3
[13:03:17.517] [SEVERE ] player 4 placing token on slot 0
[13:03:17.567] [SEVERE ] removing player 2 token from slot 6
[13:03:17.577] [SEVERE ] updating countdown to 56614
[13:03:17.578] [SEVERE ] setting player 3 freeze to 0
[13:03:17.578] [SEVERE ] setting player 4 freeze to 0
[13:03:17.578] [SEVERE ] setting player 3 freeze to 0
[13:03:17.578] [SEVERE ] setting player 4 freeze to 0
[13:03:17.578] [SEVERE ] updating countdown to 56613
[13:03:17.592] [SEVERE ] player 2 placing token on slot 3
[13:03:17.603] [SEVERE ] removing player 3 token from slot 9
[13:03:17.624] [SEVERE ] player 3 placing token on slot 6
[13:03:17.674] [SEVERE ] removing player 4 token from slot 1
[13:03:17.683] [SEVERE ] updating countdown to 56508
[13:03:17.683] [SEVERE ] setting player 2 freeze to 0
[13:03:17.683] [SEVERE ] setting player 3 freeze to 0
[13:03:17.683] [SEVERE ] setting player 2 freeze to 0
[13:03:17.683] [SEVERE ] setting player 3 freeze to 0
[13:03:17.683] [SEVERE ] updating countdown to 56508
[13:03:17.699] [SEVERE ] player 4 placing token on slot 3
[13:03:17.732] [SEVERE ] removing player 3 token from slot 6
[13:03:17.757] [SEVERE ] player 3 placing token on slot 5
[13:03:17.788] [SEVERE ] updating countdown to 56403
[13:03:17.788] [SEVERE ] setting player 3 freeze to 0
[13:03:17.789] [SEVERE ] setting player 4 freeze to 0
[13:03:17.789] [SEVERE ] setting player 3 freeze to 0
[13:03:17.789] [SEVERE ] setting player 4 freeze to 0
[13:03:17.789] [SEVERE ] updating countdown to 56402
[13:03:17.789] [SEVERE ] removing player 3 token from slot 3
[13:03:17.811] [SEVERE ] removing player 3 token from slot 8
[13:03:17.833] [SEVERE ] player 3 placing token on slot 8
[13:03:17.855] [SEVERE ] player 3 placing token on slot 2
[13:03:17.860] [SEVERE ] removing player 4 token from slot 11
[13:03:17.885] [SEVERE ] player 4 placing token on slot 11
[13:03:17.891] [SEVERE ] updating countdown to 56300
[13:03:17.891] [SEVERE ] setting player 3 freeze to 0
[13:03:17.891] [SEVERE ] setting player 4 freeze to 0
[13:03:17.891] [SEVERE ] setting player 4 freeze to 0
[13:03:17.891] [SEVERE ] setting player 3 freeze to 0
[13:03:17.891] [SEVERE ] updating countdown to 56300
[13:03:17.908] [SEVERE ] removing player 4 token from slot 11
[13:03:17.916] [SEVERE ] removing player 3 token from slot 8
[13:03:17.933] [SEVERE ] player 4 placing token on slot 5
[13:03:17.938] [SEVERE ] removing player 3 token from slot 2
[13:03:17.963] [SEVERE ] player 3 placing token on slot 2
[13:03:17.981] [SEVERE ] removing player 2 token from slot 2
[13:03:17.988] [SEVERE ] player 3 placing token on slot 9
[13:03:17.996] [SEVERE ] updating countdown to 56195
[13:03:17.996] [SEVERE ] setting player 3 freeze to 0
[13:03:17.996] [SEVERE ] setting player 4 freeze to 0
[13:03:17.996] [SEVERE ] setting player 3 freeze to 0
[13:03:17.996] [SEVERE ] updating countdown to 56195
[13:03:17.996] [SEVERE ] setting player 4 freeze to 0
[13:03:18.006] [SEVERE ] player 2 placing token on slot 4
[13:03:18.013] [SEVERE ] removing player 3 token from slot 2
[13:03:18.018] [SEVERE ] removing player 4 token from slot 5
[13:03:18.039] [SEVERE ] player 3 placing token on slot 7
[13:03:18.043] [SEVERE ] player 4 placing token on slot 6
[13:03:18.102] [SEVERE ] updating countdown to 56089
[13:03:18.102] [SEVERE ] setting player 2 freeze to 0
[13:03:18.102] [SEVERE ] setting player 3 freeze to 0
[13:03:18.102] [SEVERE ] setting player 2 freeze to 0
[13:03:18.102] [SEVERE ] setting player 4 freeze to 0
[13:03:18.102] [SEVERE ] setting player 3 freeze to 0
[13:03:18.102] [SEVERE ] setting player 4 freeze to 0
[13:03:18.102] [SEVERE ] updating countdown to 56089
[13:03:18.207] [SEVERE ] updating countdown to 55984
[13:03:18.245] [SEVERE ] removing player 2 token from slot 5
[13:03:18.270] [SEVERE ] player 2 placing token on slot 10
[13:03:18.296] [SEVERE ] removing player 4 token from slot 0
[13:03:18.313] [SEVERE ] updating countdown to 55878
[13:03:18.313] [SEVERE ] setting player 2 freeze to 0
[13:03:18.313] [SEVERE ] setting player 2 freeze to 0
[13:03:18.313] [SEVERE ] updating countdown to 55878
[13:03:18.321] [SEVERE ] player 4 placing token on slot 1
[13:03:18.334] [SEVERE ] removing player 2 token from slot 10
[13:03:18.341] [SEVERE ] removing player 3 token from slot 7
[13:03:18.358] [SEVERE ] player 2 placing token on slot 7
[13:03:18.366] [SEVERE ] player 3 placing token on slot 6
[13:03:18.413] [SEVERE ] updating countdown to 55778
[13:03:18.413] [SEVERE ] setting player 2 freeze to 0
[13:03:18.413] [SEVERE ] setting player 2 freeze to 0
[13:03:18.413] [SEVERE ] removing player 3 token from slot 6
[13:03:18.413] [SEVERE ] removing player 4 token from slot 6
[13:03:18.518] [SEVERE ] removing card from slot 6
[13:03:18.519] [SEVERE ] removing player 3 token from slot 5
[13:03:18.624] [SEVERE ] removing card from slot 5
[13:03:18.624] [SEVERE ] removing player 3 token from slot 9
[13:03:18.725] [SEVERE ] removing card from slot 9
[13:03:18.725] [SEVERE ] setting player 3 score to 1
[13:03:18.725] [SEVERE ] setting player 3 freeze to 1000
[13:03:18.726] [SEVERE ] updating countdown to 60000
[13:03:18.726] [SEVERE ] setting player 3 freeze to 1000
[13:03:18.831] [SEVERE ] placing card 21 in slot 5
[13:03:18.936] [SEVERE ] placing card 36 in slot 6
[13:03:19.041] [SEVERE ] placing card 0 in slot 9
[13:03:19.146] [SEVERE ] updating countdown to 60580
[13:03:19.172] [SEVERE ] player 4 placing token on slot 2
[13:03:19.197] [SEVERE ] removing player 2 token from slot 7
[13:03:19.217] [SEVERE ] removing player 2 token from slot 3
[13:03:19.242] [SEVERE ] player 2 placing token on slot 2
[13:03:19.252] [SEVERE ] updating countdown to 60474
[13:03:19.252] [SEVERE ] setting player 4 freeze to 0
[13:03:19.252] [SEVERE ] setting player 4 freeze to 0
[13:03:19.252] [SEVERE ] updating countdown to 60474
[13:03:19.267] [SEVERE ] player 2 placing token on slot 1
[13:03:19.357] [SEVERE ] updating countdown to 60369
[13:03:19.357] [SEVERE ] setting player 2 freeze to 0
[13:03:19.357] [SEVERE ] updating countdown to 60369
[13:03:19.357] [SEVERE ] setting player 2 freeze to 0
[13:03:19.375] [SEVERE ] removing player 4 token from slot 3
[13:03:19.400] [SEVERE ] player 4 placing token on slot 11
[13:03:19.458] [SEVERE ] updating countdown to 60268
[13:03:19.458] [SEVERE ] setting player 4 freeze to 0
[13:03:19.458] [SEVERE ] updating countdown to 60268
[13:03:19.458] [SEVERE ] setting player 4 freeze to 0
[13:03:19.505] [SEVERE ] removing player 4 token from slot 1
[13:03:19.530] [SEVERE ] player 4 placing token on slot 4
[13:03:19.564] [SEVERE ] updating countdown to 60163
[13:03:19.564] [SEVERE ] setting player 4 freeze to 0
[13:03:19.564] [SEVERE ] setting player 4 freeze to 0
[13:03:19.564] [SEVERE ] updating countdown to 60162
[13:03:19.564] [SEVERE ] removing player 4 token from slot 2
[13:03:19.588] [SEVERE ] player 4 placing token on slot 5
[13:03:19.625] [SEVERE ] removing player 2 token from slot 2
[13:03:19.650] [SEVERE ] player 2 placing token on slot 2
[13:03:19.669] [SEVERE ] updating countdown to 60057
[13:03:19.669] [SEVERE ] setting player 2 freeze to 0
[13:03:19.669] [SEVERE ] setting player 4 freeze to 0
[13:03:19.669] [SEVERE ] setting player 2 freeze to 0
[13:03:19.669] [SEVERE ] setting player 4 freeze to 0
[13:03:19.669] [SEVERE ] updating countdown to 60057
[13:03:19.731] [SEVERE ] setting player 3 freeze to 0
[13:03:19.742] [SEVERE ] removing player 4 token from slot 4
[13:03:19.762] [SEVERE ] player 4 placing token on slot 2
[13:03:19.774] [SEVERE ] updating countdown to 59952
[13:03:19.774] [SEVERE ] removing player 2 token from slot 4
[13:03:19.774] [SEVERE ] removing player 4 token from slot 11
[13:03:19.799] [SEVERE ] player 2 placing token on slot 5
[13:03:19.799] [SEVERE ] player 3 placing token on slot 3
[13:03:19.825] [SEVERE ] player 3 placing token on slot 5
[13:03:19.875] [SEVERE ] removing card from slot 11
[13:03:19.875] [SEVERE ] removing player 2 token from slot 2
[13:03:19.875] [SEVERE ] player 3 placing token on slot 0
[13:03:19.875] [SEVERE ] removing player 4 token from slot 2
[13:03:19.980] [SEVERE ] removing card from slot 2
[13:03:19.980] [SEVERE ] removing player 2 token from slot 5
[13:03:19.981] [SEVERE ] removing player 3 token from slot 5
[13:03:19.981] [SEVERE ] removing player 4 token from slot 5
[13:03:20.086] [SEVERE ] removing card from slot 5
[13:03:20.086] [SEVERE ] setting player 4 score to 1
[13:03:20.086] [SEVERE ] setting player 4 freeze to 1000
[13:03:20.086] [SEVERE ] updating countdown to 60000
[13:03:20.086] [SEVERE ] setting player 4 freeze to 1000
[13:03:20.191] [SEVERE ] placing card 23 in slot 2
[13:03:20.293] [SEVERE ] placing card 79 in slot 5
[13:03:20.399] [SEVERE ] placing card 39 in slot 11
[13:03:20.504] [SEVERE ] updating countdown to 60582
[13:03:20.504] [SEVERE ] updating countdown to 60582
[13:03:20.504] [SEVERE ] player 2 placing token on slot 11
[13:03:20.504] [SEVERE ] player 3 placing token on slot 10
[13:03:20.529] [SEVERE ] player 2 placing token on slot 9
[13:03:20.608] [SEVERE ] updating countdown to 60478
[13:03:20.608] [SEVERE ] setting player 2 freeze to 0
[13:03:20.609] [SEVERE ] setting player 3 freeze to 0
[13:03:20.609] [SEVERE ] setting player 2 freeze to 0
[13:03:20.609] [SEVERE ] setting player 3 freeze to 0
[13:03:20.609] [SEVERE ] updating countdown to 60477
[13:03:20.683] [SEVERE ] removing player 3 token from slot 3
[13:03:20.708] [SEVERE ] player 3 placing token on slot 7
[13:03:20.714] [SEVERE ] updating countdown to 60372
[13:03:20.714] [SEVERE ] setting player 3 freeze to 0
[13:03:20.714] [SEVERE ] setting player 3 freeze to 0
[13:03:20.714] [SEVERE ] updating countdown to 60372
[13:03:20.819] [SEVERE ] updating countdown to 60267
[13:03:20.832] [SEVERE ] removing player 2 token from slot 11
[13:03:20.856] [SEVERE ] player 2 placing token on slot 3
[13:03:20.924] [SEVERE ] updating countdown to 60162
[13:03:20.924] [SEVERE ] setting player 2 freeze to 0
[13:03:20.924] [SEVERE ] setting player 2 freeze to 0
[13:03:20.924] [SEVERE ] updating countdown to 60162
[13:03:20.981] [SEVERE ] removing player 3 token from slot 0
[13:03:21.006] [SEVERE ] player 3 placing token on slot 9
[13:03:21.030] [SEVERE ] updating countdown to 60056
[13:03:21.030] [SEVERE ] setting player 3 freeze to 0
[13:03:21.030] [SEVERE ] setting player 3 freeze to 0
[13:03:21.030] [SEVERE ] updating countdown to 60056
[13:03:21.073] [SEVERE ] removing player 2 token from slot 1
[13:03:21.075] [SEVERE ] removing player 3 token from slot 7
[13:03:21.091] [SEVERE ] setting player 4 freeze to 0
[13:03:21.095] [SEVERE ] removing player 3 token from slot 10
[13:03:21.095] [SEVERE ] player 2 placing token on slot 7
[13:03:21.120] [SEVERE ] player 3 placing token on slot 0
[13:03:21.135] [SEVERE ] updating countdown to 59951
[13:03:21.135] [SEVERE ] setting player 2 freeze to 0
[13:03:21.135] [SEVERE ] setting player 2 freeze to 0
[13:03:21.135] [SEVERE ] updating countdown to 59951
[13:03:21.142] [SEVERE ] removing player 3 token from slot 0
[13:03:21.157] [SEVERE ] player 4 placing token on slot 8
[13:03:21.167] [SEVERE ] player 3 placing token on slot 4
[13:03:21.180] [SEVERE ] player 4 placing token on slot 11
[13:03:21.188] [SEVERE ] player 3 placing token on slot 0
[13:03:21.205] [SEVERE ] player 4 placing token on slot 9
[13:03:21.240] [SEVERE ] updating countdown to 59846
[13:03:21.241] [SEVERE ] setting player 3 freeze to 0
[13:03:21.241] [SEVERE ] setting player 4 freeze to 0
[13:03:21.241] [SEVERE ] setting player 3 freeze to 0
[13:03:21.241] [SEVERE ] setting player 4 freeze to 0
[13:03:21.241] [SEVERE ] updating countdown to 59845
[13:03:21.241] [SEVERE ] removing player 3 token from slot 4
[13:03:21.261] [SEVERE ] player 3 placing token on slot 11
[13:03:21.331] [SEVERE ] removing player 4 token from slot 11
[13:03:21.346] [SEVERE ] updating countdown to 59740
[13:03:21.346] [SEVERE ] setting player 3 freeze to 0
[13:03:21.346] [SEVERE ] setting player 3 freeze to 0
[13:03:21.346] [SEVERE ] updating countdown to 59740
[13:03:21.356] [SEVERE ] removing player 4 token from slot 8
[13:03:21.381] [SEVERE ] player 4 placing token on slot 2
[13:03:21.402] [SEVERE ] player 4 placing token on slot 5
[13:03:21.431] [SEVERE ] removing player 2 token from slot 7
[13:03:21.447] [SEVERE ] removing player 3 token from slot 0
[13:03:21.447] [SEVERE ] updating countdown to 59639
[13:03:21.447] [SEVERE ] setting player 4 freeze to 0
[13:03:21.447] [SEVERE ] setting player 4 freeze to 0
[13:03:21.447] [SEVERE ] updating countdown to 59639
[13:03:21.456] [SEVERE ] player 2 placing token on slot 4
[13:03:21.472] [SEVERE ] player 3 placing token on slot 7
[13:03:21.522] [SEVERE ] removing player 4 token from slot 9
[13:03:21.547] [SEVERE ] player 4 placing token on slot 6
[13:03:21.552] [SEVERE ] updating countdown to 59534
[13:03:21.552] [SEVERE ] removing player 2 token from slot 3
[13:03:21.653] [SEVERE ] removing card from slot 3
[13:03:21.653] [SEVERE ] removing player 2 token from slot 9
[13:03:21.653] [SEVERE ] removing player 3 token from slot 9
[13:03:21.758] [SEVERE ] removing card from slot 9
[13:03:21.758] [SEVERE ] removing player 2 token from slot 4
[13:03:21.858] [SEVERE ] removing card from slot 4
[13:03:21.858] [SEVERE ] setting player 2 score to 1
[13:03:21.858] [SEVERE ] setting player 2 freeze to 1000
[13:03:21.858] [SEVERE ] updating countdown to 60000
[13:03:21.859] [SEVERE ] setting player 4 freeze to 0
[13:03:21.859] [SEVERE ] setting player 2 freeze to 1000
[13:03:21.859] [SEVERE ] setting player 4 freeze to 0
[13:03:21.964] [SEVERE ] placing card 44 in slot 3
[13:03:22.069] [SEVERE ] placing card 8 in slot 4
[13:03:22.174] [SEVERE ] placing card 70 in slot 9
[13:03:22.279] [SEVERE ] updating countdown to 60580
[13:03:22.304] [SEVERE ] removing player 4 token from slot 6
[13:03:22.304] [SEVERE ] player 3 placing token on slot 3
[13:03:22.329] [SEVERE ] player 4 placing token on slot 3
[13:03:22.384] [SEVERE ] updating countdown to 60475
[13:03:22.384] [SEVERE ] setting player 3 freeze to 0
[13:03:22.384] [SEVERE ] setting player 4 freeze to 0
[13:03:22.384] [SEVERE ] setting player 3 freeze to 0
[13:03:22.385] [SEVERE ] setting player 4 freeze to 0
[13:03:22.385] [SEVERE ] updating countdown to 60474
[13:03:22.408] [SEVERE ] removing player 4 token from slot 3
[13:03:22.433] [SEVERE ] player 4 placing token on slot 11
[13:03:22.459] [SEVERE ] removing player 3 token from slot 7
[13:03:22.484] [SEVERE ] player 3 placing token on slot 10
[13:03:22.490] [SEVERE ] updating countdown to 60369
[13:03:22.490] [SEVERE ] setting player 3 freeze to 0
[13:03:22.490] [SEVERE ] setting player 4 freeze to 0
[13:03:22.490] [SEVERE ] setting player 3 freeze to 0
[13:03:22.490] [SEVERE ] setting player 4 freeze to 0
[13:03:22.490] [SEVERE ] updating countdown to 60369
[13:03:22.509] [SEVERE ] removing player 3 token from slot 11
[13:03:22.534] [SEVERE ] player 3 placing token on slot 0
[13:03:22.558] [SEVERE ] removing player 4 token from slot 5
[13:03:22.583] [SEVERE ] removing player 4 token from slot 11
[13:03:22.595] [SEVERE ] updating countdown to 60264
[13:03:22.595] [SEVERE ] setting player 3 freeze to 0
[13:03:22.595] [SEVERE ] setting player 3 freeze to 0
[13:03:22.595] [SEVERE ] updating countdown to 60264
[13:03:22.608] [SEVERE ] player 4 placing token on slot 3
[13:03:22.633] [SEVERE ] removing player 4 token from slot 2
[13:03:22.658] [SEVERE ] player 4 placing token on slot 4
[13:03:22.670] [SEVERE ] removing player 3 token from slot 0
[13:03:22.683] [SEVERE ] player 4 placing token on slot 7
[13:03:22.695] [SEVERE ] removing player 3 token from slot 3
[13:03:22.700] [SEVERE ] updating countdown to 60159
[13:03:22.700] [SEVERE ] setting player 4 freeze to 0
[13:03:22.700] [SEVERE ] setting player 4 freeze to 0
[13:03:22.700] [SEVERE ] updating countdown to 60159
[13:03:22.720] [SEVERE ] player 3 placing token on slot 5
[13:03:22.733] [SEVERE ] removing player 4 token from slot 4
[13:03:22.742] [SEVERE ] player 3 placing token on slot 9
[13:03:22.758] [SEVERE ] player 4 placing token on slot 11
[13:03:22.805] [SEVERE ] updating countdown to 60054
[13:03:22.805] [SEVERE ] setting player 3 freeze to 0
[13:03:22.805] [SEVERE ] setting player 4 freeze to 0
[13:03:22.805] [SEVERE ] setting player 3 freeze to 0
[13:03:22.805] [SEVERE ] setting player 4 freeze to 0
[13:03:22.805] [SEVERE ] updating countdown to 60054
[13:03:22.854] [SEVERE ] removing player 4 token from slot 11
[13:03:22.864] [SEVERE ] setting player 2 freeze to 0
[13:03:22.879] [SEVERE ] removing player 3 token from slot 9
[13:03:22.879] [SEVERE ] player 4 placing token on slot 11
[13:03:22.904] [SEVERE ] player 3 placing token on slot 3
[13:03:22.911] [SEVERE ] updating countdown to 59948
[13:03:22.911] [SEVERE ] removing player 3 token from slot 5
[13:03:22.936] [SEVERE ] player 2 placing token on slot 1
[13:03:22.961] [SEVERE ] removing player 2 token from slot 1
[13:03:22.986] [SEVERE ] player 2 placing token on slot 11
[13:03:23.008] [SEVERE ] player 2 placing token on slot 1
[13:03:23.016] [SEVERE ] removing card from slot 5
[13:03:23.016] [SEVERE ] removing player 3 token from slot 10
[13:03:23.033] [SEVERE ] player 2 placing token on slot 10
[13:03:23.121] [SEVERE ] removing card from slot 10
[13:03:23.121] [SEVERE ] removing player 3 token from slot 3
[13:03:23.121] [SEVERE ] removing player 4 token from slot 3
[13:03:23.226] [SEVERE ] removing card from slot 3
[13:03:23.226] [SEVERE ] setting player 3 score to 2
[13:03:23.226] [SEVERE ] setting player 3 freeze to 1000
[13:03:23.226] [SEVERE ] updating countdown to 60000
[13:03:23.227] [SEVERE ] setting player 3 freeze to 1000
[13:03:23.331] [SEVERE ] placing card 29 in slot 3
[13:03:23.436] [SEVERE ] placing card 19 in slot 5
[13:03:23.537] [SEVERE ] placing card 14 in slot 10
[13:03:23.642] [SEVERE ] updating countdown to 60585
[13:03:23.642] [SEVERE ] setting player 2 freeze to 0
[13:03:23.642] [SEVERE ] setting player 2 freeze to 0
[13:03:23.642] [SEVERE ] updating countdown to 60585
[13:03:23.667] [SEVERE ] player 4 placing token on slot 9
[13:03:23.667] [SEVERE ] removing player 2 token from slot 11
[13:03:23.692] [SEVERE ] player 2 placing token on slot 6
[13:03:23.747] [SEVERE ] updating countdown to 60480
[13:03:23.747] [SEVERE ] setting player 2 freeze to 0
[13:03:23.747] [SEVERE ] setting player 4 freeze to 0
[13:03:23.747] [SEVERE ] setting player 2 freeze to 0
[13:03:23.747] [SEVERE ] setting player 4 freeze to 0
[13:03:23.747] [SEVERE ] updating countdown to 60480
[13:03:23.818] [SEVERE ] removing player 4 token from slot 7
[13:03:23.843] [SEVERE ] removing player 4 token from slot 9
[13:03:23.852] [SEVERE ] updating countdown to 60375
[13:03:23.868] [SEVERE ] player 4 placing token on slot 4
[13:03:23.892] [SEVERE ] player 4 placing token on slot 7
[13:03:23.917] [SEVERE ] removing player 2 token from slot 6
[13:03:23.942] [SEVERE ] player 2 placing token on slot 4
[13:03:23.957] [SEVERE ] updating countdown to 60270
[13:03:23.957] [SEVERE ] setting player 2 freeze to 0
[13:03:23.957] [SEVERE ] setting player 4 freeze to 0
[13:03:23.957] [SEVERE ] setting player 2 freeze to 0
[13:03:23.957] [SEVERE ] setting player 4 freeze to 0
[13:03:23.957] [SEVERE ] updating countdown to 60270
[13:03:23.967] [SEVERE ] removing player 2 token from slot 10
[13:03:23.992] [SEVERE ] player 2 placing token on slot 7
[13:03:24.058] [SEVERE ] updating countdown to 60169
[13:03:24.058] [SEVERE ] setting player 2 freeze to 0
[13:03:24.058] [SEVERE ] updating countdown to 60169
[13:03:24.058] [SEVERE ] setting player 2 freeze to 0
[13:03:24.163] [SEVERE ] updating countdown to 60064
[13:03:24.208] [SEVERE ] removing player 2 token from slot 7
[13:03:24.232] [SEVERE ] setting player 3 freeze to 0
[13:03:24.232] [SEVERE ] player 2 placing token on slot 11
[13:03:24.233] [SEVERE ] removing player 4 token from slot 11
[13:03:24.254] [SEVERE ] exit button pressed
[13:03:24.255] [INFO   ] thread player0 terminated.
[13:03:24.255] [INFO   ] thread player3 terminated.
[13:03:24.255] [SEVERE ] updating countdown to 59972
[13:03:24.255] [SEVERE ] setting player 2 freeze to 0
[13:03:24.255] [SEVERE ] removing all tokens
[13:03:24.255] [INFO   ] thread player2 terminated.
[13:03:24.257] [INFO   ] thread computer-1 terminated.
[13:03:24.257] [INFO   ] thread player1 terminated.
[13:03:24.258] [INFO   ] thread computer-3 terminated.
[13:03:24.280] [INFO   ] thread computer-2 terminated.
[13:03:24.360] [SEVERE ] removing card from slot 0
[13:03:24.465] [SEVERE ] removing card from slot 1
[13:03:24.570] [SEVERE ] removing card from slot 2
[13:03:24.676] [SEVERE ] removing card from slot 3
[13:03:24.779] [SEVERE ] removing card from slot 4
[13:03:24.884] [SEVERE ] removing card from slot 5
[13:03:24.990] [SEVERE ] removing card from slot 6
[13:03:25.095] [SEVERE ] removing card from slot 7
[13:03:25.201] [SEVERE ] removing card from slot 8
[13:03:25.301] [SEVERE ] removing card from slot 9
[13:03:25.405] [SEVERE ] removing card from slot 10
[13:03:25.510] [SEVERE ] removing card from slot 11
[13:03:25.511] [SEVERE ] announcing winner(s): player 3
[13:03:25.511] [INFO   ] thread dealer terminated.
[13:03:25.511] [INFO   ] thread dealer terminated.
[13:03:25.511] [SEVERE ] thanks for playing... it was fun!
[13:03:25.512] [INFO   ] thread main terminated.
