[16:58:44.385] [INFO   ] thread main starting.
[16:58:44.391] [SEVERE ] cannot read configuration file config.properties trying from resources.
[16:58:44.393] [SEVERE ] configuration file was loaded from resources directory.
[16:58:45.423] [INFO   ] thread dealer starting.
[16:58:45.423] [INFO   ] thread dealer starting.
[16:58:45.423] [INFO   ] thread player0 starting.
[16:58:45.424] [INFO   ] thread player1 starting.
[16:58:45.424] [INFO   ] thread computer-1 starting.
[16:58:45.424] [INFO   ] thread player2 starting.
[16:58:45.425] [INFO   ] thread computer-2 starting.
[16:58:45.425] [INFO   ] thread player3 starting.
[16:58:45.426] [INFO   ] thread computer-3 starting.
[16:58:45.426] [INFO   ] thread player4 starting.
[16:58:45.426] [INFO   ] thread computer-4 starting.
[16:58:45.426] [INFO   ] thread player5 starting.
[16:58:45.427] [INFO   ] thread computer-5 starting.
[16:58:45.427] [INFO   ] thread player6 starting.
[16:58:45.427] [INFO   ] thread computer-6 starting.
[16:58:45.427] [INFO   ] thread player7 starting.
[16:58:45.428] [INFO   ] thread computer-7 starting.
[16:58:45.428] [INFO   ] thread player8 starting.
[16:58:45.429] [INFO   ] thread computer-8 starting.
[16:58:45.429] [INFO   ] thread player9 starting.
[16:58:45.429] [INFO   ] thread computer-9 starting.
[16:58:45.429] [INFO   ] thread player10 starting.
[16:58:45.430] [INFO   ] thread computer-10 starting.
[16:58:45.539] [SEVERE ] placing card 46 in slot 0
[16:58:45.644] [SEVERE ] placing card 59 in slot 1
[16:58:45.750] [SEVERE ] placing card 7 in slot 2
[16:58:45.855] [SEVERE ] placing card 65 in slot 3
[16:58:45.957] [SEVERE ] placing card 11 in slot 4
[16:58:46.062] [SEVERE ] placing card 28 in slot 5
[16:58:46.168] [SEVERE ] placing card 76 in slot 6
[16:58:46.273] [SEVERE ] placing card 24 in slot 7
[16:58:46.379] [SEVERE ] placing card 68 in slot 8
[16:58:46.484] [SEVERE ] placing card 66 in slot 9
[16:58:46.589] [SEVERE ] placing card 48 in slot 10
[16:58:46.695] [SEVERE ] placing card 5 in slot 11
[16:58:46.695] [SEVERE ] updating countdown to 60000
[16:58:46.801] [SEVERE ] updating countdown to 60895
[16:58:46.827] [SEVERE ] player 11 placing token on slot 1
[16:58:46.827] [SEVERE ] player 2 placing token on slot 3
[16:58:46.827] [SEVERE ] player 9 placing token on slot 6
[16:58:46.827] [SEVERE ] player 8 placing token on slot 10
[16:58:46.827] [SEVERE ] player 3 placing token on slot 2
[16:58:46.827] [SEVERE ] player 5 placing token on slot 1
[16:58:46.829] [SEVERE ] player 6 placing token on slot 1
[16:58:46.839] [SEVERE ] player 10 placing token on slot 1
[16:58:46.848] [SEVERE ] player 10 placing token on slot 11
[16:58:46.850] [SEVERE ] player 4 placing token on slot 1
[16:58:46.851] [SEVERE ] player 8 placing token on slot 2
[16:58:46.852] [SEVERE ] player 7 placing token on slot 1
[16:58:46.853] [SEVERE ] removing player 4 token from slot 1
[16:58:46.853] [SEVERE ] player 3 placing token on slot 3
[16:58:46.853] [SEVERE ] player 7 placing token on slot 9
[16:58:46.852] [SEVERE ] removing player 11 token from slot 1
[16:58:46.852] [SEVERE ] player 6 placing token on slot 7
[16:58:46.852] [SEVERE ] player 5 placing token on slot 2
[16:58:46.852] [SEVERE ] player 9 placing token on slot 8
[16:58:46.883] [SEVERE ] player 11 placing token on slot 8
[16:58:46.883] [SEVERE ] player 9 placing token on slot 9
[16:58:46.884] [SEVERE ] player 5 placing token on slot 4
[16:58:46.884] [SEVERE ] player 3 placing token on slot 8
[16:58:46.884] [SEVERE ] player 7 placing token on slot 6
[16:58:46.885] [SEVERE ] player 10 placing token on slot 5
[16:58:46.885] [SEVERE ] player 4 placing token on slot 8
[16:58:46.885] [SEVERE ] player 8 placing token on slot 7
[16:58:46.885] [SEVERE ] player 2 placing token on slot 2
[16:58:46.885] [SEVERE ] player 6 placing token on slot 3
[16:58:46.906] [SEVERE ] updating countdown to 60790
[16:58:46.906] [SEVERE ] player 11 placing token on slot 0
[16:58:46.907] [SEVERE ] setting player 3 freeze to 3000
[16:58:46.907] [SEVERE ] setting player 5 freeze to 3000
[16:58:46.907] [SEVERE ] player 4 placing token on slot 6
[16:58:46.907] [SEVERE ] setting player 3 freeze to 3000
[16:58:46.908] [SEVERE ] player 2 placing token on slot 4
[16:58:46.907] [SEVERE ] setting player 6 freeze to 3000
[16:58:46.907] [SEVERE ] setting player 5 freeze to 3000
[16:58:46.908] [INFO   ] PLAYER 6 HAS A SET
[16:58:46.908] [SEVERE ] setting player 6 freeze to 3000
[16:58:46.909] [SEVERE ] removing player 5 token from slot 1
[16:58:46.909] [SEVERE ] removing player 6 token from slot 1
[16:58:46.909] [SEVERE ] removing player 7 token from slot 1
[16:58:46.909] [SEVERE ] removing player 10 token from slot 1
[16:58:46.932] [SEVERE ] player 11 placing token on slot 6
[16:58:46.932] [SEVERE ] player 4 placing token on slot 5
[16:58:47.014] [SEVERE ] removing card from slot 1
[16:58:47.015] [SEVERE ] removing player 7 token from slot 9
[16:58:47.015] [SEVERE ] removing player 9 token from slot 9
[16:58:47.120] [SEVERE ] removing card from slot 9
[16:58:47.120] [SEVERE ] removing player 4 token from slot 6
[16:58:47.120] [SEVERE ] removing player 7 token from slot 6
[16:58:47.120] [SEVERE ] removing player 9 token from slot 6
[16:58:47.121] [SEVERE ] removing player 11 token from slot 6
[16:58:47.224] [SEVERE ] removing card from slot 6
[16:58:47.226] [SEVERE ] setting player 7 score to 1
[16:58:47.227] [SEVERE ] setting player 7 freeze to 1000
[16:58:47.227] [SEVERE ] updating countdown to 60000
[16:58:47.230] [SEVERE ] setting player 8 freeze to 3000
[16:58:47.230] [SEVERE ] setting player 7 freeze to 1000
[16:58:47.231] [SEVERE ] setting player 8 freeze to 3000
[16:58:47.336] [SEVERE ] placing card 34 in slot 1
[16:58:47.441] [SEVERE ] placing card 14 in slot 6
[16:58:47.546] [SEVERE ] placing card 47 in slot 9
[16:58:47.649] [SEVERE ] updating countdown to 60581
[16:58:47.649] [SEVERE ] setting player 2 freeze to 3000
[16:58:47.649] [SEVERE ] setting player 2 freeze to 3000
[16:58:47.649] [SEVERE ] updating countdown to 60581
[16:58:47.650] [SEVERE ] player 4 placing token on slot 1
[16:58:47.670] [SEVERE ] player 11 placing token on slot 1
[16:58:47.670] [SEVERE ] player 9 placing token on slot 0
[16:58:47.670] [SEVERE ] removing player 10 token from slot 11
[16:58:47.691] [SEVERE ] player 10 placing token on slot 2
[16:58:47.695] [SEVERE ] player 9 placing token on slot 1
[16:58:47.716] [SEVERE ] player 10 placing token on slot 11
[16:58:47.754] [SEVERE ] updating countdown to 60476
[16:58:47.754] [SEVERE ] setting player 4 freeze to 3000
[16:58:47.755] [SEVERE ] setting player 9 freeze to 3000
[16:58:47.755] [SEVERE ] setting player 4 freeze to 3000
[16:58:47.755] [SEVERE ] setting player 10 freeze to 3000
[16:58:47.755] [SEVERE ] setting player 9 freeze to 3000
[16:58:47.755] [SEVERE ] setting player 11 freeze to 3000
[16:58:47.755] [SEVERE ] setting player 10 freeze to 3000
[16:58:47.756] [SEVERE ] setting player 11 freeze to 3000
[16:58:47.756] [SEVERE ] updating countdown to 60474
[16:58:47.857] [SEVERE ] updating countdown to 60373
[16:58:47.912] [SEVERE ] setting player 6 freeze to 2000
[16:58:47.913] [SEVERE ] setting player 3 freeze to 2000
[16:58:47.913] [SEVERE ] setting player 5 freeze to 2000
[16:58:47.963] [SEVERE ] updating countdown to 60268
[16:58:48.068] [SEVERE ] updating countdown to 60162
[16:58:48.173] [SEVERE ] updating countdown to 60057
[16:58:48.238] [SEVERE ] setting player 7 freeze to 0
[16:58:48.238] [SEVERE ] setting player 8 freeze to 2000
[16:58:48.274] [SEVERE ] updating countdown to 59956
[16:58:48.296] [SEVERE ] player 7 placing token on slot 10
[16:58:48.321] [SEVERE ] player 7 placing token on slot 8
[16:58:48.346] [SEVERE ] player 7 placing token on slot 1
[16:58:48.379] [SEVERE ] updating countdown to 59851
[16:58:48.380] [SEVERE ] setting player 7 freeze to 3000
[16:58:48.380] [SEVERE ] setting player 7 freeze to 3000
[16:58:48.485] [SEVERE ] updating countdown to 59745
[16:58:48.590] [SEVERE ] updating countdown to 59640
[16:58:48.652] [SEVERE ] setting player 2 freeze to 2000
[16:58:48.695] [SEVERE ] updating countdown to 59535
[16:58:48.758] [SEVERE ] setting player 11 freeze to 2000
[16:58:48.758] [SEVERE ] setting player 10 freeze to 2000
[16:58:48.760] [SEVERE ] setting player 4 freeze to 2000
[16:58:48.760] [SEVERE ] setting player 9 freeze to 2000
[16:58:48.801] [SEVERE ] updating countdown to 59429
[16:58:48.906] [SEVERE ] updating countdown to 59324
[16:58:48.918] [SEVERE ] setting player 6 freeze to 1000
[16:58:48.918] [SEVERE ] setting player 3 freeze to 1000
[16:58:48.918] [SEVERE ] setting player 5 freeze to 1000
[16:58:49.012] [SEVERE ] updating countdown to 59218
[16:58:49.117] [SEVERE ] updating countdown to 59113
[16:58:49.222] [SEVERE ] updating countdown to 59008
[16:58:49.241] [SEVERE ] setting player 8 freeze to 1000
[16:58:49.324] [SEVERE ] updating countdown to 58906
[16:58:49.385] [SEVERE ] setting player 7 freeze to 2000
[16:58:49.429] [SEVERE ] updating countdown to 58801
[16:58:49.534] [SEVERE ] updating countdown to 58696
[16:58:49.639] [SEVERE ] updating countdown to 58591
[16:58:49.657] [SEVERE ] setting player 2 freeze to 1000
[16:58:49.741] [SEVERE ] updating countdown to 58490
[16:58:49.763] [SEVERE ] setting player 11 freeze to 1000
[16:58:49.763] [SEVERE ] setting player 10 freeze to 1000
[16:58:49.764] [SEVERE ] setting player 4 freeze to 1000
[16:58:49.765] [SEVERE ] setting player 9 freeze to 1000
[16:58:49.846] [SEVERE ] updating countdown to 58384
[16:58:49.923] [SEVERE ] setting player 5 freeze to 0
[16:58:49.923] [SEVERE ] setting player 6 freeze to 0
[16:58:49.923] [SEVERE ] setting player 3 freeze to 0
[16:58:49.951] [SEVERE ] updating countdown to 58279
[16:58:49.974] [SEVERE ] removing player 6 token from slot 3
[16:58:49.976] [SEVERE ] player 5 placing token on slot 10
[16:58:49.999] [SEVERE ] player 6 placing token on slot 9
[16:58:50.024] [SEVERE ] removing player 3 token from slot 3
[16:58:50.024] [SEVERE ] player 6 placing token on slot 2
[16:58:50.049] [SEVERE ] player 3 placing token on slot 1
[16:58:50.056] [SEVERE ] updating countdown to 58174
[16:58:50.056] [SEVERE ] setting player 3 freeze to 3000
[16:58:50.057] [SEVERE ] setting player 5 freeze to 3000
[16:58:50.057] [SEVERE ] setting player 6 freeze to 3000
[16:58:50.057] [SEVERE ] setting player 5 freeze to 3000
[16:58:50.057] [SEVERE ] setting player 3 freeze to 3000
[16:58:50.057] [SEVERE ] setting player 6 freeze to 3000
[16:58:50.160] [SEVERE ] updating countdown to 58070
[16:58:50.246] [SEVERE ] setting player 8 freeze to 0
[16:58:50.263] [SEVERE ] updating countdown to 57967
[16:58:50.312] [SEVERE ] removing player 8 token from slot 2
[16:58:50.338] [SEVERE ] player 8 placing token on slot 1
[16:58:50.369] [SEVERE ] updating countdown to 57861
[16:58:50.369] [SEVERE ] setting player 8 freeze to 3000
[16:58:50.369] [SEVERE ] updating countdown to 57861
[16:58:50.369] [SEVERE ] setting player 8 freeze to 3000
[16:58:50.390] [SEVERE ] setting player 7 freeze to 1000
[16:58:50.474] [SEVERE ] updating countdown to 57756
[16:58:50.580] [SEVERE ] updating countdown to 57650
[16:58:50.662] [SEVERE ] setting player 2 freeze to 0
[16:58:50.685] [SEVERE ] updating countdown to 57545
[16:58:50.707] [SEVERE ] removing player 2 token from slot 4
[16:58:50.732] [SEVERE ] player 2 placing token on slot 0
[16:58:50.769] [SEVERE ] setting player 11 freeze to 0
[16:58:50.769] [SEVERE ] setting player 4 freeze to 0
[16:58:50.769] [SEVERE ] setting player 10 freeze to 0
[16:58:50.769] [SEVERE ] setting player 9 freeze to 0
[16:58:50.790] [SEVERE ] updating countdown to 57440
[16:58:50.790] [SEVERE ] setting player 2 freeze to 3000
[16:58:50.791] [SEVERE ] setting player 2 freeze to 3000
[16:58:50.791] [SEVERE ] updating countdown to 57439
[16:58:50.822] [SEVERE ] removing player 9 token from slot 0
[16:58:50.847] [SEVERE ] player 9 placing token on slot 3
[16:58:50.847] [SEVERE ] removing player 11 token from slot 0
[16:58:50.872] [SEVERE ] removing player 4 token from slot 5
[16:58:50.872] [SEVERE ] removing player 11 token from slot 1
[16:58:50.872] [SEVERE ] removing player 10 token from slot 5
[16:58:50.896] [SEVERE ] updating countdown to 57334
[16:58:50.897] [SEVERE ] setting player 9 freeze to 3000
[16:58:50.897] [SEVERE ] updating countdown to 57333
[16:58:50.897] [SEVERE ] player 4 placing token on slot 0
[16:58:50.897] [SEVERE ] player 11 placing token on slot 11
[16:58:50.897] [SEVERE ] removing player 10 token from slot 2
[16:58:50.897] [SEVERE ] setting player 9 freeze to 3000
[16:58:50.922] [SEVERE ] player 10 placing token on slot 0
[16:58:50.922] [SEVERE ] player 11 placing token on slot 2
[16:58:50.943] [SEVERE ] player 10 placing token on slot 1
[16:58:51.002] [SEVERE ] updating countdown to 57228
[16:58:51.002] [SEVERE ] setting player 4 freeze to 3000
[16:58:51.002] [SEVERE ] setting player 10 freeze to 3000
[16:58:51.002] [SEVERE ] setting player 4 freeze to 3000
[16:58:51.002] [SEVERE ] setting player 11 freeze to 3000
[16:58:51.002] [SEVERE ] setting player 10 freeze to 3000
[16:58:51.002] [SEVERE ] setting player 11 freeze to 3000
[16:58:51.003] [SEVERE ] updating countdown to 57228
[16:58:51.062] [SEVERE ] setting player 5 freeze to 2000
[16:58:51.062] [SEVERE ] setting player 3 freeze to 2000
[16:58:51.062] [SEVERE ] setting player 6 freeze to 2000
[16:58:51.108] [SEVERE ] updating countdown to 57122
[16:58:51.208] [SEVERE ] updating countdown to 57022
[16:58:51.314] [SEVERE ] updating countdown to 56916
[16:58:51.374] [SEVERE ] setting player 8 freeze to 2000
[16:58:51.390] [SEVERE ] setting player 7 freeze to 0
[16:58:51.415] [SEVERE ] updating countdown to 56815
[16:58:51.441] [SEVERE ] removing player 7 token from slot 1
[16:58:51.466] [SEVERE ] player 7 placing token on slot 2
[16:58:51.520] [SEVERE ] updating countdown to 56710
[16:58:51.521] [SEVERE ] setting player 7 freeze to 3000
[16:58:51.521] [SEVERE ] setting player 7 freeze to 3000
[16:58:51.626] [SEVERE ] updating countdown to 56604
[16:58:51.729] [SEVERE ] updating countdown to 56501
[16:58:51.796] [SEVERE ] setting player 2 freeze to 2000
[16:58:51.834] [SEVERE ] updating countdown to 56396
[16:58:51.902] [SEVERE ] setting player 9 freeze to 2000
[16:58:51.937] [SEVERE ] updating countdown to 56293
[16:58:52.007] [SEVERE ] setting player 10 freeze to 2000
[16:58:52.007] [SEVERE ] setting player 4 freeze to 2000
[16:58:52.007] [SEVERE ] setting player 11 freeze to 2000
[16:58:52.040] [SEVERE ] updating countdown to 56190
[16:58:52.065] [SEVERE ] setting player 6 freeze to 1000
[16:58:52.065] [SEVERE ] setting player 5 freeze to 1000
[16:58:52.066] [SEVERE ] setting player 3 freeze to 1000
[16:58:52.146] [SEVERE ] updating countdown to 56084
[16:58:52.251] [SEVERE ] updating countdown to 55979
[16:58:52.354] [SEVERE ] updating countdown to 55876
[16:58:52.379] [SEVERE ] setting player 8 freeze to 1000
[16:58:52.459] [SEVERE ] updating countdown to 55771
[16:58:52.522] [SEVERE ] setting player 7 freeze to 2000
[16:58:52.564] [SEVERE ] updating countdown to 55666
[16:58:52.669] [SEVERE ] updating countdown to 55561
[16:58:52.775] [SEVERE ] updating countdown to 55455
[16:58:52.801] [SEVERE ] setting player 2 freeze to 1000
[16:58:52.880] [SEVERE ] updating countdown to 55350
[16:58:52.905] [SEVERE ] setting player 9 freeze to 1000
[16:58:52.985] [SEVERE ] updating countdown to 55245
[16:58:53.010] [SEVERE ] setting player 10 freeze to 1000
[16:58:53.010] [SEVERE ] setting player 4 freeze to 1000
[16:58:53.013] [SEVERE ] setting player 11 freeze to 1000
[16:58:53.037] [SEVERE ] exit button pressed
[16:58:53.037] [INFO   ] thread player0 terminated.
[16:58:53.037] [INFO   ] thread player1 interrupted
[16:58:53.037] [INFO   ] thread player6 interrupted
[16:58:53.037] [INFO   ] thread player8 interrupted
[16:58:53.037] [INFO   ] thread player9 interrupted
[16:58:53.037] [INFO   ] thread player7 interrupted
[16:58:53.037] [INFO   ] thread player10 interrupted
[16:58:53.037] [INFO   ] thread player4 interrupted
[16:58:53.037] [INFO   ] thread player5 interrupted
[16:58:53.037] [INFO   ] thread player3 interrupted
[16:58:53.037] [INFO   ] thread player2 interrupted
[16:58:53.090] [SEVERE ] updating countdown to 55140
[16:58:53.091] [SEVERE ] removing all tokens
[16:58:53.116] [INFO   ] thread computer-4 terminated.
[16:58:53.116] [INFO   ] thread computer-1 terminated.
[16:58:53.116] [INFO   ] thread player1 terminated.
[16:58:53.116] [INFO   ] thread computer-8 terminated.
[16:58:53.116] [INFO   ] thread computer-3 terminated.
[16:58:53.116] [INFO   ] thread computer-10 terminated.
[16:58:53.116] [INFO   ] thread computer-5 terminated.
[16:58:53.116] [INFO   ] thread computer-2 terminated.
[16:58:53.116] [INFO   ] thread computer-7 terminated.
[16:58:53.116] [INFO   ] thread computer-6 terminated.
[16:58:53.116] [INFO   ] thread computer-9 terminated.
[16:58:53.116] [INFO   ] thread player4 terminated.
[16:58:53.116] [INFO   ] thread player8 terminated.
[16:58:53.116] [INFO   ] thread player3 terminated.
[16:58:53.116] [INFO   ] thread player10 terminated.
[16:58:53.116] [INFO   ] thread player5 terminated.
[16:58:53.116] [INFO   ] thread player2 terminated.
[16:58:53.116] [INFO   ] thread player7 terminated.
[16:58:53.116] [INFO   ] thread player6 terminated.
[16:58:53.116] [INFO   ] thread player9 terminated.
[16:58:53.196] [SEVERE ] removing card from slot 0
[16:58:53.302] [SEVERE ] removing card from slot 1
[16:58:53.408] [SEVERE ] removing card from slot 2
[16:58:53.511] [SEVERE ] removing card from slot 3
[16:58:53.614] [SEVERE ] removing card from slot 4
[16:58:53.716] [SEVERE ] removing card from slot 5
[16:58:53.821] [SEVERE ] removing card from slot 6
[16:58:53.926] [SEVERE ] removing card from slot 7
[16:58:54.029] [SEVERE ] removing card from slot 8
[16:58:54.131] [SEVERE ] removing card from slot 9
[16:58:54.234] [SEVERE ] removing card from slot 10
[16:58:54.339] [SEVERE ] removing card from slot 11
[16:58:54.340] [SEVERE ] announcing winner(s): player 7
[16:58:54.341] [INFO   ] thread dealer terminated.
[16:58:54.341] [INFO   ] thread dealer terminated.
[16:58:54.341] [SEVERE ] thanks for playing... it was fun!
[16:58:54.341] [INFO   ] thread main terminated.
