[13:32:14.069] [INFO   ] thread main starting.
[13:32:14.078] [SEVERE ] cannot read configuration file config.properties trying from resources.
[13:32:14.080] [SEVERE ] configuration file was loaded from resources directory.
[13:32:15.305] [INFO   ] thread dealer starting.
[13:32:15.305] [INFO   ] thread dealer starting.
[13:32:15.305] [INFO   ] thread player0 starting.
[13:32:15.305] [INFO   ] thread player1 starting.
[13:32:15.306] [INFO   ] thread computer-1 starting.
[13:32:15.306] [INFO   ] thread player2 starting.
[13:32:15.306] [INFO   ] thread computer-2 starting.
[13:32:15.306] [INFO   ] thread player3 starting.
[13:32:15.307] [INFO   ] thread computer-3 starting.
[13:32:15.307] [INFO   ] thread player4 starting.
[13:32:15.307] [INFO   ] thread computer-4 starting.
[13:32:15.307] [INFO   ] thread player5 starting.
[13:32:15.308] [INFO   ] thread computer-5 starting.
[13:32:15.308] [INFO   ] thread player6 starting.
[13:32:15.308] [INFO   ] thread computer-6 starting.
[13:32:15.308] [INFO   ] thread player7 starting.
[13:32:15.309] [INFO   ] thread computer-7 starting.
[13:32:15.309] [INFO   ] thread player8 starting.
[13:32:15.309] [INFO   ] thread computer-8 starting.
[13:32:15.309] [INFO   ] thread player9 starting.
[13:32:15.310] [INFO   ] thread computer-9 starting.
[13:32:15.310] [INFO   ] thread player10 starting.
[13:32:15.310] [INFO   ] thread computer-10 starting.
[13:32:15.310] [INFO   ] thread player11 starting.
[13:32:15.311] [INFO   ] thread computer-11 starting.
[13:32:20.595] [SEVERE ] exit button pressed
[13:32:20.596] [INFO   ] thread player0 terminated.
