[13:23:06.945] [INFO   ] thread main starting.
[13:23:06.951] [SEVERE ] cannot read configuration file config.properties trying from resources.
[13:23:06.952] [SEVERE ] configuration file was loaded from resources directory.
[13:23:07.846] [INFO   ] thread dealer starting.
[13:23:07.846] [INFO   ] thread dealer starting.
[13:23:07.846] [INFO   ] thread player0 starting.
[13:23:07.847] [INFO   ] thread player1 starting.
[13:23:07.847] [INFO   ] thread computer-1 starting.
[13:23:07.848] [INFO   ] thread player2 starting.
[13:23:07.848] [INFO   ] thread computer-2 starting.
[13:23:07.848] [INFO   ] thread player3 starting.
[13:23:07.849] [INFO   ] thread computer-3 starting.
[13:23:07.849] [INFO   ] thread player4 starting.
[13:23:07.849] [INFO   ] thread computer-4 starting.
[13:23:07.849] [INFO   ] thread player5 starting.
[13:23:07.850] [INFO   ] thread computer-5 starting.
[13:23:07.850] [INFO   ] thread player6 starting.
[13:23:07.850] [INFO   ] thread computer-6 starting.
[13:23:07.851] [INFO   ] thread player7 starting.
[13:23:07.851] [INFO   ] thread computer-7 starting.
[13:23:07.851] [INFO   ] thread player8 starting.
[13:23:07.852] [INFO   ] thread computer-8 starting.
[13:23:12.453] [SEVERE ] exit button pressed
[13:23:12.453] [INFO   ] thread player0 terminated.
[13:23:15.302] [SEVERE ] exit button pressed
